g++ -Wall -Wextra -I boost_1_64_0 -march=native -std=gnu++0x -O3 -g -fopenmp -gstabs+ -g3 -I tbb-2017_U7/include -L tbb-2017_U7/build/linux_release/  -Wl,-rpath=tbb-2017_U7/build/linux_release/  find_mds.cpp  -ltbb -o find_mds
Parameters: MAX_WEIGHT=(1 + 6*8 + 3*1) MAX_DEPTH=3 NB_INPUTS=3 NB_REGISTERS=4 XOR_WEIGHT=8 MUL_WEIGHT=1 CPY_WEIGHT=0
Size: AlgoState:16 algo_op:3 matrix:48
Options: KEEP_INPUTS
New weight : 0.0
Number of distinct ids : 0/0(1/0.0)
Scanned size : 0
New weight : 0.1
Number of distinct ids : 1/1(1/1.0)
Scanned size : 1
New weight : 0.2
Number of distinct ids : 1/1(1/1.0)
Scanned size : 1
New weight : 1.0
Number of distinct ids : 1/1(1/1.0)
Scanned size : 1
New weight : 1.1
Number of distinct ids : 1/1(1/1.0)
Scanned size : 1
New weight : 1.2
Number of distinct ids : 1/1(1/1.0)
Scanned size : 1
New weight : 2.0
Number of distinct ids : 1/1(1/1.0)
Scanned size : 1
New weight : 2.1
Number of distinct ids : 1/1(1/1.0)
Scanned size : 1
New weight : 2.2
Number of distinct ids : 1/1(1/1.0)
Scanned size : 1
New weight : 3.0
Number of distinct ids : 1/1(1/1.0)
Scanned size : 1
New weight : 3.1
Number of distinct ids : 1/1(1/1.0)
Scanned size : 1
New weight : 3.2
Number of distinct ids : 1/1(1/1.0)
Scanned size : 1
New weight : 4.0
Number of distinct ids : 1/1(1/1.0)
Scanned size : 1
New weight : 4.1
Number of distinct ids : 1/1(1/1.0)
Scanned size : 1
New weight : 4.2
Number of distinct ids : 1/1(1/1.0)
Scanned size : 1
New weight : 5.0
Number of distinct ids : 1/1(1/1.0)
Scanned size : 1
New weight : 5.1
Number of distinct ids : 1/1(1/1.0)
Scanned size : 1
New weight : 5.2
Number of distinct ids : 1/1(1/1.0)
Scanned size : 1
New weight : 6.0
Number of distinct ids : 1/1(1/1.0)
Scanned size : 1
New weight : 6.1
Number of distinct ids : 1/1(1/1.0)
Scanned size : 1
New weight : 6.2
Number of distinct ids : 1/1(1/1.0)
Scanned size : 1
New weight : 7.0
Number of distinct ids : 1/1(1/1.0)
Scanned size : 1
New weight : 7.1
Number of distinct ids : 1/1(1/1.0)
Scanned size : 1
New weight : 7.2
Number of distinct ids : 1/1(1/1.0)
Scanned size : 1
New weight : 8.0
Number of distinct ids : 1/1(1/1.0)
Scanned size : 1
New weight : 8.1
Number of distinct ids : 1/1(1/1.0)
Scanned size : 1
New weight : 8.2
Number of distinct ids : 1/1(1/1.0)
Scanned size : 1
New weight : 9.0
Number of distinct ids : 1/1(1/1.0)
Scanned size : 1
New weight : 9.1
Number of distinct ids : 1/1(1/1.0)
Scanned size : 1
New weight : 9.2
Number of distinct ids : 1/1(1/1.0)
Scanned size : 1
New weight : 10.0
Number of distinct ids : 1/1(1/1.0)
Scanned size : 1
New weight : 10.1
Number of distinct ids : 1/1(1/1.0)
Scanned size : 1
New weight : 10.2
Number of distinct ids : 1/1(1/1.0)
Scanned size : 1
New weight : 11.0
Number of distinct ids : 1/1(1/1.0)
Scanned size : 1
New weight : 11.1
Number of distinct ids : 1/1(1/1.0)
Scanned size : 1
New weight : 11.2
Number of distinct ids : 1/1(1/1.0)
Scanned size : 1
New weight : 12.0
Number of distinct ids : 1/1(1/1.0)
Scanned size : 1
New weight : 12.1
Number of distinct ids : 1/1(1/1.0)
Scanned size : 1
New weight : 12.2
Number of distinct ids : 1/1(1/1.0)
Scanned size : 1
New weight : 13.0
Number of distinct ids : 1/1(1/1.0)
Scanned size : 1
New weight : 13.1
Number of distinct ids : 1/1(1/1.0)
Scanned size : 1
New weight : 13.2
Number of distinct ids : 1/1(1/1.0)
Scanned size : 1
New weight : 14.0
Number of distinct ids : 1/1(1/1.0)
Scanned size : 1
New weight : 14.1
Number of distinct ids : 1/1(1/1.0)
Scanned size : 1
New weight : 14.2
Number of distinct ids : 1/1(1/1.0)
Scanned size : 1
New weight : 15.0
Number of distinct ids : 1/1(1/1.0)
Scanned size : 1
New weight : 15.1
Number of distinct ids : 1/1(1/1.0)
Scanned size : 1
New weight : 15.2
Number of distinct ids : 1/1(1/1.0)
Scanned size : 1
New weight : 16.0
Number of distinct ids : 1/1(1/1.0)
Scanned size : 1
New weight : 16.1
Number of distinct ids : 1/1(1/1.0)
Scanned size : 1
New weight : 16.2
Number of distinct ids : 1/1(1/1.0)
Scanned size : 1
New weight : 17.0
Number of distinct ids : 1/1(1/1.0)
Scanned size : 1
New weight : 17.1
Number of distinct ids : 1/1(1/1.0)
Scanned size : 1
New weight : 17.2
Number of distinct ids : 1/1(1/1.0)
Scanned size : 1
New weight : 18.0
Number of distinct ids : 1/1(1/1.0)
Scanned size : 1
New weight : 18.1
Number of distinct ids : 1/1(1/1.0)
Scanned size : 1
New weight : 18.2
Number of distinct ids : 1/1(1/1.0)
Scanned size : 1
New weight : 19.0
Number of distinct ids : 1/1(1/1.0)
Scanned size : 1
New weight : 19.1
Number of distinct ids : 1/1(1/1.0)
Scanned size : 1
New weight : 19.2
Number of distinct ids : 1/1(1/1.0)
Scanned size : 1
New weight : 20.0
Number of distinct ids : 1/1(1/1.0)
Scanned size : 1
New weight : 20.1
Number of distinct ids : 1/1(1/1.0)
Scanned size : 1
New weight : 20.2
Number of distinct ids : 1/1(1/1.0)
Scanned size : 1
New weight : 21.0
Number of distinct ids : 1/1(1/1.0)
Scanned size : 1
New weight : 21.1
Number of distinct ids : 1/1(1/1.0)
Scanned size : 1
New weight : 21.2
Number of distinct ids : 1/1(1/1.0)
Scanned size : 1
New weight : 22.0
Number of distinct ids : 1/1(1/1.0)
Scanned size : 1
New weight : 22.1
Number of distinct ids : 1/1(1/1.0)
Scanned size : 1
New weight : 22.2
Number of distinct ids : 1/1(1/1.0)
Scanned size : 1
New weight : 23.0
Number of distinct ids : 1/1(1/1.0)
Scanned size : 1
New weight : 23.1
Number of distinct ids : 1/1(1/1.0)
Scanned size : 1
New weight : 23.2
Number of distinct ids : 1/1(1/1.0)
Scanned size : 1
New weight : 24.0
Number of distinct ids : 1/1(1/1.0)
Scanned size : 1
New weight : 24.1
Number of distinct ids : 4/22(1/5.5)
Scanned size : 4
New weight : 24.2
Number of distinct ids : 4/22(1/5.5)
Scanned size : 4
New weight : 25.0
Number of distinct ids : 4/22(1/5.5)
Scanned size : 4
New weight : 25.1
Number of distinct ids : 4/22(1/5.5)
Scanned size : 4
New weight : 25.2
Number of distinct ids : 18/66(1/3.7)
Scanned size : 18
New weight : 26.0
Number of distinct ids : 18/66(1/3.7)
Scanned size : 18
New weight : 26.1
Number of distinct ids : 18/66(1/3.7)
Scanned size : 18
New weight : 26.2
Number of distinct ids : 29/107(1/3.7)
Scanned size : 29
New weight : 27.0
Number of distinct ids : 56/200(1/3.6)
Scanned size : 56
New weight : 27.1
Number of distinct ids : 56/200(1/3.6)
Scanned size : 56
New weight : 27.2
Number of distinct ids : 59/213(1/3.6)
Scanned size : 59
New weight : 28.0
Number of distinct ids : 84/322(1/3.8)
Scanned size : 84
New weight : 28.1
Number of distinct ids : 84/322(1/3.8)
Scanned size : 84
New weight : 28.2
Number of distinct ids : 84/323(1/3.8)
Scanned size : 84
New weight : 29.0
Number of distinct ids : 109/435(1/4.0)
Scanned size : 109
New weight : 29.1
Number of distinct ids : 109/435(1/4.0)
Scanned size : 109
New weight : 29.2
Number of distinct ids : 109/435(1/4.0)
Scanned size : 109
New weight : 30.0
Number of distinct ids : 115/473(1/4.1)
Scanned size : 115
New weight : 30.1
Number of distinct ids : 115/473(1/4.1)
Scanned size : 115
New weight : 30.2
Number of distinct ids : 115/473(1/4.1)
Scanned size : 115
New weight : 31.0
Number of distinct ids : 119/489(1/4.1)
Scanned size : 119
New weight : 31.1
Number of distinct ids : 119/489(1/4.1)
Scanned size : 119
New weight : 31.2
Number of distinct ids : 119/489(1/4.1)
Scanned size : 119
New weight : 32.0
Number of distinct ids : 119/490(1/4.1)
Scanned size : 119
New weight : 32.1
Number of distinct ids : 119/490(1/4.1)
Scanned size : 119
New weight : 32.2
Number of distinct ids : 133/560(1/4.2)
Scanned size : 133
New weight : 33.0
Number of distinct ids : 153/641(1/4.2)
Scanned size : 153
New weight : 33.1
Number of distinct ids : 153/641(1/4.2)
Scanned size : 153
New weight : 33.2
Number of distinct ids : 184/782(1/4.2)
Scanned size : 184
New weight : 34.0
Number of distinct ids : 395/1645(1/4.2)
Scanned size : 395
New weight : 34.1
Number of distinct ids : 395/1645(1/4.2)
Scanned size : 395
New weight : 34.2
Number of distinct ids : 407/1711(1/4.2)
Scanned size : 407
New weight : 35.0
Number of distinct ids : 785/3519(1/4.5)
Scanned size : 785
New weight : 35.1
Number of distinct ids : 785/3519(1/4.5)
Scanned size : 785
New weight : 35.2
Number of distinct ids : 786/3526(1/4.5)
Scanned size : 786
New weight : 36.0
Number of distinct ids : 1144/5451(1/4.8)
Scanned size : 1144
New weight : 36.1
Number of distinct ids : 1144/5451(1/4.8)
Scanned size : 1144
New weight : 36.2
Number of distinct ids : 1144/5451(1/4.8)
Scanned size : 1144
New weight : 37.0
Number of distinct ids : 1292/6342(1/4.9)
Scanned size : 1292
New weight : 37.1
Number of distinct ids : 1292/6342(1/4.9)
Scanned size : 1292
New weight : 37.2
Number of distinct ids : 1292/6342(1/4.9)
Scanned size : 1292
New weight : 38.0
Number of distinct ids : 1342/6632(1/4.9)
Scanned size : 1342
New weight : 38.1
Number of distinct ids : 1342/6632(1/4.9)
Scanned size : 1342
New weight : 38.2
Number of distinct ids : 1342/6632(1/4.9)
Scanned size : 1342
New weight : 39.0
Number of distinct ids : 1349/6665(1/4.9)
Scanned size : 1349
New weight : 39.1
Number of distinct ids : 1349/6665(1/4.9)
Scanned size : 1349
New weight : 39.2
Number of distinct ids : 1349/6665(1/4.9)
Scanned size : 1349
New weight : 40.0
Number of distinct ids : 1349/6665(1/4.9)
Scanned size : 1349
New weight : 40.1
Number of distinct ids : 1349/6665(1/4.9)
Scanned size : 1349
New weight : 40.2
Number of distinct ids : 1360/6742(1/5.0)
Scanned size : 1360
New weight : 41.0
Number of distinct ids : 1365/6833(1/5.0)
Scanned size : 1365
New weight : 41.1
Number of distinct ids : 1365/6833(1/5.0)
Scanned size : 1365
New weight : 41.2
Number of distinct ids : 1377/6927(1/5.0)
Scanned size : 1377
New weight : 42.0
Number of distinct ids : 1871/9921(1/5.3)
Scanned size : 1871
New weight : 42.1
Number of distinct ids : 1871/9921(1/5.3)
Scanned size : 1871
New weight : 42.2
Number of distinct ids : 1873/9940(1/5.3)
Scanned size : 1873
New weight : 43.0
Number of distinct ids : 3108/17192(1/5.5)
Scanned size : 3108
New weight : 43.1
Number of distinct ids : 3108/17192(1/5.5)
Scanned size : 3108
New weight : 43.2
Number of distinct ids : 3108/17192(1/5.5)
Scanned size : 3108
New weight : 44.0
Number of distinct ids : 4099/22939(1/5.6)
Scanned size : 4099
New weight : 44.1
Number of distinct ids : 4099/22939(1/5.6)
Scanned size : 4099
New weight : 44.2
Number of distinct ids : 4099/22939(1/5.6)
Scanned size : 4099
New weight : 45.0
Number of distinct ids : 4506/25220(1/5.6)
Scanned size : 4506
New weight : 45.1
Number of distinct ids : 4506/25220(1/5.6)
Scanned size : 4506
New weight : 45.2
Number of distinct ids : 4506/25220(1/5.6)
Scanned size : 4506
New weight : 46.0
Number of distinct ids : 4577/25578(1/5.6)
Scanned size : 4577
New weight : 46.1
Number of distinct ids : 4577/25578(1/5.6)
Scanned size : 4577
New weight : 46.2
Number of distinct ids : 4577/25578(1/5.6)
Scanned size : 4577
New weight : 47.0
Number of distinct ids : 4579/25596(1/5.6)
Scanned size : 4579
New weight : 47.1
Number of distinct ids : 4579/25596(1/5.6)
Scanned size : 4579
New weight : 47.2
Number of distinct ids : 4579/25596(1/5.6)
Scanned size : 4579
New weight : 48.0
Number of distinct ids : 4579/25596(1/5.6)
Scanned size : 4579
New weight : 48.1
Number of distinct ids : 4579/25596(1/5.6)
Scanned size : 4579
New weight : 48.2
Number of distinct ids : 4582/25625(1/5.6)
Scanned size : 4582
New weight : 49.0
Number of distinct ids : 4583/25653(1/5.6)
Scanned size : 4583
New weight : 49.1
Number of distinct ids : 4583/25653(1/5.6)
Scanned size : 4583
New weight : 49.2
Number of distinct ids : 4584/25668(1/5.6)
Scanned size : 4584
New weight : 50.0
Number of distinct ids : 5015/29077(1/5.8)
Scanned size : 5015
New weight : 50.1
Number of distinct ids : 5015/29077(1/5.8)
Scanned size : 5015
New weight : 50.2
Number of distinct ids : 5015/29077(1/5.8)
Scanned size : 5015
New weight : 51.0
Number of distinct ids : 6756/40000(1/5.9)
Scanned size : 6756
New weight : 51.1
Number of distinct ids : 6756/40000(1/5.9)
Scanned size : 6756
New weight : 51.2
Number of distinct ids : 6756/40000(1/5.9)
Scanned size : 6756
Found MDS !!! (weight:51) (depth:2)
Current state:
1 2 1 
2 0 0  [X]
2 1 1 
1 1 2 
Operations:
c (1, 3)
m (1, 3)
x (2, 0)
x (3, 0)
c (2, 3)
m (1, 3)
x (4, 1)
x (1, 3)
c (4, 1)
m (1, 1)
x (5, 2)
x (1, 2)
End of state
Found MDS !!! (weight:51) (depth:2)
Current state:
1 2 1 
2 1 1 
0 1 1  [X]
1 1 2 
Operations:
c (1, 3)
m (1, 3)
x (2, 0)
x (3, 0)
c (2, 3)
m (1, 3)
x (4, 1)
x (1, 3)
c (4, 1)
m (1, 1)
x (5, 2)
x (2, 1)
End of state
Reached MAX_WEIGHT
