Time:     30s, Mem:  1.7GB - scanned:     5453003 [    5453003] - remaining:    34237284 [     383544@19.2] - user time: 356s
Time:     60s, Mem:  3.4GB - scanned:    10268805 [   10268805] - remaining:    76551247 [    3922557@19.3] - user time: 713s
Time:     90s, Mem:  4.8GB - scanned:    14423662 [   14423662] - remaining:   113769039 [   38498709@19.4] - user time: 1069s
Time:    120s, Mem:  6.5GB - scanned:    19235923 [   19235923] - remaining:   152626233 [   49954640@19.4] - user time: 1421s
Time:    150s, Mem:  7.8GB - scanned:    22864203 [   22864203] - remaining:   191857851 [   61000623@19.4] - user time: 1774s
Time:    180s, Mem:  9.2GB - scanned:    30657787 [   30657787] - remaining:   207917048 [   48326379@19.4] - user time: 2132s
Time:    210s, Mem: 10.7GB - scanned:    38736206 [   38736206] - remaining:   205951260 [   22077199@19.4] - user time: 2490s
Time:    240s, Mem: 11.7GB - scanned:    45468178 [   45468178] - remaining:   200653646 [    9321356@20.4] - user time: 2847s
Time:    270s, Mem: 12.5GB - scanned:    50892503 [   50892503] - remaining:   201469864 [   23590739@21.3] - user time: 3206s
Time:    300s, Mem: 13.0GB - scanned:    53806839 [   53806839] - remaining:   219960223 [   35829876@21.3] - user time: 3565s
Time:    330s, Mem: 13.6GB - scanned:    56724355 [   56724355] - remaining:   236607233 [   45310536@21.3] - user time: 3924s
Time:    360s, Mem: 14.3GB - scanned:    59700144 [   59701465] - remaining:   251640802 [   53906139@21.3] - user time: 4283s
Time:    390s, Mem: 16.6GB - scanned:    67604408 [   67608337] - remaining:   236770840 [   30982487@21.3] - user time: 4641s
Time:    420s, Mem: 17.3GB - scanned:    74866775 [   74892322] - remaining:   214150047 [  214150047@21.4] - user time: 5000s
Time:    450s, Mem: 17.9GB - scanned:    78270340 [   78295887] - remaining:   234151521 [  234151521@21.4] - user time: 5359s
Time:    480s, Mem: 18.4GB - scanned:    81562422 [   81590359] - remaining:   252100963 [  252100963@21.4] - user time: 5718s
Time:    510s, Mem: 18.9GB - scanned:    85060012 [   85116223] - remaining:   263370015 [  263370015@21.4] - user time: 6077s
Time:    540s, Mem: 19.6GB - scanned:    89541712 [   89605916] - remaining:   271825351 [  271825351@21.4] - user time: 6436s
Time:    570s, Mem: 20.3GB - scanned:    94110442 [   94205203] - remaining:   283495640 [  283495640@21.4] - user time: 6795s
Time:    600s, Mem: 21.0GB - scanned:    99549853 [   99710510] - remaining:   288817942 [  288817942@21.4] - user time: 7153s
Time:    630s, Mem: 21.6GB - scanned:   105235113 [  105514765] - remaining:   292516901 [  292516901@21.4] - user time: 7512s
Time:    660s, Mem: 22.4GB - scanned:   109253027 [  109560551] - remaining:   307085828 [  307085828@21.4] - user time: 7871s
Time:    690s, Mem: 23.2GB - scanned:   113379468 [  113793200] - remaining:   322638522 [  322638522@21.4] - user time: 8230s
Time:    720s, Mem: 24.0GB - scanned:   117459089 [  117918988] - remaining:   338767614 [  338767614@21.4] - user time: 8588s
Time:    750s, Mem: 24.8GB - scanned:   122014860 [  122547100] - remaining:   352355317 [  352355317@21.4] - user time: 8944s
Time:    780s, Mem: 25.5GB - scanned:   126530523 [  127184131] - remaining:   363994700 [  363994700@21.4] - user time: 9303s
Time:    810s, Mem: 26.2GB - scanned:   131835806 [  132699114] - remaining:   368618774 [  368618774@21.4] - user time: 9656s
Time:    840s, Mem: 29.3GB - scanned:   138073281 [  139452147] - remaining:   371175770 [  371175770@21.4] - user time: 10014s
Time:    870s, Mem: 30.0GB - scanned:   143783027 [  145577120] - remaining:   379101324 [  379101324@21.4] - user time: 10371s
Time:    900s, Mem: 31.3GB - scanned:   151592732 [  154389073] - remaining:   379274853 [  379274853@21.4] - user time: 10730s
Time:    930s, Mem: 32.1GB - scanned:   155241933 [  158088805] - remaining:   384978137 [  384978137@21.4] - user time: 11089s
Time:    960s, Mem: 32.9GB - scanned:   158751200 [  161763455] - remaining:   394125148 [  394125148@21.4] - user time: 11447s
Time:    990s, Mem: 33.6GB - scanned:   161827345 [  164922961] - remaining:   403047352 [  403047352@21.4] - user time: 11805s
Time:   1020s, Mem: 34.3GB - scanned:   165019356 [  168158420] - remaining:   413903311 [  413903311@21.4] - user time: 12164s
Time:   1050s, Mem: 35.2GB - scanned:   172448298 [  175789973] - remaining:   399901842 [  399901842@21.4] - user time: 12522s
Time:   1080s, Mem: 36.1GB - scanned:   180963310 [  184456699] - remaining:   359478358 [  359478358@21.4] - user time: 12881s
Time:   1110s, Mem: 37.7GB - scanned:   195445524 [  199162229] - remaining:   296913376 [  296913376@21.4] - user time: 13234s
Time:   1140s, Mem: 39.1GB - scanned:   208354371 [  212493738] - remaining:   262820686 [  262820686@21.4] - user time: 13592s
Time:   1170s, Mem: 40.3GB - scanned:   219680901 [  224170141] - remaining:   230227084 [  230227084@21.4] - user time: 13950s
Time:   1200s, Mem: 41.6GB - scanned:   230715551 [  236281008] - remaining:   175979818 [  175979818@21.4] - user time: 14308s
Time:   1230s, Mem: 42.6GB - scanned:   239057917 [  245564343] - remaining:   136005988 [  136005988@21.4] - user time: 14667s
Time:   1260s, Mem: 43.4GB - scanned:   246143684 [  252976907] - remaining:   114337006 [  114337006@21.4] - user time: 15025s
Time:   1290s, Mem: 43.9GB - scanned:   251104842 [  258651417] - remaining:    89806154 [   89806154@21.4] - user time: 15384s
Time:   1321s, Mem: 46.0GB - scanned:   259584332 [  268435476] - remaining:    41545019 [   41545019@21.4] - user time: 15723s
Time:   1351s, Mem: 46.0GB - scanned:   259584332 [  268435476] - remaining:    41545019 [   41545019@21.4] - user time: 15723s
Time:   1381s, Mem: 46.0GB - scanned:   259593925 [  268445330] - remaining:    41522023 [   41522023@21.4] - user time: 15724s
Time:   1411s, Mem: 46.0GB - scanned:   259607690 [  268460107] - remaining:    41474933 [   41474933@21.4] - user time: 15724s
Time:   1441s, Mem: 46.0GB - scanned:   259621710 [  268475826] - remaining:    41422020 [   41422020@21.4] - user time: 15725s
Time:   1471s, Mem: 46.0GB - scanned:   259639385 [  268496328] - remaining:    41368903 [   41368903@21.4] - user time: 15725s
Time:   1501s, Mem: 46.0GB - scanned:   259656031 [  268516546] - remaining:    41316917 [   41316917@21.4] - user time: 15726s
Time:   1531s, Mem: 46.0GB - scanned:   259671039 [  268537244] - remaining:    41255899 [   41255899@21.4] - user time: 15727s
Time:   1561s, Mem: 46.0GB - scanned:   259681287 [  268553940] - remaining:    41198188 [   41198188@21.4] - user time: 15729s
Time:   1591s, Mem: 46.0GB - scanned:   259697157 [  268570966] - remaining:    41143198 [   41143198@21.4] - user time: 15732s
Time:   1621s, Mem: 46.0GB - scanned:   259716573 [  268593868] - remaining:    41065069 [   41065069@21.4] - user time: 15733s
Time:   1651s, Mem: 46.0GB - scanned:   259740346 [  268626160] - remaining:    40991859 [   40991859@21.4] - user time: 15735s
Time:   1681s, Mem: 46.0GB - scanned:   259747226 [  268633280] - remaining:    40938500 [   40938500@21.4] - user time: 15736s
Time:   1711s, Mem: 46.0GB - scanned:   259757408 [  268643892] - remaining:    40857242 [   40857242@21.4] - user time: 15738s
Time:   1741s, Mem: 46.0GB - scanned:   259784486 [  268672938] - remaining:    40780934 [   40780934@21.4] - user time: 15740s
Time:   1771s, Mem: 46.0GB - scanned:   259821769 [  268711799] - remaining:    40730661 [   40730661@21.4] - user time: 15741s
Time:   1801s, Mem: 46.0GB - scanned:   259870272 [  268761957] - remaining:    40674465 [   40674465@21.4] - user time: 15743s
Time:   1831s, Mem: 46.0GB - scanned:   259940879 [  268835792] - remaining:    40569584 [   40569584@21.4] - user time: 15745s
Time:   1861s, Mem: 46.0GB - scanned:   260045226 [  268947775] - remaining:    40390411 [   40390411@21.4] - user time: 15748s
Time:   1891s, Mem: 46.0GB - scanned:   260188269 [  269095879] - remaining:    40156393 [   40156393@21.4] - user time: 15752s
Time:   1921s, Mem: 46.0GB - scanned:   260459882 [  269399995] - remaining:    39610723 [   39610723@21.4] - user time: 15760s
Time:   1951s, Mem: 46.0GB - scanned:   261243157 [  270279186] - remaining:    37709980 [   37709980@21.4] - user time: 15779s
Time:   1981s, Mem: 46.0GB - scanned:   265621218 [  275428896] - remaining:    19457669 [   19457669@21.4] - user time: 15927s
Time:   2011s, Mem: 46.0GB - scanned:   267967311 [  278800728] - remaining:           0 [          0@0.-1] - user time: 16016s
Time:   2041s, Mem: 46.0GB - scanned:   267967311 [  278800728] - remaining:           0 [          0@0.-1] - user time: 16028s
Time:   2071s, Mem: 46.0GB - scanned:   267967311 [  278800728] - remaining:           0 [          0@0.-1] - user time: 16058s
Time:   2101s, Mem: 46.0GB - scanned:   267967311 [  278800728] - remaining:           0 [          0@0.-1] - user time: 16083s
## OAR [2017-09-11 23:50:58] Job 74289 KILLED ##
