g++ -Wall -Wextra -I boost_1_64_0 -march=native -std=gnu++0x -O3 -g -fopenmp -gstabs+ -g3 -I tbb-2017_U7/include -L tbb-2017_U7/build/linux_release/  -Wl,-rpath=tbb-2017_U7/build/linux_release/  find_mds.cpp  -ltbb -o find_mds
Parameters: MAX_WEIGHT=(1 + 5*4 + 3*1) MAX_DEPTH=7 NB_INPUTS=4 NB_REGISTERS=(4+1) XOR_WEIGHT=4 MUL_WEIGHT=1 CPY_WEIGHT=0
Size: AlgoState:16 algo_op:3 matrix:80
Options: KEEP_INPUTS INDEP_MUL
New weight : 0.0
Number of distinct ids : 0/0(1/0.0)
Scanned size : 0
New weight : 0.1
Number of distinct ids : 4/37(1/9.2)
Scanned size : 4
New weight : 0.2
Number of distinct ids : 4/37(1/9.2)
Scanned size : 4
New weight : 0.3
Number of distinct ids : 4/37(1/9.2)
Scanned size : 4
New weight : 0.4
Number of distinct ids : 4/37(1/9.2)
Scanned size : 4
New weight : 0.5
Number of distinct ids : 4/37(1/9.2)
Scanned size : 4
New weight : 0.6
Number of distinct ids : 4/37(1/9.2)
Scanned size : 4
New weight : 1.0
Number of distinct ids : 4/37(1/9.2)
Scanned size : 4
New weight : 1.1
Number of distinct ids : 4/37(1/9.2)
Scanned size : 4
New weight : 1.2
Number of distinct ids : 19/121(1/6.4)
Scanned size : 19
New weight : 1.3
Number of distinct ids : 19/121(1/6.4)
Scanned size : 19
New weight : 1.4
Number of distinct ids : 19/121(1/6.4)
Scanned size : 19
New weight : 1.5
Number of distinct ids : 19/121(1/6.4)
Scanned size : 19
New weight : 1.6
Number of distinct ids : 19/121(1/6.4)
Scanned size : 19
New weight : 2.0
Number of distinct ids : 19/121(1/6.4)
Scanned size : 19
New weight : 2.1
Number of distinct ids : 19/121(1/6.4)
Scanned size : 19
New weight : 2.2
Number of distinct ids : 87/338(1/3.9)
Scanned size : 87
New weight : 2.3
Number of distinct ids : 121/515(1/4.3)
Scanned size : 121
New weight : 2.4
Number of distinct ids : 121/515(1/4.3)
Scanned size : 121
New weight : 2.5
Number of distinct ids : 121/515(1/4.3)
Scanned size : 121
New weight : 2.6
Number of distinct ids : 121/515(1/4.3)
Scanned size : 121
New weight : 3.0
Number of distinct ids : 121/515(1/4.3)
Scanned size : 121
New weight : 3.1
Number of distinct ids : 121/515(1/4.3)
Scanned size : 121
New weight : 3.2
Number of distinct ids : 357/1736(1/4.9)
Scanned size : 357
New weight : 3.3
Number of distinct ids : 736/3605(1/4.9)
Scanned size : 736
New weight : 3.4
Number of distinct ids : 805/3950(1/4.9)
Scanned size : 805
New weight : 3.5
Number of distinct ids : 805/3950(1/4.9)
Scanned size : 805
New weight : 3.6
Number of distinct ids : 805/3950(1/4.9)
Scanned size : 805
New weight : 4.0
Number of distinct ids : 805/3950(1/4.9)
Scanned size : 805
New weight : 4.1
Number of distinct ids : 805/3950(1/4.9)
Scanned size : 805
New weight : 4.2
Number of distinct ids : 824/4077(1/4.9)
Scanned size : 824
New weight : 4.3
Number of distinct ids : 824/4077(1/4.9)
Scanned size : 824
New weight : 4.4
Number of distinct ids : 824/4077(1/4.9)
Scanned size : 824
New weight : 4.5
Number of distinct ids : 824/4077(1/4.9)
Scanned size : 824
New weight : 4.6
Number of distinct ids : 824/4077(1/4.9)
Scanned size : 824
New weight : 5.0
Number of distinct ids : 824/4077(1/4.9)
Scanned size : 824
New weight : 5.1
Number of distinct ids : 824/4077(1/4.9)
Scanned size : 824
New weight : 5.2
Number of distinct ids : 892/4419(1/5.0)
Scanned size : 892
New weight : 5.3
Number of distinct ids : 1031/5141(1/5.0)
Scanned size : 1031
New weight : 5.4
Number of distinct ids : 1031/5141(1/5.0)
Scanned size : 1031
New weight : 5.5
Number of distinct ids : 1031/5141(1/5.0)
Scanned size : 1031
New weight : 5.6
Number of distinct ids : 1031/5141(1/5.0)
Scanned size : 1031
New weight : 6.0
Number of distinct ids : 1031/5141(1/5.0)
Scanned size : 1031
New weight : 6.1
Number of distinct ids : 1031/5141(1/5.0)
Scanned size : 1031
New weight : 6.2
Number of distinct ids : 1251/6650(1/5.3)
Scanned size : 1251
New weight : 6.3
Number of distinct ids : 2625/14163(1/5.4)
Scanned size : 2625
New weight : 6.4
Number of distinct ids : 3154/17041(1/5.4)
Scanned size : 3154
New weight : 6.5
Number of distinct ids : 3154/17041(1/5.4)
Scanned size : 3154
New weight : 6.6
Number of distinct ids : 3154/17041(1/5.4)
Scanned size : 3154
New weight : 7.0
Number of distinct ids : 3154/17041(1/5.4)
Scanned size : 3154
New weight : 7.1
Number of distinct ids : 3154/17041(1/5.4)
Scanned size : 3154
New weight : 7.2
Number of distinct ids : 3698/21850(1/5.9)
Scanned size : 3698
New weight : 7.3
Number of distinct ids : 13411/84651(1/6.3)
Scanned size : 13411
New weight : 7.4
Number of distinct ids : 21161/129877(1/6.1)
Scanned size : 21161
New weight : 7.5
Number of distinct ids : 22693/138630(1/6.1)
Scanned size : 22693
New weight : 7.6
Number of distinct ids : 22693/138630(1/6.1)
Scanned size : 22693
New weight : 8.0
Number of distinct ids : 22693/138630(1/6.1)
Scanned size : 22693
New weight : 8.1
Number of distinct ids : 22693/138630(1/6.1)
Scanned size : 22693
New weight : 8.2
Number of distinct ids : 22735/138907(1/6.1)
Scanned size : 22735
New weight : 8.3
Number of distinct ids : 22784/139196(1/6.1)
Scanned size : 22784
New weight : 8.4
Number of distinct ids : 22784/139196(1/6.1)
Scanned size : 22784
New weight : 8.5
Number of distinct ids : 22784/139196(1/6.1)
Scanned size : 22784
New weight : 8.6
Number of distinct ids : 22784/139196(1/6.1)
Scanned size : 22784
New weight : 9.0
Number of distinct ids : 22784/139196(1/6.1)
Scanned size : 22784
New weight : 9.1
Number of distinct ids : 22784/139196(1/6.1)
Scanned size : 22784
New weight : 9.2
Number of distinct ids : 22877/139835(1/6.1)
Scanned size : 22877
New weight : 9.3
Number of distinct ids : 23918/146026(1/6.1)
Scanned size : 23918
New weight : 9.4
Number of distinct ids : 24525/149473(1/6.1)
Scanned size : 24525
New weight : 9.5
Number of distinct ids : 24525/149473(1/6.1)
Scanned size : 24525
New weight : 9.6
Number of distinct ids : 24525/149473(1/6.1)
Scanned size : 24525
New weight : 10.0
Number of distinct ids : 24525/149473(1/6.1)
Scanned size : 24525
New weight : 10.1
Number of distinct ids : 24525/149473(1/6.1)
Scanned size : 24525
New weight : 10.2
Number of distinct ids : 24725/151413(1/6.1)
Scanned size : 24725
New weight : 10.3
Number of distinct ids : 35146/222398(1/6.3)
Scanned size : 35146
New weight : 10.4
Number of distinct ids : 46618/295593(1/6.3)
Scanned size : 46618
New weight : 10.5
Number of distinct ids : 50642/319315(1/6.3)
Scanned size : 50642
New weight : 10.6
Number of distinct ids : 50642/319315(1/6.3)
Scanned size : 50642
New weight : 11.0
Number of distinct ids : 50642/319315(1/6.3)
Scanned size : 50642
New weight : 11.1
Number of distinct ids : 50642/319315(1/6.3)
Scanned size : 50642
New weight : 11.2
Number of distinct ids : 50995/323500(1/6.3)
Scanned size : 50995
New weight : 11.3
Number of distinct ids : 126248/896490(1/7.1)
Scanned size : 126248
New weight : 11.4
Number of distinct ids : 279040/1966410(1/7.0)
Scanned size : 279040
New weight : 11.5
Number of distinct ids : 361075/2502565(1/6.9)
Scanned size : 361075
New weight : 11.6
Number of distinct ids : 378224/2608072(1/6.9)
Scanned size : 378224
New weight : 12.0
Number of distinct ids : 378224/2608072(1/6.9)
Scanned size : 378224
New weight : 12.1
Number of distinct ids : 378224/2608072(1/6.9)
Scanned size : 378224
New weight : 12.2
Number of distinct ids : 378263/2608375(1/6.9)
Scanned size : 378263
New weight : 12.3
Number of distinct ids : 378445/2609686(1/6.9)
Scanned size : 378445
New weight : 12.4
Number of distinct ids : 378487/2609959(1/6.9)
Scanned size : 378487
New weight : 12.5
Number of distinct ids : 378487/2609959(1/6.9)
Scanned size : 378487
New weight : 12.6
Number of distinct ids : 378487/2609959(1/6.9)
Scanned size : 378487
New weight : 13.0
Number of distinct ids : 378487/2609959(1/6.9)
Scanned size : 378487
New weight : 13.1
Number of distinct ids : 378487/2609959(1/6.9)
Scanned size : 378487
New weight : 13.2
Number of distinct ids : 378529/2610363(1/6.9)
Scanned size : 378529
New weight : 13.3
Number of distinct ids : 382002/2636304(1/6.9)
Scanned size : 382002
New weight : 13.4
Number of distinct ids : 386723/2670114(1/6.9)
Scanned size : 386723
New weight : 13.5
Number of distinct ids : 388296/2680384(1/6.9)
Scanned size : 388296
New weight : 13.6
Number of distinct ids : 388296/2680384(1/6.9)
Scanned size : 388296
New weight : 14.0
Number of distinct ids : 388296/2680384(1/6.9)
Scanned size : 388296
New weight : 14.1
Number of distinct ids : 388296/2680384(1/6.9)
Scanned size : 388296
New weight : 14.2
Number of distinct ids : 388356/2681113(1/6.9)
Scanned size : 388356
New weight : 14.3
Number of distinct ids : 427561/2986051(1/7.0)
Scanned size : 427561
New weight : 14.4
Number of distinct ids : 533917/3788157(1/7.1)
Scanned size : 533917
New weight : 14.5
Number of distinct ids : 598586/4243737(1/7.1)
Scanned size : 598586
New weight : 14.6
Number of distinct ids : 616962/4362953(1/7.1)
Scanned size : 616962
New weight : 15.0
Number of distinct ids : 616962/4362953(1/7.1)
Scanned size : 616962
New weight : 15.1
Number of distinct ids : 616962/4362953(1/7.1)
Scanned size : 616962
New weight : 15.2
Number of distinct ids : 617040/4364025(1/7.1)
Scanned size : 617040
New weight : 15.3
Number of distinct ids : 932030/6942325(1/7.4)
Scanned size : 932030
New weight : 15.4
Number of distinct ids : 2500509/19330217(1/7.7)
Scanned size : 2500509
New weight : 15.5
Number of distinct ids : 3908807/29799430(1/7.6)
Scanned size : 3908807
New weight : 15.6
Number of distinct ids : 4509355/34009006(1/7.5)
Scanned size : 4509355
New weight : 16.0
Number of distinct ids : 4631158/34805111(1/7.5)
Scanned size : 4631158
New weight : 16.1
Number of distinct ids : 4631158/34805111(1/7.5)
Scanned size : 4631158
New weight : 16.2
Number of distinct ids : 4631168/34805245(1/7.5)
Scanned size : 4631168
New weight : 16.3
Number of distinct ids : 4631353/34807408(1/7.5)
Scanned size : 4631353
New weight : 16.4
Number of distinct ids : 4631399/34808239(1/7.5)
Scanned size : 4631399
New weight : 16.5
Number of distinct ids : 4631408/34808362(1/7.5)
Scanned size : 4631408
New weight : 16.6
Number of distinct ids : 4631408/34808362(1/7.5)
Scanned size : 4631408
New weight : 17.0
Number of distinct ids : 4631408/34808362(1/7.5)
Scanned size : 4631408
New weight : 17.1
Number of distinct ids : 4631408/34808362(1/7.5)
Scanned size : 4631408
New weight : 17.2
Number of distinct ids : 4631412/34808428(1/7.5)
Scanned size : 4631412
New weight : 17.3
Number of distinct ids : 4637477/34863241(1/7.5)
Scanned size : 4637477
New weight : 17.4
Number of distinct ids : 4654330/35014804(1/7.5)
Scanned size : 4654330
New weight : 17.5
Number of distinct ids : 4665561/35107060(1/7.5)
Scanned size : 4665561
New weight : 17.6
Number of distinct ids : 4667863/35124028(1/7.5)
Scanned size : 4667863
New weight : 18.0
Number of distinct ids : 4667863/35124028(1/7.5)
Scanned size : 4667863
New weight : 18.1
Number of distinct ids : 4667863/35124028(1/7.5)
Scanned size : 4667863
New weight : 18.2
Number of distinct ids : 4667867/35124106(1/7.5)
Scanned size : 4667867
New weight : 18.3
Number of distinct ids : 4754025/35865757(1/7.5)
Scanned size : 4754025
New weight : 18.4
Number of distinct ids : 5304456/40621863(1/7.7)
Scanned size : 5304456
New weight : 18.5
Number of distinct ids : 5839460/45013290(1/7.7)
Scanned size : 5839460
New weight : 18.6
Number of distinct ids : 6100829/47009361(1/7.7)
Scanned size : 6100829
New weight : 19.0
Number of distinct ids : 6157307/47402807(1/7.7)
Scanned size : 6157307
New weight : 19.1
Number of distinct ids : 6157307/47402807(1/7.7)
Scanned size : 6157307
New weight : 19.2
Number of distinct ids : 6157311/47402880(1/7.7)
Scanned size : 6157311
New weight : 19.3
Number of distinct ids : 6966178/54112233(1/7.8)
Scanned size : 6966178
New weight : 19.4
Number of distinct ids : 16975976/139428428(1/8.2)
Scanned size : 16975976
New weight : 19.5
Number of distinct ids : 31411801/257952620(1/8.2)
Scanned size : 31411801
New weight : 19.6
Number of distinct ids : 40634744/329373474(1/8.1)
Scanned size : 40634744
New weight : 20.0
Number of distinct ids : 43946910/353631939(1/8.0)
Scanned size : 43946910
New weight : 20.1
Number of distinct ids : 43946910/353631939(1/8.0)
Scanned size : 43946910
New weight : 20.2
Number of distinct ids : 43946911/353631951(1/8.0)
Scanned size : 43946911
New weight : 20.3
Number of distinct ids : 43946990/353633462(1/8.0)
Scanned size : 43946990
New weight : 20.4
Number of distinct ids : 43946999/353634314(1/8.0)
Scanned size : 43946999
New weight : 20.5
Number of distinct ids : 43947007/353634490(1/8.0)
Scanned size : 43947007
New weight : 20.6
Number of distinct ids : 43947007/353634514(1/8.0)
Scanned size : 43947007
New weight : 21.0
Number of distinct ids : 43947007/353634514(1/8.0)
Scanned size : 43947007
New weight : 21.1
Number of distinct ids : 43947007/353634514(1/8.0)
Scanned size : 43947007
New weight : 21.2
Number of distinct ids : 43947007/353634514(1/8.0)
Scanned size : 43947007
New weight : 21.3
Number of distinct ids : 43952494/353695472(1/8.0)
Scanned size : 43952494
New weight : 21.4
Number of distinct ids : 43981823/354040397(1/8.0)
Scanned size : 43981823
New weight : 21.5
Number of distinct ids : 44011283/354369765(1/8.1)
Scanned size : 44011283
New weight : 21.6
Number of distinct ids : 44023342/354497331(1/8.1)
Scanned size : 44023342
New weight : 22.0
Number of distinct ids : 44025062/354512732(1/8.1)
Scanned size : 44025062
New weight : 22.1
Number of distinct ids : 44025062/354512732(1/8.1)
Scanned size : 44025062
New weight : 22.2
Number of distinct ids : 44025062/354512732(1/8.1)
Scanned size : 44025062
New weight : 22.3
Number of distinct ids : 44138130/355534529(1/8.1)
Scanned size : 44138130
New weight : 22.4
Number of distinct ids : 45872128/372299931(1/8.1)
Scanned size : 45872128
New weight : 22.5
Number of distinct ids : 48551747/397631388(1/8.2)
Scanned size : 48551747
New weight : 22.6
Number of distinct ids : 50379288/413864562(1/8.2)
Scanned size : 50379288
New weight : 23.0
Number of distinct ids : 51104124/419775829(1/8.2)
Scanned size : 51104124
New weight : 23.1
Number of distinct ids : 51104124/419775829(1/8.2)
Scanned size : 51104124
New weight : 23.2
Number of distinct ids : 51104124/419775829(1/8.2)
Scanned size : 51104124
New weight : 23.3
Number of distinct ids : 51953379/423975658(1/8.2)
Scanned size : 51953379
New weight : 23.4
Number of distinct ids : 74397438/533414445(1/7.2)
Scanned size : 74397438
New weight : 23.5
Number of distinct ids : 121790428/761020755(1/6.2)
Scanned size : 121790428
New weight : 23.6
Number of distinct ids : 161190158/939679535(1/5.8)
Scanned size : 161190158
Reached MAX_WEIGHT
