rm: cannot remove `find_mds': No such file or directory
Time:     30s, Mem: 5.058GB - scanned:    10796500 [   10796500] - remaining:   133288963 [   11254185@18.3] - user time: 1350s
Time:     60s, Mem: 10.479GB - scanned:    21751941 [   21751941] - remaining:   294950433 [   62154531@18.4] - user time: 2760s
Time:     90s, Mem: 15.537GB - scanned:    32778858 [   32778858] - remaining:   468634919 [   83632873@18.4] - user time: 4180s
Time:    120s, Mem: 19.280GB - scanned:    47063427 [   47063427] - remaining:   494941607 [   21328316@18.4] - user time: 5590s
Time:    150s, Mem: 22.214GB - scanned:    56791494 [   56791494] - remaining:   571083390 [   40364949@19.3] - user time: 7016s
Time:    180s, Mem: 30.039GB - scanned:    67526512 [   67526512] - remaining:   605885813 [  236446062@19.4] - user time: 8429s
Time:    210s, Mem: 30.039GB - scanned:    79212578 [   79212578] - remaining:   715619521 [  274809743@19.4] - user time: 9852s
Time:    240s, Mem: 33.577GB - scanned:    93991994 [   93991994] - remaining:   812645644 [  305410317@19.4] - user time: 11280s
Time:    270s, Mem: 36.447GB - scanned:   104133301 [  104133301] - remaining:   895402680 [  322965052@19.4] - user time: 12700s
Time:    300s, Mem: 38.337GB - scanned:   114471477 [  114471477] - remaining:   937876903 [  312225566@19.4] - user time: 14104s
Time:    330s, Mem: 41.090GB - scanned:   125620265 [  125620265] - remaining:  1012548387 [  325604478@19.4] - user time: 15534s
Time:    360s, Mem: 54.530GB - scanned:   138121986 [  138121986] - remaining:  1083392371 [  339490567@19.4] - user time: 16954s
Time:    390s, Mem: 54.530GB - scanned:   148814611 [  148814611] - remaining:  1185997444 [  375817796@19.4] - user time: 18377s
Time:    420s, Mem: 54.530GB - scanned:   161932751 [  161932752] - remaining:  1268935529 [  401384787@19.4] - user time: 19805s
Time:    450s, Mem: 56.796GB - scanned:   172366851 [  172366851] - remaining:  1347761802 [  421415397@19.4] - user time: 21234s
Time:    480s, Mem: 59.503GB - scanned:   194673961 [  194673961] - remaining:  1323295318 [  351164023@19.4] - user time: 22661s
Time:    510s, Mem: 60.991GB - scanned:   208728597 [  208728602] - remaining:  1251383563 [  253900020@19.4] - user time: 24061s
Time:    540s, Mem: 62.022GB - scanned:   218526490 [  218526490] - remaining:  1180517058 [  162800612@19.4] - user time: 25486s
Time:    570s, Mem: 63.220GB - scanned:   229856063 [  229856063] - remaining:  1129921379 [   83825262@19.4] - user time: 26912s
Time:    600s, Mem: 64.783GB - scanned:   244661138 [  244661138] - remaining:  1080585338 [    1504666@20.2] - user time: 28341s
Time:    630s, Mem: 65.647GB - scanned:   252866718 [  252866718] - remaining:  1122650947 [  111921811@20.3] - user time: 29778s
Time:    660s, Mem: 66.497GB - scanned:   260904054 [  260910787] - remaining:  1160153084 [  130639963@20.3] - user time: 31216s
Time:    690s, Mem: 67.266GB - scanned:   268200956 [  268210943] - remaining:  1166306152 [  118233510@20.3] - user time: 32651s
Time:    720s, Mem: 90.400GB - scanned:   275778797 [  275849268] - remaining:  1199859654 [  127572390@20.3] - user time: 34072s
Time:    750s, Mem: 90.400GB - scanned:   292371345 [  292513690] - remaining:  1118075775 [   30815354@20.3] - user time: 35456s
Time:    780s, Mem: 90.400GB - scanned:   302097648 [  302309554] - remaining:  1122171519 [ 1122171519@20.4] - user time: 36878s
Time:    810s, Mem: 90.400GB - scanned:   312302139 [  312615722] - remaining:  1165868074 [ 1165868074@20.4] - user time: 38315s
Time:    840s, Mem: 90.400GB - scanned:   325647055 [  326133752] - remaining:  1198206823 [ 1198206823@20.4] - user time: 39751s
Time:    870s, Mem: 90.400GB - scanned:   337006335 [  337605467] - remaining:  1244606923 [ 1244606923@20.4] - user time: 41177s
Time:    900s, Mem: 90.400GB - scanned:   350201854 [  350980491] - remaining:  1277256584 [ 1277256584@20.4] - user time: 42613s
Time:    930s, Mem: 90.400GB - scanned:   363127682 [  364300611] - remaining:  1312832527 [ 1312832527@20.4] - user time: 44047s
Time:    960s, Mem: 90.400GB - scanned:   376296218 [  377977129] - remaining:  1353721069 [ 1353721069@20.4] - user time: 45479s
Time:    990s, Mem: 90.400GB - scanned:   390023023 [  392430843] - remaining:  1386126547 [ 1386126547@20.4] - user time: 46912s
Time:   1020s, Mem: 91.021GB - scanned:   405406166 [  409286360] - remaining:  1412339122 [ 1412339122@20.4] - user time: 48345s
Time:   1050s, Mem: 93.401GB - scanned:   421672163 [  426806836] - remaining:  1434611785 [ 1434611785@20.4] - user time: 49778s
Time:   1080s, Mem: 95.433GB - scanned:   436335935 [  442776017] - remaining:  1444982559 [ 1444982559@20.4] - user time: 51211s
Time:   1110s, Mem: 97.190GB - scanned:   446125862 [  452627438] - remaining:  1475550993 [ 1475550993@20.4] - user time: 52645s
Time:   1140s, Mem: 99.148GB - scanned:   455908944 [  462768375] - remaining:  1510785609 [ 1510785609@20.4] - user time: 54079s
Time:   1170s, Mem: 100.270GB - scanned:   466434570 [  473407421] - remaining:  1489955014 [ 1489955014@20.4] - user time: 55515s
Time:   1200s, Mem: 101.571GB - scanned:   478487340 [  485790473] - remaining:  1494399213 [ 1494399213@20.4] - user time: 56951s
Time:   1230s, Mem: 102.850GB - scanned:   490053304 [  497976193] - remaining:  1501347609 [ 1501347609@20.4] - user time: 58388s
Time:   1260s, Mem: 104.004GB - scanned:   500298290 [  509010723] - remaining:  1494837786 [ 1494837786@20.4] - user time: 59820s
Time:   1290s, Mem: 105.048GB - scanned:   509845635 [  518891257] - remaining:  1459172770 [ 1459172770@20.4] - user time: 61256s
Time:   1320s, Mem: 106.220GB - scanned:   520633511 [  530152349] - remaining:  1430896951 [ 1430896951@20.4] - user time: 62691s
Time:   1350s, Mem: 153.101GB - scanned:   531315913 [  541301155] - remaining:  1432167534 [ 1432167534@20.4] - user time: 64103s
Time:   1380s, Mem: 153.101GB - scanned:   543277878 [  554629302] - remaining:  1424702647 [ 1424702647@20.4] - user time: 65536s
Time:   1410s, Mem: 153.101GB - scanned:   555146625 [  567793168] - remaining:  1431228914 [ 1431228914@20.4] - user time: 66970s
Time:   1440s, Mem: 153.101GB - scanned:   566075475 [  579670113] - remaining:  1451760206 [ 1451760206@20.4] - user time: 68406s
Time:   1470s, Mem: 153.101GB - scanned:   577148579 [  592528163] - remaining:  1464900977 [ 1464900977@20.4] - user time: 69830s
Time:   1500s, Mem: 153.101GB - scanned:   589989557 [  607745699] - remaining:  1476999514 [ 1476999514@20.4] - user time: 71231s
Time:   1530s, Mem: 153.101GB - scanned:   602101120 [  625959813] - remaining:  1473910279 [ 1473910279@20.4] - user time: 72662s
Time:   1560s, Mem: 153.101GB - scanned:   614657700 [  641249549] - remaining:  1492071331 [ 1492071331@20.4] - user time: 74096s
Time:   1590s, Mem: 153.101GB - scanned:   625109677 [  652073685] - remaining:  1538910863 [ 1538910863@20.4] - user time: 75533s
Time:   1620s, Mem: 153.101GB - scanned:   635549900 [  663371034] - remaining:  1580581722 [ 1580581722@20.4] - user time: 76966s
Time:   1650s, Mem: 153.101GB - scanned:   645975172 [  675305969] - remaining:  1616641283 [ 1616641283@20.4] - user time: 78400s
Time:   1680s, Mem: 153.101GB - scanned:   657440434 [  688720696] - remaining:  1635416528 [ 1635416528@20.4] - user time: 79835s
Time:   1710s, Mem: 153.101GB - scanned:   670101573 [  704787043] - remaining:  1665618063 [ 1665618063@20.4] - user time: 81268s
Time:   1740s, Mem: 153.101GB - scanned:   681706611 [  722655150] - remaining:  1679544628 [ 1679544628@20.4] - user time: 82702s
Time:   1770s, Mem: 153.101GB - scanned:   693530205 [  742223610] - remaining:  1698512440 [ 1698512440@20.4] - user time: 84134s
Time:   1800s, Mem: 153.101GB - scanned:   705240963 [  758227549] - remaining:  1730753806 [ 1730753806@20.4] - user time: 85561s
Time:   1830s, Mem: 153.101GB - scanned:   717738413 [  777622108] - remaining:  1757644547 [ 1757644547@20.4] - user time: 86994s
Time:   1860s, Mem: 153.101GB - scanned:   725010428 [  785223898] - remaining:  1757008562 [ 1757008562@20.4] - user time: 88430s
Time:   1890s, Mem: 153.101GB - scanned:   732954699 [  794257860] - remaining:  1768038165 [ 1768038165@20.4] - user time: 89866s
Time:   1920s, Mem: 154.125GB - scanned:   751126849 [  813138306] - remaining:  1704788831 [ 1704788831@20.4] - user time: 91299s
Time:   1950s, Mem: 156.665GB - scanned:   774901994 [  837238244] - remaining:  1594265321 [ 1594265321@20.4] - user time: 92723s
Time:   1980s, Mem: 159.643GB - scanned:   802550428 [  865507432] - remaining:  1488930526 [ 1488930526@20.4] - user time: 94147s
Time:   2010s, Mem: 162.685GB - scanned:   829987924 [  894566414] - remaining:  1402459259 [ 1402459259@20.4] - user time: 95576s
Time:   2040s, Mem: 165.604GB - scanned:   855314673 [  922561781] - remaining:  1308572498 [ 1308572498@20.4] - user time: 97006s
Time:   2070s, Mem: 166.724GB - scanned:   865203611 [  933297655] - remaining:  1194289751 [ 1194289751@20.4] - user time: 98377s
Time:   2100s, Mem: 167.617GB - scanned:   873344763 [  941818269] - remaining:  1079209103 [ 1079209103@20.4] - user time: 99780s
Time:   2130s, Mem: 169.036GB - scanned:   884940199 [  955536922] - remaining:   979749955 [  979749955@20.4] - user time: 101192s
Time:   2160s, Mem: 169.964GB - scanned:   893190992 [  964374391] - remaining:   863021629 [  863021629@20.4] - user time: 102590s
Time:   2190s, Mem: 170.998GB - scanned:   902215505 [  974364249] - remaining:   753287648 [  753287648@20.4] - user time: 104010s
Time:   2220s, Mem: 171.966GB - scanned:   909621868 [  983812301] - remaining:   647279903 [  647279903@20.4] - user time: 105416s
Time:   2250s, Mem: 173.466GB - scanned:   922659850 [  998220246] - remaining:   565391512 [  565391512@20.4] - user time: 106847s
Time:   2280s, Mem: 174.798GB - scanned:   932578400 [ 1011281623] - remaining:   477559825 [  477559825@20.4] - user time: 108271s
Time:   2310s, Mem: 176.288GB - scanned:   944281056 [ 1025771306] - remaining:   369302764 [  369302764@20.4] - user time: 109685s
Time:   2340s, Mem: 177.413GB - scanned:   950452207 [ 1037184226] - remaining:   274553835 [  274553835@20.4] - user time: 111088s
Time:   2370s, Mem: 178.975GB - scanned:   964037662 [ 1052050403] - remaining:   200572313 [  200572313@20.4] - user time: 112518s
Time:   2400s, Mem: 181.021GB - scanned:   980947059 [ 1071949755] - remaining:    98123431 [   98123431@20.4] - user time: 113946s
Time:   2430s, Mem: 274.135GB - scanned:   996652923 [ 1092084925] - remaining:           0 [          0@0.-1] - user time: 115247s
Time:   2460s, Mem: 274.135GB - scanned:   996652923 [ 1092084925] - remaining:           0 [          0@0.-1] - user time: 115248s
Time:   2490s, Mem: 274.135GB - scanned:   996652923 [ 1092084925] - remaining:           0 [          0@0.-1] - user time: 115278s
Time:   2520s, Mem: 274.135GB - scanned:   996652923 [ 1092084925] - remaining:           0 [          0@0.-1] - user time: 115309s
Time:   2550s, Mem: 274.135GB - scanned:   996652923 [ 1092084925] - remaining:           0 [          0@0.-1] - user time: 115339s
Time:   2580s, Mem: 274.135GB - scanned:   996652923 [ 1092084925] - remaining:           0 [          0@0.-1] - user time: 115369s
Time:   2610s, Mem: 274.135GB - scanned:   996652923 [ 1092084925] - remaining:           0 [          0@0.-1] - user time: 115399s
Time:   2640s, Mem: 274.135GB - scanned:   996652923 [ 1092084925] - remaining:           0 [          0@0.-1] - user time: 115429s
Time:   2670s, Mem: 274.135GB - scanned:   996652923 [ 1092084925] - remaining:           0 [          0@0.-1] - user time: 115459s
Time:   2700s, Mem: 274.135GB - scanned:   996652923 [ 1092084925] - remaining:           0 [          0@0.-1] - user time: 115489s
Time:   2730s, Mem: 274.135GB - scanned:   996652923 [ 1092084925] - remaining:           0 [          0@0.-1] - user time: 115519s
Time:   2760s, Mem: 274.135GB - scanned:   996652923 [ 1092084925] - remaining:           0 [          0@0.-1] - user time: 115549s
Time:   2790s, Mem: 274.135GB - scanned:   996652923 [ 1092084925] - remaining:           0 [          0@0.-1] - user time: 115579s
Time:   2820s, Mem: 274.135GB - scanned:   996652923 [ 1092084925] - remaining:           0 [          0@0.-1] - user time: 115609s
Time:   2850s, Mem: 274.135GB - scanned:   996652923 [ 1092084925] - remaining:           0 [          0@0.-1] - user time: 115639s
Time:   2880s, Mem: 274.135GB - scanned:   996652923 [ 1092084925] - remaining:           0 [          0@0.-1] - user time: 115669s
Time:   2910s, Mem: 274.135GB - scanned:   996652923 [ 1092084925] - remaining:           0 [          0@0.-1] - user time: 115699s
Time:   2940s, Mem: 274.135GB - scanned:   996652923 [ 1092084925] - remaining:           0 [          0@0.-1] - user time: 115729s
Time:   2970s, Mem: 274.135GB - scanned:   996652923 [ 1092084925] - remaining:           0 [          0@0.-1] - user time: 115759s
Time:   3000s, Mem: 274.135GB - scanned:   996652923 [ 1092084925] - remaining:           0 [          0@0.-1] - user time: 115789s
