Time:     30s, Mem: 1.639GB - scanned:     3299460 [    3299460] - remaining:    45662993 [    3307918@17.2] - user time: 356s
Time:     60s, Mem: 3.347GB - scanned:     5694241 [    5694241] - remaining:   102919692 [   27397311@17.3] - user time: 713s
Time:     90s, Mem: 4.845GB - scanned:     8165332 [    8165332] - remaining:   157366441 [   32820459@17.3] - user time: 1071s
Time:    120s, Mem: 6.176GB - scanned:    10818984 [   10818984] - remaining:   195307387 [   28474004@17.3] - user time: 1429s
Time:    150s, Mem: 7.540GB - scanned:    16576113 [   16576113] - remaining:   210694870 [    1513882@17.3] - user time: 1782s
Time:    180s, Mem: 9.457GB - scanned:    18561780 [   18561780] - remaining:   269000840 [    9832266@18.2] - user time: 2140s
Time:    210s, Mem: 11.022GB - scanned:    21370976 [   21370976] - remaining:   319253909 [  123345976@18.3] - user time: 2497s
Time:    240s, Mem: 12.642GB - scanned:    23638608 [   23638608] - remaining:   379956725 [  130978880@18.3] - user time: 2855s
Time:    270s, Mem: 14.155GB - scanned:    26133203 [   26133203] - remaining:   434963756 [  140079416@18.3] - user time: 3212s
Time:    300s, Mem: 15.668GB - scanned:    28752695 [   28752695] - remaining:   489159836 [  148411826@18.3] - user time: 3570s
Time:    330s, Mem: 17.149GB - scanned:    31399795 [   31399795] - remaining:   541849917 [  157735900@18.3] - user time: 3928s
Time:    360s, Mem: 19.122GB - scanned:    33838938 [   33838938] - remaining:   592641683 [  164070739@18.3] - user time: 4285s
Time:    390s, Mem: 20.787GB - scanned:    36130071 [   36130071] - remaining:   644236533 [  165704820@18.3] - user time: 4642s
Time:    420s, Mem: 21.866GB - scanned:    38796492 [   38796492] - remaining:   679395216 [  158922970@18.3] - user time: 5000s
Time:    450s, Mem: 22.942GB - scanned:    41600276 [   41600276] - remaining:   714824683 [  156123963@18.3] - user time: 5359s
Time:    480s, Mem: 23.764GB - scanned:    44111818 [   44111818] - remaining:   739490275 [  143200991@18.3] - user time: 5717s
Time:    510s, Mem: 24.692GB - scanned:    46862170 [   46862170] - remaining:   770996430 [  136542920@18.3] - user time: 6075s
Time:    540s, Mem: 25.964GB - scanned:    49544166 [   49544166] - remaining:   814844716 [  138498320@18.3] - user time: 6434s
Time:    570s, Mem: 27.310GB - scanned:    52291406 [   52291406] - remaining:   861399677 [  143039320@18.3] - user time: 6792s
Time:    600s, Mem: 28.719GB - scanned:    54870527 [   54870527] - remaining:   911404145 [  150065703@18.3] - user time: 7149s
Time:    630s, Mem: 29.975GB - scanned:    57558846 [   57558846] - remaining:   952198456 [  150824993@18.3] - user time: 7507s
Time:    660s, Mem: 31.564GB - scanned:    64662998 [   64662998] - remaining:   975519805 [  128545946@18.3] - user time: 7864s
Time:    690s, Mem: 34.184GB - scanned:    75946800 [   75946800] - remaining:   932407621 [   50978372@18.3] - user time: 8219s
Time:    720s, Mem: 35.015GB - scanned:    80850480 [   80850480] - remaining:   921651373 [   20177297@19.2] - user time: 8578s
Time:    750s, Mem: 36.656GB - scanned:    82589477 [   82589477] - remaining:   984317813 [   24609996@19.2] - user time: 8933s
Time:    780s, Mem: 38.074GB - scanned:    84366931 [   84366931] - remaining:  1037234815 [   20341149@19.2] - user time: 9291s
Time:    810s, Mem: 39.515GB - scanned:    86908078 [   86908078] - remaining:  1085083583 [   10732520@19.2] - user time: 9648s
Time:    840s, Mem: 41.132GB - scanned:    89871455 [   89871455] - remaining:  1135083977 [  545044410@19.3] - user time: 10006s
Time:    870s, Mem: 42.762GB - scanned:    92032201 [   92032201] - remaining:  1196592214 [  555099470@19.3] - user time: 10364s
Time:    900s, Mem: 44.333GB - scanned:    94219148 [   94219148] - remaining:  1255335347 [  562794062@19.3] - user time: 10721s
Time:    930s, Mem: 45.877GB - scanned:    96448809 [   96448809] - remaining:  1312760347 [  569063212@19.3] - user time: 11078s
Time:    961s, Mem: 46.005GB - scanned:    97964407 [   97964407] - remaining:  1352091435 [  573704556@19.3] - user time: 11333s
Time:    991s, Mem: 46.023GB - scanned:    99126520 [   99126520] - remaining:  1384377532 [  578291413@19.3] - user time: 11540s
Time:   1021s, Mem: 46.023GB - scanned:    99658675 [   99658675] - remaining:  1399637243 [  581170025@19.3] - user time: 11656s
Time:   1051s, Mem: 46.023GB - scanned:   100629148 [  100629148] - remaining:  1419595144 [  584755986@19.3] - user time: 11814s
Time:   1081s, Mem: 46.023GB - scanned:   101750722 [  101750722] - remaining:  1441388028 [  588004092@19.3] - user time: 11986s
Time:   1111s, Mem: 46.023GB - scanned:   102849110 [  102849110] - remaining:  1462688218 [  591485209@19.3] - user time: 12155s
Time:   1141s, Mem: 46.025GB - scanned:   103909508 [  103909508] - remaining:  1483979258 [  595459853@19.3] - user time: 12322s
Time:   1171s, Mem: 46.028GB - scanned:   104939664 [  104939664] - remaining:  1505469431 [  599382770@19.3] - user time: 12488s
Time:   1201s, Mem: 46.028GB - scanned:   106030996 [  106030996] - remaining:  1527473844 [  603706114@19.3] - user time: 12656s
Time:   1231s, Mem: 46.028GB - scanned:   107163826 [  107163826] - remaining:  1548354584 [  607400241@19.3] - user time: 12825s
Time:   1261s, Mem: 46.028GB - scanned:   108258552 [  108258552] - remaining:  1568564539 [  611224256@19.3] - user time: 12990s
Time:   1291s, Mem: 46.028GB - scanned:   109248625 [  109248625] - remaining:  1588935217 [  615569063@19.3] - user time: 13150s
Time:   1321s, Mem: 46.033GB - scanned:   110294799 [  110294799] - remaining:  1610518439 [  619558033@19.3] - user time: 13318s
Time:   1351s, Mem: 46.033GB - scanned:   111244117 [  111244117] - remaining:  1631769170 [  623223250@19.3] - user time: 13481s
Time:   1381s, Mem: 46.033GB - scanned:   112390394 [  112390394] - remaining:  1656102265 [  627481592@19.3] - user time: 13665s
Time:   1411s, Mem: 46.033GB - scanned:   113437589 [  113437589] - remaining:  1678586869 [  631083687@19.3] - user time: 13840s
Time:   1441s, Mem: 46.033GB - scanned:   114460676 [  114460676] - remaining:  1698541616 [  633966946@19.3] - user time: 14006s
Time:   1471s, Mem: 46.033GB - scanned:   115349979 [  115349979] - remaining:  1716357505 [  636779257@19.3] - user time: 14155s
./run.sh: line 5: 28704 Bus error               ./find_mds
Time:     30s, Mem: 5.846GB - scanned:     9182874 [    9182875] - remaining:   169649150 [   29415938@17.3] - user time: 1406s
Time:     60s, Mem: 10.111GB - scanned:    19213390 [   19213392] - remaining:   286621665 [    7252310@18.2] - user time: 2780s
Time:     90s, Mem: 15.534GB - scanned:    28217381 [   28217381] - remaining:   478445284 [  146379235@18.3] - user time: 4179s
Time:    120s, Mem: 21.494GB - scanned:    37129738 [   37129738] - remaining:   658013268 [  162726374@18.3] - user time: 5581s
Time:    150s, Mem: 24.543GB - scanned:    46179121 [   46179121] - remaining:   759680284 [  136306495@18.3] - user time: 6987s
Time:    180s, Mem: 29.282GB - scanned:    55774727 [   55774727] - remaining:   922829434 [  148550071@18.3] - user time: 8403s
Time:    210s, Mem: 37.871GB - scanned:    74010911 [   74010911] - remaining:   958962170 [   84332459@18.3] - user time: 9766s
Time:    240s, Mem: 37.871GB - scanned:    81372122 [   81372122] - remaining:   938254949 [   21554481@19.2] - user time: 11031s
Time:    270s, Mem: 40.891GB - scanned:    89117453 [   89117453] - remaining:  1110387053 [  539164088@19.3] - user time: 12439s
Time:    300s, Mem: 46.641GB - scanned:    97048907 [   97048907] - remaining:  1326024414 [  569352914@19.3] - user time: 13853s
Time:    330s, Mem: 52.045GB - scanned:   105889983 [  105889983] - remaining:  1522699232 [  601332972@19.3] - user time: 15270s
Time:    360s, Mem: 57.339GB - scanned:   115254092 [  115254092] - remaining:  1711781518 [  634603997@19.3] - user time: 16685s
Time:    390s, Mem: 62.609GB - scanned:   125040197 [  125040197] - remaining:  1897479134 [  665235698@19.3] - user time: 18103s
Time:    420s, Mem: 78.171GB - scanned:   134708446 [  134708446] - remaining:  2070537781 [  696991737@19.3] - user time: 19494s
Time:    450s, Mem: 78.171GB - scanned:   144482172 [  144482172] - remaining:  2264543170 [  735493693@19.3] - user time: 20905s
Time:    480s, Mem: 81.039GB - scanned:   153243595 [  153243595] - remaining:  2433526323 [  740360945@19.3] - user time: 22325s
Time:    510s, Mem: 85.152GB - scanned:   161822266 [  161822266] - remaining:  2578343685 [  728351117@19.3] - user time: 23745s
Time:    540s, Mem: 88.352GB - scanned:   171468030 [  171468030] - remaining:  2681101913 [  706115046@19.3] - user time: 25161s
Time:    570s, Mem: 91.888GB - scanned:   181795302 [  181795302] - remaining:  2792911702 [  694929321@19.3] - user time: 26582s
Time:    600s, Mem: 96.059GB - scanned:   191560545 [  191560545] - remaining:  2931543703 [  698577317@19.3] - user time: 28002s
Time:    630s, Mem: 97.072GB - scanned:   196502690 [  196502690] - remaining:  2943733235 [  643738220@19.3] - user time: 29345s
Time:    660s, Mem: 98.958GB - scanned:   205283777 [  205283777] - remaining:  3012994667 [  605038433@19.3] - user time: 30746s
Time:    690s, Mem: 102.992GB - scanned:   215499904 [  215499904] - remaining:  3145775644 [  599749036@19.3] - user time: 32171s
Time:    720s, Mem: 107.337GB - scanned:   225528828 [  225528828] - remaining:  3292420927 [  606302452@19.3] - user time: 33594s
Time:    750s, Mem: 111.937GB - scanned:   236479477 [  236479477] - remaining:  3444196449 [  619384990@19.3] - user time: 35017s
Time:    780s, Mem: 116.495GB - scanned:   246230611 [  246230611] - remaining:  3599383108 [  634687475@19.3] - user time: 36436s
Time:    810s, Mem: 120.091GB - scanned:   254466483 [  254466483] - remaining:  3710995465 [  632743722@19.3] - user time: 37832s
Time:    840s, Mem: 124.369GB - scanned:   267755558 [  267755558] - remaining:  3818853883 [  619452802@19.3] - user time: 39225s
Time:    870s, Mem: 146.582GB - scanned:   282504452 [  282504452] - remaining:  3808083936 [  552581787@19.3] - user time: 40502s
Time:    900s, Mem: 146.582GB - scanned:   297321266 [  297321266] - remaining:  3781710156 [  483095427@19.3] - user time: 41782s
Time:    930s, Mem: 146.582GB - scanned:   316687275 [  316687275] - remaining:  3760036773 [  412452065@19.3] - user time: 43079s
Time:    960s, Mem: 146.582GB - scanned:   327516239 [  327516239] - remaining:  3730396414 [  343433349@19.3] - user time: 44372s
Time:    990s, Mem: 146.582GB - scanned:   330539396 [  330539396] - remaining:  3658391191 [  263658456@19.3] - user time: 45646s
Time:   1020s, Mem: 146.582GB - scanned:   335684007 [  335684007] - remaining:  3596322298 [  186115817@19.3] - user time: 46923s
Time:   1050s, Mem: 146.582GB - scanned:   339981640 [  339981640] - remaining:  3529086574 [  107730619@19.3] - user time: 48196s
Time:   1080s, Mem: 146.582GB - scanned:   345117146 [  345117146] - remaining:  3481695811 [   36787061@19.3] - user time: 49478s
Time:   1110s, Mem: 146.582GB - scanned:   353193204 [  353193205] - remaining:  3535335054 [   40513200@20.2] - user time: 50853s
Time:   1140s, Mem: 146.582GB - scanned:   359802284 [  359802284] - remaining:  3631890243 [   31960938@20.2] - user time: 52285s
Time:   1170s, Mem: 146.582GB - scanned:   369051244 [  369051244] - remaining:  3717088633 [ 2178902985@20.3] - user time: 53696s
Time:   1200s, Mem: 150.706GB - scanned:   376894917 [  376894917] - remaining:  3862699704 [ 2218298932@20.3] - user time: 55117s
Time:   1230s, Mem: 154.412GB - scanned:   384954297 [  384954297] - remaining:  3987788046 [ 2243484920@20.3] - user time: 56543s
Time:   1260s, Mem: 157.992GB - scanned:   393108605 [  393108605] - remaining:  4106546751 [ 2268097487@20.3] - user time: 57950s
Time:   1290s, Mem: 161.950GB - scanned:   401512534 [  401512534] - remaining:  4243209010 [ 2302945959@20.3] - user time: 59374s
Time:   1320s, Mem: 165.896GB - scanned:   411024091 [  411024091] - remaining:  4372108081 [ 2334255266@20.3] - user time: 60797s
Time:   1350s, Mem: 169.931GB - scanned:   420747535 [  420747535] - remaining:  4506586820 [ 2369207417@20.3] - user time: 62221s
Time:   1380s, Mem: 174.148GB - scanned:   430529839 [  430529839] - remaining:  4647466730 [ 2406865331@20.3] - user time: 63644s
Time:   1410s, Mem: 178.298GB - scanned:   440848057 [  440848057] - remaining:  4782760364 [ 2443096696@20.3] - user time: 65068s
Time:   1440s, Mem: 182.402GB - scanned:   450511493 [  450511493] - remaining:  4920513011 [ 2480292456@20.3] - user time: 66491s
Time:   1470s, Mem: 186.329GB - scanned:   459727234 [  459727234] - remaining:  5049823233 [ 2513937855@20.3] - user time: 67915s
Time:   1500s, Mem: 190.129GB - scanned:   469343936 [  469343936] - remaining:  5171537137 [ 2542008640@20.3] - user time: 69340s
Time:   1530s, Mem: 194.192GB - scanned:   479029067 [  479029067] - remaining:  5304903223 [ 2573880924@20.3] - user time: 70764s
Time:   1560s, Mem: 198.151GB - scanned:   489372394 [  489372394] - remaining:  5430377169 [ 2603078362@20.3] - user time: 72185s
Time:   1590s, Mem: 202.113GB - scanned:   499872359 [  499872359] - remaining:  5555572699 [ 2634309062@20.3] - user time: 73610s
Time:   1620s, Mem: 206.018GB - scanned:   510313765 [  510313765] - remaining:  5678795883 [ 2665980817@20.3] - user time: 75035s
Time:   1650s, Mem: 209.968GB - scanned:   520413739 [  520413739] - remaining:  5805212911 [ 2699890498@20.3] - user time: 76443s
Time:   1680s, Mem: 213.713GB - scanned:   531253798 [  531253798] - remaining:  5919388774 [ 2727904108@20.3] - user time: 77863s
Time:   1710s, Mem: 262.541GB - scanned:   541259953 [  541259953] - remaining:  6036499224 [ 2758475467@20.3] - user time: 79259s
Time:   1740s, Mem: 262.541GB - scanned:   551558530 [  551558530] - remaining:  6165266252 [ 2792102785@20.3] - user time: 80674s
Time:   1770s, Mem: 262.541GB - scanned:   561625495 [  561625495] - remaining:  6301400882 [ 2833101774@20.3] - user time: 82094s
Time:   1800s, Mem: 262.541GB - scanned:   572736597 [  572736597] - remaining:  6432791229 [ 2868108449@20.3] - user time: 83515s
Time:   1830s, Mem: 262.541GB - scanned:   578892151 [  578892151] - remaining:  6516757279 [ 2891467830@20.3] - user time: 84511s
Time:   1860s, Mem: 262.541GB - scanned:   583322925 [  583322925] - remaining:  6586821330 [ 2915375947@20.3] - user time: 85359s
Time:   1890s, Mem: 262.541GB - scanned:   588225944 [  588225944] - remaining:  6653379879 [ 2935013215@20.3] - user time: 86210s
Time:   1920s, Mem: 262.541GB - scanned:   593827943 [  593827943] - remaining:  6715711472 [ 2952310075@20.3] - user time: 87061s
Time:   1950s, Mem: 262.541GB - scanned:   599572430 [  599572430] - remaining:  6772163623 [ 2966270684@20.3] - user time: 87910s
Time:   1980s, Mem: 262.541GB - scanned:   604016769 [  604016769] - remaining:  6834752408 [ 2983777128@20.3] - user time: 88759s
Time:   2010s, Mem: 262.541GB - scanned:   609039539 [  609039539] - remaining:  6891978238 [ 2997885798@20.3] - user time: 89605s
Time:   2040s, Mem: 262.541GB - scanned:   614660566 [  614660566] - remaining:  6942986571 [ 3007925036@20.3] - user time: 90449s
Time:   2070s, Mem: 262.541GB - scanned:   618277583 [  618277583] - remaining:  6976128598 [ 3001592974@20.3] - user time: 91292s
Time:   2100s, Mem: 262.541GB - scanned:   622100030 [  622100030] - remaining:  7017148360 [ 3000118749@20.3] - user time: 92139s
Time:   2130s, Mem: 262.541GB - scanned:   626069877 [  626069877] - remaining:  7054498773 [ 2997291696@20.3] - user time: 92983s
Time:   2160s, Mem: 263.798GB - scanned:   630083455 [  630083455] - remaining:  7093727241 [ 2996314585@20.3] - user time: 93826s
Time:   2190s, Mem: 265.276GB - scanned:   634105315 [  634105315] - remaining:  7140325099 [ 3000583938@20.3] - user time: 94674s
Time:   2220s, Mem: 267.032GB - scanned:   638001484 [  638001485] - remaining:  7198684141 [ 3011112054@20.3] - user time: 95528s
Time:   2250s, Mem: 267.751GB - scanned:   641711558 [  641711558] - remaining:  7217810037 [ 2993044348@20.3] - user time: 96370s
Time:   2280s, Mem: 268.555GB - scanned:   645902078 [  645902078] - remaining:  7239168046 [ 2976269175@20.3] - user time: 97212s
Time:   2310s, Mem: 269.547GB - scanned:   650316669 [  650316669] - remaining:  7265528636 [ 2962668665@20.3] - user time: 98060s
Time:   2340s, Mem: 270.492GB - scanned:   655117387 [  655117387] - remaining:  7288188738 [ 2948603156@20.3] - user time: 98906s
Time:   2370s, Mem: 271.495GB - scanned:   659783267 [  659783267] - remaining:  7313954772 [ 2936554854@20.3] - user time: 99748s
Time:   2400s, Mem: 272.522GB - scanned:   664448131 [  664448131] - remaining:  7341443063 [ 2925264043@20.3] - user time: 100592s
Time:   2430s, Mem: 273.413GB - scanned:   669123389 [  669123389] - remaining:  7363136473 [ 2910786685@20.3] - user time: 101444s
Time:   2460s, Mem: 274.420GB - scanned:   674455631 [  674455631] - remaining:  7386689075 [ 2898977449@20.3] - user time: 102287s
Time:   2490s, Mem: 275.471GB - scanned:   679431488 [  679431488] - remaining:  7413039533 [ 2889156240@20.3] - user time: 103137s
Time:   2520s, Mem: 276.606GB - scanned:   684804246 [  684804246] - remaining:  7441420271 [ 2880416891@20.3] - user time: 103981s
Time:   2550s, Mem: 277.929GB - scanned:   689726630 [  689726630] - remaining:  7478673601 [ 2879249282@20.3] - user time: 104823s
Time:   2580s, Mem: 278.854GB - scanned:   694524298 [  694524298] - remaining:  7501432292 [ 2867978903@20.3] - user time: 105666s
Time:   2610s, Mem: 279.834GB - scanned:   699827201 [  699827201] - remaining:  7524379456 [ 2856629195@20.3] - user time: 106503s
Time:   2640s, Mem: 280.837GB - scanned:   705430064 [  705430064] - remaining:  7546515058 [ 2844727321@20.3] - user time: 107342s
Time:   2670s, Mem: 281.873GB - scanned:   710700771 [  710700771] - remaining:  7572588104 [ 2832996038@20.3] - user time: 108188s
Time:   2700s, Mem: 282.478GB - scanned:   715303647 [  715303647] - remaining:  7574023575 [ 2805854749@20.3] - user time: 109035s
Time:   2730s, Mem: 283.467GB - scanned:   720615842 [  720615842] - remaining:  7605079306 [ 2801627159@20.3] - user time: 109874s
Time:   2760s, Mem: 284.811GB - scanned:   725838847 [  725838847] - remaining:  7641599387 [ 2801536012@20.3] - user time: 110715s
Time:   2790s, Mem: 286.046GB - scanned:   731707726 [  731707726] - remaining:  7670287915 [ 2796640141@20.3] - user time: 111552s
Time:   2820s, Mem: 287.236GB - scanned:   737382207 [  737382207] - remaining:  7698381587 [ 2791393949@20.3] - user time: 112387s
Time:   2850s, Mem: 288.496GB - scanned:   742900721 [  742900721] - remaining:  7729823043 [ 2789756919@20.3] - user time: 113221s
Time:   2880s, Mem: 289.660GB - scanned:   748528400 [  748528400] - remaining:  7757573385 [ 2783202919@20.3] - user time: 114060s
Time:   2910s, Mem: 290.973GB - scanned:   753763329 [  753763329] - remaining:  7792653621 [ 2782220248@20.3] - user time: 114900s
Time:   2940s, Mem: 292.390GB - scanned:   758818288 [  758818288] - remaining:  7832662446 [ 2785598127@20.3] - user time: 115739s
Time:   2970s, Mem: 293.739GB - scanned:   763945928 [  763945928] - remaining:  7870266750 [ 2785041721@20.3] - user time: 116581s
Time:   3000s, Mem: 294.975GB - scanned:   769562508 [  769562508] - remaining:  7901021262 [ 2780828134@20.3] - user time: 117423s
Time:   3030s, Mem: 296.458GB - scanned:   774358680 [  774358680] - remaining:  7945031975 [ 2786033441@20.3] - user time: 118262s
Time:   3060s, Mem: 297.977GB - scanned:   778973352 [  778973352] - remaining:  7991317944 [ 2793300332@20.3] - user time: 119102s
Time:   3090s, Mem: 299.619GB - scanned:   784667040 [  784667040] - remaining:  8038139360 [ 2797184382@20.3] - user time: 120014s
Time:   3120s, Mem: 302.559GB - scanned:   795288763 [  795288763] - remaining:  8121689160 [ 2804626645@20.3] - user time: 121442s
Time:   3150s, Mem: 303.927GB - scanned:   802725625 [  802725625] - remaining:  8122189245 [ 2754945998@20.3] - user time: 122867s
Time:   3180s, Mem: 305.429GB - scanned:   812487931 [  812487931] - remaining:  8181411236 [ 2729952159@20.3] - user time: 124302s
Time:   3210s, Mem: 305.835GB - scanned:   816334912 [  816334912] - remaining:  8107403575 [ 2627593025@20.3] - user time: 125730s
Time:   3240s, Mem: 306.660GB - scanned:   824147732 [  824147732] - remaining:  8080171605 [ 2551713637@20.3] - user time: 127166s
Time:   3270s, Mem: 307.532GB - scanned:   832410697 [  832410697] - remaining:  8078139678 [ 2491989885@20.3] - user time: 128603s
Time:   3300s, Mem: 308.597GB - scanned:   842498489 [  842498489] - remaining:  8074823122 [ 2431313580@20.3] - user time: 130038s
Time:   3330s, Mem: 309.743GB - scanned:   853334119 [  853334119] - remaining:  8116440118 [ 2405225936@20.3] - user time: 131474s
Time:   3360s, Mem: 310.981GB - scanned:   865095729 [  865095729] - remaining:  8155156688 [ 2377511646@20.3] - user time: 132909s
Time:   3390s, Mem: 312.109GB - scanned:   875768957 [  875768957] - remaining:  8216719417 [ 2364647076@20.3] - user time: 134346s
Time:   3420s, Mem: 314.007GB - scanned:   886422703 [  886422703] - remaining:  8286586773 [ 2358315771@20.3] - user time: 135781s
Time:   3450s, Mem: 316.508GB - scanned:   898357127 [  898357128] - remaining:  8347417357 [ 2346936568@20.3] - user time: 137212s
Time:   3480s, Mem: 318.770GB - scanned:   910630034 [  910630034] - remaining:  8395355580 [ 2331614772@20.3] - user time: 138646s
Time:   3510s, Mem: 321.324GB - scanned:   921835957 [  921835957] - remaining:  8460310058 [ 2324142647@20.3] - user time: 140078s
Time:   3540s, Mem: 324.651GB - scanned:   931183455 [  931183455] - remaining:  8565198495 [ 2342976518@20.3] - user time: 141506s
Time:   3570s, Mem: 328.064GB - scanned:   941646854 [  941646854] - remaining:  8667161124 [ 2359159747@20.3] - user time: 142933s
Time:   3600s, Mem: 331.350GB - scanned:   953296204 [  953296204] - remaining:  8758759630 [ 2373109138@20.3] - user time: 144362s
Time:   3630s, Mem: 334.704GB - scanned:   965094744 [  965094744] - remaining:  8852923091 [ 2385896274@20.3] - user time: 145790s
Time:   3660s, Mem: 337.586GB - scanned:   976833071 [  976833071] - remaining:  8927358709 [ 2392278837@20.3] - user time: 147208s
Time:   3690s, Mem: 340.450GB - scanned:   988623375 [  988623375] - remaining:  9001764826 [ 2398436938@20.3] - user time: 148638s
Time:   3720s, Mem: 344.142GB - scanned:   998061070 [  998061070] - remaining:  9121413257 [ 2430720732@20.3] - user time: 150064s
Time:   3750s, Mem: 347.482GB - scanned:  1006593814 [ 1006593814] - remaining:  9225719328 [ 2447345016@20.3] - user time: 151491s
Time:   3780s, Mem: 350.373GB - scanned:  1015611013 [ 1015611013] - remaining:  9299580755 [ 2445716174@20.3] - user time: 152917s
Time:   3810s, Mem: 352.795GB - scanned:  1024135861 [ 1024135861] - remaining:  9352054465 [ 2431952520@20.3] - user time: 154344s
Time:   3840s, Mem: 356.515GB - scanned:  1034892487 [ 1034892487] - remaining:  9460751473 [ 2456948889@20.3] - user time: 155770s
Time:   3870s, Mem: 359.624GB - scanned:  1044814476 [ 1044814476] - remaining:  9544529323 [ 2469044979@20.3] - user time: 157195s
Time:   3900s, Mem: 363.030GB - scanned:  1055879451 [ 1055879451] - remaining:  9636548269 [ 2489058860@20.3] - user time: 158623s
Time:   3930s, Mem: 366.718GB - scanned:  1066389609 [ 1066389609] - remaining:  9747206102 [ 2520200795@20.3] - user time: 160048s
Time:   3960s, Mem: 460.815GB - scanned:  1075105030 [ 1075105030] - remaining:  9818197470 [ 2526839082@20.3] - user time: 161418s
Time:   3990s, Mem: 460.815GB - scanned:  1100533467 [ 1100533467] - remaining:  9808104050 [ 2439670887@20.3] - user time: 162840s
Time:   4020s, Mem: 460.815GB - scanned:  1125429844 [ 1125429845] - remaining:  9763946415 [ 2335835718@20.3] - user time: 164261s
Time:   4050s, Mem: 460.815GB - scanned:  1151574821 [ 1151574821] - remaining:  9695220067 [ 2220424436@20.3] - user time: 165688s
Time:   4080s, Mem: 460.815GB - scanned:  1181892303 [ 1181892304] - remaining:  9635950849 [ 2110220212@20.3] - user time: 167111s
Time:   4110s, Mem: 460.815GB - scanned:  1205855545 [ 1205855547] - remaining:  9556203359 [ 1986582585@20.3] - user time: 168535s
Time:   4140s, Mem: 460.815GB - scanned:  1226145386 [ 1226145385] - remaining:  9466748461 [ 1865428292@20.3] - user time: 169952s
Time:   4170s, Mem: 460.815GB - scanned:  1257171756 [ 1257171758] - remaining:  9396230846 [ 1750661625@20.3] - user time: 171372s
Time:   4200s, Mem: 460.815GB - scanned:  1291370559 [ 1291370559] - remaining:  9345609289 [ 1645346349@20.3] - user time: 172795s
Time:   4230s, Mem: 460.815GB - scanned:  1317793354 [ 1317793355] - remaining:  9291232732 [ 1542615942@20.3] - user time: 174220s
Time:   4260s, Mem: 460.815GB - scanned:  1341120792 [ 1341120792] - remaining:  9239030138 [ 1444415937@20.3] - user time: 175634s
Time:   4290s, Mem: 460.815GB - scanned:  1345411680 [ 1345411680] - remaining:  9139239575 [ 1333635787@20.3] - user time: 177047s
Time:   4320s, Mem: 460.815GB - scanned:  1346940912 [ 1346940912] - remaining:  9030308152 [ 1219599692@20.3] - user time: 178450s
Time:   4350s, Mem: 460.815GB - scanned:  1349832429 [ 1349832429] - remaining:  8920940780 [ 1104473327@20.3] - user time: 179846s
Time:   4380s, Mem: 460.815GB - scanned:  1358617494 [ 1358617494] - remaining:  8814154940 [  984749235@20.3] - user time: 181246s
Time:   4410s, Mem: 460.815GB - scanned:  1363387097 [ 1363387097] - remaining:  8715576196 [  872514673@20.3] - user time: 182658s
Time:   4440s, Mem: 460.815GB - scanned:  1368736546 [ 1368736550] - remaining:  8610037121 [  759484440@20.3] - user time: 184077s
Time:   4470s, Mem: 460.815GB - scanned:  1373989088 [ 1373989088] - remaining:  8501347376 [  644137889@20.3] - user time: 185493s
Time:   4500s, Mem: 460.815GB - scanned:  1378254175 [ 1378254175] - remaining:  8396356239 [  529163886@20.3] - user time: 186903s
Time:   4530s, Mem: 460.815GB - scanned:  1384436279 [ 1384436279] - remaining:  8294806851 [  416212696@20.3] - user time: 188318s
Time:   4560s, Mem: 460.815GB - scanned:  1390277990 [ 1390277990] - remaining:  8217848049 [  311100330@20.3] - user time: 189743s
Time:   4590s, Mem: 460.815GB - scanned:  1398921507 [ 1398921507] - remaining:  8133143788 [  205517903@20.3] - user time: 191168s
Time:   4620s, Mem: 460.815GB - scanned:  1409237396 [ 1409237396] - remaining:  8069014011 [  111173856@20.3] - user time: 192596s
Time:   4650s, Mem: 460.815GB - scanned:  1425299463 [ 1425299463] - remaining:  8046077155 [   27287470@20.3] - user time: 194028s
Time:   4680s, Mem: 460.815GB - scanned:  1435993569 [ 1435993569] - remaining:  8052456643 [   62135264@21.2] - user time: 195463s
Time:   4710s, Mem: 460.815GB - scanned:  1442866865 [ 1442866865] - remaining:  8057925512 [   52883982@21.2] - user time: 196901s
Time:   4740s, Mem: 460.815GB - scanned:  1449432281 [ 1449432281] - remaining:  8047896426 [   28432428@21.2] - user time: 198334s
Time:   4770s, Mem: 460.815GB - scanned:  1460358015 [ 1460358015] - remaining:  8053637834 [ 8053637834@21.3] - user time: 199753s
Time:   4800s, Mem: 460.815GB - scanned:  1468446979 [ 1468446979] - remaining:  8096138571 [ 8096138571@21.3] - user time: 201191s
Time:   4830s, Mem: 460.815GB - scanned:  1476683768 [ 1476683768] - remaining:  8137055664 [ 8137055664@21.3] - user time: 202628s
Time:   4860s, Mem: 460.815GB - scanned:  1484972091 [ 1484972091] - remaining:  8171739919 [ 8171739919@21.3] - user time: 204064s
Time:   4890s, Mem: 460.815GB - scanned:  1493349453 [ 1493349453] - remaining:  8197096009 [ 8197096009@21.3] - user time: 205501s
Time:   4920s, Mem: 460.815GB - scanned:  1501760235 [ 1501760235] - remaining:  8222086757 [ 8222086757@21.3] - user time: 206939s
Time:   4950s, Mem: 460.815GB - scanned:  1510345334 [ 1510345334] - remaining:  8246127893 [ 8246127893@21.3] - user time: 208377s
Time:   4980s, Mem: 460.815GB - scanned:  1518716427 [ 1518716427] - remaining:  8274295796 [ 8274295796@21.3] - user time: 209794s
Time:   5010s, Mem: 460.815GB - scanned:  1527367354 [ 1527367354] - remaining:  8304542784 [ 8304542784@21.3] - user time: 211223s
Time:   5040s, Mem: 460.815GB - scanned:  1535920190 [ 1535920190] - remaining:  8344345712 [ 8344345712@21.3] - user time: 212661s
Time:   5070s, Mem: 460.815GB - scanned:  1545602275 [ 1545602275] - remaining:  8385048713 [ 8385048713@21.3] - user time: 214098s
Time:   5100s, Mem: 460.815GB - scanned:  1555379048 [ 1555379048] - remaining:  8420040275 [ 8420040275@21.3] - user time: 215535s
Time:   5130s, Mem: 460.815GB - scanned:  1565397131 [ 1565397131] - remaining:  8451977685 [ 8451977685@21.3] - user time: 216971s
Time:   5160s, Mem: 460.815GB - scanned:  1575543537 [ 1575543537] - remaining:  8484868960 [ 8484868960@21.3] - user time: 218407s
Time:   5190s, Mem: 460.815GB - scanned:  1585723454 [ 1585723454] - remaining:  8517524475 [ 8517524475@21.3] - user time: 219844s
Time:   5220s, Mem: 460.815GB - scanned:  1595817963 [ 1595817963] - remaining:  8559355999 [ 8559355999@21.3] - user time: 221282s
Time:   5250s, Mem: 460.815GB - scanned:  1606862402 [ 1606862402] - remaining:  8596214629 [ 8596214629@21.3] - user time: 222719s
Time:   5280s, Mem: 460.815GB - scanned:  1617825761 [ 1617825761] - remaining:  8632432296 [ 8632432296@21.3] - user time: 224156s
Time:   5310s, Mem: 460.815GB - scanned:  1627978063 [ 1627978063] - remaining:  8671862354 [ 8671862354@21.3] - user time: 225593s
Time:   5340s, Mem: 460.815GB - scanned:  1638560040 [ 1638560040] - remaining:  8711223411 [ 8711223411@21.3] - user time: 227030s
Time:   5370s, Mem: 460.815GB - scanned:  1649449621 [ 1649449621] - remaining:  8750215091 [ 8750215091@21.3] - user time: 228467s
Time:   5400s, Mem: 460.815GB - scanned:  1661168557 [ 1661168557] - remaining:  8786387376 [ 8786387376@21.3] - user time: 229903s
Time:   5430s, Mem: 460.815GB - scanned:  1672161244 [ 1672161244] - remaining:  8823869728 [ 8823869728@21.3] - user time: 231340s
Time:   5460s, Mem: 460.815GB - scanned:  1683193408 [ 1683193409] - remaining:  8857751331 [ 8857751331@21.3] - user time: 232738s
Time:   5490s, Mem: 461.471GB - scanned:  1694316105 [ 1694316105] - remaining:  8896464475 [ 8896464475@21.3] - user time: 234175s
Time:   5520s, Mem: 462.593GB - scanned:  1704949204 [ 1704949204] - remaining:  8935401125 [ 8935401125@21.3] - user time: 235612s
Time:   5550s, Mem: 463.695GB - scanned:  1715375955 [ 1715375956] - remaining:  8978220480 [ 8978220480@21.3] - user time: 237049s
Time:   5580s, Mem: 464.820GB - scanned:  1726039047 [ 1726039047] - remaining:  9019080456 [ 9019080456@21.3] - user time: 238486s
Time:   5610s, Mem: 465.995GB - scanned:  1737176624 [ 1737176624] - remaining:  9054621435 [ 9054621435@21.3] - user time: 239923s
Time:   5640s, Mem: 467.140GB - scanned:  1748023320 [ 1748023320] - remaining:  9089314505 [ 9089314505@21.3] - user time: 241360s
Time:   5670s, Mem: 468.153GB - scanned:  1757632348 [ 1757632348] - remaining:  9125297066 [ 9125297066@21.3] - user time: 242797s
Time:   5700s, Mem: 469.190GB - scanned:  1767440711 [ 1767440711] - remaining:  9163249437 [ 9163249437@21.3] - user time: 244234s
Time:   5730s, Mem: 470.233GB - scanned:  1777327305 [ 1777327305] - remaining:  9189299541 [ 9189299541@21.3] - user time: 245671s
Time:   5760s, Mem: 471.294GB - scanned:  1787393628 [ 1787393628] - remaining:  9217236804 [ 9217236804@21.3] - user time: 247108s
Time:   5790s, Mem: 472.394GB - scanned:  1797790981 [ 1797790981] - remaining:  9242636809 [ 9242636809@21.3] - user time: 248545s
Time:   5820s, Mem: 473.429GB - scanned:  1807616496 [ 1807616496] - remaining:  9273299146 [ 9273299146@21.3] - user time: 249960s
Time:   5850s, Mem: 474.511GB - scanned:  1817866487 [ 1817866487] - remaining:  9304574296 [ 9304574296@21.3] - user time: 251397s
Time:   5880s, Mem: 475.604GB - scanned:  1828096144 [ 1828096144] - remaining:  9341979101 [ 9341979101@21.3] - user time: 252835s
Time:   5910s, Mem: 476.749GB - scanned:  1838945138 [ 1838945138] - remaining:  9374587482 [ 9374587482@21.3] - user time: 254272s
Time:   5940s, Mem: 478.034GB - scanned:  1849796946 [ 1849796947] - remaining:  9407459704 [ 9407459704@21.3] - user time: 255709s
Time:   5970s, Mem: 479.621GB - scanned:  1860825499 [ 1860825499] - remaining:  9438011244 [ 9438011244@21.3] - user time: 257144s
Time:   6000s, Mem: 481.289GB - scanned:  1872293633 [ 1872293633] - remaining:  9464457978 [ 9464457978@21.3] - user time: 258579s
Time:   6030s, Mem: 483.023GB - scanned:  1883687926 [ 1883687926] - remaining:  9490838655 [ 9490838655@21.3] - user time: 260014s
Time:   6060s, Mem: 484.887GB - scanned:  1894828132 [ 1894828132] - remaining:  9523320395 [ 9523320395@21.3] - user time: 261441s
Time:   6090s, Mem: 486.782GB - scanned:  1905997109 [ 1905997109] - remaining:  9556230210 [ 9556230210@21.3] - user time: 262876s
Time:   6120s, Mem: 488.728GB - scanned:  1917201500 [ 1917201500] - remaining:  9591630148 [ 9591630148@21.3] - user time: 264309s
Time:   6150s, Mem: 490.789GB - scanned:  1929723178 [ 1929723178] - remaining:  9626538318 [ 9626538318@21.3] - user time: 265743s
Time:   6180s, Mem: 492.565GB - scanned:  1940949386 [ 1940949386] - remaining:  9654113740 [ 9654113740@21.3] - user time: 267143s
Time:   6210s, Mem: 494.266GB - scanned:  1951865657 [ 1951865657] - remaining:  9680025097 [ 9680025097@21.3] - user time: 268543s
Time:   6240s, Mem: 496.175GB - scanned:  1962820634 [ 1962820634] - remaining:  9714783860 [ 9714783860@21.3] - user time: 269978s
Time:   6270s, Mem: 498.060GB - scanned:  1973467294 [ 1973467294] - remaining:  9749712086 [ 9749712086@21.3] - user time: 271411s
Time:   6300s, Mem: 499.850GB - scanned:  1984318366 [ 1984318366] - remaining:  9779646809 [ 9779646809@21.3] - user time: 272845s
Time:   6330s, Mem: 501.820GB - scanned:  1994782037 [ 1994782037] - remaining:  9818842455 [ 9818842455@21.3] - user time: 274279s
Time:   6360s, Mem: 503.726GB - scanned:  2005492051 [ 2005492051] - remaining:  9854395533 [ 9854395533@21.3] - user time: 275713s
Time:   6390s, Mem: 505.673GB - scanned:  2016585702 [ 2016585702] - remaining:  9888851905 [ 9888851905@21.3] - user time: 277147s
Time:   6420s, Mem: 507.648GB - scanned:  2029618166 [ 2029618166] - remaining:  9916785413 [ 9916785413@21.3] - user time: 278581s
Time:   6450s, Mem: 509.586GB - scanned:  2040887103 [ 2040887103] - remaining:  9947879621 [ 9947879621@21.3] - user time: 280015s
Time:   6480s, Mem: 511.562GB - scanned:  2052451275 [ 2052451275] - remaining:  9978409993 [ 9978409993@21.3] - user time: 281448s
Time:   6510s, Mem: 513.381GB - scanned:  2064073435 [ 2064073435] - remaining: 10005253787 [10005253787@21.3] - user time: 282882s
Time:   6540s, Mem: 515.188GB - scanned:  2075092126 [ 2075092126] - remaining: 10034331539 [10034331539@21.3] - user time: 284316s
Time:   6570s, Mem: 517.055GB - scanned:  2086480670 [ 2086480670] - remaining: 10064641186 [10064641186@21.3] - user time: 285750s
Time:   6600s, Mem: 519.042GB - scanned:  2097093666 [ 2097093666] - remaining: 10104064231 [10104064231@21.3] - user time: 287184s
Time:   6630s, Mem: 520.929GB - scanned:  2108233462 [ 2108233462] - remaining: 10137268935 [10137268935@21.3] - user time: 288618s
Time:   6660s, Mem: 522.741GB - scanned:  2118996234 [ 2118996234] - remaining: 10168369406 [10168369406@21.3] - user time: 290045s
Time:   6690s, Mem: 524.698GB - scanned:  2130802551 [ 2130802551] - remaining: 10201301800 [10201301800@21.3] - user time: 291479s
Time:   6720s, Mem: 526.611GB - scanned:  2142683819 [ 2142683819] - remaining: 10231980430 [10231980430@21.3] - user time: 292912s
Time:   6750s, Mem: 711.970GB - scanned:  2152416635 [ 2152416635] - remaining: 10259927888 [10259927888@21.3] - user time: 294249s
Time:   6780s, Mem: 711.970GB - scanned:  2162537588 [ 2162537588] - remaining: 10303972364 [10303972364@21.3] - user time: 295673s
Time:   6810s, Mem: 711.970GB - scanned:  2173045892 [ 2173045892] - remaining: 10349455730 [10349455730@21.3] - user time: 297099s
Time:   6840s, Mem: 711.970GB - scanned:  2183963004 [ 2183963004] - remaining: 10385931251 [10385931251@21.3] - user time: 298526s
Time:   6870s, Mem: 711.970GB - scanned:  2194938380 [ 2194938380] - remaining: 10425331376 [10425331376@21.3] - user time: 299955s
Time:   6900s, Mem: 711.970GB - scanned:  2207087838 [ 2207087838] - remaining: 10462366022 [10462366022@21.3] - user time: 301349s
Time:   6930s, Mem: 711.970GB - scanned:  2219377678 [ 2219379017] - remaining: 10498995587 [10498995587@21.3] - user time: 302779s
Time:   6960s, Mem: 711.970GB - scanned:  2230173372 [ 2230182798] - remaining: 10521763643 [10521763643@21.3] - user time: 304025s
Time:   6990s, Mem: 711.970GB - scanned:  2240517172 [ 2240545990] - remaining: 10551322644 [10551322644@21.3] - user time: 305345s
Time:   7020s, Mem: 711.970GB - scanned:  2251723777 [ 2251753171] - remaining: 10590928608 [10590928608@21.3] - user time: 306775s
Time:   7050s, Mem: 711.970GB - scanned:  2261809396 [ 2261838790] - remaining: 10640016221 [10640016221@21.3] - user time: 308204s
Time:   7080s, Mem: 711.970GB - scanned:  2272733666 [ 2272763060] - remaining: 10681794046 [10681794046@21.3] - user time: 309635s
Time:   7110s, Mem: 711.970GB - scanned:  2284690715 [ 2284735665] - remaining: 10725099997 [10725099997@21.3] - user time: 311066s
Time:   7140s, Mem: 711.970GB - scanned:  2297012764 [ 2297079002] - remaining: 10763769630 [10763769630@21.3] - user time: 312497s
Time:   7170s, Mem: 711.970GB - scanned:  2310180497 [ 2310443613] - remaining: 10792131736 [10792131736@21.3] - user time: 313930s
Time:   7200s, Mem: 711.970GB - scanned:  2320785032 [ 2321070986] - remaining: 10834000484 [10834000484@21.3] - user time: 315337s
Time:   7230s, Mem: 711.970GB - scanned:  2330570053 [ 2330856007] - remaining: 10866471033 [10866471033@21.3] - user time: 316771s
Time:   7260s, Mem: 711.970GB - scanned:  2342082520 [ 2342368602] - remaining: 10891197487 [10891197487@21.3] - user time: 318181s
Time:   7290s, Mem: 711.970GB - scanned:  2354656542 [ 2354978477] - remaining: 10917593747 [10917593747@21.3] - user time: 319614s
Time:   7320s, Mem: 711.970GB - scanned:  2368127483 [ 2368609388] - remaining: 10948656638 [10948656638@21.3] - user time: 321047s
Time:   7350s, Mem: 711.970GB - scanned:  2376952477 [ 2377497496] - remaining: 10937844412 [10937844412@21.3] - user time: 322484s
Time:   7380s, Mem: 711.970GB - scanned:  2385346500 [ 2385891519] - remaining: 10932793645 [10932793645@21.3] - user time: 323920s
Time:   7410s, Mem: 711.970GB - scanned:  2394077673 [ 2394622692] - remaining: 10927832532 [10927832532@21.3] - user time: 325358s
Time:   7440s, Mem: 711.970GB - scanned:  2402856505 [ 2403401524] - remaining: 10920055636 [10920055636@21.3] - user time: 326795s
Time:   7470s, Mem: 711.970GB - scanned:  2411770592 [ 2412315611] - remaining: 10919002237 [10919002237@21.3] - user time: 328232s
Time:   7500s, Mem: 711.970GB - scanned:  2420506685 [ 2421051704] - remaining: 10941092953 [10941092953@21.3] - user time: 329663s
Time:   7530s, Mem: 711.970GB - scanned:  2428772709 [ 2429317728] - remaining: 10929544470 [10929544470@21.3] - user time: 331099s
Time:   7560s, Mem: 711.970GB - scanned:  2437543446 [ 2438088465] - remaining: 10888511289 [10888511289@21.3] - user time: 332535s
Time:   7590s, Mem: 711.970GB - scanned:  2446731618 [ 2447276637] - remaining: 10853028881 [10853028881@21.3] - user time: 333972s
Time:   7620s, Mem: 711.970GB - scanned:  2456321831 [ 2456866850] - remaining: 10820591546 [10820591546@21.3] - user time: 335409s
Time:   7650s, Mem: 711.970GB - scanned:  2466345166 [ 2466890185] - remaining: 10792238119 [10792238119@21.3] - user time: 336846s
Time:   7680s, Mem: 711.970GB - scanned:  2476680741 [ 2477225760] - remaining: 10762888276 [10762888276@21.3] - user time: 338283s
Time:   7710s, Mem: 711.970GB - scanned:  2486829782 [ 2487374801] - remaining: 10736181206 [10736181206@21.3] - user time: 339721s
Time:   7740s, Mem: 711.970GB - scanned:  2497189590 [ 2497734609] - remaining: 10707485739 [10707485739@21.3] - user time: 341158s
Time:   7770s, Mem: 711.970GB - scanned:  2506333113 [ 2506878132] - remaining: 10677580844 [10677580844@21.3] - user time: 342592s
Time:   7800s, Mem: 711.970GB - scanned:  2517243452 [ 2517788471] - remaining: 10646722133 [10646722133@21.3] - user time: 344029s
Time:   7830s, Mem: 711.970GB - scanned:  2528897457 [ 2529442476] - remaining: 10614425718 [10614425718@21.3] - user time: 345466s
Time:   7860s, Mem: 711.970GB - scanned:  2538543531 [ 2539088550] - remaining: 10588725711 [10588725711@21.3] - user time: 346714s
Time:   7890s, Mem: 711.970GB - scanned:  2543514182 [ 2544059201] - remaining: 10570212138 [10570212138@21.3] - user time: 347577s
Time:   7920s, Mem: 711.970GB - scanned:  2551143185 [ 2551688204] - remaining: 10563708115 [10563708115@21.3] - user time: 348578s
Time:   7950s, Mem: 711.970GB - scanned:  2562436228 [ 2562981247] - remaining: 10543880235 [10543880235@21.3] - user time: 350014s
Time:   7980s, Mem: 711.970GB - scanned:  2574432181 [ 2574977200] - remaining: 10526001028 [10526001028@21.3] - user time: 351429s
Time:   8010s, Mem: 711.970GB - scanned:  2586397105 [ 2586942124] - remaining: 10501706592 [10501706592@21.3] - user time: 352866s
Time:   8040s, Mem: 711.970GB - scanned:  2598582262 [ 2599127281] - remaining: 10492036804 [10492036804@21.3] - user time: 354302s
Time:   8070s, Mem: 711.970GB - scanned:  2610395232 [ 2610940251] - remaining: 10485861055 [10485861055@21.3] - user time: 355739s
Time:   8100s, Mem: 711.970GB - scanned:  2621823918 [ 2622368937] - remaining: 10477141766 [10477141766@21.3] - user time: 357176s
Time:   8130s, Mem: 711.970GB - scanned:  2633213584 [ 2633758603] - remaining: 10473824231 [10473824231@21.3] - user time: 358613s
Time:   8160s, Mem: 711.970GB - scanned:  2643060427 [ 2643605446] - remaining: 10446118561 [10446118561@21.3] - user time: 360042s
Time:   8190s, Mem: 711.970GB - scanned:  2654401524 [ 2654946543] - remaining: 10424599525 [10424599525@21.3] - user time: 361479s
Time:   8220s, Mem: 711.970GB - scanned:  2666255562 [ 2666800581] - remaining: 10397984519 [10397984519@21.3] - user time: 362915s
Time:   8250s, Mem: 711.970GB - scanned:  2678731192 [ 2679276211] - remaining: 10369404032 [10369404032@21.3] - user time: 364352s
Time:   8280s, Mem: 711.970GB - scanned:  2690629622 [ 2691174641] - remaining: 10344711634 [10344711634@21.3] - user time: 365788s
Time:   8310s, Mem: 711.970GB - scanned:  2702203247 [ 2702748266] - remaining: 10325734541 [10325734541@21.3] - user time: 367224s
Time:   8340s, Mem: 711.970GB - scanned:  2714073630 [ 2714618649] - remaining: 10293460963 [10293460963@21.3] - user time: 368658s
Time:   8370s, Mem: 711.970GB - scanned:  2724291112 [ 2724836131] - remaining: 10218609979 [10218609979@21.3] - user time: 370093s
Time:   8400s, Mem: 711.970GB - scanned:  2735341135 [ 2735886154] - remaining: 10189477787 [10189477787@21.3] - user time: 371530s
Time:   8430s, Mem: 711.970GB - scanned:  2748091056 [ 2748636075] - remaining: 10171900425 [10171900425@21.3] - user time: 372966s
Time:   8460s, Mem: 711.970GB - scanned:  2759817480 [ 2760362499] - remaining: 10160324227 [10160324227@21.3] - user time: 374402s
Time:   8490s, Mem: 711.970GB - scanned:  2771724629 [ 2772269648] - remaining: 10151223276 [10151223276@21.3] - user time: 375838s
Time:   8520s, Mem: 711.970GB - scanned:  2783323406 [ 2783868425] - remaining: 10146603130 [10146603130@21.3] - user time: 377275s
Time:   8550s, Mem: 711.970GB - scanned:  2794820454 [ 2795365473] - remaining: 10144169039 [10144169039@21.3] - user time: 378711s
Time:   8580s, Mem: 711.970GB - scanned:  2808438198 [ 2808983217] - remaining: 10132607243 [10132607243@21.3] - user time: 380148s
Time:   8610s, Mem: 711.970GB - scanned:  2820533910 [ 2821078929] - remaining: 10125890604 [10125890604@21.3] - user time: 381550s
Time:   8640s, Mem: 711.970GB - scanned:  2833836087 [ 2834381106] - remaining: 10109409644 [10109409644@21.3] - user time: 382986s
Time:   8670s, Mem: 711.970GB - scanned:  2846655272 [ 2847200291] - remaining: 10092117311 [10092117311@21.3] - user time: 384421s
Time:   8700s, Mem: 711.970GB - scanned:  2859085036 [ 2859630055] - remaining: 10080933698 [10080933698@21.3] - user time: 385857s
Time:   8730s, Mem: 711.970GB - scanned:  2871166552 [ 2871711571] - remaining: 10075378570 [10075378570@21.3] - user time: 387293s
Time:   8760s, Mem: 711.970GB - scanned:  2882784970 [ 2883329989] - remaining: 10063780428 [10063780428@21.3] - user time: 388730s
Time:   8790s, Mem: 711.970GB - scanned:  2895762260 [ 2896307279] - remaining: 10046060475 [10046060475@21.3] - user time: 390167s
Time:   8820s, Mem: 711.970GB - scanned:  2907106822 [ 2907651841] - remaining: 10044729565 [10044729565@21.3] - user time: 391595s
Time:   8850s, Mem: 711.970GB - scanned:  2918653301 [ 2919198320] - remaining: 10050952351 [10050952351@21.3] - user time: 393026s
Time:   8880s, Mem: 711.970GB - scanned:  2929811445 [ 2930356464] - remaining: 10058096623 [10058096623@21.3] - user time: 394449s
Time:   8910s, Mem: 711.970GB - scanned:  2941475636 [ 2942020655] - remaining: 10058935835 [10058935835@21.3] - user time: 395885s
Time:   8940s, Mem: 711.970GB - scanned:  2952930587 [ 2953475606] - remaining: 10056107724 [10056107724@21.3] - user time: 397322s
Time:   8970s, Mem: 711.970GB - scanned:  2965249986 [ 2965795004] - remaining: 10049904240 [10049904240@21.3] - user time: 398759s
Time:   9000s, Mem: 711.970GB - scanned:  2978426861 [ 2978989256] - remaining: 10038149057 [10038149057@21.3] - user time: 400195s
Time:   9030s, Mem: 711.970GB - scanned:  2990670044 [ 2991238456] - remaining: 10031834994 [10031834994@21.3] - user time: 401632s
Time:   9060s, Mem: 711.970GB - scanned:  3002530751 [ 3003099162] - remaining: 10031842106 [10031842106@21.3] - user time: 403068s
Time:   9090s, Mem: 711.970GB - scanned:  3013354055 [ 3013922466] - remaining: 10044705996 [10044705996@21.3] - user time: 404505s
Time:   9120s, Mem: 711.970GB - scanned:  3024292281 [ 3024860692] - remaining: 10057633947 [10057633947@21.3] - user time: 405942s
Time:   9150s, Mem: 711.970GB - scanned:  3035692451 [ 3036260862] - remaining: 10063606977 [10063606977@21.3] - user time: 407379s
Time:   9180s, Mem: 711.970GB - scanned:  3048215331 [ 3048783742] - remaining: 10065034232 [10065034232@21.3] - user time: 408816s
Time:   9210s, Mem: 711.970GB - scanned:  3060809956 [ 3061443659] - remaining: 10063834635 [10063834635@21.3] - user time: 410252s
Time:   9240s, Mem: 711.970GB - scanned:  3073513642 [ 3074321315] - remaining: 10061728512 [10061728512@21.3] - user time: 411688s
Time:   9270s, Mem: 711.970GB - scanned:  3085245254 [ 3086068773] - remaining: 10070945319 [10070945319@21.3] - user time: 413125s
Time:   9300s, Mem: 711.970GB - scanned:  3093918491 [ 3094742010] - remaining: 10061930957 [10061930957@21.3] - user time: 414559s
Time:   9330s, Mem: 711.970GB - scanned:  3104204293 [ 3105312874] - remaining: 10047383748 [10047383748@21.3] - user time: 415992s
Time:   9360s, Mem: 711.970GB - scanned:  3109925652 [ 3111088961] - remaining:  9968941564 [ 9968941564@21.3] - user time: 417350s
Time:   9390s, Mem: 711.970GB - scanned:  3118469723 [ 3119633032] - remaining:  9891133880 [ 9891133880@21.3] - user time: 418787s
Time:   9420s, Mem: 711.970GB - scanned:  3128644792 [ 3129808101] - remaining:  9874151077 [ 9874151077@21.3] - user time: 420224s
Time:   9450s, Mem: 711.970GB - scanned:  3139388238 [ 3140551547] - remaining:  9871921782 [ 9871921782@21.3] - user time: 421661s
Time:   9480s, Mem: 711.970GB - scanned:  3144056097 [ 3145219406] - remaining:  9781122124 [ 9781122124@21.3] - user time: 423023s
Time:   9510s, Mem: 711.970GB - scanned:  3146297066 [ 3147460375] - remaining:  9663660165 [ 9663660165@21.3] - user time: 424333s
Time:   9540s, Mem: 711.970GB - scanned:  3152883041 [ 3154046350] - remaining:  9568889390 [ 9568889390@21.3] - user time: 425747s
Time:   9570s, Mem: 711.970GB - scanned:  3160930927 [ 3162094236] - remaining:  9489478267 [ 9489478267@21.3] - user time: 427176s
Time:   9600s, Mem: 711.970GB - scanned:  3163698146 [ 3164861455] - remaining:  9373414550 [ 9373414550@21.3] - user time: 428507s
Time:   9630s, Mem: 711.970GB - scanned:  3171216723 [ 3172380032] - remaining:  9287461480 [ 9287461480@21.3] - user time: 429933s
Time:   9660s, Mem: 711.970GB - scanned:  3181165068 [ 3182328377] - remaining:  9207366999 [ 9207366999@21.3] - user time: 431356s
Time:   9690s, Mem: 711.970GB - scanned:  3190605183 [ 3191768492] - remaining:  9131498293 [ 9131498293@21.3] - user time: 432756s
Time:   9720s, Mem: 711.970GB - scanned:  3200041606 [ 3201204915] - remaining:  9065350407 [ 9065350407@21.3] - user time: 434193s
Time:   9750s, Mem: 711.970GB - scanned:  3208925322 [ 3210088631] - remaining:  9005821097 [ 9005821097@21.3] - user time: 435629s
Time:   9780s, Mem: 711.970GB - scanned:  3218027814 [ 3219198767] - remaining:  8951154932 [ 8951154932@21.3] - user time: 437066s
Time:   9810s, Mem: 711.970GB - scanned:  3226735874 [ 3227912235] - remaining:  8899193808 [ 8899193808@21.3] - user time: 438497s
Time:   9840s, Mem: 711.970GB - scanned:  3235900884 [ 3237079421] - remaining:  8825985017 [ 8825985017@21.3] - user time: 439924s
Time:   9870s, Mem: 712.143GB - scanned:  3244943453 [ 3246121990] - remaining:  8747184980 [ 8747184980@21.3] - user time: 441308s
Time:   9900s, Mem: 713.037GB - scanned:  3253408109 [ 3254586646] - remaining:  8670729559 [ 8670729559@21.3] - user time: 442733s
Time:   9930s, Mem: 714.302GB - scanned:  3265407629 [ 3266586166] - remaining:  8617199361 [ 8617199361@21.3] - user time: 444169s
Time:   9960s, Mem: 715.499GB - scanned:  3276731414 [ 3277909951] - remaining:  8577553013 [ 8577553013@21.3] - user time: 445573s
Time:   9990s, Mem: 716.829GB - scanned:  3289333409 [ 3290511946] - remaining:  8530943521 [ 8530943521@21.3] - user time: 447009s
Time:  10020s, Mem: 718.014GB - scanned:  3300557517 [ 3301736054] - remaining:  8500771267 [ 8500771267@21.3] - user time: 448427s
Time:  10050s, Mem: 719.246GB - scanned:  3312227493 [ 3313406030] - remaining:  8470964519 [ 8470964519@21.3] - user time: 449863s
Time:  10080s, Mem: 720.439GB - scanned:  3323543063 [ 3324721600] - remaining:  8446326238 [ 8446326238@21.3] - user time: 451269s
Time:  10110s, Mem: 721.871GB - scanned:  3336967650 [ 3338146187] - remaining:  8408113435 [ 8408113435@21.3] - user time: 452705s
Time:  10140s, Mem: 723.224GB - scanned:  3349911119 [ 3351110424] - remaining:  8374511607 [ 8374511607@21.3] - user time: 454142s
Time:  10170s, Mem: 724.541GB - scanned:  3362363486 [ 3363604167] - remaining:  8341641911 [ 8341641911@21.3] - user time: 455578s
Time:  10200s, Mem: 725.704GB - scanned:  3373377400 [ 3374618081] - remaining:  8329657197 [ 8329657197@21.3] - user time: 457015s
Time:  10230s, Mem: 726.832GB - scanned:  3384051049 [ 3385291730] - remaining:  8320471776 [ 8320471776@21.3] - user time: 458437s
Time:  10260s, Mem: 727.973GB - scanned:  3394882738 [ 3396123419] - remaining:  8312869852 [ 8312869852@21.3] - user time: 459873s
Time:  10290s, Mem: 729.205GB - scanned:  3406438319 [ 3407679000] - remaining:  8303770351 [ 8303770351@21.3] - user time: 461309s
Time:  10320s, Mem: 730.429GB - scanned:  3418134937 [ 3419375618] - remaining:  8296418996 [ 8296418996@21.3] - user time: 462746s
Time:  10350s, Mem: 731.684GB - scanned:  3430019942 [ 3431260623] - remaining:  8285491865 [ 8285491865@21.3] - user time: 464183s
Time:  10380s, Mem: 733.062GB - scanned:  3443101263 [ 3444341944] - remaining:  8270535395 [ 8270535395@21.3] - user time: 465619s
Time:  10410s, Mem: 734.452GB - scanned:  3456232453 [ 3457511406] - remaining:  8254067610 [ 8254067610@21.3] - user time: 467055s
Time:  10440s, Mem: 735.831GB - scanned:  3469274673 [ 3470574238] - remaining:  8238162021 [ 8238162021@21.3] - user time: 468491s
Time:  10470s, Mem: 737.202GB - scanned:  3482246899 [ 3483572056] - remaining:  8223274129 [ 8223274129@21.3] - user time: 469928s
Time:  10500s, Mem: 738.594GB - scanned:  3495097254 [ 3496811372] - remaining:  8202335658 [ 8202335658@21.3] - user time: 471361s
Time:  10530s, Mem: 739.840GB - scanned:  3506806088 [ 3508648110] - remaining:  8189474426 [ 8189474426@21.3] - user time: 472798s
Time:  10560s, Mem: 741.200GB - scanned:  3519650388 [ 3521541006] - remaining:  8171454801 [ 8171454801@21.3] - user time: 474234s
Time:  10590s, Mem: 742.222GB - scanned:  3529340047 [ 3531230665] - remaining:  8190270486 [ 8190270486@21.3] - user time: 475671s
Time:  10620s, Mem: 743.262GB - scanned:  3539200187 [ 3541090805] - remaining:  8208506353 [ 8208506353@21.3] - user time: 477108s
Time:  10650s, Mem: 744.314GB - scanned:  3549142774 [ 3551033392] - remaining:  8225255124 [ 8225255124@21.3] - user time: 478545s
Time:  10680s, Mem: 745.412GB - scanned:  3559484878 [ 3561375496] - remaining:  8242611237 [ 8242611237@21.3] - user time: 479982s
Time:  10710s, Mem: 746.574GB - scanned:  3570570290 [ 3572460908] - remaining:  8258617102 [ 8258617102@21.3] - user time: 481419s
Time:  10740s, Mem: 747.768GB - scanned:  3581888018 [ 3583778637] - remaining:  8274205491 [ 8274205491@21.3] - user time: 482856s
Time:  10770s, Mem: 748.933GB - scanned:  3592933694 [ 3594824312] - remaining:  8290832770 [ 8290832770@21.3] - user time: 484263s
Time:  10800s, Mem: 750.152GB - scanned:  3604373812 [ 3606264430] - remaining:  8304099991 [ 8304099991@21.3] - user time: 485700s
Time:  10830s, Mem: 751.453GB - scanned:  3616814976 [ 3618705594] - remaining:  8316263784 [ 8316263784@21.3] - user time: 487136s
Time:  10860s, Mem: 752.829GB - scanned:  3629758542 [ 3631649160] - remaining:  8326763977 [ 8326763977@21.3] - user time: 488569s
Time:  10890s, Mem: 754.133GB - scanned:  3642191322 [ 3644081940] - remaining:  8338516993 [ 8338516993@21.3] - user time: 490005s
Time:  10920s, Mem: 755.504GB - scanned:  3655153864 [ 3657055874] - remaining:  8352607868 [ 8352607868@21.3] - user time: 491441s
Time:  10950s, Mem: 756.836GB - scanned:  3667714567 [ 3669700129] - remaining:  8365098483 [ 8365098483@21.3] - user time: 492878s
Time:  10980s, Mem: 758.166GB - scanned:  3680285318 [ 3682315440] - remaining:  8380480356 [ 8380480356@21.3] - user time: 494314s
Time:  11010s, Mem: 759.467GB - scanned:  3692608980 [ 3694639102] - remaining:  8395560625 [ 8395560625@21.3] - user time: 495751s
Time:  11040s, Mem: 760.870GB - scanned:  3705838440 [ 3707924908] - remaining:  8402479341 [ 8402479341@21.3] - user time: 497179s
Time:  11070s, Mem: 762.239GB - scanned:  3718639954 [ 3720953472] - remaining:  8412023615 [ 8412023615@21.3] - user time: 498615s
Time:  11100s, Mem: 763.604GB - scanned:  3731524690 [ 3733875974] - remaining:  8423920536 [ 8423920536@21.3] - user time: 500052s
Time:  11130s, Mem: 764.936GB - scanned:  3743952758 [ 3746553010] - remaining:  8423867659 [ 8423867659@21.3] - user time: 501488s
Time:  11160s, Mem: 766.295GB - scanned:  3755974567 [ 3759566705] - remaining:  8426728299 [ 8426728299@21.3] - user time: 502922s
Time:  11190s, Mem: 767.659GB - scanned:  3768719297 [ 3772507535] - remaining:  8425636713 [ 8425636713@21.3] - user time: 504351s
Time:  11220s, Mem: 769.078GB - scanned:  3781145637 [ 3786123934] - remaining:  8421982830 [ 8421982830@21.3] - user time: 505776s
Time:  11250s, Mem: 770.270GB - scanned:  3792435086 [ 3797413383] - remaining:  8433081829 [ 8433081829@21.3] - user time: 507213s
Time:  11280s, Mem: 771.545GB - scanned:  3804500493 [ 3809478790] - remaining:  8441852615 [ 8441852615@21.3] - user time: 508650s
Time:  11310s, Mem: 772.903GB - scanned:  3817239376 [ 3822354439] - remaining:  8448150607 [ 8448150607@21.3] - user time: 510057s
Time:  11340s, Mem: 774.342GB - scanned:  3830448336 [ 3836094805] - remaining:  8452080290 [ 8452080290@21.3] - user time: 511492s
Time:  11370s, Mem: 775.432GB - scanned:  3840405009 [ 3846480033] - remaining:  8476729502 [ 8476729502@21.3] - user time: 512929s
Time:  11400s, Mem: 776.341GB - scanned:  3849021128 [ 3855096152] - remaining:  8517899760 [ 8517899760@21.3] - user time: 514335s
Time:  11430s, Mem: 777.308GB - scanned:  3858182847 [ 3864257871] - remaining:  8533452290 [ 8533452290@21.3] - user time: 515773s
Time:  11460s, Mem: 778.273GB - scanned:  3867284433 [ 3873359457] - remaining:  8540356441 [ 8540356441@21.3] - user time: 517201s
Time:  11490s, Mem: 779.167GB - scanned:  3875807760 [ 3881882784] - remaining:  8531155422 [ 8531155422@21.3] - user time: 518630s
Time:  11520s, Mem: 780.244GB - scanned:  3885995213 [ 3892070237] - remaining:  8538966862 [ 8538966862@21.3] - user time: 520029s
Time:  11550s, Mem: 781.127GB - scanned:  3894340421 [ 3900415445] - remaining:  8523308890 [ 8523308890@21.3] - user time: 521398s
Time:  11580s, Mem: 782.331GB - scanned:  3905773558 [ 3911854262] - remaining:  8533591767 [ 8533591767@21.3] - user time: 522834s
Time:  11610s, Mem: 783.109GB - scanned:  3913130348 [ 3919212876] - remaining:  8501074254 [ 8501074254@21.3] - user time: 524226s
Time:  11640s, Mem: 784.253GB - scanned:  3923927503 [ 3930055327] - remaining:  8504056294 [ 8504056294@21.3] - user time: 525656s
Time:  11670s, Mem: 784.874GB - scanned:  3929698251 [ 3935868675] - remaining:  8484973616 [ 8484973616@21.3] - user time: 526694s
Time:  11700s, Mem: 785.772GB - scanned:  3938237018 [ 3944462114] - remaining:  8486721927 [ 8486721927@21.3] - user time: 527957s
Time:  11730s, Mem: 786.990GB - scanned:  3949595955 [ 3956052723] - remaining:  8503532968 [ 8503532968@21.3] - user time: 529394s
Time:  11760s, Mem: 788.184GB - scanned:  3960688729 [ 3967399039] - remaining:  8528087072 [ 8528087072@21.3] - user time: 530830s
Time:  11790s, Mem: 789.434GB - scanned:  3972384393 [ 3979270907] - remaining:  8561505406 [ 8561505406@21.3] - user time: 532267s
Time:  11820s, Mem: 790.758GB - scanned:  3984362930 [ 3991877960] - remaining:  8585943115 [ 8585943115@21.3] - user time: 533657s
Time:  11850s, Mem: 791.993GB - scanned:  3995755150 [ 4003638866] - remaining:  8621592549 [ 8621592549@21.3] - user time: 535059s
Time:  11880s, Mem: 793.150GB - scanned:  4006382616 [ 4014644730] - remaining:  8624168284 [ 8624168284@21.3] - user time: 536489s
Time:  11910s, Mem: 794.287GB - scanned:  4016286156 [ 4025461445] - remaining:  8621665426 [ 8621665426@21.3] - user time: 537908s
Time:  11940s, Mem: 795.430GB - scanned:  4026953172 [ 4036422133] - remaining:  8645080385 [ 8645080385@21.3] - user time: 539345s
Time:  11970s, Mem: 796.658GB - scanned:  4038529172 [ 4048081928] - remaining:  8673066354 [ 8673066354@21.3] - user time: 540781s
Time:  12000s, Mem: 798.151GB - scanned:  4050991288 [ 4062511047] - remaining:  8686175287 [ 8686175287@21.3] - user time: 542217s
Time:  12030s, Mem: 799.706GB - scanned:  4063718718 [ 4077487143] - remaining:  8702089384 [ 8702089384@21.3] - user time: 543653s
Time:  12060s, Mem: 800.932GB - scanned:  4074183095 [ 4089371253] - remaining:  8730111463 [ 8730111463@21.3] - user time: 545081s
Time:  12090s, Mem: 802.087GB - scanned:  4085131580 [ 4100319738] - remaining:  8769460700 [ 8769460700@21.3] - user time: 546518s
Time:  12120s, Mem: 803.400GB - scanned:  4097275038 [ 4112800999] - remaining:  8800146627 [ 8800146627@21.3] - user time: 547955s
Time:  12150s, Mem: 804.768GB - scanned:  4109574761 [ 4125880672] - remaining:  8828890144 [ 8828890144@21.3] - user time: 549392s
Time:  12180s, Mem: 806.203GB - scanned:  4121209373 [ 4139790569] - remaining:  8851489440 [ 8851489440@21.3] - user time: 550824s
Time:  12210s, Mem: 807.864GB - scanned:  4136921516 [ 4155502713] - remaining:  8791429737 [ 8791429737@21.3] - user time: 552221s
Time:  12240s, Mem: 810.858GB - scanned:  4165308094 [ 4183889290] - remaining:  8703308201 [ 8703308201@21.3] - user time: 553652s
Time:  12270s, Mem: 813.405GB - scanned:  4189436015 [ 4208017214] - remaining:  8607274966 [ 8607274966@21.3] - user time: 555083s
Time:  12300s, Mem: 816.269GB - scanned:  4216567326 [ 4235148522] - remaining:  8503754199 [ 8503754199@21.3] - user time: 556514s
Time:  12330s, Mem: 818.892GB - scanned:  4241353712 [ 4259934909] - remaining:  8401198170 [ 8401198170@21.3] - user time: 557922s
Time:  12360s, Mem: 822.105GB - scanned:  4271835176 [ 4290416374] - remaining:  8287165510 [ 8287165510@21.3] - user time: 559347s
Time:  12390s, Mem: 1193.817GB - scanned:  4298262378 [ 4316843574] - remaining:  8192561303 [ 8192561303@21.3] - user time: 560597s
Time:  12420s, Mem: 1193.817GB - scanned:  4317664727 [ 4336245923] - remaining:  8078505637 [ 8078505637@21.3] - user time: 561970s
Time:  12450s, Mem: 1193.817GB - scanned:  4347194899 [ 4365776096] - remaining:  7955668344 [ 7955668344@21.3] - user time: 563365s
Time:  12480s, Mem: 1193.817GB - scanned:  4379675093 [ 4398256289] - remaining:  7831552116 [ 7831552116@21.3] - user time: 564772s
Time:  12510s, Mem: 1193.817GB - scanned:  4405113144 [ 4423694340] - remaining:  7713973058 [ 7713973058@21.3] - user time: 566160s
Time:  12540s, Mem: 1193.817GB - scanned:  4439541372 [ 4458122568] - remaining:  7601812639 [ 7601812639@21.3] - user time: 567559s
Time:  12570s, Mem: 1193.817GB - scanned:  4462861959 [ 4481443155] - remaining:  7523656673 [ 7523656673@21.3] - user time: 568660s
Time:  12600s, Mem: 1193.817GB - scanned:  4493331583 [ 4511915751] - remaining:  7417667792 [ 7417667792@21.3] - user time: 570067s
Time:  12630s, Mem: 1193.817GB - scanned:  4513740429 [ 4532324822] - remaining:  7298203901 [ 7298203901@21.3] - user time: 571427s
Time:  12660s, Mem: 1193.817GB - scanned:  4538076572 [ 4556660963] - remaining:  7174049653 [ 7174049653@21.3] - user time: 572797s
Time:  12690s, Mem: 1193.817GB - scanned:  4565208148 [ 4583792539] - remaining:  7049964327 [ 7049964327@21.3] - user time: 574191s
Time:  12720s, Mem: 1193.817GB - scanned:  4585167807 [ 4603752201] - remaining:  6923845540 [ 6923845540@21.3] - user time: 575549s
Time:  12750s, Mem: 1193.817GB - scanned:  4606612771 [ 4625197162] - remaining:  6801727257 [ 6801727257@21.3] - user time: 576908s
Time:  12780s, Mem: 1193.817GB - scanned:  4623284660 [ 4641869051] - remaining:  6683284437 [ 6683284437@21.3] - user time: 578253s
Time:  12810s, Mem: 1193.817GB - scanned:  4649438939 [ 4668023330] - remaining:  6564923804 [ 6564923804@21.3] - user time: 579597s
Time:  12840s, Mem: 1193.817GB - scanned:  4682753698 [ 4701350008] - remaining:  6448105773 [ 6448105773@21.3] - user time: 580992s
Time:  12870s, Mem: 1193.817GB - scanned:  4714050517 [ 4732662917] - remaining:  6335800342 [ 6335800342@21.3] - user time: 582382s
Time:  12900s, Mem: 1193.817GB - scanned:  4736586280 [ 4755213698] - remaining:  6220086074 [ 6220086074@21.3] - user time: 583735s
Time:  12930s, Mem: 1193.817GB - scanned:  4773550665 [ 4792189957] - remaining:  6105752020 [ 6105752020@21.3] - user time: 585135s
Time:  12960s, Mem: 1193.817GB - scanned:  4810030495 [ 4828673633] - remaining:  5994645890 [ 5994645890@21.3] - user time: 586527s
Time:  12990s, Mem: 1193.817GB - scanned:  4839714464 [ 4858357602] - remaining:  5881330401 [ 5881330401@21.3] - user time: 587907s
Time:  13020s, Mem: 1193.817GB - scanned:  4873997478 [ 4892670415] - remaining:  5764999173 [ 5764999173@21.3] - user time: 589307s
Time:  13050s, Mem: 1193.817GB - scanned:  4908527630 [ 4927228496] - remaining:  5654100567 [ 5654100567@21.3] - user time: 590729s
Time:  13080s, Mem: 1193.817GB - scanned:  4922924594 [ 4941625457] - remaining:  5543194326 [ 5543194326@21.3] - user time: 592072s
Time:  13110s, Mem: 1193.817GB - scanned:  4952549928 [ 4971329630] - remaining:  5422006017 [ 5422006017@21.3] - user time: 593450s
Time:  13140s, Mem: 1193.817GB - scanned:  4989299727 [ 5008364910] - remaining:  5320332623 [ 5320332623@21.3] - user time: 594874s
Time:  13170s, Mem: 1193.817GB - scanned:  5007463360 [ 5026528542] - remaining:  5220836606 [ 5220836606@21.3] - user time: 596267s
Time:  13200s, Mem: 1193.817GB - scanned:  5024048432 [ 5043153188] - remaining:  5104045711 [ 5104045711@21.3] - user time: 597604s
Time:  13230s, Mem: 1193.817GB - scanned:  5056278804 [ 5075665083] - remaining:  5004124774 [ 5004124774@21.3] - user time: 599023s
Time:  13260s, Mem: 1193.817GB - scanned:  5060725439 [ 5080112063] - remaining:  4892982466 [ 4892982466@21.3] - user time: 600307s
Time:  13290s, Mem: 1193.817GB - scanned:  5071605889 [ 5091075915] - remaining:  4779317410 [ 4779317410@21.3] - user time: 601620s
Time:  13320s, Mem: 1193.817GB - scanned:  5073650770 [ 5093123501] - remaining:  4659915759 [ 4659915759@21.3] - user time: 602877s
Time:  13350s, Mem: 1193.817GB - scanned:  5075575518 [ 5095048249] - remaining:  4541072015 [ 4541072015@21.3] - user time: 604134s
Time:  13380s, Mem: 1193.817GB - scanned:  5076640214 [ 5096112945] - remaining:  4423468668 [ 4423468668@21.3] - user time: 605382s
Time:  13410s, Mem: 1193.817GB - scanned:  5078632681 [ 5098105412] - remaining:  4305573454 [ 4305573454@21.3] - user time: 606624s
Time:  13440s, Mem: 1193.817GB - scanned:  5083059366 [ 5102532396] - remaining:  4187900196 [ 4187900196@21.3] - user time: 607880s
Time:  13470s, Mem: 1193.817GB - scanned:  5084865295 [ 5104338325] - remaining:  4069651079 [ 4069651079@21.3] - user time: 609117s
Time:  13500s, Mem: 1193.817GB - scanned:  5086264083 [ 5105737113] - remaining:  3951088092 [ 3951088092@21.3] - user time: 610354s
Time:  13530s, Mem: 1193.817GB - scanned:  5091091906 [ 5110579944] - remaining:  3831935655 [ 3831935655@21.3] - user time: 611607s
Time:  13560s, Mem: 1193.817GB - scanned:  5098223050 [ 5117715576] - remaining:  3711985388 [ 3711985388@21.3] - user time: 612857s
Time:  13590s, Mem: 1193.817GB - scanned:  5106641584 [ 5126140366] - remaining:  3591883751 [ 3591883751@21.3] - user time: 614120s
Time:  13620s, Mem: 1193.817GB - scanned:  5110228995 [ 5129755139] - remaining:  3472911481 [ 3472911481@21.3] - user time: 615371s
Time:  13650s, Mem: 1193.817GB - scanned:  5117726719 [ 5137286865] - remaining:  3354770115 [ 3354770115@21.3] - user time: 616654s
Time:  13680s, Mem: 1193.817GB - scanned:  5122535931 [ 5142299625] - remaining:  3236307707 [ 3236307707@21.3] - user time: 617916s
Time:  13710s, Mem: 1193.817GB - scanned:  5128880658 [ 5148803183] - remaining:  3120445596 [ 3120445596@21.3] - user time: 619210s
Time:  13740s, Mem: 1193.817GB - scanned:  5130286647 [ 5150237659] - remaining:  3002271251 [ 3002271251@21.3] - user time: 620455s
Time:  13770s, Mem: 1193.817GB - scanned:  5131921494 [ 5151877139] - remaining:  2882721854 [ 2882721854@21.3] - user time: 621695s
Time:  13800s, Mem: 1193.817GB - scanned:  5135901722 [ 5155933318] - remaining:  2763774430 [ 2763774430@21.3] - user time: 622950s
Time:  13830s, Mem: 1193.817GB - scanned:  5141925098 [ 5161957442] - remaining:  2643981920 [ 2643981920@21.3] - user time: 624213s
Time:  13860s, Mem: 1193.817GB - scanned:  5148052668 [ 5168085694] - remaining:  2525157735 [ 2525157735@21.3] - user time: 625466s
Time:  13890s, Mem: 1193.817GB - scanned:  5150014080 [ 5170047298] - remaining:  2405801528 [ 2405801528@21.3] - user time: 626703s
Time:  13920s, Mem: 1193.817GB - scanned:  5154952870 [ 5174987013] - remaining:  2285808924 [ 2285808924@21.3] - user time: 627957s
Time:  13950s, Mem: 1193.817GB - scanned:  5163698095 [ 5183732238] - remaining:  2165521698 [ 2165521698@21.3] - user time: 629252s
Time:  13980s, Mem: 1193.817GB - scanned:  5166242824 [ 5186276967] - remaining:  2047849421 [ 2047849421@21.3] - user time: 630512s
Time:  14010s, Mem: 1193.817GB - scanned:  5168351491 [ 5188385634] - remaining:  1929091155 [ 1929091155@21.3] - user time: 631761s
Time:  14040s, Mem: 1193.817GB - scanned:  5173474719 [ 5193511943] - remaining:  1809960689 [ 1809960689@21.3] - user time: 633025s
Time:  14070s, Mem: 1193.817GB - scanned:  5179787581 [ 5199840076] - remaining:  1691286194 [ 1691286194@21.3] - user time: 634297s
Time:  14100s, Mem: 1193.817GB - scanned:  5187446267 [ 5207577518] - remaining:  1573272482 [ 1573272482@21.3] - user time: 635582s
Time:  14130s, Mem: 1193.817GB - scanned:  5194978193 [ 5215328785] - remaining:  1457449700 [ 1457449700@21.3] - user time: 636880s
Time:  14160s, Mem: 1193.817GB - scanned:  5198445014 [ 5218976902] - remaining:  1345194908 [ 1345194908@21.3] - user time: 638172s
Time:  14190s, Mem: 1193.817GB - scanned:  5205503134 [ 5226035022] - remaining:  1239061419 [ 1239061419@21.3] - user time: 639518s
Time:  14220s, Mem: 1193.817GB - scanned:  5209460524 [ 5229992412] - remaining:  1123709328 [ 1123709328@21.3] - user time: 640824s
Time:  14250s, Mem: 1193.817GB - scanned:  5213962014 [ 5234532584] - remaining:  1008396910 [ 1008396910@21.3] - user time: 642117s
Time:  14280s, Mem: 1193.817GB - scanned:  5224381143 [ 5245078087] - remaining:   894725243 [  894725243@21.3] - user time: 643445s
Time:  14310s, Mem: 1193.817GB - scanned:  5233558744 [ 5254377568] - remaining:   782114288 [  782114288@21.3] - user time: 644771s
Time:  14340s, Mem: 1193.817GB - scanned:  5243194019 [ 5264298865] - remaining:   667454342 [  667454342@21.3] - user time: 646092s
Time:  14370s, Mem: 1193.817GB - scanned:  5260046421 [ 5281390733] - remaining:   556655777 [  556655777@21.3] - user time: 647465s
Time:  14400s, Mem: 1193.817GB - scanned:  5274134918 [ 5296329499] - remaining:   451358919 [  451358919@21.3] - user time: 648828s
Time:  14430s, Mem: 1193.817GB - scanned:  5278685166 [ 5301124525] - remaining:   352067814 [  352067814@21.3] - user time: 650189s
Time:  14460s, Mem: 1193.817GB - scanned:  5283742113 [ 5307014748] - remaining:   260799918 [  260799918@21.3] - user time: 651518s
Time:  14490s, Mem: 1193.817GB - scanned:  5294621023 [ 5317912414] - remaining:   162180501 [  162180501@21.3] - user time: 652930s
Time:  14520s, Mem: 1193.817GB - scanned:  5317841522 [ 5341720077] - remaining:    75089905 [   75089905@21.3] - user time: 654351s
Time:  14550s, Mem: 1193.817GB - scanned:  5337872463 [ 5362962121] - remaining:           0 [          0@0.-1] - user time: 655495s
Time:  14580s, Mem: 1193.817GB - scanned:  5337872463 [ 5362962121] - remaining:           0 [          0@0.-1] - user time: 655501s
Time:  14610s, Mem: 1193.817GB - scanned:  5337872463 [ 5362962121] - remaining:           0 [          0@0.-1] - user time: 655531s
Time:  14640s, Mem: 1193.817GB - scanned:  5337872463 [ 5362962121] - remaining:           0 [          0@0.-1] - user time: 655561s
Time:  14670s, Mem: 1193.817GB - scanned:  5337872463 [ 5362962121] - remaining:           0 [          0@0.-1] - user time: 655591s
Time:  14700s, Mem: 1193.817GB - scanned:  5337872463 [ 5362962121] - remaining:           0 [          0@0.-1] - user time: 655621s
Time:  14730s, Mem: 1193.817GB - scanned:  5337872463 [ 5362962121] - remaining:           0 [          0@0.-1] - user time: 655651s
Time:  14760s, Mem: 1193.817GB - scanned:  5337872463 [ 5362962121] - remaining:           0 [          0@0.-1] - user time: 655681s
Time:  14790s, Mem: 1193.817GB - scanned:  5337872463 [ 5362962121] - remaining:           0 [          0@0.-1] - user time: 655711s
Time:  14820s, Mem: 1193.817GB - scanned:  5337872463 [ 5362962121] - remaining:           0 [          0@0.-1] - user time: 655741s
Time:  14850s, Mem: 1193.817GB - scanned:  5337872463 [ 5362962121] - remaining:           0 [          0@0.-1] - user time: 655771s
Time:  14880s, Mem: 1193.817GB - scanned:  5337872463 [ 5362962121] - remaining:           0 [          0@0.-1] - user time: 655801s
Time:  14910s, Mem: 1193.817GB - scanned:  5337872463 [ 5362962121] - remaining:           0 [          0@0.-1] - user time: 655831s
Time:  14940s, Mem: 1193.817GB - scanned:  5337872463 [ 5362962121] - remaining:           0 [          0@0.-1] - user time: 655861s
Time:  14970s, Mem: 1193.817GB - scanned:  5337872463 [ 5362962121] - remaining:           0 [          0@0.-1] - user time: 655891s
Time:  15000s, Mem: 1193.817GB - scanned:  5337872463 [ 5362962121] - remaining:           0 [          0@0.-1] - user time: 655921s
Time:  15030s, Mem: 1193.817GB - scanned:  5337872463 [ 5362962121] - remaining:           0 [          0@0.-1] - user time: 655951s
Time:  15060s, Mem: 1193.817GB - scanned:  5337872463 [ 5362962121] - remaining:           0 [          0@0.-1] - user time: 655981s
Time:  15090s, Mem: 1193.817GB - scanned:  5337872463 [ 5362962121] - remaining:           0 [          0@0.-1] - user time: 656011s
Time:  15120s, Mem: 1193.817GB - scanned:  5337872463 [ 5362962121] - remaining:           0 [          0@0.-1] - user time: 656041s
Time:  15150s, Mem: 1193.817GB - scanned:  5337872463 [ 5362962121] - remaining:           0 [          0@0.-1] - user time: 656071s
Time:  15180s, Mem: 1193.817GB - scanned:  5337872463 [ 5362962121] - remaining:           0 [          0@0.-1] - user time: 656101s
Time:  15210s, Mem: 1193.817GB - scanned:  5337872463 [ 5362962121] - remaining:           0 [          0@0.-1] - user time: 656131s
Time:  15240s, Mem: 1193.817GB - scanned:  5337872463 [ 5362962121] - remaining:           0 [          0@0.-1] - user time: 656161s
Time:  15270s, Mem: 1193.817GB - scanned:  5337872463 [ 5362962121] - remaining:           0 [          0@0.-1] - user time: 656191s
Time:  15300s, Mem: 1193.817GB - scanned:  5337872463 [ 5362962121] - remaining:           0 [          0@0.-1] - user time: 656221s
Time:  15330s, Mem: 1193.817GB - scanned:  5337872463 [ 5362962121] - remaining:           0 [          0@0.-1] - user time: 656251s
Time:  15360s, Mem: 1193.817GB - scanned:  5337872463 [ 5362962121] - remaining:           0 [          0@0.-1] - user time: 656281s
Time:  15390s, Mem: 1193.817GB - scanned:  5337872463 [ 5362962121] - remaining:           0 [          0@0.-1] - user time: 656311s
Time:  15420s, Mem: 1193.817GB - scanned:  5337872463 [ 5362962121] - remaining:           0 [          0@0.-1] - user time: 656341s
Time:  15450s, Mem: 1193.817GB - scanned:  5337872463 [ 5362962121] - remaining:           0 [          0@0.-1] - user time: 656371s
Time:  15480s, Mem: 1193.817GB - scanned:  5337872463 [ 5362962121] - remaining:           0 [          0@0.-1] - user time: 656401s
Time:  15510s, Mem: 1193.817GB - scanned:  5337872463 [ 5362962121] - remaining:           0 [          0@0.-1] - user time: 656431s
Time:  15540s, Mem: 1193.817GB - scanned:  5337872463 [ 5362962121] - remaining:           0 [          0@0.-1] - user time: 656461s
Time:  15570s, Mem: 1193.817GB - scanned:  5337872463 [ 5362962121] - remaining:           0 [          0@0.-1] - user time: 656491s
Time:  15600s, Mem: 1193.817GB - scanned:  5337872463 [ 5362962121] - remaining:           0 [          0@0.-1] - user time: 656521s
Time:  15630s, Mem: 1193.817GB - scanned:  5337872463 [ 5362962121] - remaining:           0 [          0@0.-1] - user time: 656551s
Time:  15660s, Mem: 1193.817GB - scanned:  5337872463 [ 5362962121] - remaining:           0 [          0@0.-1] - user time: 656581s
Time:  15690s, Mem: 1193.817GB - scanned:  5337872463 [ 5362962121] - remaining:           0 [          0@0.-1] - user time: 656611s
Time:  15720s, Mem: 1193.817GB - scanned:  5337872463 [ 5362962121] - remaining:           0 [          0@0.-1] - user time: 656641s
Time:  15750s, Mem: 1193.817GB - scanned:  5337872463 [ 5362962121] - remaining:           0 [          0@0.-1] - user time: 656671s
Time:  15780s, Mem: 1193.817GB - scanned:  5337872463 [ 5362962121] - remaining:           0 [          0@0.-1] - user time: 656701s
Time:  15810s, Mem: 1193.817GB - scanned:  5337872463 [ 5362962121] - remaining:           0 [          0@0.-1] - user time: 656731s
Time:  15840s, Mem: 1193.817GB - scanned:  5337872463 [ 5362962121] - remaining:           0 [          0@0.-1] - user time: 656761s
Time:  15870s, Mem: 1193.817GB - scanned:  5337872463 [ 5362962121] - remaining:           0 [          0@0.-1] - user time: 656791s
Time:  15900s, Mem: 1193.817GB - scanned:  5337872463 [ 5362962121] - remaining:           0 [          0@0.-1] - user time: 656821s
Time:  15930s, Mem: 1193.817GB - scanned:  5337872463 [ 5362962121] - remaining:           0 [          0@0.-1] - user time: 656851s
Time:  15960s, Mem: 1193.817GB - scanned:  5337872463 [ 5362962121] - remaining:           0 [          0@0.-1] - user time: 656881s
Time:  15990s, Mem: 1193.817GB - scanned:  5337872463 [ 5362962121] - remaining:           0 [          0@0.-1] - user time: 656911s
Time:  16020s, Mem: 1193.817GB - scanned:  5337872463 [ 5362962121] - remaining:           0 [          0@0.-1] - user time: 656941s
Time:  16050s, Mem: 1193.817GB - scanned:  5337872463 [ 5362962121] - remaining:           0 [          0@0.-1] - user time: 656971s
Time:  16080s, Mem: 1193.817GB - scanned:  5337872463 [ 5362962121] - remaining:           0 [          0@0.-1] - user time: 657001s
Time:  16110s, Mem: 1193.817GB - scanned:  5337872463 [ 5362962121] - remaining:           0 [          0@0.-1] - user time: 657031s
Time:  16140s, Mem: 1193.817GB - scanned:  5337872463 [ 5362962121] - remaining:           0 [          0@0.-1] - user time: 657061s
Time:  16170s, Mem: 1193.817GB - scanned:  5337872463 [ 5362962121] - remaining:           0 [          0@0.-1] - user time: 657091s
Time:  16200s, Mem: 1193.817GB - scanned:  5337872463 [ 5362962121] - remaining:           0 [          0@0.-1] - user time: 657121s
Time:  16230s, Mem: 1193.817GB - scanned:  5337872463 [ 5362962121] - remaining:           0 [          0@0.-1] - user time: 657151s
Time:  16260s, Mem: 1193.817GB - scanned:  5337872463 [ 5362962121] - remaining:           0 [          0@0.-1] - user time: 657181s
Time:  16290s, Mem: 1193.817GB - scanned:  5337872463 [ 5362962121] - remaining:           0 [          0@0.-1] - user time: 657211s
Time:  16320s, Mem: 1193.817GB - scanned:  5337872463 [ 5362962121] - remaining:           0 [          0@0.-1] - user time: 657241s
Time:  16350s, Mem: 1193.817GB - scanned:  5337872463 [ 5362962121] - remaining:           0 [          0@0.-1] - user time: 657271s
Time:  16380s, Mem: 1193.817GB - scanned:  5337872463 [ 5362962121] - remaining:           0 [          0@0.-1] - user time: 657301s
Time:  16410s, Mem: 1193.817GB - scanned:  5337872463 [ 5362962121] - remaining:           0 [          0@0.-1] - user time: 657331s
Time:  16440s, Mem: 1193.817GB - scanned:  5337872463 [ 5362962121] - remaining:           0 [          0@0.-1] - user time: 657361s
Time:  16470s, Mem: 1193.817GB - scanned:  5337872463 [ 5362962121] - remaining:           0 [          0@0.-1] - user time: 657391s
Time:  16500s, Mem: 1193.817GB - scanned:  5337872463 [ 5362962121] - remaining:           0 [          0@0.-1] - user time: 657421s
Time:  16530s, Mem: 1193.817GB - scanned:  5337872463 [ 5362962121] - remaining:           0 [          0@0.-1] - user time: 657451s
Time:  16560s, Mem: 1193.817GB - scanned:  5337872463 [ 5362962121] - remaining:           0 [          0@0.-1] - user time: 657481s
Time:  16590s, Mem: 1193.817GB - scanned:  5337872463 [ 5362962121] - remaining:           0 [          0@0.-1] - user time: 657511s
Time:  16620s, Mem: 1193.817GB - scanned:  5337872463 [ 5362962121] - remaining:           0 [          0@0.-1] - user time: 657541s
Time:  16650s, Mem: 1193.817GB - scanned:  5337872463 [ 5362962121] - remaining:           0 [          0@0.-1] - user time: 657571s
Time:  16680s, Mem: 1193.817GB - scanned:  5337872463 [ 5362962121] - remaining:           0 [          0@0.-1] - user time: 657601s
Time:  16710s, Mem: 1193.817GB - scanned:  5337872463 [ 5362962121] - remaining:           0 [          0@0.-1] - user time: 657631s
Time:  16740s, Mem: 1193.817GB - scanned:  5337872463 [ 5362962121] - remaining:           0 [          0@0.-1] - user time: 657661s
Time:  16770s, Mem: 1193.817GB - scanned:  5337872463 [ 5362962121] - remaining:           0 [          0@0.-1] - user time: 657691s
Time:  16800s, Mem: 1193.817GB - scanned:  5337872463 [ 5362962121] - remaining:           0 [          0@0.-1] - user time: 657721s
Time:  16830s, Mem: 1193.817GB - scanned:  5337872463 [ 5362962121] - remaining:           0 [          0@0.-1] - user time: 657751s
Time:  16860s, Mem: 1193.817GB - scanned:  5337872463 [ 5362962121] - remaining:           0 [          0@0.-1] - user time: 657781s
Time:  16890s, Mem: 1193.817GB - scanned:  5337872463 [ 5362962121] - remaining:           0 [          0@0.-1] - user time: 657811s
Time:  16920s, Mem: 1193.817GB - scanned:  5337872463 [ 5362962121] - remaining:           0 [          0@0.-1] - user time: 657841s
Time:  16950s, Mem: 1193.817GB - scanned:  5337872463 [ 5362962121] - remaining:           0 [          0@0.-1] - user time: 657871s
Time:  16980s, Mem: 1193.817GB - scanned:  5337872463 [ 5362962121] - remaining:           0 [          0@0.-1] - user time: 657901s
Time:  17010s, Mem: 1193.817GB - scanned:  5337872463 [ 5362962121] - remaining:           0 [          0@0.-1] - user time: 657931s
Time:  17040s, Mem: 1193.817GB - scanned:  5337872463 [ 5362962121] - remaining:           0 [          0@0.-1] - user time: 657961s
Time:  17070s, Mem: 1193.817GB - scanned:  5337872463 [ 5362962121] - remaining:           0 [          0@0.-1] - user time: 657991s
Time:  17100s, Mem: 1193.817GB - scanned:  5337872463 [ 5362962121] - remaining:           0 [          0@0.-1] - user time: 658021s
Time:  17130s, Mem: 1193.817GB - scanned:  5337872463 [ 5362962121] - remaining:           0 [          0@0.-1] - user time: 658051s
Time:  17160s, Mem: 1193.817GB - scanned:  5337872463 [ 5362962121] - remaining:           0 [          0@0.-1] - user time: 658081s
Time:  17190s, Mem: 1193.817GB - scanned:  5337872463 [ 5362962121] - remaining:           0 [          0@0.-1] - user time: 658111s
Time:  17220s, Mem: 1193.817GB - scanned:  5337872463 [ 5362962121] - remaining:           0 [          0@0.-1] - user time: 658141s
Time:  17250s, Mem: 1193.817GB - scanned:  5337872463 [ 5362962121] - remaining:           0 [          0@0.-1] - user time: 658171s
Time:  17280s, Mem: 1193.817GB - scanned:  5337872463 [ 5362962121] - remaining:           0 [          0@0.-1] - user time: 658201s
Time:  17310s, Mem: 1193.817GB - scanned:  5337872463 [ 5362962121] - remaining:           0 [          0@0.-1] - user time: 658231s
Time:  17340s, Mem: 1193.817GB - scanned:  5337872463 [ 5362962121] - remaining:           0 [          0@0.-1] - user time: 658261s
Time:  17370s, Mem: 1193.817GB - scanned:  5337872463 [ 5362962121] - remaining:           0 [          0@0.-1] - user time: 658291s
Time:  17400s, Mem: 1193.817GB - scanned:  5337872463 [ 5362962121] - remaining:           0 [          0@0.-1] - user time: 658321s
Time:  17430s, Mem: 1193.817GB - scanned:  5337872463 [ 5362962121] - remaining:           0 [          0@0.-1] - user time: 658351s
Time:  17460s, Mem: 1193.817GB - scanned:  5337872463 [ 5362962121] - remaining:           0 [          0@0.-1] - user time: 658381s
Time:  17490s, Mem: 1193.817GB - scanned:  5337872463 [ 5362962121] - remaining:           0 [          0@0.-1] - user time: 658411s
Time:  17520s, Mem: 1193.817GB - scanned:  5337872463 [ 5362962121] - remaining:           0 [          0@0.-1] - user time: 658441s
