g++ -Wall -Wextra -I boost_1_64_0 -march=native -std=gnu++0x -O3 -g -fopenmp -gstabs+ -g3 -I tbb-2017_U7/include -L tbb-2017_U7/build/linux_release/  -Wl,-rpath=tbb-2017_U7/build/linux_release/  find_mds.cpp  -ltbb -o find_mds
Parameters: MAX_WEIGHT=(1 + 8*8 + 3*1) MAX_DEPTH=7 NB_INPUTS=4 NB_REGISTERS=5 XOR_WEIGHT=8 MUL_WEIGHT=1 CPY_WEIGHT=0
Size: AlgoState:16 algo_op:3 matrix:80
Options:
New weight : 0.0
Number of distinct ids : 0/0(1/0.0)
Scanned size : 0
New weight : 0.1
Number of distinct ids : 1/1(1/1.0)
Scanned size : 1
New weight : 0.2
Number of distinct ids : 1/1(1/1.0)
Scanned size : 1
New weight : 0.3
Number of distinct ids : 1/1(1/1.0)
Scanned size : 1
New weight : 0.4
Number of distinct ids : 1/1(1/1.0)
Scanned size : 1
New weight : 0.5
Number of distinct ids : 1/1(1/1.0)
Scanned size : 1
New weight : 0.6
Number of distinct ids : 1/1(1/1.0)
Scanned size : 1
New weight : 1.0
Number of distinct ids : 1/1(1/1.0)
Scanned size : 1
New weight : 1.1
Number of distinct ids : 1/1(1/1.0)
Scanned size : 1
New weight : 1.2
Number of distinct ids : 1/1(1/1.0)
Scanned size : 1
New weight : 1.3
Number of distinct ids : 1/1(1/1.0)
Scanned size : 1
New weight : 1.4
Number of distinct ids : 1/1(1/1.0)
Scanned size : 1
New weight : 1.5
Number of distinct ids : 1/1(1/1.0)
Scanned size : 1
New weight : 1.6
Number of distinct ids : 1/1(1/1.0)
Scanned size : 1
New weight : 2.0
Number of distinct ids : 1/1(1/1.0)
Scanned size : 1
New weight : 2.1
Number of distinct ids : 1/1(1/1.0)
Scanned size : 1
New weight : 2.2
Number of distinct ids : 1/1(1/1.0)
Scanned size : 1
New weight : 2.3
Number of distinct ids : 1/1(1/1.0)
Scanned size : 1
New weight : 2.4
Number of distinct ids : 1/1(1/1.0)
Scanned size : 1
New weight : 2.5
Number of distinct ids : 1/1(1/1.0)
Scanned size : 1
New weight : 2.6
Number of distinct ids : 1/1(1/1.0)
Scanned size : 1
New weight : 3.0
Number of distinct ids : 1/1(1/1.0)
Scanned size : 1
New weight : 3.1
Number of distinct ids : 1/1(1/1.0)
Scanned size : 1
New weight : 3.2
Number of distinct ids : 1/1(1/1.0)
Scanned size : 1
New weight : 3.3
Number of distinct ids : 1/1(1/1.0)
Scanned size : 1
New weight : 3.4
Number of distinct ids : 1/1(1/1.0)
Scanned size : 1
New weight : 3.5
Number of distinct ids : 1/1(1/1.0)
Scanned size : 1
New weight : 3.6
Number of distinct ids : 1/1(1/1.0)
Scanned size : 1
New weight : 4.0
Number of distinct ids : 1/1(1/1.0)
Scanned size : 1
New weight : 4.1
Number of distinct ids : 1/1(1/1.0)
Scanned size : 1
New weight : 4.2
Number of distinct ids : 1/1(1/1.0)
Scanned size : 1
New weight : 4.3
Number of distinct ids : 1/1(1/1.0)
Scanned size : 1
New weight : 4.4
Number of distinct ids : 1/1(1/1.0)
Scanned size : 1
New weight : 4.5
Number of distinct ids : 1/1(1/1.0)
Scanned size : 1
New weight : 4.6
Number of distinct ids : 1/1(1/1.0)
Scanned size : 1
New weight : 5.0
Number of distinct ids : 1/1(1/1.0)
Scanned size : 1
New weight : 5.1
Number of distinct ids : 1/1(1/1.0)
Scanned size : 1
New weight : 5.2
Number of distinct ids : 1/1(1/1.0)
Scanned size : 1
New weight : 5.3
Number of distinct ids : 1/1(1/1.0)
Scanned size : 1
New weight : 5.4
Number of distinct ids : 1/1(1/1.0)
Scanned size : 1
New weight : 5.5
Number of distinct ids : 1/1(1/1.0)
Scanned size : 1
New weight : 5.6
Number of distinct ids : 1/1(1/1.0)
Scanned size : 1
New weight : 6.0
Number of distinct ids : 1/1(1/1.0)
Scanned size : 1
New weight : 6.1
Number of distinct ids : 1/1(1/1.0)
Scanned size : 1
New weight : 6.2
Number of distinct ids : 1/1(1/1.0)
Scanned size : 1
New weight : 6.3
Number of distinct ids : 1/1(1/1.0)
Scanned size : 1
New weight : 6.4
Number of distinct ids : 1/1(1/1.0)
Scanned size : 1
New weight : 6.5
Number of distinct ids : 1/1(1/1.0)
Scanned size : 1
New weight : 6.6
Number of distinct ids : 1/1(1/1.0)
Scanned size : 1
New weight : 7.0
Number of distinct ids : 1/1(1/1.0)
Scanned size : 1
New weight : 7.1
Number of distinct ids : 1/1(1/1.0)
Scanned size : 1
New weight : 7.2
Number of distinct ids : 1/1(1/1.0)
Scanned size : 1
New weight : 7.3
Number of distinct ids : 1/1(1/1.0)
Scanned size : 1
New weight : 7.4
Number of distinct ids : 1/1(1/1.0)
Scanned size : 1
New weight : 7.5
Number of distinct ids : 1/1(1/1.0)
Scanned size : 1
New weight : 7.6
Number of distinct ids : 1/1(1/1.0)
Scanned size : 1
New weight : 8.0
Number of distinct ids : 1/1(1/1.0)
Scanned size : 1
New weight : 8.1
Number of distinct ids : 1/1(1/1.0)
Scanned size : 1
New weight : 8.2
Number of distinct ids : 1/1(1/1.0)
Scanned size : 1
New weight : 8.3
Number of distinct ids : 1/1(1/1.0)
Scanned size : 1
New weight : 8.4
Number of distinct ids : 1/1(1/1.0)
Scanned size : 1
New weight : 8.5
Number of distinct ids : 1/1(1/1.0)
Scanned size : 1
New weight : 8.6
Number of distinct ids : 1/1(1/1.0)
Scanned size : 1
New weight : 9.0
Number of distinct ids : 1/1(1/1.0)
Scanned size : 1
New weight : 9.1
Number of distinct ids : 1/1(1/1.0)
Scanned size : 1
New weight : 9.2
Number of distinct ids : 1/1(1/1.0)
Scanned size : 1
New weight : 9.3
Number of distinct ids : 1/1(1/1.0)
Scanned size : 1
New weight : 9.4
Number of distinct ids : 1/1(1/1.0)
Scanned size : 1
New weight : 9.5
Number of distinct ids : 1/1(1/1.0)
Scanned size : 1
New weight : 9.6
Number of distinct ids : 1/1(1/1.0)
Scanned size : 1
New weight : 10.0
Number of distinct ids : 1/1(1/1.0)
Scanned size : 1
New weight : 10.1
Number of distinct ids : 1/1(1/1.0)
Scanned size : 1
New weight : 10.2
Number of distinct ids : 1/1(1/1.0)
Scanned size : 1
New weight : 10.3
Number of distinct ids : 1/1(1/1.0)
Scanned size : 1
New weight : 10.4
Number of distinct ids : 1/1(1/1.0)
Scanned size : 1
New weight : 10.5
Number of distinct ids : 1/1(1/1.0)
Scanned size : 1
New weight : 10.6
Number of distinct ids : 1/1(1/1.0)
Scanned size : 1
New weight : 11.0
Number of distinct ids : 1/1(1/1.0)
Scanned size : 1
New weight : 11.1
Number of distinct ids : 1/1(1/1.0)
Scanned size : 1
New weight : 11.2
Number of distinct ids : 1/1(1/1.0)
Scanned size : 1
New weight : 11.3
Number of distinct ids : 1/1(1/1.0)
Scanned size : 1
New weight : 11.4
Number of distinct ids : 1/1(1/1.0)
Scanned size : 1
New weight : 11.5
Number of distinct ids : 1/1(1/1.0)
Scanned size : 1
New weight : 11.6
Number of distinct ids : 1/1(1/1.0)
Scanned size : 1
New weight : 12.0
Number of distinct ids : 1/1(1/1.0)
Scanned size : 1
New weight : 12.1
Number of distinct ids : 1/1(1/1.0)
Scanned size : 1
New weight : 12.2
Number of distinct ids : 1/1(1/1.0)
Scanned size : 1
New weight : 12.3
Number of distinct ids : 1/1(1/1.0)
Scanned size : 1
New weight : 12.4
Number of distinct ids : 1/1(1/1.0)
Scanned size : 1
New weight : 12.5
Number of distinct ids : 1/1(1/1.0)
Scanned size : 1
New weight : 12.6
Number of distinct ids : 1/1(1/1.0)
Scanned size : 1
New weight : 13.0
Number of distinct ids : 1/1(1/1.0)
Scanned size : 1
New weight : 13.1
Number of distinct ids : 1/1(1/1.0)
Scanned size : 1
New weight : 13.2
Number of distinct ids : 1/1(1/1.0)
Scanned size : 1
New weight : 13.3
Number of distinct ids : 1/1(1/1.0)
Scanned size : 1
New weight : 13.4
Number of distinct ids : 1/1(1/1.0)
Scanned size : 1
New weight : 13.5
Number of distinct ids : 1/1(1/1.0)
Scanned size : 1
New weight : 13.6
Number of distinct ids : 1/1(1/1.0)
Scanned size : 1
New weight : 14.0
Number of distinct ids : 1/1(1/1.0)
Scanned size : 1
New weight : 14.1
Number of distinct ids : 1/1(1/1.0)
Scanned size : 1
New weight : 14.2
Number of distinct ids : 1/1(1/1.0)
Scanned size : 1
New weight : 14.3
Number of distinct ids : 1/1(1/1.0)
Scanned size : 1
New weight : 14.4
Number of distinct ids : 1/1(1/1.0)
Scanned size : 1
New weight : 14.5
Number of distinct ids : 1/1(1/1.0)
Scanned size : 1
New weight : 14.6
Number of distinct ids : 1/1(1/1.0)
Scanned size : 1
New weight : 15.0
Number of distinct ids : 1/1(1/1.0)
Scanned size : 1
New weight : 15.1
Number of distinct ids : 1/1(1/1.0)
Scanned size : 1
New weight : 15.2
Number of distinct ids : 1/1(1/1.0)
Scanned size : 1
New weight : 15.3
Number of distinct ids : 1/1(1/1.0)
Scanned size : 1
New weight : 15.4
Number of distinct ids : 1/1(1/1.0)
Scanned size : 1
New weight : 15.5
Number of distinct ids : 1/1(1/1.0)
Scanned size : 1
New weight : 15.6
Number of distinct ids : 1/1(1/1.0)
Scanned size : 1
New weight : 16.0
Number of distinct ids : 1/1(1/1.0)
Scanned size : 1
New weight : 16.1
Number of distinct ids : 1/1(1/1.0)
Scanned size : 1
New weight : 16.2
Number of distinct ids : 1/1(1/1.0)
Scanned size : 1
New weight : 16.3
Number of distinct ids : 1/1(1/1.0)
Scanned size : 1
New weight : 16.4
Number of distinct ids : 1/1(1/1.0)
Scanned size : 1
New weight : 16.5
Number of distinct ids : 1/1(1/1.0)
Scanned size : 1
New weight : 16.6
Number of distinct ids : 1/1(1/1.0)
Scanned size : 1
New weight : 17.0
Number of distinct ids : 1/1(1/1.0)
Scanned size : 1
New weight : 17.1
Number of distinct ids : 1/1(1/1.0)
Scanned size : 1
New weight : 17.2
Number of distinct ids : 1/1(1/1.0)
Scanned size : 1
New weight : 17.3
Number of distinct ids : 1/1(1/1.0)
Scanned size : 1
New weight : 17.4
Number of distinct ids : 1/1(1/1.0)
Scanned size : 1
New weight : 17.5
Number of distinct ids : 1/1(1/1.0)
Scanned size : 1
New weight : 17.6
Number of distinct ids : 1/1(1/1.0)
Scanned size : 1
New weight : 18.0
Number of distinct ids : 1/1(1/1.0)
Scanned size : 1
New weight : 18.1
Number of distinct ids : 1/1(1/1.0)
Scanned size : 1
New weight : 18.2
Number of distinct ids : 1/1(1/1.0)
Scanned size : 1
New weight : 18.3
Number of distinct ids : 1/1(1/1.0)
Scanned size : 1
New weight : 18.4
Number of distinct ids : 1/1(1/1.0)
Scanned size : 1
New weight : 18.5
Number of distinct ids : 1/1(1/1.0)
Scanned size : 1
New weight : 18.6
Number of distinct ids : 1/1(1/1.0)
Scanned size : 1
New weight : 19.0
Number of distinct ids : 1/1(1/1.0)
Scanned size : 1
New weight : 19.1
Number of distinct ids : 1/1(1/1.0)
Scanned size : 1
New weight : 19.2
Number of distinct ids : 1/1(1/1.0)
Scanned size : 1
New weight : 19.3
Number of distinct ids : 1/1(1/1.0)
Scanned size : 1
New weight : 19.4
Number of distinct ids : 1/1(1/1.0)
Scanned size : 1
New weight : 19.5
Number of distinct ids : 1/1(1/1.0)
Scanned size : 1
New weight : 19.6
Number of distinct ids : 1/1(1/1.0)
Scanned size : 1
New weight : 20.0
Number of distinct ids : 1/1(1/1.0)
Scanned size : 1
New weight : 20.1
Number of distinct ids : 1/1(1/1.0)
Scanned size : 1
New weight : 20.2
Number of distinct ids : 1/1(1/1.0)
Scanned size : 1
New weight : 20.3
Number of distinct ids : 1/1(1/1.0)
Scanned size : 1
New weight : 20.4
Number of distinct ids : 1/1(1/1.0)
Scanned size : 1
New weight : 20.5
Number of distinct ids : 1/1(1/1.0)
Scanned size : 1
New weight : 20.6
Number of distinct ids : 1/1(1/1.0)
Scanned size : 1
New weight : 21.0
Number of distinct ids : 1/1(1/1.0)
Scanned size : 1
New weight : 21.1
Number of distinct ids : 1/1(1/1.0)
Scanned size : 1
New weight : 21.2
Number of distinct ids : 1/1(1/1.0)
Scanned size : 1
New weight : 21.3
Number of distinct ids : 1/1(1/1.0)
Scanned size : 1
New weight : 21.4
Number of distinct ids : 1/1(1/1.0)
Scanned size : 1
New weight : 21.5
Number of distinct ids : 1/1(1/1.0)
Scanned size : 1
New weight : 21.6
Number of distinct ids : 1/1(1/1.0)
Scanned size : 1
New weight : 22.0
Number of distinct ids : 1/1(1/1.0)
Scanned size : 1
New weight : 22.1
Number of distinct ids : 1/1(1/1.0)
Scanned size : 1
New weight : 22.2
Number of distinct ids : 1/1(1/1.0)
Scanned size : 1
New weight : 22.3
Number of distinct ids : 1/1(1/1.0)
Scanned size : 1
New weight : 22.4
Number of distinct ids : 1/1(1/1.0)
Scanned size : 1
New weight : 22.5
Number of distinct ids : 1/1(1/1.0)
Scanned size : 1
New weight : 22.6
Number of distinct ids : 1/1(1/1.0)
Scanned size : 1
New weight : 23.0
Number of distinct ids : 1/1(1/1.0)
Scanned size : 1
New weight : 23.1
Number of distinct ids : 1/1(1/1.0)
Scanned size : 1
New weight : 23.2
Number of distinct ids : 1/1(1/1.0)
Scanned size : 1
New weight : 23.3
Number of distinct ids : 1/1(1/1.0)
Scanned size : 1
New weight : 23.4
Number of distinct ids : 1/1(1/1.0)
Scanned size : 1
New weight : 23.5
Number of distinct ids : 1/1(1/1.0)
Scanned size : 1
New weight : 23.6
Number of distinct ids : 1/1(1/1.0)
Scanned size : 1
New weight : 24.0
Number of distinct ids : 1/1(1/1.0)
Scanned size : 1
New weight : 24.1
Number of distinct ids : 1/1(1/1.0)
Scanned size : 1
New weight : 24.2
Number of distinct ids : 1/1(1/1.0)
Scanned size : 1
New weight : 24.3
Number of distinct ids : 1/1(1/1.0)
Scanned size : 1
New weight : 24.4
Number of distinct ids : 1/1(1/1.0)
Scanned size : 1
New weight : 24.5
Number of distinct ids : 1/1(1/1.0)
Scanned size : 1
New weight : 24.6
Number of distinct ids : 1/1(1/1.0)
Scanned size : 1
New weight : 25.0
Number of distinct ids : 1/1(1/1.0)
Scanned size : 1
New weight : 25.1
Number of distinct ids : 1/1(1/1.0)
Scanned size : 1
New weight : 25.2
Number of distinct ids : 1/1(1/1.0)
Scanned size : 1
New weight : 25.3
Number of distinct ids : 1/1(1/1.0)
Scanned size : 1
New weight : 25.4
Number of distinct ids : 1/1(1/1.0)
Scanned size : 1
New weight : 25.5
Number of distinct ids : 1/1(1/1.0)
Scanned size : 1
New weight : 25.6
Number of distinct ids : 1/1(1/1.0)
Scanned size : 1
New weight : 26.0
Number of distinct ids : 1/1(1/1.0)
Scanned size : 1
New weight : 26.1
Number of distinct ids : 1/1(1/1.0)
Scanned size : 1
New weight : 26.2
Number of distinct ids : 1/1(1/1.0)
Scanned size : 1
New weight : 26.3
Number of distinct ids : 1/1(1/1.0)
Scanned size : 1
New weight : 26.4
Number of distinct ids : 1/1(1/1.0)
Scanned size : 1
New weight : 26.5
Number of distinct ids : 1/1(1/1.0)
Scanned size : 1
New weight : 26.6
Number of distinct ids : 1/1(1/1.0)
Scanned size : 1
New weight : 27.0
Number of distinct ids : 1/1(1/1.0)
Scanned size : 1
New weight : 27.1
Number of distinct ids : 1/1(1/1.0)
Scanned size : 1
New weight : 27.2
Number of distinct ids : 1/1(1/1.0)
Scanned size : 1
New weight : 27.3
Number of distinct ids : 1/1(1/1.0)
Scanned size : 1
New weight : 27.4
Number of distinct ids : 1/1(1/1.0)
Scanned size : 1
New weight : 27.5
Number of distinct ids : 1/1(1/1.0)
Scanned size : 1
New weight : 27.6
Number of distinct ids : 1/1(1/1.0)
Scanned size : 1
New weight : 28.0
Number of distinct ids : 1/1(1/1.0)
Scanned size : 1
New weight : 28.1
Number of distinct ids : 1/1(1/1.0)
Scanned size : 1
New weight : 28.2
Number of distinct ids : 1/1(1/1.0)
Scanned size : 1
New weight : 28.3
Number of distinct ids : 1/1(1/1.0)
Scanned size : 1
New weight : 28.4
Number of distinct ids : 1/1(1/1.0)
Scanned size : 1
New weight : 28.5
Number of distinct ids : 1/1(1/1.0)
Scanned size : 1
New weight : 28.6
Number of distinct ids : 1/1(1/1.0)
Scanned size : 1
New weight : 29.0
Number of distinct ids : 1/1(1/1.0)
Scanned size : 1
New weight : 29.1
Number of distinct ids : 1/1(1/1.0)
Scanned size : 1
New weight : 29.2
Number of distinct ids : 1/1(1/1.0)
Scanned size : 1
New weight : 29.3
Number of distinct ids : 1/1(1/1.0)
Scanned size : 1
New weight : 29.4
Number of distinct ids : 1/1(1/1.0)
Scanned size : 1
New weight : 29.5
Number of distinct ids : 1/1(1/1.0)
Scanned size : 1
New weight : 29.6
Number of distinct ids : 1/1(1/1.0)
Scanned size : 1
New weight : 30.0
Number of distinct ids : 1/1(1/1.0)
Scanned size : 1
New weight : 30.1
Number of distinct ids : 1/1(1/1.0)
Scanned size : 1
New weight : 30.2
Number of distinct ids : 1/1(1/1.0)
Scanned size : 1
New weight : 30.3
Number of distinct ids : 1/1(1/1.0)
Scanned size : 1
New weight : 30.4
Number of distinct ids : 1/1(1/1.0)
Scanned size : 1
New weight : 30.5
Number of distinct ids : 1/1(1/1.0)
Scanned size : 1
New weight : 30.6
Number of distinct ids : 1/1(1/1.0)
Scanned size : 1
New weight : 31.0
Number of distinct ids : 1/1(1/1.0)
Scanned size : 1
New weight : 31.1
Number of distinct ids : 1/1(1/1.0)
Scanned size : 1
New weight : 31.2
Number of distinct ids : 1/1(1/1.0)
Scanned size : 1
New weight : 31.3
Number of distinct ids : 1/1(1/1.0)
Scanned size : 1
New weight : 31.4
Number of distinct ids : 1/1(1/1.0)
Scanned size : 1
New weight : 31.5
Number of distinct ids : 1/1(1/1.0)
Scanned size : 1
New weight : 31.6
Number of distinct ids : 1/1(1/1.0)
Scanned size : 1
New weight : 32.0
Number of distinct ids : 1/1(1/1.0)
Scanned size : 1
New weight : 32.1
Number of distinct ids : 2/5(1/2.5)
Scanned size : 2
New weight : 32.2
Number of distinct ids : 2/5(1/2.5)
Scanned size : 2
New weight : 32.3
Number of distinct ids : 2/5(1/2.5)
Scanned size : 2
New weight : 32.4
Number of distinct ids : 2/5(1/2.5)
Scanned size : 2
New weight : 32.5
Number of distinct ids : 2/5(1/2.5)
Scanned size : 2
New weight : 32.6
Number of distinct ids : 2/5(1/2.5)
Scanned size : 2
New weight : 33.0
Number of distinct ids : 2/5(1/2.5)
Scanned size : 2
New weight : 33.1
Number of distinct ids : 2/5(1/2.5)
Scanned size : 2
New weight : 33.2
Number of distinct ids : 6/18(1/3.0)
Scanned size : 6
New weight : 33.3
Number of distinct ids : 6/18(1/3.0)
Scanned size : 6
New weight : 33.4
Number of distinct ids : 6/18(1/3.0)
Scanned size : 6
New weight : 33.5
Number of distinct ids : 6/18(1/3.0)
Scanned size : 6
New weight : 33.6
Number of distinct ids : 6/18(1/3.0)
Scanned size : 6
New weight : 34.0
Number of distinct ids : 6/18(1/3.0)
Scanned size : 6
New weight : 34.1
Number of distinct ids : 6/18(1/3.0)
Scanned size : 6
New weight : 34.2
Number of distinct ids : 10/34(1/3.4)
Scanned size : 10
New weight : 34.3
Number of distinct ids : 15/45(1/3.0)
Scanned size : 15
New weight : 34.4
Number of distinct ids : 15/45(1/3.0)
Scanned size : 15
New weight : 34.5
Number of distinct ids : 15/45(1/3.0)
Scanned size : 15
New weight : 34.6
Number of distinct ids : 15/45(1/3.0)
Scanned size : 15
New weight : 35.0
Number of distinct ids : 15/45(1/3.0)
Scanned size : 15
New weight : 35.1
Number of distinct ids : 15/45(1/3.0)
Scanned size : 15
New weight : 35.2
Number of distinct ids : 19/59(1/3.1)
Scanned size : 19
New weight : 35.3
Number of distinct ids : 26/91(1/3.5)
Scanned size : 26
New weight : 35.4
Number of distinct ids : 32/109(1/3.4)
Scanned size : 32
New weight : 35.5
Number of distinct ids : 32/109(1/3.4)
Scanned size : 32
New weight : 35.6
Number of distinct ids : 32/109(1/3.4)
Scanned size : 32
New weight : 36.0
Number of distinct ids : 32/109(1/3.4)
Scanned size : 32
New weight : 36.1
Number of distinct ids : 32/109(1/3.4)
Scanned size : 32
New weight : 36.2
Number of distinct ids : 35/121(1/3.5)
Scanned size : 35
New weight : 36.3
Number of distinct ids : 47/170(1/3.6)
Scanned size : 47
New weight : 36.4
Number of distinct ids : 55/205(1/3.7)
Scanned size : 55
New weight : 36.5
Number of distinct ids : 62/226(1/3.6)
Scanned size : 62
New weight : 36.6
Number of distinct ids : 62/226(1/3.6)
Scanned size : 62
New weight : 37.0
Number of distinct ids : 62/226(1/3.6)
Scanned size : 62
New weight : 37.1
Number of distinct ids : 62/226(1/3.6)
Scanned size : 62
New weight : 37.2
Number of distinct ids : 62/227(1/3.7)
Scanned size : 62
New weight : 37.3
Number of distinct ids : 75/292(1/3.9)
Scanned size : 75
New weight : 37.4
Number of distinct ids : 92/367(1/4.0)
Scanned size : 92
New weight : 37.5
Number of distinct ids : 101/406(1/4.0)
Scanned size : 101
New weight : 37.6
Number of distinct ids : 109/428(1/3.9)
Scanned size : 109
New weight : 38.0
Number of distinct ids : 109/428(1/3.9)
Scanned size : 109
New weight : 38.1
Number of distinct ids : 109/428(1/3.9)
Scanned size : 109
New weight : 38.2
Number of distinct ids : 109/428(1/3.9)
Scanned size : 109
New weight : 38.3
Number of distinct ids : 120/483(1/4.0)
Scanned size : 120
New weight : 38.4
Number of distinct ids : 144/605(1/4.2)
Scanned size : 144
New weight : 38.5
Number of distinct ids : 163/688(1/4.2)
Scanned size : 163
New weight : 38.6
Number of distinct ids : 173/731(1/4.2)
Scanned size : 173
New weight : 39.0
Number of distinct ids : 182/754(1/4.1)
Scanned size : 182
New weight : 39.1
Number of distinct ids : 182/754(1/4.1)
Scanned size : 182
New weight : 39.2
Number of distinct ids : 182/754(1/4.1)
Scanned size : 182
New weight : 39.3
Number of distinct ids : 188/786(1/4.2)
Scanned size : 188
New weight : 39.4
Number of distinct ids : 215/934(1/4.3)
Scanned size : 215
New weight : 39.5
Number of distinct ids : 246/1097(1/4.5)
Scanned size : 246
New weight : 39.6
Number of distinct ids : 267/1194(1/4.5)
Scanned size : 267
New weight : 40.0
Number of distinct ids : 278/1257(1/4.5)
Scanned size : 278
New weight : 40.1
Number of distinct ids : 278/1257(1/4.5)
Scanned size : 278
New weight : 40.2
Number of distinct ids : 283/1285(1/4.5)
Scanned size : 283
New weight : 40.3
Number of distinct ids : 287/1304(1/4.5)
Scanned size : 287
New weight : 40.4
Number of distinct ids : 313/1456(1/4.7)
Scanned size : 313
New weight : 40.5
Number of distinct ids : 354/1682(1/4.8)
Scanned size : 354
New weight : 40.6
Number of distinct ids : 388/1866(1/4.8)
Scanned size : 388
New weight : 41.0
Number of distinct ids : 411/1976(1/4.8)
Scanned size : 411
New weight : 41.1
Number of distinct ids : 411/1976(1/4.8)
Scanned size : 411
New weight : 41.2
Number of distinct ids : 424/2024(1/4.8)
Scanned size : 424
New weight : 41.3
Number of distinct ids : 448/2103(1/4.7)
Scanned size : 448
New weight : 41.4
Number of distinct ids : 472/2243(1/4.8)
Scanned size : 472
New weight : 41.5
Number of distinct ids : 518/2516(1/4.9)
Scanned size : 518
New weight : 41.6
Number of distinct ids : 568/2801(1/4.9)
Scanned size : 568
New weight : 42.0
Number of distinct ids : 605/3007(1/5.0)
Scanned size : 605
New weight : 42.1
Number of distinct ids : 605/3007(1/5.0)
Scanned size : 605
New weight : 42.2
Number of distinct ids : 620/3069(1/4.9)
Scanned size : 620
New weight : 42.3
Number of distinct ids : 692/3361(1/4.9)
Scanned size : 692
New weight : 42.4
Number of distinct ids : 760/3633(1/4.8)
Scanned size : 760
New weight : 42.5
Number of distinct ids : 813/3948(1/4.9)
Scanned size : 813
New weight : 42.6
Number of distinct ids : 876/4326(1/4.9)
Scanned size : 876
New weight : 43.0
Number of distinct ids : 930/4642(1/5.0)
Scanned size : 930
New weight : 43.1
Number of distinct ids : 930/4642(1/5.0)
Scanned size : 930
New weight : 43.2
Number of distinct ids : 938/4673(1/5.0)
Scanned size : 938
New weight : 43.3
Number of distinct ids : 1082/5290(1/4.9)
Scanned size : 1082
New weight : 43.4
Number of distinct ids : 1235/5937(1/4.8)
Scanned size : 1235
New weight : 43.5
Number of distinct ids : 1376/6576(1/4.8)
Scanned size : 1376
New weight : 43.6
Number of distinct ids : 1454/7046(1/4.8)
Scanned size : 1454
New weight : 44.0
Number of distinct ids : 1528/7495(1/4.9)
Scanned size : 1528
New weight : 44.1
Number of distinct ids : 1528/7495(1/4.9)
Scanned size : 1528
New weight : 44.2
Number of distinct ids : 1529/7498(1/4.9)
Scanned size : 1529
New weight : 44.3
Number of distinct ids : 1699/8331(1/4.9)
Scanned size : 1699
New weight : 44.4
Number of distinct ids : 2055/9886(1/4.8)
Scanned size : 2055
New weight : 44.5
Number of distinct ids : 2335/11177(1/4.8)
Scanned size : 2335
New weight : 44.6
Number of distinct ids : 2563/12243(1/4.8)
Scanned size : 2563
New weight : 45.0
Number of distinct ids : 2662/12846(1/4.8)
Scanned size : 2662
New weight : 45.1
Number of distinct ids : 2662/12846(1/4.8)
Scanned size : 2662
New weight : 45.2
Number of distinct ids : 2662/12846(1/4.8)
Scanned size : 2662
New weight : 45.3
Number of distinct ids : 2810/13622(1/4.8)
Scanned size : 2810
New weight : 45.4
Number of distinct ids : 3396/16464(1/4.8)
Scanned size : 3396
New weight : 45.5
Number of distinct ids : 3981/19193(1/4.8)
Scanned size : 3981
New weight : 45.6
Number of distinct ids : 4421/21322(1/4.8)
Scanned size : 4421
New weight : 46.0
Number of distinct ids : 4745/22850(1/4.8)
Scanned size : 4745
New weight : 46.1
Number of distinct ids : 4745/22850(1/4.8)
Scanned size : 4745
New weight : 46.2
Number of distinct ids : 4745/22850(1/4.8)
Scanned size : 4745
New weight : 46.3
Number of distinct ids : 4826/23304(1/4.8)
Scanned size : 4826
New weight : 46.4
Number of distinct ids : 5571/27259(1/4.9)
Scanned size : 5571
New weight : 46.5
Number of distinct ids : 6640/32565(1/4.9)
Scanned size : 6640
New weight : 46.6
Number of distinct ids : 7520/36878(1/4.9)
Scanned size : 7520
New weight : 47.0
Number of distinct ids : 8140/39970(1/4.9)
Scanned size : 8140
New weight : 47.1
Number of distinct ids : 8140/39970(1/4.9)
Scanned size : 8140
New weight : 47.2
Number of distinct ids : 8140/39970(1/4.9)
Scanned size : 8140
New weight : 47.3
Number of distinct ids : 8173/40147(1/4.9)
Scanned size : 8173
New weight : 47.4
Number of distinct ids : 8922/44430(1/5.0)
Scanned size : 8922
New weight : 47.5
Number of distinct ids : 10564/53134(1/5.0)
Scanned size : 10564
New weight : 47.6
Number of distinct ids : 12097/61074(1/5.0)
Scanned size : 12097
New weight : 48.0
Number of distinct ids : 13320/67252(1/5.0)
Scanned size : 13320
New weight : 48.1
Number of distinct ids : 13320/67252(1/5.0)
Scanned size : 13320
New weight : 48.2
Number of distinct ids : 13335/67300(1/5.0)
Scanned size : 13335
New weight : 48.3
Number of distinct ids : 13361/67412(1/5.0)
Scanned size : 13361
New weight : 48.4
Number of distinct ids : 13992/71179(1/5.1)
Scanned size : 13992
New weight : 48.5
Number of distinct ids : 16037/82852(1/5.2)
Scanned size : 16037
New weight : 48.6
Number of distinct ids : 18597/96639(1/5.2)
Scanned size : 18597
New weight : 49.0
Number of distinct ids : 20675/107756(1/5.2)
Scanned size : 20675
New weight : 49.1
Number of distinct ids : 20675/107756(1/5.2)
Scanned size : 20675
New weight : 49.2
Number of distinct ids : 20710/107884(1/5.2)
Scanned size : 20710
New weight : 49.3
Number of distinct ids : 20960/108815(1/5.2)
Scanned size : 20960
New weight : 49.4
Number of distinct ids : 21674/112528(1/5.2)
Scanned size : 21674
New weight : 49.5
Number of distinct ids : 24374/127652(1/5.2)
Scanned size : 24374
New weight : 49.6
Number of distinct ids : 28716/150957(1/5.3)
Scanned size : 28716
New weight : 50.0
Number of distinct ids : 32273/170588(1/5.3)
Scanned size : 32273
New weight : 50.1
Number of distinct ids : 32273/170588(1/5.3)
Scanned size : 32273
New weight : 50.2
Number of distinct ids : 32297/170677(1/5.3)
Scanned size : 32297
New weight : 50.3
Number of distinct ids : 33150/173996(1/5.2)
Scanned size : 33150
New weight : 50.4
Number of distinct ids : 35256/182773(1/5.2)
Scanned size : 35256
New weight : 50.5
Number of distinct ids : 41249/210422(1/5.1)
Scanned size : 41249
New weight : 50.6
Number of distinct ids : 55948/274309(1/4.9)
Scanned size : 55948
New weight : 51.0
Number of distinct ids : 74272/352325(1/4.7)
Scanned size : 74272
New weight : 51.1
Number of distinct ids : 74272/352325(1/4.7)
Scanned size : 74272
New weight : 51.2
Number of distinct ids : 74275/352336(1/4.7)
Scanned size : 74275
New weight : 51.3
Number of distinct ids : 75723/358511(1/4.7)
Scanned size : 75723
New weight : 51.4
Number of distinct ids : 81672/383509(1/4.7)
Scanned size : 81672
New weight : 51.5
Number of distinct ids : 100908/464016(1/4.6)
Scanned size : 100908
New weight : 51.6
Number of distinct ids : 161602/704886(1/4.4)
Scanned size : 161602
New weight : 52.0
Number of distinct ids : 285503/1179364(1/4.1)
Scanned size : 285503
New weight : 52.1
Number of distinct ids : 285503/1179364(1/4.1)
Scanned size : 285503
New weight : 52.2
Number of distinct ids : 285503/1179364(1/4.1)
Scanned size : 285503
New weight : 52.3
Number of distinct ids : 287042/1186555(1/4.1)
Scanned size : 287042
New weight : 52.4
Number of distinct ids : 299101/1240788(1/4.1)
Scanned size : 299101
New weight : 52.5
Number of distinct ids : 350681/1461248(1/4.2)
Scanned size : 350681
New weight : 52.6
Number of distinct ids : 552056/2277303(1/4.1)
Scanned size : 552056
New weight : 53.0
Number of distinct ids : 1080758/4336818(1/4.0)
Scanned size : 1080758
New weight : 53.1
Number of distinct ids : 1080758/4336818(1/4.0)
Scanned size : 1080758
New weight : 53.2
Number of distinct ids : 1080758/4336818(1/4.0)
Scanned size : 1080758
New weight : 53.3
Number of distinct ids : 1081750/4341809(1/4.0)
Scanned size : 1081750
New weight : 53.4
Number of distinct ids : 1099389/4427203(1/4.0)
Scanned size : 1099389
New weight : 53.5
Number of distinct ids : 1205845/4904461(1/4.1)
Scanned size : 1205845
New weight : 53.6
Number of distinct ids : 1726026/7112192(1/4.1)
Scanned size : 1726026
New weight : 54.0
Number of distinct ids : 3348343/13706872(1/4.1)
Scanned size : 3348343
New weight : 54.1
Number of distinct ids : 3348343/13706872(1/4.1)
Scanned size : 3348343
New weight : 54.2
Number of distinct ids : 3348343/13706872(1/4.1)
Scanned size : 3348343
New weight : 54.3
Number of distinct ids : 3348745/13708951(1/4.1)
Scanned size : 3348745
New weight : 54.4
Number of distinct ids : 3368223/13809815(1/4.1)
Scanned size : 3368223
New weight : 54.5
Number of distinct ids : 3541096/14622453(1/4.1)
Scanned size : 3541096
New weight : 54.6
Number of distinct ids : 4613451/19389459(1/4.2)
Scanned size : 4613451
New weight : 55.0
Number of distinct ids : 8556854/36177610(1/4.2)
Scanned size : 8556854
New weight : 55.1
Number of distinct ids : 8556854/36177610(1/4.2)
Scanned size : 8556854
New weight : 55.2
Number of distinct ids : 8556854/36177610(1/4.2)
Scanned size : 8556854
New weight : 55.3
Number of distinct ids : 8556926/36177944(1/4.2)
Scanned size : 8556926
New weight : 55.4
Number of distinct ids : 8573588/36269010(1/4.2)
Scanned size : 8573588
