Time:     30s, Mem: 5.264GB - scanned:    12026606 [   12026606] - remaining:   139695291 [   18726629@18.5] - user time: 1410s
Time:     60s, Mem: 9.791GB - scanned:    23225974 [   23225974] - remaining:   252268535 [    9645338@19.4] - user time: 2826s
Time:     90s, Mem: 16.327GB - scanned:    35547325 [   35547325] - remaining:   378017529 [   66220803@19.5] - user time: 4245s
Time:    120s, Mem: 19.642GB - scanned:    46840318 [   46840318] - remaining:   534818110 [   87779284@19.5] - user time: 5667s
Time:    150s, Mem: 22.075GB - scanned:    60808173 [   60808174] - remaining:   548034543 [   25656637@19.5] - user time: 7094s
Time:    180s, Mem: 28.987GB - scanned:    72032828 [   72032828] - remaining:   588986932 [   49215979@20.4] - user time: 8517s
Time:    210s, Mem: 28.987GB - scanned:    81344436 [   81344436] - remaining:   661629544 [   62132554@20.4] - user time: 9949s
Time:    240s, Mem: 30.732GB - scanned:    94014633 [   94014634] - remaining:   659833189 [   13589133@20.4] - user time: 11374s
Time:    270s, Mem: 32.731GB - scanned:   106550805 [  106550805] - remaining:   710037597 [  233390645@20.5] - user time: 12807s
Time:    300s, Mem: 35.631GB - scanned:   121501735 [  121501735] - remaining:   770449168 [  258205982@20.5] - user time: 14238s
Time:    330s, Mem: 49.598GB - scanned:   135680479 [  135680479] - remaining:   828817069 [  279992346@20.5] - user time: 15660s
Time:    360s, Mem: 49.598GB - scanned:   147358099 [  147358099] - remaining:   863886492 [  281666049@20.5] - user time: 17090s
Time:    390s, Mem: 49.598GB - scanned:   160335786 [  160335786] - remaining:   914552058 [  296268097@20.5] - user time: 18523s
Time:    420s, Mem: 49.598GB - scanned:   172344574 [  172344574] - remaining:   987387467 [  329175873@20.5] - user time: 19953s
Time:    450s, Mem: 51.782GB - scanned:   186135684 [  186135684] - remaining:  1048981653 [  356593097@20.5] - user time: 21376s
Time:    480s, Mem: 54.124GB - scanned:   196754326 [  196754326] - remaining:  1099372456 [  369836432@20.5] - user time: 22808s
Time:    510s, Mem: 56.571GB - scanned:   215190938 [  215190938] - remaining:  1077825877 [  319392109@20.5] - user time: 24240s
Time:    540s, Mem: 58.439GB - scanned:   232885453 [  232885454] - remaining:   999362992 [  222615347@20.5] - user time: 25672s
Time:    571s, Mem: 59.706GB - scanned:   244776141 [  244776142] - remaining:   928943820 [  135144932@20.5] - user time: 27107s
Time:    601s, Mem: 61.029GB - scanned:   257349312 [  257349312] - remaining:   863929080 [   50822244@20.5] - user time: 28542s
Time:    631s, Mem: 84.521GB - scanned:   271533520 [  271538453] - remaining:   833516756 [   10262655@21.3] - user time: 29960s
Time:    661s, Mem: 84.521GB - scanned:   281151776 [  281197847] - remaining:   860619669 [  144768653@21.4] - user time: 31388s
Time:    691s, Mem: 84.521GB - scanned:   290656170 [  290925439] - remaining:   903758547 [  166156558@21.4] - user time: 32800s
Time:    721s, Mem: 84.521GB - scanned:   300734472 [  301361503] - remaining:   928675952 [  174299844@21.4] - user time: 34236s
Time:    751s, Mem: 84.521GB - scanned:   308985377 [  309933429] - remaining:   951875115 [  174298479@21.4] - user time: 35673s
Time:    781s, Mem: 84.521GB - scanned:   317397021 [  319231405] - remaining:   989292071 [  191426015@21.4] - user time: 37111s
Time:    811s, Mem: 84.521GB - scanned:   326697726 [  330390106] - remaining:  1004641594 [  191236104@21.4] - user time: 38548s
Time:    841s, Mem: 84.521GB - scanned:   343613295 [  347869663] - remaining:   924853704 [   97078342@21.4] - user time: 39979s
Time:    871s, Mem: 84.521GB - scanned:   352380411 [  358168624] - remaining:   842721209 [    4884121@21.4] - user time: 41411s
Time:    901s, Mem: 84.521GB - scanned:   363097807 [  369542709] - remaining:   874136290 [  874136290@21.5] - user time: 42848s
Time:    931s, Mem: 84.521GB - scanned:   374551690 [  383182304] - remaining:   892170574 [  892170574@21.5] - user time: 44285s
Time:    961s, Mem: 84.521GB - scanned:   389259962 [  399285408] - remaining:   908776650 [  908776650@21.5] - user time: 45719s
Time:    991s, Mem: 84.521GB - scanned:   403305815 [  415071919] - remaining:   933724629 [  933724629@21.5] - user time: 47155s
Time:   1021s, Mem: 85.844GB - scanned:   417555603 [  432152403] - remaining:   953975153 [  953975153@21.5] - user time: 48591s
Time:   1051s, Mem: 87.788GB - scanned:   432570656 [  451118710] - remaining:   969682324 [  969682324@21.5] - user time: 50019s
Time:   1081s, Mem: 89.665GB - scanned:   447531474 [  469334038] - remaining:   983961462 [  983961462@21.5] - user time: 51431s
Time:   1111s, Mem: 92.007GB - scanned:   465285691 [  492268182] - remaining:   980597727 [  980597727@21.5] - user time: 52866s
Time:   1141s, Mem: 93.693GB - scanned:   479036454 [  508608060] - remaining:   990152380 [  990152380@21.5] - user time: 54302s
Time:   1171s, Mem: 94.944GB - scanned:   489044786 [  520770498] - remaining:  1023063923 [ 1023063923@21.5] - user time: 55738s
Time:   1201s, Mem: 96.272GB - scanned:   499256536 [  533741086] - remaining:  1044965921 [ 1044965921@21.5] - user time: 57174s
Time:   1231s, Mem: 143.138GB - scanned:   510388676 [  546690356] - remaining:  1033699787 [ 1033699787@21.5] - user time: 58583s
Time:   1261s, Mem: 143.138GB - scanned:   521415546 [  561084606] - remaining:  1013204038 [ 1013204038@21.5] - user time: 60013s
Time:   1291s, Mem: 143.138GB - scanned:   532484602 [  574665507] - remaining:  1001455010 [ 1001455010@21.5] - user time: 61449s
Time:   1321s, Mem: 143.138GB - scanned:   543987142 [  590226051] - remaining:  1009255740 [ 1009255740@21.5] - user time: 62885s
Time:   1351s, Mem: 143.138GB - scanned:   555118070 [  606896018] - remaining:  1018846708 [ 1018846708@21.5] - user time: 64320s
Time:   1381s, Mem: 143.138GB - scanned:   567352876 [  626751033] - remaining:  1028975599 [ 1028975599@21.5] - user time: 65756s
Time:   1411s, Mem: 143.138GB - scanned:   578342059 [  641240408] - remaining:  1061030181 [ 1061030181@21.5] - user time: 67193s
Time:   1441s, Mem: 143.138GB - scanned:   589112370 [  657870919] - remaining:  1092328278 [ 1092328278@21.5] - user time: 68629s
Time:   1471s, Mem: 143.138GB - scanned:   600373778 [  675958665] - remaining:  1114513379 [ 1114513379@21.5] - user time: 70064s
Time:   1501s, Mem: 143.138GB - scanned:   612617481 [  699123508] - remaining:  1129858361 [ 1129858361@21.5] - user time: 71498s
Time:   1531s, Mem: 143.138GB - scanned:   624515690 [  723126271] - remaining:  1150398477 [ 1150398477@21.5] - user time: 72931s
Time:   1561s, Mem: 143.138GB - scanned:   634494304 [  740011007] - remaining:  1148722152 [ 1148722152@21.5] - user time: 74367s
Time:   1591s, Mem: 143.138GB - scanned:   642951977 [  751522997] - remaining:  1136649496 [ 1136649496@21.5] - user time: 75802s
Time:   1621s, Mem: 143.138GB - scanned:   652364019 [  765914638] - remaining:  1148179883 [ 1148179883@21.5] - user time: 77239s
Time:   1651s, Mem: 143.138GB - scanned:   667443010 [  785106486] - remaining:  1086208314 [ 1086208314@21.5] - user time: 78662s
Time:   1681s, Mem: 143.138GB - scanned:   690468597 [  809909117] - remaining:   955263768 [  955263768@21.5] - user time: 80091s
Time:   1711s, Mem: 143.138GB - scanned:   716231104 [  840390766] - remaining:   850242780 [  850242780@21.5] - user time: 81523s
Time:   1741s, Mem: 143.822GB - scanned:   731829771 [  859576116] - remaining:   719440485 [  719440485@21.5] - user time: 82947s
Time:   1771s, Mem: 145.246GB - scanned:   742418098 [  873518867] - remaining:   587733526 [  587733526@21.5] - user time: 84375s
Time:   1801s, Mem: 146.600GB - scanned:   751884315 [  886912791] - remaining:   453965041 [  453965041@21.5] - user time: 85802s
Time:   1831s, Mem: 148.422GB - scanned:   765049998 [  904753548] - remaining:   346834085 [  346834085@21.5] - user time: 87233s
Time:   1861s, Mem: 150.016GB - scanned:   773921379 [  920953409] - remaining:   223672291 [  223672291@21.5] - user time: 88661s
Time:   1891s, Mem: 151.831GB - scanned:   787995792 [  938667231] - remaining:   128755481 [  128755481@21.5] - user time: 90095s
Time:   1921s, Mem: 154.235GB - scanned:   803966240 [  962556227] - remaining:    10745404 [   10745404@21.5] - user time: 91528s
Time:   1951s, Mem: 154.458GB - scanned:   804856291 [  964862568] - remaining:           0 [          0@0.-1] - user time: 91640s
Time:   1981s, Mem: 154.458GB - scanned:   804856291 [  964862568] - remaining:           0 [          0@0.-1] - user time: 91668s
Time:   2011s, Mem: 154.458GB - scanned:   804856291 [  964862568] - remaining:           0 [          0@0.-1] - user time: 91698s
Time:   2041s, Mem: 154.458GB - scanned:   804856291 [  964862568] - remaining:           0 [          0@0.-1] - user time: 91728s
Time:   2071s, Mem: 154.458GB - scanned:   804856291 [  964862568] - remaining:           0 [          0@0.-1] - user time: 91758s
Time:   2101s, Mem: 154.458GB - scanned:   804856291 [  964862568] - remaining:           0 [          0@0.-1] - user time: 91788s
Time:   2131s, Mem: 154.458GB - scanned:   804856291 [  964862568] - remaining:           0 [          0@0.-1] - user time: 91818s
Time:   2161s, Mem: 154.458GB - scanned:   804856291 [  964862568] - remaining:           0 [          0@0.-1] - user time: 91848s
Time:   2191s, Mem: 154.458GB - scanned:   804856291 [  964862568] - remaining:           0 [          0@0.-1] - user time: 91878s
Time:   2221s, Mem: 154.458GB - scanned:   804856291 [  964862568] - remaining:           0 [          0@0.-1] - user time: 91908s
Time:   2251s, Mem: 154.458GB - scanned:   804856291 [  964862568] - remaining:           0 [          0@0.-1] - user time: 91938s
Time:   2281s, Mem: 154.458GB - scanned:   804856291 [  964862568] - remaining:           0 [          0@0.-1] - user time: 91968s
Time:   2311s, Mem: 154.458GB - scanned:   804856291 [  964862568] - remaining:           0 [          0@0.-1] - user time: 91998s
Time:   2341s, Mem: 154.458GB - scanned:   804856291 [  964862568] - remaining:           0 [          0@0.-1] - user time: 92028s
Time:   2371s, Mem: 154.458GB - scanned:   804856291 [  964862568] - remaining:           0 [          0@0.-1] - user time: 92058s
Time:   2401s, Mem: 154.458GB - scanned:   804856291 [  964862568] - remaining:           0 [          0@0.-1] - user time: 92088s
Time:   2431s, Mem: 154.458GB - scanned:   804856291 [  964862568] - remaining:           0 [          0@0.-1] - user time: 92118s
