g++ -Wall -Wextra -I boost_1_64_0 -march=native -std=gnu++0x -O3 -g -fopenmp -gstabs+ -g3 -I tbb-2017_U7/include -L tbb-2017_U7/build/linux_release/  -Wl,-rpath=tbb-2017_U7/build/linux_release/  find_mds.cpp  -ltbb -o find_mds
Parameters: MAX_WEIGHT=(1 + 9*2 + 5*1) MAX_DEPTH=4 NB_INPUTS=4 NB_REGISTERS=5 XOR_WEIGHT=2 MUL_WEIGHT=1 CPY_WEIGHT=0
Size: AlgoState:16 algo_op:3 matrix:80
Options: KEEP_INPUTS TRY_DIV
New weight : 0.0
Number of distinct ids : 0/0(1/0.0)
Scanned size : 0
New weight : 0.1
Number of distinct ids : 1/1(1/1.0)
Scanned size : 1
New weight : 0.2
Number of distinct ids : 1/1(1/1.0)
Scanned size : 1
New weight : 0.3
Number of distinct ids : 1/1(1/1.0)
Scanned size : 1
New weight : 1.0
Number of distinct ids : 1/1(1/1.0)
Scanned size : 1
New weight : 1.1
Number of distinct ids : 1/1(1/1.0)
Scanned size : 1
New weight : 1.2
Number of distinct ids : 1/1(1/1.0)
Scanned size : 1
New weight : 1.3
Number of distinct ids : 1/1(1/1.0)
Scanned size : 1
New weight : 2.0
Number of distinct ids : 1/1(1/1.0)
Scanned size : 1
New weight : 2.1
Number of distinct ids : 1/1(1/1.0)
Scanned size : 1
New weight : 2.2
Number of distinct ids : 1/1(1/1.0)
Scanned size : 1
New weight : 2.3
Number of distinct ids : 1/1(1/1.0)
Scanned size : 1
New weight : 3.0
Number of distinct ids : 1/1(1/1.0)
Scanned size : 1
New weight : 3.1
Number of distinct ids : 1/1(1/1.0)
Scanned size : 1
New weight : 3.2
Number of distinct ids : 1/1(1/1.0)
Scanned size : 1
New weight : 3.3
Number of distinct ids : 1/1(1/1.0)
Scanned size : 1
New weight : 4.0
Number of distinct ids : 1/1(1/1.0)
Scanned size : 1
New weight : 4.1
Number of distinct ids : 1/1(1/1.0)
Scanned size : 1
New weight : 4.2
Number of distinct ids : 1/1(1/1.0)
Scanned size : 1
New weight : 4.3
Number of distinct ids : 1/1(1/1.0)
Scanned size : 1
New weight : 5.0
Number of distinct ids : 1/1(1/1.0)
Scanned size : 1
New weight : 5.1
Number of distinct ids : 1/1(1/1.0)
Scanned size : 1
New weight : 5.2
Number of distinct ids : 1/1(1/1.0)
Scanned size : 1
New weight : 5.3
Number of distinct ids : 1/1(1/1.0)
Scanned size : 1
New weight : 6.0
Number of distinct ids : 1/1(1/1.0)
Scanned size : 1
New weight : 6.1
Number of distinct ids : 1/1(1/1.0)
Scanned size : 1
New weight : 6.2
Number of distinct ids : 1/1(1/1.0)
Scanned size : 1
New weight : 6.3
Number of distinct ids : 1/1(1/1.0)
Scanned size : 1
New weight : 7.0
Number of distinct ids : 1/1(1/1.0)
Scanned size : 1
New weight : 7.1
Number of distinct ids : 1/1(1/1.0)
Scanned size : 1
New weight : 7.2
Number of distinct ids : 1/1(1/1.0)
Scanned size : 1
New weight : 7.3
Number of distinct ids : 1/1(1/1.0)
Scanned size : 1
New weight : 8.0
Number of distinct ids : 1/1(1/1.0)
Scanned size : 1
New weight : 8.1
Number of distinct ids : 4/37(1/9.2)
Scanned size : 4
New weight : 8.2
Number of distinct ids : 4/37(1/9.2)
Scanned size : 4
New weight : 8.3
Number of distinct ids : 4/37(1/9.2)
Scanned size : 4
New weight : 9.0
Number of distinct ids : 4/37(1/9.2)
Scanned size : 4
New weight : 9.1
Number of distinct ids : 4/37(1/9.2)
Scanned size : 4
New weight : 9.2
Number of distinct ids : 34/202(1/5.9)
Scanned size : 34
New weight : 9.3
Number of distinct ids : 34/202(1/5.9)
Scanned size : 34
New weight : 10.0
Number of distinct ids : 34/202(1/5.9)
Scanned size : 34
New weight : 10.1
Number of distinct ids : 34/202(1/5.9)
Scanned size : 34
New weight : 10.2
Number of distinct ids : 146/763(1/5.2)
Scanned size : 146
New weight : 10.3
Number of distinct ids : 214/1098(1/5.1)
Scanned size : 214
New weight : 11.0
Number of distinct ids : 214/1098(1/5.1)
Scanned size : 214
New weight : 11.1
Number of distinct ids : 214/1098(1/5.1)
Scanned size : 214
New weight : 11.2
Number of distinct ids : 458/2372(1/5.2)
Scanned size : 458
New weight : 11.3
Number of distinct ids : 1034/5274(1/5.1)
Scanned size : 1034
New weight : 12.0
Number of distinct ids : 1172/5994(1/5.1)
Scanned size : 1172
New weight : 12.1
Number of distinct ids : 1172/5994(1/5.1)
Scanned size : 1172
New weight : 12.2
Number of distinct ids : 1535/8189(1/5.3)
Scanned size : 1535
New weight : 12.3
Number of distinct ids : 4325/23271(1/5.4)
Scanned size : 4325
New weight : 13.0
Number of distinct ids : 5956/32165(1/5.4)
Scanned size : 5956
New weight : 13.1
Number of distinct ids : 5956/32165(1/5.4)
Scanned size : 5956
New weight : 13.2
Number of distinct ids : 6308/34654(1/5.5)
Scanned size : 6308
New weight : 13.3
Number of distinct ids : 15760/91362(1/5.8)
Scanned size : 15760
New weight : 14.0
Number of distinct ids : 27309/158486(1/5.8)
Scanned size : 27309
New weight : 14.1
Number of distinct ids : 27309/158486(1/5.8)
Scanned size : 27309
New weight : 14.2
Number of distinct ids : 27565/160663(1/5.8)
Scanned size : 27565
New weight : 14.3
Number of distinct ids : 55086/341201(1/6.2)
Scanned size : 55086
New weight : 15.0
Number of distinct ids : 120717/757781(1/6.3)
Scanned size : 120717
New weight : 15.1
Number of distinct ids : 120717/757781(1/6.3)
Scanned size : 120717
New weight : 15.2
Number of distinct ids : 120845/759061(1/6.3)
Scanned size : 120845
New weight : 15.3
Number of distinct ids : 187561/1229278(1/6.6)
Scanned size : 187561
New weight : 16.0
Number of distinct ids : 473128/3188667(1/6.7)
Scanned size : 473128
New weight : 16.1
Number of distinct ids : 473128/3188667(1/6.7)
Scanned size : 473128
New weight : 16.2
Number of distinct ids : 473172/3189219(1/6.7)
Scanned size : 473172
New weight : 16.3
Number of distinct ids : 621180/4280843(1/6.9)
Scanned size : 621180
New weight : 17.0
Number of distinct ids : 1745769/12469746(1/7.1)
Scanned size : 1745769
New weight : 17.1
Number of distinct ids : 1745769/12469746(1/7.1)
Scanned size : 1745769
New weight : 17.2
Number of distinct ids : 1745777/12469900(1/7.1)
Scanned size : 1745777
New weight : 17.3
Number of distinct ids : 2039433/14697787(1/7.2)
Scanned size : 2039433
New weight : 18.0
Number of distinct ids : 6162296/45601977(1/7.4)
Scanned size : 6162296
New weight : 18.1
Number of distinct ids : 6162296/45601977(1/7.4)
Scanned size : 6162296
New weight : 18.2
Number of distinct ids : 6162297/45601991(1/7.4)
Scanned size : 6162297
New weight : 18.3
Number of distinct ids : 6680119/49565671(1/7.4)
Scanned size : 6680119
New weight : 19.0
Number of distinct ids : 19773672/150113852(1/7.6)
Scanned size : 19773672
New weight : 19.1
Number of distinct ids : 19773672/150113852(1/7.6)
Scanned size : 19773672
New weight : 19.2
Number of distinct ids : 19773672/150113852(1/7.6)
Scanned size : 19773672
New weight : 19.3
Number of distinct ids : 20634784/156586552(1/7.6)
Scanned size : 20634784
New weight : 20.0
Number of distinct ids : 61037080/467513264(1/7.7)
Scanned size : 61037080
New weight : 20.1
Number of distinct ids : 61037080/467513264(1/7.7)
Scanned size : 61037080
New weight : 20.2
Number of distinct ids : 61037080/467513264(1/7.7)
Scanned size : 61037080
New weight : 20.3
Number of distinct ids : 62275780/476474134(1/7.7)
Scanned size : 62275780
