Time:     30s, Mem:  1.7GB - scanned:     4529363 [    4529363] - remaining:    39497211 [    6866623@17.5] - user time: 357s
Time:     60s, Mem:  3.2GB - scanned:     8946177 [    8946178] - remaining:    79233383 [   13613506@17.5] - user time: 715s
Time:     90s, Mem:  4.2GB - scanned:    14862764 [   14862764] - remaining:    84189004 [    4201701@18.5] - user time: 1073s
Time:    120s, Mem:  5.2GB - scanned:    18592887 [   18593422] - remaining:    95483087 [   12434582@19.3] - user time: 1432s
Time:    150s, Mem:  5.8GB - scanned:    23802883 [   23821599] - remaining:    96719803 [   32440546@19.4] - user time: 1791s
Time:    180s, Mem:  6.6GB - scanned:    27036121 [   27102481] - remaining:   113427803 [   43161159@19.4] - user time: 2149s
Time:    210s, Mem:  7.2GB - scanned:    30714920 [   30999215] - remaining:   124625497 [   48256884@19.4] - user time: 2508s
Time:    240s, Mem:  8.5GB - scanned:    33340677 [   33722140] - remaining:   138531150 [   58313191@19.4] - user time: 2866s
Time:    270s, Mem:  9.5GB - scanned:    40822207 [   41465111] - remaining:   126137405 [   39591859@19.4] - user time: 3225s
Time:    300s, Mem: 10.3GB - scanned:    46809838 [   48061394] - remaining:   105651273 [   13402480@19.4] - user time: 3584s
Time:    330s, Mem: 10.8GB - scanned:    51487760 [   53475619] - remaining:   103271183 [  103271183@19.5] - user time: 3943s
Time:    360s, Mem: 11.4GB - scanned:    56080544 [   58984941] - remaining:   108679699 [  108679699@19.5] - user time: 4302s
Time:    390s, Mem: 11.9GB - scanned:    60682450 [   64309739] - remaining:   119930658 [  119930658@19.5] - user time: 4661s
Time:    420s, Mem: 13.7GB - scanned:    65474499 [   70387363] - remaining:   126076703 [  126076703@19.5] - user time: 5020s
Time:    450s, Mem: 14.9GB - scanned:    72660960 [   79490854] - remaining:   124725488 [  124725488@19.5] - user time: 5374s
Time:    480s, Mem: 15.6GB - scanned:    76107157 [   83775716] - remaining:   133394295 [  133394295@19.5] - user time: 5733s
Time:    510s, Mem: 16.0GB - scanned:    79210259 [   87718075] - remaining:   141461653 [  141461653@19.5] - user time: 6092s
Time:    540s, Mem: 16.7GB - scanned:    82345832 [   91551211] - remaining:   154216484 [  154216484@19.5] - user time: 6450s
Time:    570s, Mem: 17.4GB - scanned:    85482431 [   96047644] - remaining:   161382558 [  161382558@19.5] - user time: 6809s
Time:    600s, Mem: 18.5GB - scanned:    94041340 [  106823638] - remaining:   130667297 [  130667297@19.5] - user time: 7168s
Time:    630s, Mem: 19.8GB - scanned:   104010277 [  119371686] - remaining:    88123159 [   88123159@19.5] - user time: 7526s
Time:    660s, Mem: 20.8GB - scanned:   112301710 [  129487106] - remaining:    48293990 [   48293990@19.5] - user time: 7885s
Time:    690s, Mem: 24.3GB - scanned:   118709617 [  139375434] - remaining:           0 [          0@0.-1] - user time: 8165s
Time:    720s, Mem: 24.3GB - scanned:   118709617 [  139375434] - remaining:           0 [          0@0.-1] - user time: 8172s
