Time:     30s, Mem:  1.7GB - scanned:     2671008 [    2671008] - remaining:    51703446 [   13379388@17.3] - user time: 357s
Time:     60s, Mem:  3.0GB - scanned:     6246090 [    6246090] - remaining:    79492653 [    1971851@18.2] - user time: 714s
Time:     90s, Mem:  4.5GB - scanned:     8119914 [    8119914] - remaining:   140071477 [   39128153@18.3] - user time: 1071s
Time:    120s, Mem:  6.2GB - scanned:    10179301 [   10179301] - remaining:   198097981 [   54818191@18.3] - user time: 1430s
Time:    150s, Mem:  7.6GB - scanned:    12135117 [   12135117] - remaining:   246199322 [   62875436@18.3] - user time: 1788s
Time:    180s, Mem:  8.9GB - scanned:    16313578 [   16313578] - remaining:   270292693 [   47910687@18.3] - user time: 2143s
Time:    210s, Mem:  9.8GB - scanned:    20732375 [   20732375] - remaining:   260097254 [   85486237@19.3] - user time: 2500s
Time:    240s, Mem: 11.2GB - scanned:    22444103 [   22444103] - remaining:   326763609 [  102061175@19.3] - user time: 2858s
Time:    270s, Mem: 12.8GB - scanned:    24359575 [   24359575] - remaining:   384821758 [  117042397@19.3] - user time: 3216s
Time:    300s, Mem: 14.2GB - scanned:    26414327 [   26414327] - remaining:   437389429 [  130549904@19.3] - user time: 3573s
Time:    330s, Mem: 15.6GB - scanned:    28506322 [   28506322] - remaining:   489824175 [  144519791@19.3] - user time: 3927s
Time:    360s, Mem: 17.0GB - scanned:    30545635 [   30545635] - remaining:   544318565 [  158695115@19.3] - user time: 4286s
Time:    390s, Mem: 18.4GB - scanned:    32662038 [   32662038] - remaining:   595911012 [  172210718@19.3] - user time: 4643s
Time:    420s, Mem: 20.5GB - scanned:    34597058 [   34597058] - remaining:   651926348 [  188444419@19.3] - user time: 4992s
Time:    450s, Mem: 22.1GB - scanned:    36713001 [   36713001] - remaining:   704635331 [  201956098@19.3] - user time: 5350s
Time:    480s, Mem: 23.1GB - scanned:    38666458 [   38666458] - remaining:   733577721 [  195980288@19.3] - user time: 5707s
Time:    510s, Mem: 24.4GB - scanned:    40685029 [   40685029] - remaining:   779616457 [  203297110@19.3] - user time: 6066s
Time:    540s, Mem: 25.8GB - scanned:    42734660 [   42734660] - remaining:   829653086 [  215461217@19.3] - user time: 6423s
Time:    570s, Mem: 26.9GB - scanned:    50913978 [   50913978] - remaining:   794314273 [  146187039@19.3] - user time: 6781s
Time:    600s, Mem: 27.6GB - scanned:    58465905 [   58465905] - remaining:   734040587 [   60379950@19.3] - user time: 7140s
Time:    630s, Mem: 28.0GB - scanned:    61611914 [   61611914] - remaining:   706848745 [    5056894@20.2] - user time: 7499s
Time:    660s, Mem: 28.2GB - scanned:    63443540 [   63443540] - remaining:   760119832 [  266101195@20.3] - user time: 7859s
Time:    690s, Mem: 28.8GB - scanned:    65085430 [   65085430] - remaining:   821912916 [  279844864@20.3] - user time: 8218s
Time:    720s, Mem: 30.3GB - scanned:    66716354 [   66716354] - remaining:   882945074 [  293713153@20.3] - user time: 8576s
Time:    750s, Mem: 32.8GB - scanned:    68650773 [   68650773] - remaining:   936776382 [  306876939@20.3] - user time: 8933s
Time:    780s, Mem: 34.7GB - scanned:    70636170 [   70636170] - remaining:   992749861 [  321757575@20.3] - user time: 9291s
Time:    810s, Mem: 36.3GB - scanned:    72665720 [   72665720] - remaining:  1045835495 [  335406264@20.3] - user time: 9649s
Time:    840s, Mem: 37.6GB - scanned:    74881205 [   74881205] - remaining:  1092483802 [  346313952@20.3] - user time: 10007s
Time:    870s, Mem: 38.9GB - scanned:    77241327 [   77241327] - remaining:  1138837723 [  357303927@20.3] - user time: 10366s
Time:    900s, Mem: 40.3GB - scanned:    79278929 [   79278929] - remaining:  1190919509 [  370138121@20.3] - user time: 10724s
Time:    930s, Mem: 41.7GB - scanned:    81481048 [   81481048] - remaining:  1241632948 [  384060463@20.3] - user time: 11082s
Time:    960s, Mem: 43.0GB - scanned:    83720486 [   83720486] - remaining:  1288745176 [  394803870@20.3] - user time: 11440s
Time:    990s, Mem: 44.4GB - scanned:    85852235 [   85852235] - remaining:  1341100245 [  408593322@20.3] - user time: 11798s
Time:   1020s, Mem: 45.5GB - scanned:    87567715 [   87567715] - remaining:  1379608106 [  417981116@20.3] - user time: 12096s
Time:   1050s, Mem: 46.0GB - scanned:    89159118 [   89159118] - remaining:  1418701428 [  429171392@20.3] - user time: 12374s
Time:   1080s, Mem: 46.0GB - scanned:    90539678 [   90539678] - remaining:  1450837571 [  437180470@20.3] - user time: 12620s
Time:   1110s, Mem: 46.1GB - scanned:    91888385 [   91888385] - remaining:  1488848187 [  446345257@20.3] - user time: 12881s
Time:   1140s, Mem: 46.1GB - scanned:    93364948 [   93364948] - remaining:  1524575925 [  456104661@20.3] - user time: 13135s
Time:   1170s, Mem: 46.1GB - scanned:    94466171 [   94466171] - remaining:  1546266085 [  462653562@20.3] - user time: 13322s
Time:   1200s, Mem: 46.1GB - scanned:    95701375 [   95701375] - remaining:  1574792857 [  470385855@20.3] - user time: 13545s
Time:   1230s, Mem: 46.1GB - scanned:    96887369 [   96887369] - remaining:  1603084941 [  478751002@20.3] - user time: 13758s
Time:   1260s, Mem: 46.1GB - scanned:    98156379 [   98156379] - remaining:  1628395830 [  484878871@20.3] - user time: 13976s
Time:   1290s, Mem: 46.1GB - scanned:    99362181 [   99362181] - remaining:  1655675377 [  490956853@20.3] - user time: 14192s
Time:   1320s, Mem: 46.1GB - scanned:   100621493 [  100621493] - remaining:  1688117943 [  499310497@20.3] - user time: 14425s
Time:   1350s, Mem: 46.1GB - scanned:   101940440 [  101940440] - remaining:  1723921038 [  509657134@20.3] - user time: 14672s
Time:   1380s, Mem: 46.1GB - scanned:   103111663 [  103111663] - remaining:  1759007023 [  519875050@20.3] - user time: 14902s
Time:   1410s, Mem: 46.1GB - scanned:   104291130 [  104291130] - remaining:  1783324867 [  525968724@20.3] - user time: 15109s
Time:   1440s, Mem: 46.1GB - scanned:   105254294 [  105254294] - remaining:  1804856129 [  531676079@20.3] - user time: 15287s
Time:   1470s, Mem: 46.1GB - scanned:   105937332 [  105937332] - remaining:  1822637368 [  536435935@20.3] - user time: 15433s
