Time:     30s, Mem: 1.702GB - scanned:     5462170 [    5462170] - remaining:    34401344 [     415162@19.2] - user time: 358s
Time:     60s, Mem: 3.395GB - scanned:    10058801 [   10058801] - remaining:    76934110 [    5248901@19.3] - user time: 705s
Time:     90s, Mem: 4.703GB - scanned:    14261028 [   14261028] - remaining:   112143535 [   38043554@19.4] - user time: 1057s
Time:    120s, Mem: 6.471GB - scanned:    19065339 [   19065339] - remaining:   151831361 [   49877973@19.4] - user time: 1414s
Time:    150s, Mem: 7.827GB - scanned:    22834898 [   22834898] - remaining:   191414215 [   60874562@19.4] - user time: 1772s
Time:    180s, Mem: 9.130GB - scanned:    30399392 [   30399392] - remaining:   207890501 [   48946246@19.4] - user time: 2125s
Time:    210s, Mem: 10.708GB - scanned:    38611971 [   38611971] - remaining:   205614344 [   22371334@19.4] - user time: 2483s
Time:    240s, Mem: 11.642GB - scanned:    45404693 [   45404693] - remaining:   200139751 [    9084101@20.4] - user time: 2842s
Time:    270s, Mem: 12.457GB - scanned:    50821451 [   50821451] - remaining:   200973423 [   23213931@21.3] - user time: 3200s
Time:    300s, Mem: 12.967GB - scanned:    53728051 [   53728051] - remaining:   219838384 [   35907256@21.3] - user time: 3560s
Time:    330s, Mem: 13.607GB - scanned:    56656878 [   56656878] - remaining:   236052856 [   44991831@21.3] - user time: 3918s
Time:    360s, Mem: 14.262GB - scanned:    59600522 [   59601844] - remaining:   251170824 [   53646357@21.3] - user time: 4276s
Time:    390s, Mem: 16.596GB - scanned:    67116932 [   67120849] - remaining:   237906177 [   32465624@21.3] - user time: 4634s
Time:    420s, Mem: 17.283GB - scanned:    74760160 [   74785819] - remaining:   213485170 [  213485170@21.4] - user time: 4992s
Time:    450s, Mem: 17.918GB - scanned:    78165886 [   78191545] - remaining:   233511692 [  233511692@21.4] - user time: 5351s
Time:    480s, Mem: 18.346GB - scanned:    81451514 [   81479578] - remaining:   251795416 [  251795416@21.4] - user time: 5711s
Time:    510s, Mem: 18.910GB - scanned:    84932549 [   84988907] - remaining:   262800323 [  262800323@21.4] - user time: 6070s
Time:    540s, Mem: 19.542GB - scanned:    89372537 [   89436891] - remaining:   271131423 [  271131423@21.4] - user time: 6428s
Time:    570s, Mem: 20.264GB - scanned:    93890808 [   93985661] - remaining:   283023035 [  283023035@21.4] - user time: 6785s
Time:    600s, Mem: 20.948GB - scanned:    99313386 [   99464012] - remaining:   288606582 [  288606582@21.4] - user time: 7144s
Time:    630s, Mem: 21.602GB - scanned:   105037062 [  105316834] - remaining:   291814767 [  291814767@21.4] - user time: 7503s
Time:    660s, Mem: 22.351GB - scanned:   109049622 [  109351531] - remaining:   306243397 [  306243397@21.4] - user time: 7861s
Time:    690s, Mem: 23.131GB - scanned:   113150066 [  113563854] - remaining:   321826031 [  321826031@21.4] - user time: 8220s
Time:    720s, Mem: 23.931GB - scanned:   117215410 [  117656976] - remaining:   338302101 [  338302101@21.4] - user time: 8577s
Time:    750s, Mem: 24.710GB - scanned:   121813059 [  122345223] - remaining:   351556269 [  351556269@21.4] - user time: 8935s
Time:    780s, Mem: 25.448GB - scanned:   126277119 [  126923506] - remaining:   363582111 [  363582111@21.4] - user time: 9293s
Time:    810s, Mem: 26.151GB - scanned:   131570598 [  132412285] - remaining:   368593799 [  368593799@21.4] - user time: 9652s
Time:    840s, Mem: 29.301GB - scanned:   137825731 [  139193530] - remaining:   370674832 [  370674832@21.4] - user time: 10008s
Time:    870s, Mem: 29.884GB - scanned:   143528762 [  145298729] - remaining:   378835041 [  378835041@21.4] - user time: 10366s
Time:    900s, Mem: 31.263GB - scanned:   151445220 [  154240755] - remaining:   378855659 [  378855659@21.4] - user time: 10725s
Time:    930s, Mem: 32.072GB - scanned:   155069908 [  157913886] - remaining:   384499427 [  384499427@21.4] - user time: 11084s
Time:    960s, Mem: 32.866GB - scanned:   158465954 [  161477385] - remaining:   393503216 [  393503216@21.4] - user time: 11427s
Time:    990s, Mem: 33.555GB - scanned:   161537441 [  164589090] - remaining:   402313680 [  402313680@21.4] - user time: 11785s
Time:   1020s, Mem: 34.185GB - scanned:   164706141 [  167839968] - remaining:   412574513 [  412574513@21.4] - user time: 12142s
Time:   1050s, Mem: 35.056GB - scanned:   171020246 [  174361869] - remaining:   403735867 [  403735867@21.4] - user time: 12500s
Time:   1080s, Mem: 35.998GB - scanned:   179617724 [  183110072] - remaining:   365583382 [  365583382@21.4] - user time: 12859s
Time:   1110s, Mem: 37.544GB - scanned:   194037413 [  197698376] - remaining:   306714078 [  306714078@21.4] - user time: 13217s
Time:   1140s, Mem: 38.923GB - scanned:   206693918 [  210759207] - remaining:   267744577 [  267744577@21.4] - user time: 13575s
Time:   1170s, Mem: 40.222GB - scanned:   218630679 [  223078757] - remaining:   233353777 [  233353777@21.4] - user time: 13933s
Time:   1200s, Mem: 41.382GB - scanned:   228796810 [  234206817] - remaining:   182417850 [  182417850@21.4] - user time: 14292s
Time:   1230s, Mem: 42.501GB - scanned:   238578449 [  244910181] - remaining:   138461491 [  138461491@21.4] - user time: 14650s
Time:   1260s, Mem: 43.268GB - scanned:   245410193 [  252227358] - remaining:   116136426 [  116136426@21.4] - user time: 15009s
Time:   1290s, Mem: 43.897GB - scanned:   250749781 [  258288224] - remaining:    94936736 [   94936736@21.4] - user time: 15368s
Time:   1320s, Mem: 44.866GB - scanned:   258833211 [  267516621] - remaining:    45832810 [   45832810@21.4] - user time: 15727s
Time:   1352s, Mem: 46.063GB - scanned:   259595375 [  268435487] - remaining:    41910531 [   41910531@21.4] - user time: 15745s
Time:   1387s, Mem: 46.063GB - scanned:   259603061 [  268444787] - remaining:    41876532 [   41876532@21.4] - user time: 15746s
Time:   1417s, Mem: 46.063GB - scanned:   259614373 [  268460439] - remaining:    41817064 [   41817064@21.4] - user time: 15746s
Time:   1447s, Mem: 46.063GB - scanned:   259624636 [  268474899] - remaining:    41751262 [   41751262@21.4] - user time: 15747s
Time:   1477s, Mem: 46.063GB - scanned:   259638803 [  268492558] - remaining:    41681542 [   41681542@21.4] - user time: 15748s
Time:   1507s, Mem: 46.063GB - scanned:   259659507 [  268514596] - remaining:    41601357 [   41601357@21.4] - user time: 15748s
Time:   1537s, Mem: 46.063GB - scanned:   259692596 [  268551435] - remaining:    41486471 [   41486471@21.4] - user time: 15749s
Time:   1567s, Mem: 46.063GB - scanned:   259729454 [  268594427] - remaining:    41378239 [   41378239@21.4] - user time: 15750s
Time:   1597s, Mem: 46.063GB - scanned:   259755575 [  268632272] - remaining:    41255788 [   41255788@21.4] - user time: 15753s
Time:   1627s, Mem: 46.063GB - scanned:   259794013 [  268678187] - remaining:    41113935 [   41113935@21.4] - user time: 15756s
Time:   1657s, Mem: 46.063GB - scanned:   259817792 [  268707770] - remaining:    41004009 [   41004009@21.4] - user time: 15758s
Time:   1687s, Mem: 46.063GB - scanned:   259854232 [  268746497] - remaining:    40861054 [   40861054@21.4] - user time: 15760s
Time:   1717s, Mem: 46.063GB - scanned:   259926175 [  268821056] - remaining:    40771543 [   40771543@21.4] - user time: 15763s
Time:   1747s, Mem: 46.063GB - scanned:   260048567 [  268950383] - remaining:    40583114 [   40583114@21.4] - user time: 15766s
Time:   1777s, Mem: 46.063GB - scanned:   260253396 [  269164738] - remaining:    40244042 [   40244042@21.4] - user time: 15772s
Time:   1807s, Mem: 46.063GB - scanned:   260760530 [  269732914] - remaining:    39137906 [   39137906@21.4] - user time: 15784s
Time:   1837s, Mem: 46.063GB - scanned:   264409944 [  273874431] - remaining:    26344388 [   26344388@21.4] - user time: 15896s
Time:   1867s, Mem: 46.063GB - scanned:   268043470 [  278885907] - remaining:           0 [          0@0.-1] - user time: 16037s
Time:   1897s, Mem: 46.063GB - scanned:   268043470 [  278885907] - remaining:           0 [          0@0.-1] - user time: 16040s
Time:   1927s, Mem: 46.063GB - scanned:   268043470 [  278885907] - remaining:           0 [          0@0.-1] - user time: 16070s
Time:   1957s, Mem: 46.063GB - scanned:   268043470 [  278885907] - remaining:           0 [          0@0.-1] - user time: 16100s
