Time:     30s, Mem: 4.100GB - scanned:     7455687 [    7455687] - remaining:   119777517 [   33812270@18.3] - user time: 1387s
Time:     60s, Mem: 8.869GB - scanned:    14530823 [   14530824] - remaining:   283230971 [   65772929@18.3] - user time: 2777s
Time:     90s, Mem: 10.775GB - scanned:    21834184 [   21834184] - remaining:   303412615 [   96327807@19.3] - user time: 4067s
Time:    120s, Mem: 15.831GB - scanned:    28665490 [   28665490] - remaining:   494793274 [  145955828@19.3] - user time: 5485s
Time:    150s, Mem: 22.205GB - scanned:    35863213 [   35863213] - remaining:   686453225 [  198709801@19.3] - user time: 6900s
Time:    180s, Mem: 25.257GB - scanned:    41749581 [   41749581] - remaining:   805181389 [  209274446@19.3] - user time: 8294s
Time:    210s, Mem: 26.889GB - scanned:    49152064 [   49152064] - remaining:   808125516 [  162822075@19.3] - user time: 9607s
Time:    240s, Mem: 27.621GB - scanned:    56073949 [   56073949] - remaining:   755961841 [   90115732@19.3] - user time: 10889s
Time:    270s, Mem: 28.030GB - scanned:    59973350 [   59973350] - remaining:   696816099 [   16357169@19.3] - user time: 12167s
Time:    300s, Mem: 29.140GB - scanned:    65291519 [   65291519] - remaining:   831096876 [  281903182@20.3] - user time: 13560s
Time:    330s, Mem: 36.573GB - scanned:    71514406 [   71514406] - remaining:  1018788671 [  328641370@20.3] - user time: 14951s
Time:    360s, Mem: 40.172GB - scanned:    78833262 [   78833262] - remaining:  1181554226 [  367612953@20.3] - user time: 16373s
Time:    390s, Mem: 44.840GB - scanned:    86351221 [   86351221] - remaining:  1351367384 [  410043803@20.3] - user time: 17782s
Time:    420s, Mem: 49.665GB - scanned:    93556026 [   93556026] - remaining:  1530182156 [  457222389@20.3] - user time: 19204s
Time:    450s, Mem: 54.379GB - scanned:   101105430 [  101105430] - remaining:  1701567505 [  502353091@20.3] - user time: 20624s
Time:    480s, Mem: 59.362GB - scanned:   108337940 [  108337940] - remaining:  1886378472 [  555646778@20.3] - user time: 22043s
Time:    510s, Mem: 62.617GB - scanned:   114500707 [  114500707] - remaining:  2001737463 [  568913466@20.3] - user time: 23470s
Time:    540s, Mem: 65.283GB - scanned:   120166675 [  120166675] - remaining:  2076415001 [  556507340@20.3] - user time: 24898s
Time:    570s, Mem: 69.259GB - scanned:   127053014 [  127053014] - remaining:  2216064138 [  580350225@20.3] - user time: 26322s
Time:    600s, Mem: 84.141GB - scanned:   135448727 [  135448727] - remaining:  2315604538 [  582052436@20.3] - user time: 27700s
Time:    630s, Mem: 84.141GB - scanned:   146711088 [  146711088] - remaining:  2233436634 [  467624604@20.3] - user time: 29120s
Time:    660s, Mem: 84.141GB - scanned:   158082492 [  158082492] - remaining:  2155250385 [  358568083@20.3] - user time: 30542s
Time:    690s, Mem: 84.141GB - scanned:   166559432 [  166559432] - remaining:  2071696915 [  250633609@20.3] - user time: 31945s
Time:    720s, Mem: 84.141GB - scanned:   173056112 [  173056112] - remaining:  1992268975 [  148621102@20.3] - user time: 33375s
Time:    750s, Mem: 84.141GB - scanned:   176328710 [  176328711] - remaining:  1891528741 [   37402081@20.3] - user time: 34799s
Time:    780s, Mem: 84.141GB - scanned:   182138245 [  182138245] - remaining:  1974785988 [  740643169@21.3] - user time: 36228s
Time:    810s, Mem: 84.141GB - scanned:   187893663 [  187893663] - remaining:  2184410004 [  785016758@21.3] - user time: 37665s
Time:    840s, Mem: 84.952GB - scanned:   194309722 [  194309722] - remaining:  2363424440 [  827011307@21.3] - user time: 39091s
Time:    870s, Mem: 89.749GB - scanned:   200933707 [  200933707] - remaining:  2543426094 [  872214401@21.3] - user time: 40512s
Time:    900s, Mem: 93.738GB - scanned:   208032675 [  208032675] - remaining:  2688764521 [  907619504@21.3] - user time: 41936s
Time:    930s, Mem: 97.703GB - scanned:   215332953 [  215332953] - remaining:  2831913287 [  939295281@21.3] - user time: 43361s
Time:    960s, Mem: 101.691GB - scanned:   223091899 [  223091899] - remaining:  2973123917 [  970973254@21.3] - user time: 44774s
Time:    990s, Mem: 105.865GB - scanned:   230146610 [  230146610] - remaining:  3125575494 [ 1005628657@21.3] - user time: 46178s
Time:   1020s, Mem: 110.022GB - scanned:   237692972 [  237692972] - remaining:  3274243041 [ 1043622743@21.3] - user time: 47588s
Time:   1050s, Mem: 114.188GB - scanned:   245288634 [  245288634] - remaining:  3422538288 [ 1075492042@21.3] - user time: 49012s
Time:   1080s, Mem: 118.682GB - scanned:   252297669 [  252297670] - remaining:  3588103640 [ 1118407195@21.3] - user time: 50435s
Time:   1110s, Mem: 123.004GB - scanned:   258880297 [  258880297] - remaining:  3748389434 [ 1163093991@21.3] - user time: 51801s
Time:   1140s, Mem: 126.951GB - scanned:   266565606 [  266565606] - remaining:  3887801570 [ 1192799687@21.3] - user time: 53226s
Time:   1170s, Mem: 151.420GB - scanned:   273825883 [  273825883] - remaining:  4050197049 [ 1234190162@21.3] - user time: 54628s
Time:   1200s, Mem: 151.420GB - scanned:   281752779 [  281752779] - remaining:  4206582104 [ 1274060576@21.3] - user time: 56047s
Time:   1230s, Mem: 151.420GB - scanned:   289548794 [  289548794] - remaining:  4371967589 [ 1317338518@21.3] - user time: 57467s
Time:   1260s, Mem: 151.420GB - scanned:   297203750 [  297203750] - remaining:  4541324687 [ 1358883536@21.3] - user time: 58886s
Time:   1290s, Mem: 156.274GB - scanned:   304845323 [  304845323] - remaining:  4712786793 [ 1403412380@21.3] - user time: 60304s
Time:   1320s, Mem: 161.071GB - scanned:   312557435 [  312557435] - remaining:  4883430333 [ 1451148967@21.3] - user time: 61725s
Time:   1350s, Mem: 165.640GB - scanned:   320511876 [  320511876] - remaining:  5045218500 [ 1496441466@21.3] - user time: 63146s
Time:   1380s, Mem: 169.008GB - scanned:   327227715 [  327227715] - remaining:  5162138489 [ 1514125237@21.3] - user time: 64572s
Time:   1410s, Mem: 170.122GB - scanned:   331339938 [  331339938] - remaining:  5174176205 [ 1462482101@21.3] - user time: 65998s
Time:   1440s, Mem: 171.924GB - scanned:   336944518 [  336944518] - remaining:  5207204490 [ 1425348237@21.3] - user time: 67427s
Time:   1470s, Mem: 175.430GB - scanned:   344174917 [  344174917] - remaining:  5318124776 [ 1428619910@21.3] - user time: 68854s
Time:   1500s, Mem: 178.489GB - scanned:   350948785 [  350948785] - remaining:  5410977367 [ 1427035124@21.3] - user time: 70278s
Time:   1530s, Mem: 182.678GB - scanned:   358516924 [  358516924] - remaining:  5557383848 [ 1453908300@21.3] - user time: 71702s
Time:   1560s, Mem: 186.848GB - scanned:   366049524 [  366049524] - remaining:  5701996956 [ 1483761923@21.3] - user time: 73126s
Time:   1590s, Mem: 190.800GB - scanned:   372795273 [  372795273] - remaining:  5843113075 [ 1519189595@21.3] - user time: 74535s
Time:   1620s, Mem: 194.080GB - scanned:   382997076 [  382997076] - remaining:  5924111001 [ 1502344988@21.3] - user time: 75952s
Time:   1650s, Mem: 195.573GB - scanned:   397209139 [  397209139] - remaining:  5849444552 [ 1378769289@21.3] - user time: 77351s
Time:   1680s, Mem: 196.749GB - scanned:   408343852 [  408343852] - remaining:  5746950685 [ 1251226699@21.3] - user time: 78677s
Time:   1710s, Mem: 198.065GB - scanned:   420824728 [  420824728] - remaining:  5651998465 [ 1127556239@21.3] - user time: 80044s
Time:   1740s, Mem: 199.382GB - scanned:   433307016 [  433307016] - remaining:  5553222360 [ 1000606519@21.3] - user time: 81387s
Time:   1770s, Mem: 200.610GB - scanned:   444933787 [  444933787] - remaining:  5472321075 [  883488472@21.3] - user time: 82768s
Time:   1800s, Mem: 201.383GB - scanned:   452242694 [  452242694] - remaining:  5372564885 [  762767900@21.3] - user time: 84098s
Time:   1830s, Mem: 202.455GB - scanned:   462415108 [  462415108] - remaining:  5272878351 [  637157700@21.3] - user time: 85440s
Time:   1860s, Mem: 203.451GB - scanned:   471836915 [  471836915] - remaining:  5179873872 [  516646727@21.3] - user time: 86764s
Time:   1890s, Mem: 204.085GB - scanned:   477833922 [  477833922] - remaining:  5084688806 [  399783781@21.3] - user time: 88105s
Time:   1920s, Mem: 204.427GB - scanned:   481081308 [  481081308] - remaining:  4969461698 [  274684806@21.3] - user time: 89391s
Time:   1950s, Mem: 204.749GB - scanned:   484122054 [  484122054] - remaining:  4851033396 [  147097787@21.3] - user time: 90676s
Time:   1980s, Mem: 205.147GB - scanned:   487793753 [  487793753] - remaining:  4745872095 [   23597946@21.3] - user time: 92019s
Time:   2010s, Mem: 205.845GB - scanned:   494488132 [  494488132] - remaining:  4768276823 [ 1932349398@22.3] - user time: 93438s
Time:   2040s, Mem: 206.462GB - scanned:   500365296 [  500365296] - remaining:  4846315495 [ 1972818716@22.3] - user time: 94873s
Time:   2070s, Mem: 207.084GB - scanned:   506241545 [  506241545] - remaining:  4925006476 [ 2016275374@22.3] - user time: 96312s
Time:   2100s, Mem: 207.777GB - scanned:   512815986 [  512815986] - remaining:  4996589116 [ 2053600635@22.3] - user time: 97749s
Time:   2130s, Mem: 208.487GB - scanned:   519539800 [  519539800] - remaining:  5071673391 [ 2096096146@22.3] - user time: 99187s
Time:   2160s, Mem: 209.196GB - scanned:   526269694 [  526269694] - remaining:  5145633428 [ 2138918296@22.3] - user time: 100625s
Time:   2190s, Mem: 209.899GB - scanned:   532939548 [  532939548] - remaining:  5218330155 [ 2181751665@22.3] - user time: 102055s
Time:   2220s, Mem: 257.255GB - scanned:   539688520 [  539688520] - remaining:  5282806070 [ 2218350929@22.3] - user time: 103468s
Time:   2250s, Mem: 257.255GB - scanned:   547714674 [  547714675] - remaining:  5344359464 [ 2251839813@22.3] - user time: 104903s
Time:   2280s, Mem: 257.255GB - scanned:   555741407 [  555741407] - remaining:  5404965355 [ 2286891909@22.3] - user time: 106339s
Time:   2310s, Mem: 257.255GB - scanned:   563874042 [  563874042] - remaining:  5454601363 [ 2307898034@22.3] - user time: 107767s
Time:   2340s, Mem: 257.255GB - scanned:   572393547 [  572393547] - remaining:  5512567468 [ 2334837543@22.3] - user time: 109203s
Time:   2370s, Mem: 257.255GB - scanned:   580376878 [  580376878] - remaining:  5578754394 [ 2371288498@22.3] - user time: 110641s
Time:   2400s, Mem: 257.255GB - scanned:   589282699 [  589282699] - remaining:  5639324169 [ 2403078130@22.3] - user time: 112078s
Time:   2430s, Mem: 257.255GB - scanned:   597967880 [  597967880] - remaining:  5692717911 [ 2427450624@22.3] - user time: 113515s
Time:   2460s, Mem: 257.255GB - scanned:   605997116 [  605997116] - remaining:  5765272577 [ 2468795888@22.3] - user time: 114952s
Time:   2490s, Mem: 257.255GB - scanned:   614176895 [  614176895] - remaining:  5827734762 [ 2501223933@22.3] - user time: 116385s
Time:   2520s, Mem: 257.255GB - scanned:   622051921 [  622051921] - remaining:  5888785971 [ 2532527586@22.3] - user time: 117798s
Time:   2550s, Mem: 257.255GB - scanned:   629772353 [  629772353] - remaining:  5957323510 [ 2572979834@22.3] - user time: 119231s
Time:   2580s, Mem: 257.255GB - scanned:   638017863 [  638017863] - remaining:  6025303961 [ 2612537590@22.3] - user time: 120656s
Time:   2610s, Mem: 257.255GB - scanned:   646849918 [  646849918] - remaining:  6083878800 [ 2643870326@22.3] - user time: 122090s
Time:   2640s, Mem: 257.255GB - scanned:   655204752 [  655204752] - remaining:  6146419911 [ 2679293570@22.3] - user time: 123523s
Time:   2670s, Mem: 257.255GB - scanned:   663847157 [  663847157] - remaining:  6201757624 [ 2708322118@22.3] - user time: 124956s
Time:   2700s, Mem: 257.255GB - scanned:   671918287 [  671918287] - remaining:  6264054597 [ 2743102119@22.3] - user time: 126389s
Time:   2730s, Mem: 257.255GB - scanned:   679742814 [  679742814] - remaining:  6333297952 [ 2784113405@22.3] - user time: 127821s
Time:   2760s, Mem: 257.255GB - scanned:   687470170 [  687470171] - remaining:  6410802868 [ 2830919986@22.3] - user time: 129252s
Time:   2790s, Mem: 257.255GB - scanned:   694849834 [  694849834] - remaining:  6489308714 [ 2879608894@22.3] - user time: 130665s
Time:   2820s, Mem: 257.388GB - scanned:   703412115 [  703412115] - remaining:  6545498022 [ 2909522285@22.3] - user time: 132097s
Time:   2850s, Mem: 259.809GB - scanned:   711160203 [  711160203] - remaining:  6617602241 [ 2952144429@22.3] - user time: 133516s
Time:   2880s, Mem: 262.154GB - scanned:   719646544 [  719646544] - remaining:  6684146816 [ 2990783690@22.3] - user time: 134948s
Time:   2910s, Mem: 264.267GB - scanned:   728327799 [  728327799] - remaining:  6740291204 [ 3020710781@22.3] - user time: 136381s
Time:   2940s, Mem: 266.488GB - scanned:   736477108 [  736477109] - remaining:  6801344970 [ 3053835045@22.3] - user time: 137813s
Time:   2970s, Mem: 268.718GB - scanned:   743959858 [  743959858] - remaining:  6863753290 [ 3090499175@22.3] - user time: 139220s
Time:   3000s, Mem: 271.125GB - scanned:   752580985 [  752580985] - remaining:  6927287510 [ 3129182384@22.3] - user time: 140652s
Time:   3030s, Mem: 273.432GB - scanned:   761317712 [  761317712] - remaining:  6987553190 [ 3164994096@22.3] - user time: 142085s
Time:   3060s, Mem: 275.506GB - scanned:   769837235 [  769837235] - remaining:  7039316228 [ 3193956132@22.3] - user time: 143518s
Time:   3090s, Mem: 277.950GB - scanned:   777802251 [  777802251] - remaining:  7109941279 [ 3238917743@22.3] - user time: 144949s
Time:   3120s, Mem: 280.409GB - scanned:   785992915 [  785992915] - remaining:  7180699330 [ 3283862712@22.3] - user time: 146376s
Time:   3150s, Mem: 282.797GB - scanned:   794404412 [  794404412] - remaining:  7246679837 [ 3325413630@22.3] - user time: 147808s
Time:   3180s, Mem: 284.993GB - scanned:   802470041 [  802470041] - remaining:  7305315076 [ 3359164514@22.3] - user time: 149241s
Time:   3210s, Mem: 287.214GB - scanned:   810569954 [  810569954] - remaining:  7365647085 [ 3394760385@22.3] - user time: 150674s
Time:   3240s, Mem: 289.338GB - scanned:   819098746 [  819098746] - remaining:  7419743646 [ 3425995902@22.3] - user time: 152109s
Time:   3270s, Mem: 291.750GB - scanned:   826920796 [  826920796] - remaining:  7489663529 [ 3469784657@22.3] - user time: 153541s
Time:   3300s, Mem: 294.081GB - scanned:   835149227 [  835149227] - remaining:  7554167790 [ 3509708669@22.3] - user time: 154975s
Time:   3330s, Mem: 296.266GB - scanned:   843592644 [  843592644] - remaining:  7611539356 [ 3543929301@22.3] - user time: 156408s
Time:   3360s, Mem: 299.003GB - scanned:   851213774 [  851213774] - remaining:  7695943137 [ 3601020960@22.3] - user time: 157838s
Time:   3390s, Mem: 301.515GB - scanned:   859372912 [  859372912] - remaining:  7768138007 [ 3647613545@22.3] - user time: 159260s
Time:   3420s, Mem: 303.938GB - scanned:   867564451 [  867564451] - remaining:  7837829946 [ 3692891824@22.3] - user time: 160680s
Time:   3450s, Mem: 306.154GB - scanned:   876180777 [  876180777] - remaining:  7896038910 [ 3727901699@22.3] - user time: 162113s
Time:   3480s, Mem: 307.866GB - scanned:   882638599 [  882638599] - remaining:  7936335461 [ 3745942415@22.3] - user time: 163546s
Time:   3510s, Mem: 309.646GB - scanned:   889545899 [  889545899] - remaining:  7979687181 [ 3765542108@22.3] - user time: 164979s
Time:   3540s, Mem: 311.892GB - scanned:   898199882 [  898199882] - remaining:  8035314798 [ 3797536492@22.3] - user time: 166411s
Time:   3570s, Mem: 312.998GB - scanned:   903644906 [  903644906] - remaining:  8016029554 [ 3762221336@22.3] - user time: 167837s
Time:   3600s, Mem: 313.413GB - scanned:   907575539 [  907575539] - remaining:  7947376767 [ 3684429711@22.3] - user time: 169272s
Time:   3630s, Mem: 313.966GB - scanned:   912805013 [  912805013] - remaining:  7895060361 [ 3620523862@22.3] - user time: 170710s
Time:   3660s, Mem: 314.670GB - scanned:   919482368 [  919482368] - remaining:  7875533457 [ 3585890273@22.3] - user time: 172148s
Time:   3690s, Mem: 315.297GB - scanned:   925422388 [  925422388] - remaining:  7846772272 [ 3543494864@22.3] - user time: 173580s
Time:   3720s, Mem: 316.085GB - scanned:   932884655 [  932884655] - remaining:  7853113073 [ 3532201604@22.3] - user time: 175018s
Time:   3750s, Mem: 316.905GB - scanned:   940666529 [  940666529] - remaining:  7866691756 [ 3527955257@22.3] - user time: 176456s
Time:   3780s, Mem: 317.716GB - scanned:   948343512 [  948343512] - remaining:  7892815887 [ 3536001879@22.3] - user time: 177894s
Time:   3810s, Mem: 318.970GB - scanned:   955534414 [  955534414] - remaining:  7924989204 [ 3549554258@22.3] - user time: 179329s
Time:   3840s, Mem: 319.676GB - scanned:   962237685 [  962237685] - remaining:  7910856511 [ 3520191887@22.3] - user time: 180764s
Time:   3870s, Mem: 321.350GB - scanned:   970164016 [  970164016] - remaining:  7948347193 [ 3537374352@22.3] - user time: 182199s
Time:   3900s, Mem: 323.174GB - scanned:   978228358 [  978228358] - remaining:  7988486579 [ 3558117134@22.3] - user time: 183633s
Time:   3930s, Mem: 325.389GB - scanned:   986005305 [  986005305] - remaining:  8044606470 [ 3593135517@22.3] - user time: 185066s
Time:   3960s, Mem: 327.235GB - scanned:   994188168 [  994188168] - remaining:  8085526010 [ 3616296020@22.3] - user time: 186500s
Time:   3990s, Mem: 328.865GB - scanned:  1000895091 [ 1000895091] - remaining:  8123666380 [ 3634732615@22.3] - user time: 187923s
Time:   4020s, Mem: 330.995GB - scanned:  1008177550 [ 1008177550] - remaining:  8183753289 [ 3673155470@22.3] - user time: 189355s
Time:   4050s, Mem: 333.046GB - scanned:  1015787967 [ 1015787967] - remaining:  8237202155 [ 3707321104@22.3] - user time: 190787s
Time:   4080s, Mem: 335.175GB - scanned:  1023841478 [ 1023841478] - remaining:  8292497069 [ 3744567316@22.3] - user time: 192220s
Time:   4110s, Mem: 336.815GB - scanned:  1036423693 [ 1036423694] - remaining:  8229607667 [ 3663494634@22.3] - user time: 193642s
Time:   4140s, Mem: 338.506GB - scanned:  1052448801 [ 1052448801] - remaining:  8109829343 [ 3529221701@22.3] - user time: 195065s
Time:   4170s, Mem: 340.302GB - scanned:  1069463349 [ 1069463350] - remaining:  7981827189 [ 3388357757@22.3] - user time: 196483s
Time:   4200s, Mem: 431.868GB - scanned:  1081703937 [ 1081703937] - remaining:  7854580700 [ 3254505053@22.3] - user time: 197812s
Time:   4230s, Mem: 431.868GB - scanned:  1094152106 [ 1094152108] - remaining:  7718660141 [ 3112675085@22.3] - user time: 199142s
Time:   4260s, Mem: 431.868GB - scanned:  1110021072 [ 1110021072] - remaining:  7581877231 [ 2967733581@22.3] - user time: 200508s
Time:   4290s, Mem: 431.868GB - scanned:  1123671493 [ 1123671493] - remaining:  7461544903 [ 2837442950@22.3] - user time: 201902s
Time:   4320s, Mem: 431.868GB - scanned:  1135438971 [ 1135438971] - remaining:  7346619202 [ 2712448276@22.3] - user time: 203309s
Time:   4350s, Mem: 431.868GB - scanned:  1146661291 [ 1146661291] - remaining:  7210065211 [ 2569910279@22.3] - user time: 204639s
Time:   4380s, Mem: 431.868GB - scanned:  1160794667 [ 1160794668] - remaining:  7084036591 [ 2435146925@22.3] - user time: 206025s
Time:   4410s, Mem: 431.868GB - scanned:  1176111015 [ 1176111015] - remaining:  6958483790 [ 2299079097@22.3] - user time: 207386s
Time:   4440s, Mem: 431.868GB - scanned:  1186410905 [ 1186410905] - remaining:  6840765959 [ 2172420468@22.3] - user time: 208765s
Time:   4470s, Mem: 431.868GB - scanned:  1196540015 [ 1196540015] - remaining:  6725807959 [ 2048269515@22.3] - user time: 210157s
Time:   4500s, Mem: 431.868GB - scanned:  1207360260 [ 1207360260] - remaining:  6610702963 [ 1923759627@22.3] - user time: 211552s
Time:   4530s, Mem: 431.868GB - scanned:  1214450744 [ 1214450746] - remaining:  6479186680 [ 1787347944@22.3] - user time: 212864s
Time:   4560s, Mem: 431.868GB - scanned:  1224694722 [ 1224694722] - remaining:  6346323326 [ 1648021500@22.3] - user time: 214208s
Time:   4590s, Mem: 431.868GB - scanned:  1233187163 [ 1233187163] - remaining:  6224651082 [ 1520001970@22.3] - user time: 215537s
Time:   4620s, Mem: 431.868GB - scanned:  1244399271 [ 1244399271] - remaining:  6090543001 [ 1378726675@22.3] - user time: 216879s
Time:   4650s, Mem: 431.868GB - scanned:  1253587049 [ 1253587049] - remaining:  5964784315 [ 1245609596@22.3] - user time: 218234s
Time:   4680s, Mem: 431.868GB - scanned:  1258359977 [ 1258359977] - remaining:  5840454951 [ 1115741567@22.3] - user time: 219577s
Time:   4710s, Mem: 431.868GB - scanned:  1269295336 [ 1269295336] - remaining:  5739790894 [ 1003975144@22.3] - user time: 220995s
Time:   4740s, Mem: 431.868GB - scanned:  1273558181 [ 1273558181] - remaining:  5610814458 [  870068776@22.3] - user time: 222328s
Time:   4770s, Mem: 431.868GB - scanned:  1276383887 [ 1276383887] - remaining:  5479306610 [  735551651@22.3] - user time: 223616s
Time:   4800s, Mem: 431.868GB - scanned:  1278579216 [ 1278579216] - remaining:  5341254287 [  595922575@22.3] - user time: 224863s
Time:   4830s, Mem: 431.868GB - scanned:  1280997452 [ 1280997452] - remaining:  5207777703 [  459930491@22.3] - user time: 226144s
Time:   4860s, Mem: 431.868GB - scanned:  1284046258 [ 1284046258] - remaining:  5069463780 [  319144011@22.3] - user time: 227431s
Time:   4890s, Mem: 431.868GB - scanned:  1286978275 [ 1286978275] - remaining:  4934641720 [  180520993@22.3] - user time: 228738s
Time:   4920s, Mem: 431.868GB - scanned:  1292380224 [ 1292380224] - remaining:  4816257287 [   53469617@22.3] - user time: 230130s
Time:   4950s, Mem: 431.868GB - scanned:  1301319895 [ 1301319895] - remaining:  4770663201 [ 4770663201@23.3] - user time: 231557s
Time:   4980s, Mem: 431.868GB - scanned:  1307927322 [ 1307927322] - remaining:  4804273053 [ 4804273053@23.3] - user time: 232991s
Time:   5010s, Mem: 431.868GB - scanned:  1314033562 [ 1314033562] - remaining:  4842104227 [ 4842104227@23.3] - user time: 234415s
Time:   5040s, Mem: 431.868GB - scanned:  1320216872 [ 1320216872] - remaining:  4881520402 [ 4881520402@23.3] - user time: 235853s
Time:   5070s, Mem: 431.868GB - scanned:  1326725903 [ 1326725903] - remaining:  4908563383 [ 4908563383@23.3] - user time: 237284s
Time:   5100s, Mem: 431.868GB - scanned:  1333869198 [ 1333869198] - remaining:  4948882080 [ 4948882080@23.3] - user time: 238721s
Time:   5130s, Mem: 431.868GB - scanned:  1338077228 [ 1338077228] - remaining:  4970889637 [ 4970889637@23.3] - user time: 239713s
Time:   5160s, Mem: 431.868GB - scanned:  1341270126 [ 1341270126] - remaining:  4989947360 [ 4989947360@23.3] - user time: 240549s
Time:   5190s, Mem: 431.868GB - scanned:  1344426641 [ 1344426641] - remaining:  5008773746 [ 5008773746@23.3] - user time: 241396s
Time:   5220s, Mem: 431.868GB - scanned:  1347581536 [ 1347581537] - remaining:  5028188032 [ 5028188032@23.3] - user time: 242232s
Time:   5250s, Mem: 431.868GB - scanned:  1350717522 [ 1350717522] - remaining:  5045308477 [ 5045308477@23.3] - user time: 243055s
Time:   5280s, Mem: 431.868GB - scanned:  1353795863 [ 1353795863] - remaining:  5063289457 [ 5063289457@23.3] - user time: 243907s
Time:   5310s, Mem: 431.868GB - scanned:  1356920979 [ 1356920979] - remaining:  5081107760 [ 5081107760@23.3] - user time: 244762s
Time:   5340s, Mem: 431.868GB - scanned:  1360144719 [ 1360144719] - remaining:  5101181819 [ 5101181819@23.3] - user time: 245603s
Time:   5370s, Mem: 431.868GB - scanned:  1363271135 [ 1363271135] - remaining:  5117203343 [ 5117203343@23.3] - user time: 246416s
Time:   5400s, Mem: 431.868GB - scanned:  1366385311 [ 1366385311] - remaining:  5135908048 [ 5135908048@23.3] - user time: 247261s
Time:   5430s, Mem: 431.868GB - scanned:  1369466589 [ 1369466589] - remaining:  5155853496 [ 5155853496@23.3] - user time: 248109s
Time:   5460s, Mem: 431.868GB - scanned:  1372655391 [ 1372655391] - remaining:  5174081529 [ 5174081529@23.3] - user time: 248955s
Time:   5490s, Mem: 431.868GB - scanned:  1375891172 [ 1375891172] - remaining:  5191994701 [ 5191994701@23.3] - user time: 249791s
Time:   5520s, Mem: 431.868GB - scanned:  1379023279 [ 1379023279] - remaining:  5211315891 [ 5211315891@23.3] - user time: 250637s
Time:   5550s, Mem: 431.868GB - scanned:  1384046418 [ 1384046418] - remaining:  5227006023 [ 5227006023@23.3] - user time: 251755s
Time:   5580s, Mem: 431.868GB - scanned:  1391938098 [ 1391938098] - remaining:  5253329530 [ 5253329530@23.3] - user time: 253188s
Time:   5610s, Mem: 431.868GB - scanned:  1400191120 [ 1400191120] - remaining:  5288580692 [ 5288580692@23.3] - user time: 254625s
Time:   5640s, Mem: 431.868GB - scanned:  1408321016 [ 1408321016] - remaining:  5322122797 [ 5322122797@23.3] - user time: 256062s
Time:   5670s, Mem: 431.868GB - scanned:  1416448130 [ 1416448130] - remaining:  5355616947 [ 5355616947@23.3] - user time: 257499s
Time:   5700s, Mem: 431.868GB - scanned:  1424609147 [ 1424609147] - remaining:  5388524585 [ 5388524585@23.3] - user time: 258936s
Time:   5730s, Mem: 431.868GB - scanned:  1432463783 [ 1432463783] - remaining:  5410855416 [ 5410855416@23.3] - user time: 260371s
Time:   5760s, Mem: 431.868GB - scanned:  1441203533 [ 1441203533] - remaining:  5426054008 [ 5426054008@23.3] - user time: 261807s
Time:   5790s, Mem: 431.868GB - scanned:  1449235305 [ 1449235305] - remaining:  5436765127 [ 5436765127@23.3] - user time: 263197s
Time:   5820s, Mem: 431.868GB - scanned:  1457456237 [ 1457456237] - remaining:  5463013911 [ 5463013911@23.3] - user time: 264634s
Time:   5850s, Mem: 431.868GB - scanned:  1466097005 [ 1466097005] - remaining:  5484755182 [ 5484755182@23.3] - user time: 266058s
Time:   5880s, Mem: 431.868GB - scanned:  1475730240 [ 1475730240] - remaining:  5498302116 [ 5498302116@23.3] - user time: 267494s
Time:   5910s, Mem: 431.868GB - scanned:  1484326742 [ 1484326742] - remaining:  5510683227 [ 5510683227@23.3] - user time: 268931s
Time:   5940s, Mem: 431.868GB - scanned:  1492462226 [ 1492462226] - remaining:  5529930247 [ 5529930247@23.3] - user time: 270366s
Time:   5970s, Mem: 431.868GB - scanned:  1500559342 [ 1500559342] - remaining:  5564144467 [ 5564144467@23.3] - user time: 271804s
Time:   6000s, Mem: 431.868GB - scanned:  1508735582 [ 1508735582] - remaining:  5593083850 [ 5593083850@23.3] - user time: 273241s
Time:   6030s, Mem: 431.868GB - scanned:  1517141293 [ 1517141293] - remaining:  5627282649 [ 5627282649@23.3] - user time: 274679s
Time:   6060s, Mem: 431.868GB - scanned:  1526257076 [ 1526257076] - remaining:  5651869545 [ 5651869545@23.3] - user time: 276112s
Time:   6090s, Mem: 431.868GB - scanned:  1535392468 [ 1535392468] - remaining:  5671596530 [ 5671596530@23.3] - user time: 277547s
Time:   6120s, Mem: 431.868GB - scanned:  1544684294 [ 1544684294] - remaining:  5685823493 [ 5685823493@23.3] - user time: 278984s
Time:   6150s, Mem: 431.868GB - scanned:  1553176348 [ 1553176349] - remaining:  5710239852 [ 5710239852@23.3] - user time: 280422s
Time:   6180s, Mem: 431.868GB - scanned:  1561534737 [ 1561534737] - remaining:  5743185066 [ 5743185066@23.3] - user time: 281860s
Time:   6210s, Mem: 431.868GB - scanned:  1569991700 [ 1569991700] - remaining:  5770080164 [ 5770080164@23.3] - user time: 283297s
Time:   6240s, Mem: 431.868GB - scanned:  1577955918 [ 1577955918] - remaining:  5798083046 [ 5798083046@23.3] - user time: 284735s
Time:   6270s, Mem: 431.868GB - scanned:  1585818130 [ 1585818130] - remaining:  5839725141 [ 5839725141@23.3] - user time: 286172s
Time:   6300s, Mem: 431.868GB - scanned:  1593160447 [ 1593160448] - remaining:  5886561572 [ 5886561572@23.3] - user time: 287610s
Time:   6330s, Mem: 431.868GB - scanned:  1601775023 [ 1601775023] - remaining:  5913723188 [ 5913723188@23.3] - user time: 289046s
Time:   6360s, Mem: 431.868GB - scanned:  1609376081 [ 1609376081] - remaining:  5947173818 [ 5947173818@23.3] - user time: 290464s
Time:   6390s, Mem: 431.868GB - scanned:  1617230207 [ 1617230207] - remaining:  5982601121 [ 5982601121@23.3] - user time: 291882s
Time:   6420s, Mem: 431.868GB - scanned:  1625560243 [ 1625562031] - remaining:  6008775576 [ 6008775576@23.3] - user time: 293319s
Time:   6450s, Mem: 431.868GB - scanned:  1633815147 [ 1633818601] - remaining:  6029704043 [ 6029704043@23.3] - user time: 294755s
Time:   6480s, Mem: 431.868GB - scanned:  1641795205 [ 1641801361] - remaining:  6047738012 [ 6047738012@23.3] - user time: 296188s
Time:   6510s, Mem: 431.868GB - scanned:  1649604706 [ 1649610862] - remaining:  6081531321 [ 6081531321@23.3] - user time: 297626s
Time:   6540s, Mem: 431.868GB - scanned:  1657465239 [ 1657471395] - remaining:  6118905457 [ 6118905457@23.3] - user time: 299063s
Time:   6570s, Mem: 431.868GB - scanned:  1665990908 [ 1665997064] - remaining:  6152065872 [ 6152065872@23.3] - user time: 300500s
Time:   6600s, Mem: 431.868GB - scanned:  1674581610 [ 1674587766] - remaining:  6182588217 [ 6182588217@23.3] - user time: 301938s
Time:   6630s, Mem: 431.868GB - scanned:  1683537345 [ 1683543501] - remaining:  6208203989 [ 6208203989@23.3] - user time: 303375s
Time:   6660s, Mem: 432.415GB - scanned:  1692457973 [ 1692464129] - remaining:  6230624113 [ 6230624113@23.3] - user time: 304789s
Time:   6690s, Mem: 433.335GB - scanned:  1701176477 [ 1701182633] - remaining:  6252852883 [ 6252852883@23.3] - user time: 306225s
Time:   6720s, Mem: 434.203GB - scanned:  1709391819 [ 1709397975] - remaining:  6289513714 [ 6289513714@23.3] - user time: 307662s
Time:   6750s, Mem: 435.090GB - scanned:  1717789884 [ 1717796040] - remaining:  6318173865 [ 6318173865@23.3] - user time: 309099s
Time:   6780s, Mem: 435.946GB - scanned:  1725895890 [ 1725902046] - remaining:  6358951762 [ 6358951762@23.3] - user time: 310536s
Time:   6810s, Mem: 436.806GB - scanned:  1734020435 [ 1734028991] - remaining:  6392456441 [ 6392456441@23.3] - user time: 311972s
Time:   6840s, Mem: 437.750GB - scanned:  1742978782 [ 1742987338] - remaining:  6411586614 [ 6411586614@23.3] - user time: 313405s
Time:   6870s, Mem: 438.624GB - scanned:  1751263653 [ 1751272210] - remaining:  6439013146 [ 6439013146@23.3] - user time: 314842s
Time:   6900s, Mem: 439.467GB - scanned:  1759229860 [ 1759238416] - remaining:  6470946982 [ 6470946982@23.3] - user time: 316279s
Time:   6930s, Mem: 440.304GB - scanned:  1767152753 [ 1767161309] - remaining:  6508563043 [ 6508563043@23.3] - user time: 317717s
Time:   6960s, Mem: 441.164GB - scanned:  1775296725 [ 1775305281] - remaining:  6545594613 [ 6545594613@23.3] - user time: 319154s
Time:   6990s, Mem: 441.917GB - scanned:  1782437144 [ 1782445700] - remaining:  6588014702 [ 6588014702@23.3] - user time: 320556s
Time:   7020s, Mem: 442.826GB - scanned:  1791042010 [ 1791050566] - remaining:  6611096836 [ 6611096836@23.3] - user time: 321994s
Time:   7050s, Mem: 443.695GB - scanned:  1799268848 [ 1799277404] - remaining:  6644517979 [ 6644517979@23.3] - user time: 323431s
Time:   7080s, Mem: 444.530GB - scanned:  1807197728 [ 1807206284] - remaining:  6675420239 [ 6675420239@23.3] - user time: 324847s
Time:   7110s, Mem: 445.353GB - scanned:  1814991762 [ 1815000318] - remaining:  6719590325 [ 6719590325@23.3] - user time: 326284s
Time:   7140s, Mem: 446.160GB - scanned:  1822594636 [ 1822603192] - remaining:  6764879808 [ 6764879808@23.3] - user time: 327722s
Time:   7170s, Mem: 447.048GB - scanned:  1831044776 [ 1831053332] - remaining:  6793290394 [ 6793290394@23.3] - user time: 329146s
Time:   7200s, Mem: 447.971GB - scanned:  1839772237 [ 1839782753] - remaining:  6815158636 [ 6815158636@23.3] - user time: 330583s
Time:   7230s, Mem: 448.883GB - scanned:  1848427967 [ 1848445399] - remaining:  6842357119 [ 6842357119@23.3] - user time: 332020s
Time:   7260s, Mem: 449.786GB - scanned:  1856977039 [ 1857005203] - remaining:  6865456430 [ 6865456430@23.3] - user time: 333457s
Time:   7290s, Mem: 450.606GB - scanned:  1864741394 [ 1864774934] - remaining:  6904564724 [ 6904564724@23.3] - user time: 334892s
Time:   7320s, Mem: 451.408GB - scanned:  1872336631 [ 1872370171] - remaining:  6947510903 [ 6947510903@23.3] - user time: 336294s
Time:   7350s, Mem: 452.338GB - scanned:  1881148851 [ 1881184130] - remaining:  6975941192 [ 6975941192@23.3] - user time: 337730s
Time:   7380s, Mem: 453.209GB - scanned:  1889385313 [ 1889431517] - remaining:  7006026715 [ 7006026715@23.3] - user time: 339167s
Time:   7410s, Mem: 454.173GB - scanned:  1898469655 [ 1898590048] - remaining:  7024197091 [ 7024197091@23.3] - user time: 340604s
Time:   7440s, Mem: 454.995GB - scanned:  1906212208 [ 1906359107] - remaining:  7061725805 [ 7061725805@23.3] - user time: 342040s
Time:   7470s, Mem: 455.849GB - scanned:  1914313959 [ 1914462498] - remaining:  7086384800 [ 7086384800@23.3] - user time: 343475s
Time:   7500s, Mem: 456.780GB - scanned:  1923109013 [ 1923309055] - remaining:  7098023710 [ 7098023710@23.3] - user time: 344909s
Time:   7530s, Mem: 457.562GB - scanned:  1930490050 [ 1930703530] - remaining:  7124615639 [ 7124615639@23.3] - user time: 346345s
Time:   7560s, Mem: 458.405GB - scanned:  1938478370 [ 1938691850] - remaining:  7163354336 [ 7163354336@23.3] - user time: 347783s
Time:   7590s, Mem: 459.296GB - scanned:  1946927619 [ 1947141099] - remaining:  7197827196 [ 7197827196@23.3] - user time: 349214s
Time:   7620s, Mem: 460.238GB - scanned:  1955841191 [ 1956054671] - remaining:  7226820255 [ 7226820255@23.3] - user time: 350646s
Time:   7650s, Mem: 461.198GB - scanned:  1964934503 [ 1965147983] - remaining:  7251159331 [ 7251159331@23.3] - user time: 352083s
Time:   7680s, Mem: 462.086GB - scanned:  1973359502 [ 1973572982] - remaining:  7286527532 [ 7286527532@23.3] - user time: 353521s
Time:   7710s, Mem: 462.991GB - scanned:  1981944578 [ 1982158058] - remaining:  7318051596 [ 7318051596@23.3] - user time: 354958s
Time:   7740s, Mem: 463.917GB - scanned:  1990710089 [ 1990923569] - remaining:  7347265589 [ 7347265589@23.3] - user time: 356395s
Time:   7770s, Mem: 464.834GB - scanned:  1999402727 [ 1999616207] - remaining:  7367690107 [ 7367690107@23.3] - user time: 357833s
Time:   7800s, Mem: 465.680GB - scanned:  2007424832 [ 2007638312] - remaining:  7400019291 [ 7400019291@23.3] - user time: 359260s
Time:   7830s, Mem: 466.516GB - scanned:  2015339220 [ 2015552700] - remaining:  7437595029 [ 7437595029@23.3] - user time: 360677s
Time:   7860s, Mem: 467.336GB - scanned:  2023122356 [ 2023335836] - remaining:  7481181800 [ 7481181800@23.3] - user time: 362114s
Time:   7890s, Mem: 468.252GB - scanned:  2031791095 [ 2032004575] - remaining:  7507435656 [ 7507435656@23.3] - user time: 363550s
Time:   7920s, Mem: 468.951GB - scanned:  2038387465 [ 2038600945] - remaining:  7538341113 [ 7538341113@23.3] - user time: 364784s
Time:   7950s, Mem: 469.821GB - scanned:  2046661117 [ 2046874597] - remaining:  7579123293 [ 7579123293@23.3] - user time: 366221s
Time:   7980s, Mem: 470.754GB - scanned:  2055495174 [ 2055724560] - remaining:  7603506557 [ 7603506557@23.3] - user time: 367652s
Time:   8010s, Mem: 471.613GB - scanned:  2063622338 [ 2063853922] - remaining:  7646551376 [ 7646551376@23.3] - user time: 369089s
Time:   8040s, Mem: 472.524GB - scanned:  2072203385 [ 2072472849] - remaining:  7676845881 [ 7676845881@23.3] - user time: 370526s
Time:   8070s, Mem: 473.436GB - scanned:  2080872923 [ 2081142793] - remaining:  7703877511 [ 7703877511@23.3] - user time: 371963s
Time:   8100s, Mem: 474.303GB - scanned:  2089082155 [ 2089352025] - remaining:  7728740503 [ 7728740503@23.3] - user time: 373401s
Time:   8130s, Mem: 475.169GB - scanned:  2097284973 [ 2097554843] - remaining:  7756450704 [ 7756450704@23.3] - user time: 374839s
Time:   8160s, Mem: 476.062GB - scanned:  2105750928 [ 2106020798] - remaining:  7780167212 [ 7780167212@23.3] - user time: 376276s
Time:   8190s, Mem: 476.785GB - scanned:  2112590163 [ 2112860033] - remaining:  7816866170 [ 7816866170@23.3] - user time: 377599s
Time:   8220s, Mem: 477.193GB - scanned:  2116451945 [ 2116721815] - remaining:  7829600825 [ 7829600825@23.3] - user time: 378405s
Time:   8250s, Mem: 477.621GB - scanned:  2120524294 [ 2120794164] - remaining:  7840421661 [ 7840421661@23.3] - user time: 379218s
Time:   8280s, Mem: 478.035GB - scanned:  2124445692 [ 2124717034] - remaining:  7852217133 [ 7852217133@23.3] - user time: 380020s
Time:   8310s, Mem: 478.447GB - scanned:  2128345278 [ 2128626720] - remaining:  7864554024 [ 7864554024@23.3] - user time: 380830s
Time:   8340s, Mem: 478.866GB - scanned:  2132287737 [ 2132588251] - remaining:  7874642643 [ 7874642643@23.3] - user time: 381637s
Time:   8370s, Mem: 479.231GB - scanned:  2135743985 [ 2136053371] - remaining:  7893102345 [ 7893102345@23.3] - user time: 382451s
Time:   8400s, Mem: 479.597GB - scanned:  2139222138 [ 2139531524] - remaining:  7914661529 [ 7914661529@23.3] - user time: 383277s
Time:   8430s, Mem: 479.960GB - scanned:  2142647193 [ 2142956579] - remaining:  7936133918 [ 7936133918@23.3] - user time: 384103s
Time:   8460s, Mem: 480.309GB - scanned:  2145951574 [ 2146260960] - remaining:  7956967879 [ 7956967879@23.3] - user time: 384929s
Time:   8490s, Mem: 655.115GB - scanned:  2151865856 [ 2152175242] - remaining:  7987561895 [ 7987561895@23.3] - user time: 386064s
Time:   8520s, Mem: 655.115GB - scanned:  2160640271 [ 2160949657] - remaining:  8020570335 [ 8020570335@23.3] - user time: 387497s
Time:   8550s, Mem: 655.115GB - scanned:  2169396379 [ 2169707794] - remaining:  8055604395 [ 8055604395@23.3] - user time: 388931s
Time:   8580s, Mem: 655.115GB - scanned:  2178014450 [ 2178328660] - remaining:  8094471404 [ 8094471404@23.3] - user time: 390353s
Time:   8610s, Mem: 655.115GB - scanned:  2186954767 [ 2187301699] - remaining:  8121964477 [ 8121964477@23.3] - user time: 391788s
Time:   8640s, Mem: 655.115GB - scanned:  2196225160 [ 2196697699] - remaining:  8148357411 [ 8148357411@23.3] - user time: 393223s
Time:   8670s, Mem: 655.115GB - scanned:  2204707366 [ 2205348503] - remaining:  8186850555 [ 8186850555@23.3] - user time: 394658s
Time:   8700s, Mem: 655.115GB - scanned:  2212598355 [ 2213239492] - remaining:  8247322364 [ 8247322364@23.3] - user time: 396093s
Time:   8730s, Mem: 655.115GB - scanned:  2220021219 [ 2220662356] - remaining:  8291570853 [ 8291570853@23.3] - user time: 397369s
Time:   8760s, Mem: 655.115GB - scanned:  2224098326 [ 2224739463] - remaining:  8314754781 [ 8314754781@23.3] - user time: 398240s
Time:   8790s, Mem: 655.115GB - scanned:  2232460654 [ 2233106575] - remaining:  8363163195 [ 8363163195@23.3] - user time: 399666s
Time:   8820s, Mem: 655.115GB - scanned:  2241038952 [ 2241696255] - remaining:  8410676729 [ 8410676729@23.3] - user time: 401102s
Time:   8850s, Mem: 655.115GB - scanned:  2249726067 [ 2250412948] - remaining:  8456174342 [ 8456174342@23.3] - user time: 402539s
Time:   8880s, Mem: 655.115GB - scanned:  2258521218 [ 2259296158] - remaining:  8487727593 [ 8487727593@23.3] - user time: 403931s
Time:   8910s, Mem: 655.115GB - scanned:  2267612851 [ 2268633047] - remaining:  8514974112 [ 8514974112@23.3] - user time: 405337s
Time:   8940s, Mem: 655.115GB - scanned:  2276828799 [ 2278095751] - remaining:  8546171110 [ 8546171110@23.3] - user time: 406772s
Time:   8970s, Mem: 655.115GB - scanned:  2283954417 [ 2285695440] - remaining:  8561409186 [ 8561409186@23.3] - user time: 408190s
Time:   9000s, Mem: 655.115GB - scanned:  2289724067 [ 2291465090] - remaining:  8564802752 [ 8564802752@23.3] - user time: 409591s
Time:   9030s, Mem: 655.115GB - scanned:  2296320534 [ 2298062875] - remaining:  8567530942 [ 8567530942@23.3] - user time: 411000s
Time:   9060s, Mem: 655.115GB - scanned:  2303915065 [ 2305673753] - remaining:  8595495165 [ 8595495165@23.3] - user time: 412432s
Time:   9090s, Mem: 655.115GB - scanned:  2312064554 [ 2313863977] - remaining:  8621275357 [ 8621275357@23.3] - user time: 413865s
Time:   9120s, Mem: 655.115GB - scanned:  2321001597 [ 2323091193] - remaining:  8649024693 [ 8649024693@23.3] - user time: 415299s
Time:   9150s, Mem: 655.115GB - scanned:  2331236187 [ 2333789790] - remaining:  8683441593 [ 8683441593@23.3] - user time: 416732s
Time:   9180s, Mem: 655.115GB - scanned:  2333644366 [ 2336504005] - remaining:  8632143280 [ 8632143280@23.3] - user time: 417996s
Time:   9210s, Mem: 655.115GB - scanned:  2336268030 [ 2339127669] - remaining:  8577640782 [ 8577640782@23.3] - user time: 419290s
Time:   9240s, Mem: 655.115GB - scanned:  2338551216 [ 2341410855] - remaining:  8514003832 [ 8514003832@23.3] - user time: 420561s
Time:   9270s, Mem: 655.115GB - scanned:  2342124539 [ 2344984178] - remaining:  8457954879 [ 8457954879@23.3] - user time: 421882s
Time:   9300s, Mem: 655.115GB - scanned:  2345399719 [ 2348259358] - remaining:  8397873186 [ 8397873186@23.3] - user time: 423173s
Time:   9330s, Mem: 655.115GB - scanned:  2349296205 [ 2352155844] - remaining:  8336215723 [ 8336215723@23.3] - user time: 424496s
Time:   9360s, Mem: 655.115GB - scanned:  2353782894 [ 2356642533] - remaining:  8280386753 [ 8280386753@23.3] - user time: 425849s
Time:   9390s, Mem: 655.115GB - scanned:  2358429509 [ 2361289148] - remaining:  8229501894 [ 8229501894@23.3] - user time: 427202s
Time:   9420s, Mem: 655.115GB - scanned:  2364439451 [ 2367299090] - remaining:  8182263583 [ 8182263583@23.3] - user time: 428592s
Time:   9450s, Mem: 655.115GB - scanned:  2371961941 [ 2374821580] - remaining:  8138613252 [ 8138613252@23.3] - user time: 430024s
Time:   9480s, Mem: 655.115GB - scanned:  2378566483 [ 2381426122] - remaining:  8105897046 [ 8105897046@23.3] - user time: 431451s
Time:   9510s, Mem: 655.115GB - scanned:  2385324840 [ 2388184479] - remaining:  8075281402 [ 8075281402@23.3] - user time: 432875s
Time:   9540s, Mem: 655.115GB - scanned:  2391887651 [ 2394765628] - remaining:  8042184199 [ 8042184199@23.3] - user time: 434284s
Time:   9570s, Mem: 655.115GB - scanned:  2396108052 [ 2398986029] - remaining:  7988903444 [ 7988903444@23.3] - user time: 435614s
Time:   9600s, Mem: 655.115GB - scanned:  2403640715 [ 2406518692] - remaining:  7956962729 [ 7956962729@23.3] - user time: 437046s
Time:   9630s, Mem: 655.115GB - scanned:  2411862588 [ 2414746009] - remaining:  7940173654 [ 7940173654@23.3] - user time: 438480s
Time:   9660s, Mem: 655.115GB - scanned:  2420203870 [ 2423087291] - remaining:  7926178562 [ 7926178562@23.3] - user time: 439918s
Time:   9690s, Mem: 655.115GB - scanned:  2428568520 [ 2431451941] - remaining:  7918564223 [ 7918564223@23.3] - user time: 441354s
Time:   9720s, Mem: 655.115GB - scanned:  2437311887 [ 2440232874] - remaining:  7910005809 [ 7910005809@23.3] - user time: 442788s
Time:   9750s, Mem: 655.115GB - scanned:  2445248675 [ 2448189044] - remaining:  7921963093 [ 7921963093@23.3] - user time: 444225s
Time:   9780s, Mem: 655.115GB - scanned:  2453688423 [ 2456645254] - remaining:  7933885632 [ 7933885632@23.3] - user time: 445662s
Time:   9810s, Mem: 655.115GB - scanned:  2462131893 [ 2465308870] - remaining:  7940981166 [ 7940981166@23.3] - user time: 447098s
Time:   9840s, Mem: 655.115GB - scanned:  2469519566 [ 2472704385] - remaining:  7962735163 [ 7962735163@23.3] - user time: 448531s
Time:   9870s, Mem: 655.115GB - scanned:  2477246244 [ 2480736746] - remaining:  7968442148 [ 7968442148@23.3] - user time: 449957s
Time:   9900s, Mem: 655.115GB - scanned:  2482153390 [ 2485643892] - remaining:  7916373008 [ 7916373008@23.3] - user time: 451316s
Time:   9930s, Mem: 655.115GB - scanned:  2489518633 [ 2493051000] - remaining:  7901209429 [ 7901209429@23.3] - user time: 452742s
Time:   9960s, Mem: 655.115GB - scanned:  2497779061 [ 2501311588] - remaining:  7895843818 [ 7895843818@23.3] - user time: 454164s
Time:   9990s, Mem: 655.115GB - scanned:  2506474722 [ 2510036532] - remaining:  7905489690 [ 7905489690@23.3] - user time: 455598s
Time:  10020s, Mem: 655.115GB - scanned:  2515058495 [ 2518622115] - remaining:  7926131774 [ 7926131774@23.3] - user time: 457027s
Time:  10050s, Mem: 655.115GB - scanned:  2524030963 [ 2527719777] - remaining:  7937622598 [ 7937622598@23.3] - user time: 458464s
Time:  10080s, Mem: 655.115GB - scanned:  2532297349 [ 2536102437] - remaining:  7970862282 [ 7970862282@23.3] - user time: 459902s
Time:  10110s, Mem: 655.115GB - scanned:  2540826367 [ 2544633071] - remaining:  8003097074 [ 8003097074@23.3] - user time: 461339s
Time:  10140s, Mem: 655.115GB - scanned:  2549418045 [ 2553231559] - remaining:  8032249800 [ 8032249800@23.3] - user time: 462777s
Time:  10170s, Mem: 655.115GB - scanned:  2558203037 [ 2562112576] - remaining:  8053964357 [ 8053964357@23.3] - user time: 464214s
Time:  10200s, Mem: 655.115GB - scanned:  2566917974 [ 2571120487] - remaining:  8072088398 [ 8072088398@23.3] - user time: 465630s
Time:  10230s, Mem: 655.115GB - scanned:  2573846698 [ 2578441050] - remaining:  8090405616 [ 8090405616@23.3] - user time: 467052s
Time:  10260s, Mem: 655.115GB - scanned:  2580568158 [ 2585162510] - remaining:  8100179377 [ 8100179377@23.3] - user time: 468455s
Time:  10290s, Mem: 655.115GB - scanned:  2588358331 [ 2592960535] - remaining:  8131757869 [ 8131757869@23.3] - user time: 469878s
Time:  10320s, Mem: 655.115GB - scanned:  2595907546 [ 2600525700] - remaining:  8168880610 [ 8168880610@23.3] - user time: 471306s
Time:  10350s, Mem: 655.115GB - scanned:  2604410440 [ 2609112212] - remaining:  8207826676 [ 8207826676@23.3] - user time: 472741s
Time:  10380s, Mem: 655.115GB - scanned:  2612270762 [ 2617093946] - remaining:  8234088661 [ 8234088661@23.3] - user time: 474164s
Time:  10410s, Mem: 655.115GB - scanned:  2620870466 [ 2625826493] - remaining:  8271142865 [ 8271142865@23.3] - user time: 475598s
Time:  10440s, Mem: 655.115GB - scanned:  2629584860 [ 2635185561] - remaining:  8305998307 [ 8305998307@23.3] - user time: 477033s
Time:  10470s, Mem: 655.115GB - scanned:  2638310810 [ 2645023422] - remaining:  8332143174 [ 8332143174@23.3] - user time: 478465s
Time:  10500s, Mem: 655.115GB - scanned:  2646732370 [ 2654425343] - remaining:  8376389542 [ 8376389542@23.3] - user time: 479898s
Time:  10530s, Mem: 655.115GB - scanned:  2654646070 [ 2663101693] - remaining:  8320627997 [ 8320627997@23.3] - user time: 481182s
Time:  10560s, Mem: 655.115GB - scanned:  2662408907 [ 2670864531] - remaining:  8250135907 [ 8250135907@23.3] - user time: 482423s
Time:  10590s, Mem: 655.115GB - scanned:  2668909000 [ 2677364624] - remaining:  8182148728 [ 8182148728@23.3] - user time: 483642s
Time:  10620s, Mem: 655.115GB - scanned:  2679092597 [ 2687548221] - remaining:  8110185776 [ 8110185776@23.3] - user time: 484862s
Time:  10650s, Mem: 655.115GB - scanned:  2691003174 [ 2699458798] - remaining:  8035672217 [ 8035672217@23.3] - user time: 486096s
Time:  10680s, Mem: 655.115GB - scanned:  2702931924 [ 2711387548] - remaining:  7960810764 [ 7960810764@23.3] - user time: 487323s
Time:  10710s, Mem: 655.115GB - scanned:  2710320142 [ 2718775766] - remaining:  7889845980 [ 7889845980@23.3] - user time: 488533s
Time:  10740s, Mem: 655.115GB - scanned:  2718525692 [ 2726981316] - remaining:  7817581649 [ 7817581649@23.3] - user time: 489747s
Time:  10770s, Mem: 655.115GB - scanned:  2725445180 [ 2733900804] - remaining:  7746160839 [ 7746160839@23.3] - user time: 490957s
Time:  10800s, Mem: 655.115GB - scanned:  2730328707 [ 2738784331] - remaining:  7675798038 [ 7675798038@23.3] - user time: 492160s
Time:  10830s, Mem: 655.115GB - scanned:  2738329754 [ 2746785378] - remaining:  7605162049 [ 7605162049@23.3] - user time: 493361s
Time:  10860s, Mem: 655.115GB - scanned:  2747993943 [ 2756449567] - remaining:  7533401392 [ 7533401392@23.3] - user time: 494565s
Time:  10890s, Mem: 655.115GB - scanned:  2756754809 [ 2765210434] - remaining:  7462336998 [ 7462336998@23.3] - user time: 495764s
Time:  10920s, Mem: 655.115GB - scanned:  2763378796 [ 2771834420] - remaining:  7390566191 [ 7390566191@23.3] - user time: 496966s
Time:  10950s, Mem: 655.115GB - scanned:  2769230927 [ 2777686551] - remaining:  7318564111 [ 7318564111@23.3] - user time: 498169s
Time:  10980s, Mem: 655.115GB - scanned:  2774041215 [ 2782496839] - remaining:  7246019423 [ 7246019423@23.3] - user time: 499370s
Time:  11010s, Mem: 655.115GB - scanned:  2780790635 [ 2789246259] - remaining:  7172629744 [ 7172629744@23.3] - user time: 500571s
Time:  11040s, Mem: 655.115GB - scanned:  2789403843 [ 2797859467] - remaining:  7099479975 [ 7099479975@23.3] - user time: 501771s
Time:  11070s, Mem: 655.115GB - scanned:  2796747245 [ 2805202869] - remaining:  7028320916 [ 7028320916@23.3] - user time: 502972s
Time:  11100s, Mem: 655.115GB - scanned:  2802833941 [ 2811289565] - remaining:  6957006417 [ 6957006417@23.3] - user time: 504180s
Time:  11130s, Mem: 655.115GB - scanned:  2811431511 [ 2819887135] - remaining:  6883588167 [ 6883588167@23.3] - user time: 505384s
Time:  11160s, Mem: 655.115GB - scanned:  2819031359 [ 2827486983] - remaining:  6810997166 [ 6810997166@23.3] - user time: 506588s
Time:  11190s, Mem: 655.115GB - scanned:  2826447447 [ 2834903071] - remaining:  6738412841 [ 6738412841@23.3] - user time: 507785s
Time:  11220s, Mem: 655.115GB - scanned:  2832398819 [ 2840854443] - remaining:  6667351220 [ 6667351220@23.3] - user time: 508987s
Time:  11250s, Mem: 655.115GB - scanned:  2843220238 [ 2851675862] - remaining:  6594192394 [ 6594192394@23.3] - user time: 510206s
Time:  11280s, Mem: 655.115GB - scanned:  2852075160 [ 2860530784] - remaining:  6522157151 [ 6522157151@23.3] - user time: 511423s
Time:  11310s, Mem: 655.115GB - scanned:  2861205542 [ 2869661166] - remaining:  6450533814 [ 6450533814@23.3] - user time: 512639s
Time:  11340s, Mem: 655.115GB - scanned:  2872013338 [ 2880468962] - remaining:  6378826968 [ 6378826968@23.3] - user time: 513862s
Time:  11370s, Mem: 655.115GB - scanned:  2874002708 [ 2882458332] - remaining:  6311135526 [ 6311135526@23.3] - user time: 515061s
Time:  11400s, Mem: 655.115GB - scanned:  2881903526 [ 2890360764] - remaining:  6239607625 [ 6239607625@23.3] - user time: 516277s
Time:  11430s, Mem: 655.115GB - scanned:  2890148935 [ 2898606605] - remaining:  6169752777 [ 6169752777@23.3] - user time: 517496s
Time:  11460s, Mem: 655.115GB - scanned:  2893570667 [ 2902028337] - remaining:  6100903679 [ 6100903679@23.3] - user time: 518700s
Time:  11490s, Mem: 655.115GB - scanned:  2900062389 [ 2908520687] - remaining:  6030347239 [ 6030347239@23.3] - user time: 519908s
Time:  11520s, Mem: 655.115GB - scanned:  2904652917 [ 2913111921] - remaining:  5959787274 [ 5959787274@23.3] - user time: 521111s
Time:  11550s, Mem: 655.115GB - scanned:  2911033343 [ 2919492347] - remaining:  5886776729 [ 5886776729@23.3] - user time: 522315s
Time:  11580s, Mem: 655.115GB - scanned:  2916359379 [ 2924818383] - remaining:  5814003466 [ 5814003466@23.3] - user time: 523516s
Time:  11610s, Mem: 655.115GB - scanned:  2921024397 [ 2929483401] - remaining:  5741532699 [ 5741532699@23.3] - user time: 524717s
Time:  11640s, Mem: 655.115GB - scanned:  2927732511 [ 2936191547] - remaining:  5668679923 [ 5668679923@23.3] - user time: 525919s
Time:  11670s, Mem: 655.115GB - scanned:  2937008892 [ 2945467928] - remaining:  5596156275 [ 5596156275@23.3] - user time: 527131s
Time:  11700s, Mem: 655.115GB - scanned:  2942888489 [ 2951347525] - remaining:  5524971385 [ 5524971385@23.3] - user time: 528339s
Time:  11730s, Mem: 655.115GB - scanned:  2947817965 [ 2956280283] - remaining:  5454580302 [ 5454580302@23.3] - user time: 529547s
Time:  11760s, Mem: 655.115GB - scanned:  2952724878 [ 2961189966] - remaining:  5384575715 [ 5384575715@23.3] - user time: 530754s
Time:  11790s, Mem: 655.115GB - scanned:  2963090501 [ 2971555589] - remaining:  5311319444 [ 5311319444@23.3] - user time: 531947s
Time:  11820s, Mem: 655.115GB - scanned:  2971046900 [ 2979511989] - remaining:  5237336093 [ 5237336093@23.3] - user time: 533162s
Time:  11850s, Mem: 655.115GB - scanned:  2982187382 [ 2990652470] - remaining:  5163867166 [ 5163867166@23.3] - user time: 534388s
Time:  11880s, Mem: 655.115GB - scanned:  2984044591 [ 2992509679] - remaining:  5092021352 [ 5092021352@23.3] - user time: 535591s
Time:  11910s, Mem: 655.115GB - scanned:  2993574818 [ 3002042802] - remaining:  5019255612 [ 5019255612@23.3] - user time: 536809s
Time:  11940s, Mem: 655.115GB - scanned:  3003631707 [ 3012104939] - remaining:  4946818087 [ 4946818087@23.3] - user time: 538036s
Time:  11970s, Mem: 655.115GB - scanned:  3007582115 [ 3016055347] - remaining:  4877080428 [ 4877080428@23.3] - user time: 539243s
Time:  12000s, Mem: 655.115GB - scanned:  3009526867 [ 3018000099] - remaining:  4806719392 [ 4806719392@23.3] - user time: 540446s
Time:  12030s, Mem: 655.115GB - scanned:  3017079585 [ 3025556759] - remaining:  4735961142 [ 4735961142@23.3] - user time: 541664s
Time:  12060s, Mem: 655.115GB - scanned:  3028244821 [ 3036733546] - remaining:  4663382448 [ 4663382448@23.3] - user time: 542894s
Time:  12090s, Mem: 655.115GB - scanned:  3035496355 [ 3044011857] - remaining:  4594240969 [ 4594240969@23.3] - user time: 544117s
Time:  12120s, Mem: 655.115GB - scanned:  3037134236 [ 3045649738] - remaining:  4524241234 [ 4524241234@23.3] - user time: 545320s
Time:  12150s, Mem: 655.115GB - scanned:  3041762671 [ 3050283493] - remaining:  4454497013 [ 4454497013@23.3] - user time: 546530s
Time:  12180s, Mem: 655.115GB - scanned:  3050212520 [ 3058751481] - remaining:  4384667585 [ 4384667585@23.3] - user time: 547757s
Time:  12210s, Mem: 655.115GB - scanned:  3054034232 [ 3062603195] - remaining:  4314947612 [ 4314947612@23.3] - user time: 548971s
Time:  12240s, Mem: 655.115GB - scanned:  3056819593 [ 3065391349] - remaining:  4245551354 [ 4245551354@23.3] - user time: 550177s
Time:  12270s, Mem: 655.115GB - scanned:  3061890979 [ 3070481913] - remaining:  4174329938 [ 4174329938@23.3] - user time: 551387s
Time:  12300s, Mem: 655.115GB - scanned:  3065544166 [ 3074135100] - remaining:  4100806689 [ 4100806689@23.3] - user time: 552590s
Time:  12330s, Mem: 655.115GB - scanned:  3067460002 [ 3076050936] - remaining:  4026074917 [ 4026074917@23.3] - user time: 553796s
Time:  12360s, Mem: 655.115GB - scanned:  3072329082 [ 3080920016] - remaining:  3954006250 [ 3954006250@23.3] - user time: 555000s
Time:  12390s, Mem: 655.115GB - scanned:  3076079622 [ 3084672312] - remaining:  3882318187 [ 3882318187@23.3] - user time: 556196s
Time:  12420s, Mem: 655.115GB - scanned:  3082213234 [ 3090806466] - remaining:  3808461960 [ 3808461960@23.3] - user time: 557404s
Time:  12450s, Mem: 655.115GB - scanned:  3087760545 [ 3096353777] - remaining:  3734946851 [ 3734946851@23.3] - user time: 558611s
Time:  12480s, Mem: 655.115GB - scanned:  3090632964 [ 3099226196] - remaining:  3661542043 [ 3661542043@23.3] - user time: 559818s
Time:  12510s, Mem: 655.115GB - scanned:  3097048166 [ 3105646388] - remaining:  3590148378 [ 3590148378@23.3] - user time: 561025s
Time:  12540s, Mem: 655.115GB - scanned:  3100537520 [ 3109142607] - remaining:  3518988948 [ 3518988948@23.3] - user time: 562236s
Time:  12570s, Mem: 655.115GB - scanned:  3104439794 [ 3113076516] - remaining:  3449006894 [ 3449006894@23.3] - user time: 563449s
Time:  12600s, Mem: 655.115GB - scanned:  3108466922 [ 3117163330] - remaining:  3377407412 [ 3377407412@23.3] - user time: 564664s
Time:  12630s, Mem: 655.115GB - scanned:  3114234372 [ 3122931314] - remaining:  3302069183 [ 3302069183@23.3] - user time: 565876s
Time:  12660s, Mem: 655.115GB - scanned:  3120097382 [ 3128797170] - remaining:  3227605943 [ 3227605943@23.3] - user time: 567087s
Time:  12690s, Mem: 655.115GB - scanned:  3123729892 [ 3132429867] - remaining:  3154004466 [ 3154004466@23.3] - user time: 568290s
Time:  12720s, Mem: 655.115GB - scanned:  3131086692 [ 3139795453] - remaining:  3082074626 [ 3082074626@23.3] - user time: 569502s
Time:  12750s, Mem: 655.115GB - scanned:  3132286127 [ 3140994888] - remaining:  3009229740 [ 3009229740@23.3] - user time: 570709s
Time:  12780s, Mem: 655.115GB - scanned:  3135049283 [ 3143758634] - remaining:  2936325334 [ 2936325334@23.3] - user time: 571917s
Time:  12810s, Mem: 655.115GB - scanned:  3139057300 [ 3147771403] - remaining:  2864334317 [ 2864334317@23.3] - user time: 573126s
Time:  12840s, Mem: 655.115GB - scanned:  3146705396 [ 3155439232] - remaining:  2794170132 [ 2794170132@23.3] - user time: 574345s
Time:  12870s, Mem: 655.115GB - scanned:  3155715241 [ 3164523623] - remaining:  2722757960 [ 2722757960@23.3] - user time: 575571s
Time:  12900s, Mem: 655.115GB - scanned:  3158118590 [ 3166949063] - remaining:  2651771461 [ 2651771461@23.3] - user time: 576780s
Time:  12930s, Mem: 655.115GB - scanned:  3159031078 [ 3167861605] - remaining:  2578654586 [ 2578654586@23.3] - user time: 577986s
Time:  12960s, Mem: 655.115GB - scanned:  3161744632 [ 3170582812] - remaining:  2506170696 [ 2506170696@23.3] - user time: 579198s
Time:  12990s, Mem: 655.115GB - scanned:  3165319037 [ 3174170232] - remaining:  2435194271 [ 2435194271@23.3] - user time: 580402s
Time:  13020s, Mem: 655.115GB - scanned:  3168827909 [ 3177709331] - remaining:  2362924461 [ 2362924461@23.3] - user time: 581615s
Time:  13050s, Mem: 655.115GB - scanned:  3174181907 [ 3183230018] - remaining:  2295095620 [ 2295095620@23.3] - user time: 582844s
Time:  13080s, Mem: 655.115GB - scanned:  3181085734 [ 3190288723] - remaining:  2225181733 [ 2225181733@23.3] - user time: 584074s
Time:  13110s, Mem: 655.115GB - scanned:  3185272219 [ 3194662158] - remaining:  2154411153 [ 2154411153@23.3] - user time: 585290s
Time:  13140s, Mem: 655.115GB - scanned:  3186033522 [ 3195424546] - remaining:  2080479262 [ 2080479262@23.3] - user time: 586495s
Time:  13170s, Mem: 655.115GB - scanned:  3188245618 [ 3197648593] - remaining:  2007951934 [ 2007951934@23.3] - user time: 587700s
Time:  13200s, Mem: 655.115GB - scanned:  3190156708 [ 3199590115] - remaining:  1935314391 [ 1935314391@23.3] - user time: 588906s
Time:  13230s, Mem: 655.115GB - scanned:  3193362342 [ 3202913054] - remaining:  1864382495 [ 1864382495@23.3] - user time: 590114s
Time:  13260s, Mem: 655.115GB - scanned:  3195113190 [ 3204775201] - remaining:  1790348371 [ 1790348371@23.3] - user time: 591323s
Time:  13290s, Mem: 655.115GB - scanned:  3195632650 [ 3205294661] - remaining:  1714141708 [ 1714141708@23.3] - user time: 592528s
Time:  13320s, Mem: 655.115GB - scanned:  3196434453 [ 3206097020] - remaining:  1638383540 [ 1638383540@23.3] - user time: 593737s
Time:  13350s, Mem: 655.115GB - scanned:  3197420105 [ 3207084142] - remaining:  1563399381 [ 1563399381@23.3] - user time: 594943s
Time:  13380s, Mem: 655.115GB - scanned:  3198639808 [ 3208325112] - remaining:  1487966328 [ 1487966328@23.3] - user time: 596151s
Time:  13410s, Mem: 655.115GB - scanned:  3199505506 [ 3209194507] - remaining:  1412201221 [ 1412201221@23.3] - user time: 597359s
Time:  13440s, Mem: 655.115GB - scanned:  3200497247 [ 3210193783] - remaining:  1336836251 [ 1336836251@23.3] - user time: 598567s
Time:  13470s, Mem: 655.115GB - scanned:  3201233696 [ 3210931509] - remaining:  1261222791 [ 1261222791@23.3] - user time: 599774s
Time:  13500s, Mem: 655.115GB - scanned:  3202824675 [ 3212553070] - remaining:  1186703560 [ 1186703560@23.3] - user time: 600977s
Time:  13530s, Mem: 655.115GB - scanned:  3204652550 [ 3214565199] - remaining:  1113833460 [ 1113833460@23.3] - user time: 602191s
Time:  13560s, Mem: 655.115GB - scanned:  3205272908 [ 3215237029] - remaining:  1036606544 [ 1036606544@23.3] - user time: 603397s
Time:  13590s, Mem: 655.115GB - scanned:  3206146978 [ 3216111099] - remaining:   960177170 [  960177170@23.3] - user time: 604594s
Time:  13620s, Mem: 655.115GB - scanned:  3207283802 [ 3217247997] - remaining:   884130288 [  884130288@23.3] - user time: 605798s
Time:  13650s, Mem: 655.115GB - scanned:  3208567593 [ 3218541592] - remaining:   808321852 [  808321852@23.3] - user time: 607005s
Time:  13680s, Mem: 655.115GB - scanned:  3210102013 [ 3220186346] - remaining:   733371538 [  733371538@23.3] - user time: 608209s
Time:  13710s, Mem: 655.115GB - scanned:  3211418231 [ 3221577356] - remaining:   659277273 [  659277273@23.3] - user time: 609415s
Time:  13740s, Mem: 655.115GB - scanned:  3212509748 [ 3222672251] - remaining:   584162748 [  584162748@23.3] - user time: 610622s
Time:  13770s, Mem: 655.115GB - scanned:  3213790183 [ 3223964560] - remaining:   509832320 [  509832320@23.3] - user time: 611828s
Time:  13800s, Mem: 655.115GB - scanned:  3215910866 [ 3226175688] - remaining:   436194142 [  436194142@23.3] - user time: 613037s
Time:  13830s, Mem: 655.115GB - scanned:  3217513521 [ 3227886681] - remaining:   361731002 [  361731002@23.3] - user time: 614243s
Time:  13860s, Mem: 655.115GB - scanned:  3219775262 [ 3230393156] - remaining:   289083485 [  289083485@23.3] - user time: 615447s
Time:  13890s, Mem: 655.115GB - scanned:  3221458915 [ 3232269412] - remaining:   215423572 [  215423572@23.3] - user time: 616660s
Time:  13920s, Mem: 655.115GB - scanned:  3224201073 [ 3235224453] - remaining:   140426387 [  140426387@23.3] - user time: 617912s
Time:  13950s, Mem: 655.391GB - scanned:  3228886781 [ 3240112365] - remaining:    63985209 [   63985209@23.3] - user time: 619156s
Time:  13980s, Mem: 656.211GB - scanned:  3235708971 [ 3248004158] - remaining:           0 [          0@0.-1] - user time: 620287s
Time:  14010s, Mem: 656.211GB - scanned:  3235708971 [ 3248004158] - remaining:           0 [          0@0.-1] - user time: 620291s
Time:  14040s, Mem: 656.211GB - scanned:  3235708971 [ 3248004158] - remaining:           0 [          0@0.-1] - user time: 620321s
Time:  14070s, Mem: 656.211GB - scanned:  3235708971 [ 3248004158] - remaining:           0 [          0@0.-1] - user time: 620351s
Time:  14100s, Mem: 656.211GB - scanned:  3235708971 [ 3248004158] - remaining:           0 [          0@0.-1] - user time: 620381s
Time:  14130s, Mem: 656.211GB - scanned:  3235708971 [ 3248004158] - remaining:           0 [          0@0.-1] - user time: 620411s
Time:  14160s, Mem: 656.211GB - scanned:  3235708971 [ 3248004158] - remaining:           0 [          0@0.-1] - user time: 620441s
Time:  14190s, Mem: 656.211GB - scanned:  3235708971 [ 3248004158] - remaining:           0 [          0@0.-1] - user time: 620471s
Time:  14220s, Mem: 656.211GB - scanned:  3235708971 [ 3248004158] - remaining:           0 [          0@0.-1] - user time: 620501s
Time:  14250s, Mem: 656.211GB - scanned:  3235708971 [ 3248004158] - remaining:           0 [          0@0.-1] - user time: 620531s
Time:  14280s, Mem: 656.211GB - scanned:  3235708971 [ 3248004158] - remaining:           0 [          0@0.-1] - user time: 620561s
Time:  14310s, Mem: 656.211GB - scanned:  3235708971 [ 3248004158] - remaining:           0 [          0@0.-1] - user time: 620591s
Time:  14340s, Mem: 656.211GB - scanned:  3235708971 [ 3248004158] - remaining:           0 [          0@0.-1] - user time: 620621s
Time:  14370s, Mem: 656.211GB - scanned:  3235708971 [ 3248004158] - remaining:           0 [          0@0.-1] - user time: 620651s
Time:  14400s, Mem: 656.211GB - scanned:  3235708971 [ 3248004158] - remaining:           0 [          0@0.-1] - user time: 620681s
Time:  14430s, Mem: 656.211GB - scanned:  3235708971 [ 3248004158] - remaining:           0 [          0@0.-1] - user time: 620711s
Time:  14460s, Mem: 656.211GB - scanned:  3235708971 [ 3248004158] - remaining:           0 [          0@0.-1] - user time: 620741s
Time:  14490s, Mem: 656.211GB - scanned:  3235708971 [ 3248004158] - remaining:           0 [          0@0.-1] - user time: 620771s
Time:  14520s, Mem: 656.211GB - scanned:  3235708971 [ 3248004158] - remaining:           0 [          0@0.-1] - user time: 620801s
Time:  14550s, Mem: 656.211GB - scanned:  3235708971 [ 3248004158] - remaining:           0 [          0@0.-1] - user time: 620831s
Time:  14580s, Mem: 656.211GB - scanned:  3235708971 [ 3248004158] - remaining:           0 [          0@0.-1] - user time: 620861s
Time:  14610s, Mem: 656.211GB - scanned:  3235708971 [ 3248004158] - remaining:           0 [          0@0.-1] - user time: 620891s
Time:  14640s, Mem: 656.211GB - scanned:  3235708971 [ 3248004158] - remaining:           0 [          0@0.-1] - user time: 620921s
Time:  14670s, Mem: 656.211GB - scanned:  3235708971 [ 3248004158] - remaining:           0 [          0@0.-1] - user time: 620951s
Time:  14700s, Mem: 656.211GB - scanned:  3235708971 [ 3248004158] - remaining:           0 [          0@0.-1] - user time: 620981s
Time:  14730s, Mem: 656.211GB - scanned:  3235708971 [ 3248004158] - remaining:           0 [          0@0.-1] - user time: 621011s
Time:  14760s, Mem: 656.211GB - scanned:  3235708971 [ 3248004158] - remaining:           0 [          0@0.-1] - user time: 621041s
Time:  14790s, Mem: 656.211GB - scanned:  3235708971 [ 3248004158] - remaining:           0 [          0@0.-1] - user time: 621071s
Time:  14820s, Mem: 656.211GB - scanned:  3235708971 [ 3248004158] - remaining:           0 [          0@0.-1] - user time: 621101s
Time:  14850s, Mem: 656.211GB - scanned:  3235708971 [ 3248004158] - remaining:           0 [          0@0.-1] - user time: 621131s
Time:  14880s, Mem: 656.211GB - scanned:  3235708971 [ 3248004158] - remaining:           0 [          0@0.-1] - user time: 621161s
Time:  14910s, Mem: 656.211GB - scanned:  3235708971 [ 3248004158] - remaining:           0 [          0@0.-1] - user time: 621191s
Time:  14940s, Mem: 656.211GB - scanned:  3235708971 [ 3248004158] - remaining:           0 [          0@0.-1] - user time: 621221s
Time:  14970s, Mem: 656.211GB - scanned:  3235708971 [ 3248004158] - remaining:           0 [          0@0.-1] - user time: 621251s
Time:  15000s, Mem: 656.211GB - scanned:  3235708971 [ 3248004158] - remaining:           0 [          0@0.-1] - user time: 621281s
Time:  15030s, Mem: 656.211GB - scanned:  3235708971 [ 3248004158] - remaining:           0 [          0@0.-1] - user time: 621311s
Time:  15060s, Mem: 656.211GB - scanned:  3235708971 [ 3248004158] - remaining:           0 [          0@0.-1] - user time: 621341s
Time:  15090s, Mem: 656.211GB - scanned:  3235708971 [ 3248004158] - remaining:           0 [          0@0.-1] - user time: 621371s
Time:  15120s, Mem: 656.211GB - scanned:  3235708971 [ 3248004158] - remaining:           0 [          0@0.-1] - user time: 621401s
Time:  15150s, Mem: 656.211GB - scanned:  3235708971 [ 3248004158] - remaining:           0 [          0@0.-1] - user time: 621431s
Time:  15180s, Mem: 656.211GB - scanned:  3235708971 [ 3248004158] - remaining:           0 [          0@0.-1] - user time: 621461s
Time:  15210s, Mem: 656.211GB - scanned:  3235708971 [ 3248004158] - remaining:           0 [          0@0.-1] - user time: 621491s
Time:  15240s, Mem: 656.211GB - scanned:  3235708971 [ 3248004158] - remaining:           0 [          0@0.-1] - user time: 621521s
Time:  15270s, Mem: 656.211GB - scanned:  3235708971 [ 3248004158] - remaining:           0 [          0@0.-1] - user time: 621551s
Time:  15300s, Mem: 656.211GB - scanned:  3235708971 [ 3248004158] - remaining:           0 [          0@0.-1] - user time: 621581s
Time:  15330s, Mem: 656.211GB - scanned:  3235708971 [ 3248004158] - remaining:           0 [          0@0.-1] - user time: 621611s
Time:  15360s, Mem: 656.211GB - scanned:  3235708971 [ 3248004158] - remaining:           0 [          0@0.-1] - user time: 621641s
Time:  15390s, Mem: 656.211GB - scanned:  3235708971 [ 3248004158] - remaining:           0 [          0@0.-1] - user time: 621671s
Time:  15420s, Mem: 656.211GB - scanned:  3235708971 [ 3248004158] - remaining:           0 [          0@0.-1] - user time: 621701s
Time:  15450s, Mem: 656.211GB - scanned:  3235708971 [ 3248004158] - remaining:           0 [          0@0.-1] - user time: 621731s
Time:  15480s, Mem: 656.211GB - scanned:  3235708971 [ 3248004158] - remaining:           0 [          0@0.-1] - user time: 621761s
Time:  15510s, Mem: 656.211GB - scanned:  3235708971 [ 3248004158] - remaining:           0 [          0@0.-1] - user time: 621791s
Time:  15540s, Mem: 656.211GB - scanned:  3235708971 [ 3248004158] - remaining:           0 [          0@0.-1] - user time: 621821s
Time:  15570s, Mem: 656.211GB - scanned:  3235708971 [ 3248004158] - remaining:           0 [          0@0.-1] - user time: 621851s
Time:  15600s, Mem: 656.211GB - scanned:  3235708971 [ 3248004158] - remaining:           0 [          0@0.-1] - user time: 621881s
Time:  15630s, Mem: 656.211GB - scanned:  3235708971 [ 3248004158] - remaining:           0 [          0@0.-1] - user time: 621911s
Time:  15660s, Mem: 656.211GB - scanned:  3235708971 [ 3248004158] - remaining:           0 [          0@0.-1] - user time: 621941s
Time:  15690s, Mem: 656.211GB - scanned:  3235708971 [ 3248004158] - remaining:           0 [          0@0.-1] - user time: 621971s
Time:  15720s, Mem: 656.211GB - scanned:  3235708971 [ 3248004158] - remaining:           0 [          0@0.-1] - user time: 622001s
Time:  15750s, Mem: 656.211GB - scanned:  3235708971 [ 3248004158] - remaining:           0 [          0@0.-1] - user time: 622031s
Time:  15780s, Mem: 656.211GB - scanned:  3235708971 [ 3248004158] - remaining:           0 [          0@0.-1] - user time: 622061s
