g++ -Wall -Wextra -I boost_1_64_0 -march=native -std=gnu++0x -O3 -g -fopenmp -gstabs+ -g3 -I tbb-2017_U7/include -L tbb-2017_U7/build/linux_intel64_gcc_cc5.3.0_libc2.12_kernel2.6.32_release/ -Wl,-rpath=tbb-2017_U7/build/linux_intel64_gcc_cc5.3.0_libc2.12_kernel2.6.32_release/    find_mds.cpp  -ltbb -o find_mds
New weight : 0
Number of distinct ids : 0/0(1/0.0)
Scanned size : 0
New weight : 1
Number of distinct ids : 1/1(1/1.0)
Scanned size : 1
New weight : 2
Number of distinct ids : 1/1(1/1.0)
Scanned size : 1
New weight : 3
Number of distinct ids : 1/1(1/1.0)
Scanned size : 1
New weight : 4
Number of distinct ids : 1/1(1/1.0)
Scanned size : 1
New weight : 5
Number of distinct ids : 1/1(1/1.0)
Scanned size : 1
New weight : 6
Number of distinct ids : 1/1(1/1.0)
Scanned size : 1
New weight : 7
Number of distinct ids : 1/1(1/1.0)
Scanned size : 1
New weight : 8
Number of distinct ids : 1/1(1/1.0)
Scanned size : 1
New weight : 9
Number of distinct ids : 2/5(1/2.5)
Scanned size : 2
New weight : 10
Number of distinct ids : 6/17(1/2.8)
Scanned size : 6
New weight : 11
Number of distinct ids : 20/63(1/3.2)
Scanned size : 20
New weight : 12
Number of distinct ids : 74/194(1/2.6)
Scanned size : 74
New weight : 13
Number of distinct ids : 297/1076(1/3.6)
Scanned size : 297
New weight : 14
Number of distinct ids : 2662/10418(1/3.9)
Scanned size : 2662
New weight : 15
Number of distinct ids : 41814/153402(1/3.7)
Scanned size : 41814
New weight : 16
Number of distinct ids : 470292/1693593(1/3.6)
Scanned size : 470292
New weight : 17
Number of distinct ids : 4054182/14646177(1/3.6)
Scanned size : 4054182
New weight : 18
Number of distinct ids : 31661991/113153167(1/3.6)
Scanned size : 31661991
New weight : 19
Number of distinct ids : 224717892/802428663(1/3.6)
Scanned size : 224717892
Found MDS !!! (weight:19)
Current state:
9 d 8 2 
d b c 2 
4 6 5 1 
8 c 8 2 
2 2 2 1 
Operations:
x (1, 0)
c (0, 4)
x (2, 4)
m (1, 4)
x (4, 1)
x (3, 4)
m (1, 1)
x (1, 3)
x (3, 2)
m (1, 3)
x (3, 0)
x (0, 1)
End of state
Found MDS !!! (weight:19)
Current state:
d 9 c 2 
9 f 8 2 
6 4 7 1 
2 2 2 1 
c 8 c 2 
Operations:
x (1, 0)
c (0, 4)
x (2, 4)
m (1, 4)
x (4, 3)
x (4, 1)
m (1, 1)
c (1, 4)
x (3, 4)
x (4, 2)
m (1, 4)
x (4, 0)
x (0, 1)
End of state
Found MDS !!! (weight:19)
Current state:
9 d 4 2 
d b 6 2 
8 c 5 2 
8 c 4 2 
2 2 1 1 
Operations:
x (1, 0)
c (0, 4)
m (1, 4)
x (2, 4)
x (4, 1)
x (3, 4)
m (1, 1)
x (1, 3)
m (1, 3)
x (3, 0)
x (0, 1)
x (3, 2)
End of state
Found MDS !!! (weight:19)
Current state:
9 d 4 2 
d b 6 2 
0 0 1 0 
8 c 5 2 
2 2 1 1 
Operations:
x (1, 0)
c (0, 4)
m (1, 4)
x (2, 4)
x (4, 1)
x (3, 4)
m (1, 1)
x (1, 3)
m (1, 3)
x (3, 0)
x (0, 1)
x (2, 3)
End of state
Found MDS !!! (weight:19)
Current state:
d 9 6 2 
9 f 4 2 
c 8 7 2 
2 2 1 1 
c 8 6 2 
Operations:
x (1, 0)
c (0, 4)
m (1, 4)
x (2, 4)
x (4, 3)
x (4, 1)
m (1, 1)
c (1, 4)
x (3, 4)
m (1, 4)
x (4, 0)
x (4, 2)
x (0, 1)
End of state
Found MDS !!! (weight:19)
Current state:
1 1 0 0 
d b c 2 
4 6 5 1 
9 d 8 2 
2 2 2 1 
Operations:
x (1, 0)
c (0, 4)
x (2, 4)
m (1, 4)
x (4, 1)
x (3, 4)
m (1, 1)
x (1, 3)
x (3, 2)
m (1, 3)
x (0, 3)
x (3, 1)
End of state
Found MDS !!! (weight:19)
Current state:
1 1 0 0 
9 f 8 2 
6 4 7 1 
2 2 2 1 
d 9 c 2 
Operations:
x (1, 0)
c (0, 4)
x (2, 4)
m (1, 4)
x (4, 3)
x (4, 1)
m (1, 1)
c (1, 4)
x (3, 4)
x (4, 2)
m (1, 4)
x (0, 4)
x (4, 1)
End of state
Found MDS !!! (weight:19)
Current state:
1 1 0 0 
d b 6 2 
8 c 5 2 
9 d 4 2 
2 2 1 1 
Operations:
x (1, 0)
c (0, 4)
m (1, 4)
x (2, 4)
x (4, 1)
x (3, 4)
m (1, 1)
x (1, 3)
m (1, 3)
x (3, 2)
x (0, 3)
x (3, 1)
End of state
Found MDS !!! (weight:19)
Current state:
d 9 6 2 
9 f 4 2 
0 0 1 0 
2 2 1 1 
c 8 7 2 
Operations:
x (1, 0)
c (0, 4)
m (1, 4)
x (2, 4)
x (4, 3)
x (4, 1)
m (1, 1)
c (1, 4)
x (3, 4)
m (1, 4)
x (4, 0)
x (0, 1)
x (2, 4)
End of state
Found MDS !!! (weight:19)
Current state:
1 1 0 0 
9 f 4 2 
c 8 7 2 
2 2 1 1 
d 9 6 2 
Operations:
x (1, 0)
c (0, 4)
m (1, 4)
x (2, 4)
x (4, 3)
x (4, 1)
m (1, 1)
c (1, 4)
x (3, 4)
m (1, 4)
x (4, 2)
x (0, 4)
x (4, 1)
End of state
Found MDS !!! (weight:19)
Current state:
9 d 8 2 
4 6 4 0 
4 6 5 1 
d b c 2 
2 2 2 1 
Operations:
x (1, 0)
c (0, 4)
x (2, 4)
m (1, 4)
x (4, 1)
x (3, 4)
m (1, 1)
x (1, 3)
x (3, 2)
m (1, 3)
x (3, 0)
c (0, 3)
x (1, 3)
End of state
Found MDS !!! (weight:19)
Current state:
d 9 c 2 
4 6 4 0 
6 4 7 1 
2 2 2 1 
9 f 8 2 
Operations:
x (1, 0)
c (0, 4)
x (2, 4)
m (1, 4)
x (4, 3)
x (4, 1)
m (1, 1)
c (1, 4)
x (3, 4)
x (4, 2)
m (1, 4)
x (4, 0)
c (1, 4)
x (0, 4)
End of state
Found MDS !!! (weight:19)
Current state:
9 d 4 2 
4 6 2 0 
8 c 5 2 
d b 6 2 
2 2 1 1 
Operations:
x (1, 0)
c (0, 4)
m (1, 4)
x (2, 4)
x (4, 1)
x (3, 4)
m (1, 1)
x (1, 3)
m (1, 3)
x (3, 0)
x (3, 2)
c (1, 3)
x (0, 3)
End of state
Found MDS !!! (weight:19)
Current state:
d 9 6 2 
4 6 2 0 
c 8 7 2 
2 2 1 1 
9 f 4 2 
Operations:
x (1, 0)
c (0, 4)
m (1, 4)
x (2, 4)
x (4, 3)
x (4, 1)
m (1, 1)
c (1, 4)
x (3, 4)
m (1, 4)
x (4, 0)
x (4, 2)
c (1, 4)
x (0, 4)
End of state
Found MDS !!! (weight:19)
Current state:
1 3 4 4 
0 2 4 4 
2 3 1 3 
2 2 3 1 
3 1 6 4 
Operations:
x (1, 0)
c (0, 4)
x (2, 4)
m (1, 4)
x (3, 2)
c (2, 3)
x (4, 3)
m (1, 2)
x (2, 1)
c (1, 2)
x (3, 2)
m (1, 1)
x (1, 0)
x (0, 4)
End of state
Found MDS !!! (weight:19)
Current state:
1 1 0 0 
1 3 4 4 
2 3 1 3 
2 2 3 1 
3 1 6 4 
Operations:
x (1, 0)
c (0, 4)
x (2, 4)
m (1, 4)
x (3, 2)
c (2, 3)
x (4, 3)
m (1, 2)
x (2, 1)
c (1, 2)
x (3, 2)
m (1, 1)
x (0, 1)
x (1, 4)
End of state
Found MDS !!! (weight:19)
Current state:
1 1 2 2 
5 7 6 2 
0 0 2 2 
4 6 5 1 
6 4 7 1 
Operations:
x (1, 0)
c (0, 4)
x (2, 4)
m (1, 4)
x (4, 1)
m (1, 1)
x (3, 2)
c (2, 3)
x (1, 3)
x (3, 4)
m (1, 2)
x (2, 0)
x (0, 1)
End of state
Found MDS !!! (weight:19)
Current state:
1 1 0 0 
5 7 6 2 
1 1 2 2 
4 6 5 1 
6 4 7 1 
Operations:
x (1, 0)
c (0, 4)
x (2, 4)
m (1, 4)
x (4, 1)
m (1, 1)
x (3, 2)
c (2, 3)
x (1, 3)
x (3, 4)
m (1, 2)
x (0, 2)
x (2, 1)
End of state
Found MDS !!! (weight:19)
Current state:
1 5 4 6 
0 1 0 0 
1 7 6 4 
2 6 5 7 
2 2 1 1 
Operations:
x (1, 0)
c (0, 4)
m (1, 4)
x (3, 2)
x (2, 4)
x (1, 2)
m (1, 2)
x (2, 3)
m (1, 3)
x (3, 0)
x (0, 2)
x (4, 3)
End of state
Found MDS !!! (weight:19)
Current state:
1 5 4 6 
0 1 1 1 
1 7 6 4 
2 6 5 7 
2 2 1 1 
Operations:
x (1, 0)
c (0, 4)
m (1, 4)
x (3, 2)
x (2, 4)
x (2, 1)
c (1, 2)
m (1, 2)
x (2, 3)
m (1, 3)
x (3, 0)
x (0, 2)
x (4, 3)
End of state
Found MDS !!! (weight:19)
Current state:
1 5 4 6 
1 7 6 4 
2 6 5 7 
0 0 0 1 
2 2 1 1 
Operations:
x (1, 0)
c (0, 4)
m (1, 4)
x (3, 2)
x (2, 4)
x (2, 1)
m (1, 1)
c (1, 2)
x (3, 2)
m (1, 2)
x (2, 0)
x (0, 1)
x (4, 2)
End of state
Found MDS !!! (weight:19)
Current state:
1 3 2 2 
0 1 0 0 
4 6 1 3 
4 4 3 1 
3 1 3 2 
Operations:
x (1, 0)
c (0, 4)
m (1, 4)
x (2, 4)
x (3, 2)
c (4, 3)
m (1, 3)
x (2, 3)
x (1, 2)
m (1, 2)
x (2, 0)
x (3, 2)
x (0, 4)
End of state
Found MDS !!! (weight:19)
Current state:
1 5 4 6 
1 7 6 4 
2 6 5 7 
0 2 2 3 
2 2 1 1 
Operations:
x (1, 0)
c (0, 4)
m (1, 4)
x (3, 2)
x (2, 4)
x (2, 1)
m (1, 1)
x (1, 3)
c (3, 2)
m (1, 2)
x (2, 0)
x (0, 1)
x (4, 2)
End of state
Found MDS !!! (weight:19)
Current state:
1 3 2 2 
0 1 1 1 
4 6 1 3 
4 4 3 1 
3 1 3 2 
Operations:
x (1, 0)
c (0, 4)
m (1, 4)
x (2, 4)
x (3, 2)
c (4, 3)
m (1, 3)
x (2, 3)
x (2, 1)
c (1, 2)
m (1, 2)
x (2, 0)
x (3, 2)
x (0, 4)
End of state
Found MDS !!! (weight:19)
Current state:
1 3 4 4 
3 1 6 4 
2 3 1 3 
2 2 3 1 
2 2 2 0 
Operations:
x (1, 0)
c (0, 4)
x (2, 4)
m (1, 4)
x (3, 2)
c (2, 3)
x (4, 3)
m (1, 2)
x (2, 1)
c (1, 2)
x (3, 2)
m (1, 1)
x (1, 0)
c (0, 1)
x (4, 1)
End of state
Found MDS !!! (weight:19)
Current state:
1 1 2 2 
4 6 4 0 
5 7 6 2 
4 6 5 1 
6 4 7 1 
Operations:
x (1, 0)
c (0, 4)
x (2, 4)
m (1, 4)
x (4, 1)
m (1, 1)
x (3, 2)
c (2, 3)
x (1, 3)
x (3, 4)
m (1, 2)
x (2, 0)
c (0, 2)
x (1, 2)
End of state
Found MDS !!! (weight:19)
Current state:
1 5 4 6 
0 2 2 2 
1 7 6 4 
2 6 5 7 
2 2 1 1 
Operations:
x (1, 0)
c (0, 4)
m (1, 4)
x (3, 2)
x (2, 4)
x (2, 1)
m (1, 1)
x (1, 3)
m (1, 3)
x (3, 0)
x (4, 3)
c (0, 2)
x (1, 2)
End of state
Found MDS !!! (weight:19)
Current state:
1 1 0 0 
1 7 6 4 
1 5 4 6 
2 6 5 7 
2 2 1 1 
Operations:
x (1, 0)
c (0, 4)
m (1, 4)
x (3, 2)
x (2, 4)
x (2, 1)
m (1, 1)
x (1, 3)
m (1, 3)
c (0, 2)
x (3, 2)
x (2, 1)
x (4, 3)
End of state
Found MDS !!! (weight:19)
Current state:
1 3 2 2 
4 6 1 3 
3 1 3 2 
4 4 3 1 
2 2 1 0 
Operations:
x (1, 0)
c (0, 4)
m (1, 4)
x (2, 4)
x (3, 2)
c (4, 3)
m (1, 3)
x (2, 3)
x (2, 1)
m (1, 1)
x (1, 0)
x (3, 1)
c (4, 2)
x (0, 2)
End of state
Found MDS !!! (weight:19)
Current state:
1 1 0 0 
4 6 1 3 
1 3 2 2 
4 4 3 1 
3 1 3 2 
Operations:
x (1, 0)
c (0, 4)
m (1, 4)
x (2, 4)
x (3, 2)
c (4, 3)
m (1, 3)
x (2, 3)
x (2, 1)
m (1, 1)
c (0, 2)
x (1, 2)
x (2, 4)
x (3, 1)
End of state
Reached MAX_WEIGHT
