g++ -Wall -Wextra -I boost_1_64_0 -march=native -std=gnu++0x -O3 -g -fopenmp -gstabs+ -g3 -I tbb-2017_U7/include -L tbb-2017_U7/build/linux_release/  -Wl,-rpath=tbb-2017_U7/build/linux_release/  find_mds.cpp  -ltbb -o find_mds
New weight : 0
Number of distinct ids : 0/0(1/0.0)
Scanned size : 0
New weight : 1
Number of distinct ids : 1/1(1/1.0)
Scanned size : 1
New weight : 2
Number of distinct ids : 1/1(1/1.0)
Scanned size : 1
New weight : 3
Number of distinct ids : 1/1(1/1.0)
Scanned size : 1
New weight : 4
Number of distinct ids : 1/1(1/1.0)
Scanned size : 1
New weight : 5
Number of distinct ids : 1/1(1/1.0)
Scanned size : 1
New weight : 6
Number of distinct ids : 1/1(1/1.0)
Scanned size : 1
New weight : 7
Number of distinct ids : 1/1(1/1.0)
Scanned size : 1
New weight : 8
Number of distinct ids : 1/1(1/1.0)
Scanned size : 1
New weight : 9
Number of distinct ids : 2/5(1/2.5)
Scanned size : 2
New weight : 10
Number of distinct ids : 10/26(1/2.6)
Scanned size : 10
New weight : 11
Number of distinct ids : 40/106(1/2.7)
Scanned size : 40
New weight : 12
Number of distinct ids : 178/622(1/3.5)
Scanned size : 178
New weight : 13
Number of distinct ids : 822/3127(1/3.8)
Scanned size : 822
New weight : 14
Number of distinct ids : 6722/26792(1/4.0)
Scanned size : 6722
New weight : 15
Number of distinct ids : 139402/513812(1/3.7)
Scanned size : 139402
New weight : 16
Number of distinct ids : 2347395/8502568(1/3.6)
Scanned size : 2347395
New weight : 17
Number of distinct ids : 27086455/99410728(1/3.7)
Scanned size : 27086455
New weight : 18
Number of distinct ids : 255504171/940096907(1/3.7)
Scanned size : 255504171
New weight : 19
Number of distinct ids : 2179389793/3719605722(1/0.3)
Scanned size : 2179389793
Found MDS !!! (weight:19)
Current state:
5.8000 7.8000 3.8000 3.0000 
6.8000 4.8000 2.8000 2.0000 
6.0000 4.0000 3.0000 2.0000 
1.0000 1.0000 1.0000 1.0000 
0.8000 0.8000 0.8000 0.0000  [X]
Operations:
x (1, 0)
c (0, 4)
x (2, 4)
x (4, 3)
m (1, 0)
x (3, 0)
x (0, 1)
m (1, 1)
x (1, 2)
m (-1, 4)
x (4, 1)
x (1, 0)
End of state
Found MDS !!! (weight:19)
Current state:
5.8000 7.8000 3.8000 3.0000 
6.0000 4.0000 2.0000 2.0000  [X]
6.0000 4.0000 3.0000 2.0000 
1.0000 1.0000 1.0000 1.0000 
6.8000 4.8000 2.8000 2.0000 
Operations:
x (1, 0)
c (0, 4)
x (2, 4)
x (4, 3)
m (1, 0)
x (3, 0)
x (0, 1)
m (1, 1)
x (1, 2)
m (-1, 4)
x (1, 4)
x (4, 0)
End of state
Found MDS !!! (weight:19)
Current state:
3.4000 3.c000 3.8000 1.8000 
2.c000 2.4000 2.8000 0.8000 
0.c000 0.4000 1.8000 0.8000 
1.0000 1.0000 1.0000 1.0000 
2.0000 2.0000 2.0000 0.0000  [X]
Operations:
x (1, 0)
c (0, 4)
x (2, 4)
x (4, 3)
m (-1, 0)
x (3, 0)
x (0, 1)
m (-1, 1)
x (1, 2)
m (1, 4)
x (4, 1)
x (1, 0)
End of state
Found MDS !!! (weight:19)
Current state:
3.4000 3.c000 3.8000 1.8000 
0.c000 0.4000 0.8000 0.8000  [X]
0.c000 0.4000 1.8000 0.8000 
1.0000 1.0000 1.0000 1.0000 
2.c000 2.4000 2.8000 0.8000 
Operations:
x (1, 0)
c (0, 4)
x (2, 4)
x (4, 3)
m (-1, 0)
x (3, 0)
x (0, 1)
m (-1, 1)
x (1, 2)
m (1, 4)
x (1, 4)
x (4, 0)
End of state
Found MDS !!! (weight:19)
Current state:
3.4000 3.c000 1.c000 0.c000 
2.c000 2.4000 1.4000 0.4000 
1.8000 0.8000 1.8000 0.8000 
2.0000 2.0000 1.0000 1.0000 
2.0000 2.0000 1.0000 0.0000  [X]
Operations:
x (1, 0)
c (0, 4)
m (1, 4)
x (2, 4)
x (4, 3)
x (3, 0)
m (-1, 0)
x (0, 1)
x (1, 2)
m (-1, 1)
x (4, 1)
x (1, 0)
End of state
Found MDS !!! (weight:19)
Current state:
3.4000 3.c000 1.c000 0.c000 
0.c000 0.4000 0.4000 0.4000  [X]
1.8000 0.8000 1.8000 0.8000 
2.0000 2.0000 1.0000 1.0000 
2.c000 2.4000 1.4000 0.4000 
Operations:
x (1, 0)
c (0, 4)
m (1, 4)
x (2, 4)
x (4, 3)
x (3, 0)
m (-1, 0)
x (0, 1)
x (1, 2)
m (-1, 1)
x (1, 4)
x (4, 0)
End of state
Found MDS !!! (weight:19)
Current state:
5.8000 7.8000 7.0000 6.0000 
6.8000 4.8000 5.0000 4.0000 
3.0000 2.0000 3.0000 2.0000 
0.8000 0.8000 1.0000 1.0000 
0.8000 0.8000 1.0000 0.0000  [X]
Operations:
x (1, 0)
c (0, 4)
m (-1, 4)
x (2, 4)
x (4, 3)
x (3, 0)
m (1, 0)
x (0, 1)
x (1, 2)
m (1, 1)
x (4, 1)
x (1, 0)
End of state
Found MDS !!! (weight:19)
Current state:
5.8000 7.8000 7.0000 6.0000 
6.0000 4.0000 4.0000 4.0000  [X]
3.0000 2.0000 3.0000 2.0000 
0.8000 0.8000 1.0000 1.0000 
6.8000 4.8000 5.0000 4.0000 
Operations:
x (1, 0)
c (0, 4)
m (-1, 4)
x (2, 4)
x (4, 3)
x (3, 0)
m (1, 0)
x (0, 1)
x (1, 2)
m (1, 1)
x (1, 4)
x (4, 0)
End of state
Found MDS !!! (weight:19)
Current state:
5.8000 7.8000 3.8000 3.0000 
6.0000 4.0000 3.0000 2.0000 
0.0000 0.0000 1.0000 0.0000  [X]
1.0000 1.0000 1.0000 1.0000 
6.8000 4.8000 2.8000 2.0000 
Operations:
x (1, 0)
c (0, 4)
x (2, 4)
x (4, 3)
m (1, 0)
x (3, 0)
x (0, 1)
m (1, 1)
m (-1, 4)
x (1, 4)
x (4, 0)
x (2, 1)
End of state
Found MDS !!! (weight:19)
Current state:
3.4000 3.c000 3.8000 1.8000 
0.c000 0.4000 1.8000 0.8000 
0.0000 0.0000 1.0000 0.0000  [X]
1.0000 1.0000 1.0000 1.0000 
2.c000 2.4000 2.8000 0.8000 
Operations:
x (1, 0)
c (0, 4)
x (2, 4)
x (4, 3)
m (-1, 0)
x (3, 0)
x (0, 1)
m (-1, 1)
m (1, 4)
x (1, 4)
x (4, 0)
x (2, 1)
End of state
Found MDS !!! (weight:19)
Current state:
5.8000 7.8000 3.8000 6.0000 
6.8000 4.8000 2.8000 4.0000 
6.0000 4.0000 3.0000 4.0000 
0.8000 0.8000 0.8000 1.0000 
0.8000 0.8000 0.8000 0.0000  [X]
Operations:
x (1, 0)
c (0, 4)
x (2, 4)
m (-1, 4)
x (4, 3)
x (3, 0)
m (1, 0)
x (0, 1)
m (1, 1)
x (1, 2)
x (4, 1)
x (1, 0)
End of state
Found MDS !!! (weight:19)
Current state:
5.8000 7.8000 3.8000 6.0000 
6.0000 4.0000 3.0000 4.0000 
0.0000 0.0000 1.0000 0.0000  [X]
0.8000 0.8000 0.8000 1.0000 
6.8000 4.8000 2.8000 4.0000 
Operations:
x (1, 0)
c (0, 4)
x (2, 4)
m (-1, 4)
x (4, 3)
x (3, 0)
m (1, 0)
x (0, 1)
m (1, 1)
x (1, 4)
x (4, 0)
x (2, 1)
End of state
Found MDS !!! (weight:19)
Current state:
5.8000 7.8000 3.8000 6.0000 
6.0000 4.0000 2.0000 4.0000  [X]
6.0000 4.0000 3.0000 4.0000 
0.8000 0.8000 0.8000 1.0000 
6.8000 4.8000 2.8000 4.0000 
Operations:
x (1, 0)
c (0, 4)
x (2, 4)
m (-1, 4)
x (4, 3)
x (3, 0)
m (1, 0)
x (0, 1)
m (1, 1)
x (1, 4)
x (4, 0)
x (1, 2)
End of state
Found MDS !!! (weight:19)
Current state:
3.4000 3.c000 3.8000 0.c000 
2.c000 2.4000 2.8000 0.4000 
0.c000 0.4000 1.8000 0.4000 
2.0000 2.0000 2.0000 1.0000 
2.0000 2.0000 2.0000 0.0000  [X]
Operations:
x (1, 0)
c (0, 4)
x (2, 4)
m (1, 4)
x (4, 3)
x (3, 0)
m (-1, 0)
x (0, 1)
m (-1, 1)
x (1, 2)
x (4, 1)
x (1, 0)
End of state
Found MDS !!! (weight:19)
Current state:
3.4000 3.c000 3.8000 0.c000 
0.c000 0.4000 1.8000 0.4000 
0.0000 0.0000 1.0000 0.0000  [X]
2.0000 2.0000 2.0000 1.0000 
2.c000 2.4000 2.8000 0.4000 
Operations:
x (1, 0)
c (0, 4)
x (2, 4)
m (1, 4)
x (4, 3)
x (3, 0)
m (-1, 0)
x (0, 1)
m (-1, 1)
x (1, 4)
x (4, 0)
x (2, 1)
End of state
Found MDS !!! (weight:19)
Current state:
3.4000 3.c000 3.8000 0.c000 
0.c000 0.4000 0.8000 0.4000  [X]
0.c000 0.4000 1.8000 0.4000 
2.0000 2.0000 2.0000 1.0000 
2.c000 2.4000 2.8000 0.4000 
Operations:
x (1, 0)
c (0, 4)
x (2, 4)
m (1, 4)
x (4, 3)
x (3, 0)
m (-1, 0)
x (0, 1)
m (-1, 1)
x (1, 4)
x (4, 0)
x (1, 2)
End of state
Found MDS !!! (weight:19)
Current state:
3.0000 3.0000 1.0000 1.0000  [X]
6.8000 4.8000 2.8000 2.0000 
6.0000 4.0000 3.0000 2.0000 
1.0000 1.0000 1.0000 1.0000 
5.8000 7.8000 3.8000 3.0000 
Operations:
x (1, 0)
c (0, 4)
x (2, 4)
x (4, 3)
m (1, 0)
x (3, 0)
x (0, 1)
m (1, 1)
x (1, 2)
m (-1, 4)
x (4, 1)
c (0, 4)
x (1, 4)
End of state
Found MDS !!! (weight:19)
Current state:
1.8000 1.8000 1.0000 1.0000  [X]
2.c000 2.4000 2.8000 0.8000 
0.c000 0.4000 1.8000 0.8000 
1.0000 1.0000 1.0000 1.0000 
3.4000 3.c000 3.8000 1.8000 
Operations:
x (1, 0)
c (0, 4)
x (2, 4)
x (4, 3)
m (-1, 0)
x (3, 0)
x (0, 1)
m (-1, 1)
x (1, 2)
m (1, 4)
x (4, 1)
c (1, 4)
x (0, 4)
End of state
Found MDS !!! (weight:19)
Current state:
1.8000 1.8000 0.8000 0.8000  [X]
2.c000 2.4000 1.4000 0.4000 
1.8000 0.8000 1.8000 0.8000 
2.0000 2.0000 1.0000 1.0000 
3.4000 3.c000 1.c000 0.c000 
Operations:
x (1, 0)
c (0, 4)
m (1, 4)
x (2, 4)
x (4, 3)
x (3, 0)
m (-1, 0)
x (0, 1)
x (1, 2)
m (-1, 1)
x (4, 1)
c (0, 4)
x (1, 4)
End of state
Found MDS !!! (weight:19)
Current state:
3.0000 3.0000 2.0000 2.0000  [X]
6.8000 4.8000 5.0000 4.0000 
3.0000 2.0000 3.0000 2.0000 
0.8000 0.8000 1.0000 1.0000 
5.8000 7.8000 7.0000 6.0000 
Operations:
x (1, 0)
c (0, 4)
m (-1, 4)
x (2, 4)
x (4, 3)
x (3, 0)
m (1, 0)
x (0, 1)
x (1, 2)
m (1, 1)
x (4, 1)
c (0, 4)
x (1, 4)
End of state
Found MDS !!! (weight:19)
Current state:
3.0000 3.0000 1.0000 2.0000  [X]
6.8000 4.8000 2.8000 4.0000 
6.0000 4.0000 3.0000 4.0000 
0.8000 0.8000 0.8000 1.0000 
5.8000 7.8000 3.8000 6.0000 
Operations:
x (1, 0)
c (0, 4)
x (2, 4)
m (-1, 4)
x (4, 3)
x (3, 0)
m (1, 0)
x (0, 1)
m (1, 1)
x (1, 2)
x (4, 1)
c (1, 4)
x (0, 4)
End of state
Found MDS !!! (weight:19)
Current state:
1.8000 1.8000 1.0000 0.8000  [X]
2.c000 2.4000 2.8000 0.4000 
0.c000 0.4000 1.8000 0.4000 
2.0000 2.0000 2.0000 1.0000 
3.4000 3.c000 3.8000 0.c000 
Operations:
x (1, 0)
c (0, 4)
x (2, 4)
m (1, 4)
x (4, 3)
x (3, 0)
m (-1, 0)
x (0, 1)
m (-1, 1)
x (1, 2)
x (4, 1)
c (0, 4)
x (1, 4)
End of state
Found MDS !!! (weight:19)
Current state:
2.c000 2.4000 0.c000 0.8000 
2.4000 3.c000 0.4000 0.8000 
0.c000 0.4000 1.c000 0.8000 
1.0000 1.0000 1.0000 1.0000 
0.c000 0.4000 0.c000 0.8000  [X]
Operations:
x (1, 0)
c (0, 4)
x (2, 4)
x (4, 3)
m (-1, 4)
x (4, 1)
c (3, 4)
x (1, 4)
m (-1, 4)
x (4, 2)
m (1, 0)
x (4, 0)
x (0, 1)
End of state
Found MDS !!! (weight:19)
Current state:
6.8000 4.8000 6.0000 2.0000 
4.8000 7.8000 4.0000 2.0000 
6.0000 4.0000 7.0000 2.0000 
1.0000 1.0000 1.0000 1.0000 
6.0000 4.0000 6.0000 2.0000  [X]
Operations:
x (1, 0)
c (0, 4)
x (2, 4)
x (4, 3)
m (1, 4)
x (4, 1)
c (1, 4)
x (3, 4)
m (1, 4)
x (4, 2)
m (-1, 0)
x (4, 0)
x (0, 1)
End of state
Found MDS !!! (weight:19)
Current state:
2.8000 3.8000 0.8000 1.0000  [X]
2.c000 3.4000 0.c000 1.0000 
2.8000 3.8000 1.8000 1.0000 
0.8000 1.8000 0.8000 1.0000 
2.4000 3.c000 0.4000 1.0000 
Operations:
x (1, 0)
c (0, 4)
x (2, 4)
m (-1, 4)
x (4, 1)
x (1, 3)
m (1, 0)
x (3, 0)
x (0, 2)
m (-1, 1)
x (0, 1)
x (1, 4)
End of state
Found MDS !!! (weight:19)
Current state:
2.8000 3.8000 2.0000 1.0000  [X]
6.8000 5.8000 6.0000 1.0000 
2.8000 3.8000 3.0000 1.0000 
2.0000 3.0000 2.0000 1.0000 
4.8000 7.8000 4.0000 1.0000 
Operations:
x (1, 0)
c (0, 4)
x (2, 4)
m (1, 4)
x (4, 1)
x (1, 3)
m (-1, 0)
x (3, 0)
x (0, 2)
m (1, 1)
x (0, 1)
x (1, 4)
End of state
Found MDS !!! (weight:19)
Current state:
1.2000 1.6000 0.2000 0.8000 
1.6000 1.a000 0.6000 0.8000 
0.4000 0.c000 1.4000 1.0000 
0.2000 0.6000 0.2000 0.8000  [X]
0.8000 0.8000 0.8000 1.0000 
Operations:
x (1, 0)
c (0, 4)
x (2, 4)
m (-1, 4)
x (4, 1)
x (3, 4)
m (-1, 1)
x (1, 3)
x (3, 2)
m (-1, 3)
x (3, 0)
x (0, 1)
End of state
Found MDS !!! (weight:19)
Current state:
9.0000 d.0000 8.0000 2.0000 
d.0000 b.0000 c.0000 2.0000 
4.0000 6.0000 5.0000 1.0000 
8.0000 c.0000 8.0000 2.0000  [X]
2.0000 2.0000 2.0000 1.0000 
Operations:
x (1, 0)
c (0, 4)
x (2, 4)
m (1, 4)
x (4, 1)
x (3, 4)
m (1, 1)
x (1, 3)
x (3, 2)
m (1, 3)
x (3, 0)
x (0, 1)
End of state
Found MDS !!! (weight:19)
Current state:
2.c000 2.4000 0.c000 1.0000 
2.4000 3.c000 0.4000 1.0000 
0.c000 0.4000 1.c000 1.0000 
0.8000 0.8000 0.8000 1.0000 
0.c000 0.4000 0.c000 1.0000  [X]
Operations:
x (1, 0)
c (0, 4)
x (2, 4)
m (-1, 4)
x (4, 3)
x (4, 1)
c (1, 4)
m (-1, 4)
x (3, 4)
x (4, 2)
m (1, 0)
x (4, 0)
x (0, 1)
End of state
Found MDS !!! (weight:19)
Current state:
6.8000 4.8000 6.0000 1.0000 
4.8000 7.8000 4.0000 1.0000 
6.0000 4.0000 7.0000 1.0000 
2.0000 2.0000 2.0000 1.0000 
6.0000 4.0000 6.0000 1.0000  [X]
Operations:
x (1, 0)
c (0, 4)
x (2, 4)
m (1, 4)
x (4, 3)
x (4, 1)
c (1, 4)
m (1, 4)
x (3, 4)
x (4, 2)
m (-1, 0)
x (4, 0)
x (0, 1)
End of state
Found MDS !!! (weight:19)
Current state:
2.8000 3.8000 1.0000 0.8000  [X]
6.8000 5.8000 3.0000 0.8000 
5.0000 7.0000 3.0000 1.0000 
4.0000 6.0000 2.0000 1.0000 
4.8000 7.8000 2.0000 0.8000 
Operations:
x (1, 0)
c (0, 4)
m (1, 4)
x (2, 4)
x (4, 1)
m (1, 1)
x (1, 3)
x (3, 0)
x (0, 2)
m (-1, 0)
x (0, 1)
x (1, 4)
End of state
Found MDS !!! (weight:19)
Current state:
2.8000 3.8000 1.0000 2.0000  [X]
2.c000 3.4000 1.8000 2.0000 
1.4000 1.c000 1.8000 1.0000 
0.4000 0.c000 0.8000 1.0000 
2.4000 3.c000 0.8000 2.0000 
Operations:
x (1, 0)
c (0, 4)
m (-1, 4)
x (2, 4)
x (4, 1)
m (-1, 1)
x (1, 3)
x (3, 0)
x (0, 2)
m (1, 0)
x (0, 1)
x (1, 4)
End of state
Found MDS !!! (weight:19)
Current state:
1.6000 1.2000 0.6000 0.8000 
1.2000 1.e000 0.2000 0.8000 
0.c000 0.4000 1.c000 1.0000 
0.8000 0.8000 0.8000 1.0000 
0.6000 0.2000 0.6000 0.8000  [X]
Operations:
x (1, 0)
c (0, 4)
x (2, 4)
m (-1, 4)
x (4, 3)
x (4, 1)
m (-1, 1)
c (1, 4)
x (3, 4)
x (4, 2)
m (-1, 4)
x (4, 0)
x (0, 1)
End of state
Found MDS !!! (weight:19)
Current state:
d.0000 9.0000 c.0000 2.0000 
9.0000 f.0000 8.0000 2.0000 
6.0000 4.0000 7.0000 1.0000 
2.0000 2.0000 2.0000 1.0000 
c.0000 8.0000 c.0000 2.0000  [X]
Operations:
x (1, 0)
c (0, 4)
x (2, 4)
m (1, 4)
x (4, 3)
x (4, 1)
m (1, 1)
c (3, 4)
x (1, 4)
x (4, 2)
m (1, 4)
x (4, 0)
x (0, 1)
End of state
Found MDS !!! (weight:19)
Current state:
9.0000 d.0000 4.0000 2.0000 
d.0000 b.0000 6.0000 2.0000 
8.0000 c.0000 5.0000 2.0000 
8.0000 c.0000 4.0000 2.0000  [X]
2.0000 2.0000 1.0000 1.0000 
Operations:
x (1, 0)
c (0, 4)
m (1, 4)
x (2, 4)
x (4, 1)
x (3, 4)
m (1, 1)
x (1, 3)
m (1, 3)
x (3, 0)
x (3, 2)
x (0, 1)
End of state
Found MDS !!! (weight:19)
Current state:
9.0000 d.0000 4.0000 2.0000 
d.0000 b.0000 6.0000 2.0000 
0.0000 0.0000 1.0000 0.0000  [X]
8.0000 c.0000 5.0000 2.0000 
2.0000 2.0000 1.0000 1.0000 
Operations:
x (1, 0)
c (0, 4)
m (1, 4)
x (2, 4)
x (4, 1)
x (3, 4)
m (1, 1)
x (1, 3)
m (1, 3)
x (3, 0)
x (0, 1)
x (2, 3)
End of state
Found MDS !!! (weight:19)
Current state:
1.2000 1.6000 0.4000 0.8000 
1.6000 1.a000 0.c000 0.8000 
0.2000 0.6000 1.4000 0.8000 
0.2000 0.6000 0.4000 0.8000  [X]
0.8000 0.8000 1.0000 1.0000 
Operations:
x (1, 0)
c (0, 4)
m (-1, 4)
x (2, 4)
x (4, 1)
x (3, 4)
m (-1, 1)
x (1, 3)
m (-1, 3)
x (3, 0)
x (0, 1)
x (3, 2)
End of state
Found MDS !!! (weight:19)
Current state:
1.2000 1.6000 0.4000 0.8000 
1.6000 1.a000 0.c000 0.8000 
0.0000 0.0000 1.0000 0.0000  [X]
0.2000 0.6000 1.4000 0.8000 
0.8000 0.8000 1.0000 1.0000 
Operations:
x (1, 0)
c (0, 4)
m (-1, 4)
x (2, 4)
x (4, 1)
x (3, 4)
m (-1, 1)
x (1, 3)
m (-1, 3)
x (3, 0)
x (0, 1)
x (2, 3)
End of state
Found MDS !!! (weight:19)
Current state:
2.8000 3.8000 1.8000 1.0000 
2.c000 3.4000 0.c000 1.0000 
0.0000 0.0000 1.0000 0.0000  [X]
0.8000 1.8000 0.8000 1.0000 
2.4000 3.c000 0.4000 1.0000 
Operations:
x (1, 0)
c (0, 4)
x (2, 4)
m (-1, 4)
x (4, 1)
x (1, 3)
m (1, 0)
x (3, 0)
m (-1, 1)
x (0, 1)
x (1, 4)
x (2, 0)
End of state
Found MDS !!! (weight:19)
Current state:
2.8000 3.8000 3.0000 1.0000 
6.8000 5.8000 6.0000 1.0000 
0.0000 0.0000 1.0000 0.0000  [X]
2.0000 3.0000 2.0000 1.0000 
4.8000 7.8000 4.0000 1.0000 
Operations:
x (1, 0)
c (0, 4)
x (2, 4)
m (1, 4)
x (4, 1)
x (1, 3)
m (-1, 0)
x (3, 0)
m (1, 1)
x (0, 1)
x (1, 4)
x (2, 0)
End of state
Found MDS !!! (weight:19)
Current state:
2.8000 3.8000 0.8000 2.0000  [X]
2.c000 3.4000 0.c000 2.0000 
2.8000 3.8000 1.8000 2.0000 
0.4000 0.c000 0.4000 1.0000 
2.4000 3.c000 0.4000 2.0000 
Operations:
x (1, 0)
c (0, 4)
x (2, 4)
m (-1, 4)
x (4, 1)
m (-1, 1)
x (1, 3)
x (3, 0)
m (1, 0)
x (0, 1)
x (0, 2)
x (1, 4)
End of state
Found MDS !!! (weight:19)
Current state:
2.8000 3.8000 1.8000 2.0000 
2.c000 3.4000 0.c000 2.0000 
0.0000 0.0000 1.0000 0.0000  [X]
0.4000 0.c000 0.4000 1.0000 
2.4000 3.c000 0.4000 2.0000 
Operations:
x (1, 0)
c (0, 4)
x (2, 4)
m (-1, 4)
x (4, 1)
m (-1, 1)
x (1, 3)
x (3, 0)
m (1, 0)
x (0, 1)
x (1, 4)
x (2, 0)
End of state
Found MDS !!! (weight:19)
Current state:
2.8000 3.8000 3.0000 0.8000 
6.8000 5.8000 6.0000 0.8000 
0.0000 0.0000 1.0000 0.0000  [X]
4.0000 6.0000 4.0000 1.0000 
4.8000 7.8000 4.0000 0.8000 
Operations:
x (1, 0)
c (0, 4)
x (2, 4)
m (1, 4)
x (4, 1)
m (1, 1)
x (1, 3)
x (3, 0)
m (-1, 0)
x (0, 1)
x (1, 4)
x (2, 0)
End of state
Found MDS !!! (weight:19)
Current state:
2.8000 3.8000 2.0000 0.8000  [X]
6.8000 5.8000 6.0000 0.8000 
2.8000 3.8000 3.0000 0.8000 
4.0000 6.0000 4.0000 1.0000 
4.8000 7.8000 4.0000 0.8000 
Operations:
x (1, 0)
c (0, 4)
x (2, 4)
m (1, 4)
x (4, 1)
m (1, 1)
x (1, 3)
x (3, 0)
m (-1, 0)
x (0, 1)
x (1, 4)
x (0, 2)
End of state
Found MDS !!! (weight:19)
Current state:
d.0000 9.0000 6.0000 2.0000 
9.0000 f.0000 4.0000 2.0000 
c.0000 8.0000 7.0000 2.0000 
2.0000 2.0000 1.0000 1.0000 
c.0000 8.0000 6.0000 2.0000  [X]
Operations:
x (1, 0)
c (0, 4)
m (1, 4)
x (2, 4)
x (4, 3)
x (4, 1)
m (1, 1)
c (3, 4)
x (1, 4)
m (1, 4)
x (4, 0)
x (4, 2)
x (0, 1)
End of state
Found MDS !!! (weight:19)
Current state:
1.6000 1.2000 0.c000 0.8000 
1.2000 1.e000 0.4000 0.8000 
0.6000 0.2000 1.c000 0.8000 
0.8000 0.8000 1.0000 1.0000 
0.6000 0.2000 0.c000 0.8000  [X]
Operations:
x (1, 0)
c (0, 4)
m (-1, 4)
x (2, 4)
x (4, 3)
x (4, 1)
m (-1, 1)
c (1, 4)
x (3, 4)
m (-1, 4)
x (4, 0)
x (4, 2)
x (0, 1)
End of state
Found MDS !!! (weight:19)
Current state:
2.0000 2.0000 0.0000 0.0000  [X]
2.4000 3.c000 0.4000 0.8000 
0.c000 0.4000 1.c000 0.8000 
1.0000 1.0000 1.0000 1.0000 
2.c000 2.4000 0.c000 0.8000 
Operations:
x (1, 0)
c (0, 4)
x (2, 4)
x (4, 3)
m (-1, 4)
x (4, 1)
c (3, 4)
x (1, 4)
m (-1, 4)
x (4, 2)
m (1, 0)
x (0, 4)
x (4, 1)
End of state
Found MDS !!! (weight:19)
Current state:
0.8000 0.8000 0.0000 0.0000  [X]
4.8000 7.8000 4.0000 2.0000 
6.0000 4.0000 7.0000 2.0000 
1.0000 1.0000 1.0000 1.0000 
6.8000 4.8000 6.0000 2.0000 
Operations:
x (1, 0)
c (0, 4)
x (2, 4)
x (4, 3)
m (1, 4)
x (4, 1)
c (1, 4)
x (3, 4)
m (1, 4)
x (4, 2)
m (-1, 0)
x (0, 4)
x (4, 1)
End of state
Found MDS !!! (weight:19)
Current state:
2.c000 3.4000 0.c000 1.0000 
0.4000 0.c000 0.4000 0.0000  [X]
2.8000 3.8000 1.8000 1.0000 
0.8000 1.8000 0.8000 1.0000 
2.4000 3.c000 0.4000 1.0000 
Operations:
x (1, 0)
c (0, 4)
x (2, 4)
m (-1, 4)
x (4, 1)
x (1, 3)
m (1, 0)
x (3, 0)
x (0, 2)
m (-1, 1)
x (1, 0)
x (0, 4)
End of state
Found MDS !!! (weight:19)
Current state:
6.8000 5.8000 6.0000 1.0000 
4.0000 6.0000 4.0000 0.0000  [X]
2.8000 3.8000 3.0000 1.0000 
2.0000 3.0000 2.0000 1.0000 
4.8000 7.8000 4.0000 1.0000 
Operations:
x (1, 0)
c (0, 4)
x (2, 4)
m (1, 4)
x (4, 1)
x (1, 3)
m (-1, 0)
x (3, 0)
x (0, 2)
m (1, 1)
x (1, 0)
x (0, 4)
End of state
Found MDS !!! (weight:19)
Current state:
1.0000 1.0000 0.0000 0.0000  [X]
1.6000 1.a000 0.6000 0.8000 
0.4000 0.c000 1.4000 1.0000 
1.2000 1.6000 0.2000 0.8000 
0.8000 0.8000 0.8000 1.0000 
Operations:
x (1, 0)
c (0, 4)
x (2, 4)
m (-1, 4)
x (4, 1)
x (3, 4)
m (-1, 1)
x (1, 3)
x (3, 2)
m (-1, 3)
x (0, 3)
x (3, 1)
End of state
Found MDS !!! (weight:19)
Current state:
1.0000 1.0000 0.0000 0.0000  [X]
d.0000 b.0000 c.0000 2.0000 
4.0000 6.0000 5.0000 1.0000 
9.0000 d.0000 8.0000 2.0000 
2.0000 2.0000 2.0000 1.0000 
Operations:
x (1, 0)
c (0, 4)
x (2, 4)
m (1, 4)
x (4, 1)
x (3, 4)
m (1, 1)
x (1, 3)
x (3, 2)
m (1, 3)
x (0, 3)
x (3, 1)
End of state
Found MDS !!! (weight:19)
Current state:
2.0000 2.0000 0.0000 0.0000  [X]
2.4000 3.c000 0.4000 1.0000 
0.c000 0.4000 1.c000 1.0000 
0.8000 0.8000 0.8000 1.0000 
2.c000 2.4000 0.c000 1.0000 
Operations:
x (1, 0)
c (0, 4)
x (2, 4)
m (-1, 4)
x (4, 3)
x (4, 1)
c (1, 4)
m (-1, 4)
x (3, 4)
x (4, 2)
m (1, 0)
x (0, 4)
x (4, 1)
End of state
Found MDS !!! (weight:19)
Current state:
0.8000 0.8000 0.0000 0.0000  [X]
4.8000 7.8000 4.0000 1.0000 
6.0000 4.0000 7.0000 1.0000 
2.0000 2.0000 2.0000 1.0000 
6.8000 4.8000 6.0000 1.0000 
Operations:
x (1, 0)
c (0, 4)
x (2, 4)
m (1, 4)
x (4, 3)
x (4, 1)
c (1, 4)
m (1, 4)
x (3, 4)
x (4, 2)
m (-1, 0)
x (0, 4)
x (4, 1)
End of state
Found MDS !!! (weight:19)
Current state:
6.8000 5.8000 3.0000 0.8000 
4.0000 6.0000 2.0000 0.0000  [X]
5.0000 7.0000 3.0000 1.0000 
4.0000 6.0000 2.0000 1.0000 
4.8000 7.8000 2.0000 0.8000 
Operations:
x (1, 0)
c (0, 4)
m (1, 4)
x (2, 4)
x (4, 1)
m (1, 1)
x (1, 3)
x (3, 0)
x (0, 2)
m (-1, 0)
x (1, 0)
x (0, 4)
End of state
Found MDS !!! (weight:19)
Current state:
2.c000 3.4000 1.8000 2.0000 
0.4000 0.c000 0.8000 0.0000  [X]
1.4000 1.c000 1.8000 1.0000 
0.4000 0.c000 0.8000 1.0000 
2.4000 3.c000 0.8000 2.0000 
Operations:
x (1, 0)
c (0, 4)
m (-1, 4)
x (2, 4)
x (4, 1)
m (-1, 1)
x (1, 3)
x (3, 0)
x (0, 2)
m (1, 0)
x (1, 0)
x (0, 4)
End of state
Found MDS !!! (weight:19)
Current state:
1.0000 1.0000 0.0000 0.0000  [X]
1.2000 1.e000 0.2000 0.8000 
0.c000 0.4000 1.c000 1.0000 
0.8000 0.8000 0.8000 1.0000 
1.6000 1.2000 0.6000 0.8000 
Operations:
x (1, 0)
c (0, 4)
x (2, 4)
m (-1, 4)
x (4, 3)
x (4, 1)
m (-1, 1)
c (1, 4)
x (3, 4)
x (4, 2)
m (-1, 4)
x (0, 4)
x (4, 1)
End of state
Found MDS !!! (weight:19)
Current state:
1.0000 1.0000 0.0000 0.0000  [X]
9.0000 f.0000 8.0000 2.0000 
6.0000 4.0000 7.0000 1.0000 
2.0000 2.0000 2.0000 1.0000 
d.0000 9.0000 c.0000 2.0000 
Operations:
x (1, 0)
c (0, 4)
x (2, 4)
m (1, 4)
x (4, 3)
x (4, 1)
m (1, 1)
c (3, 4)
x (1, 4)
x (4, 2)
m (1, 4)
x (0, 4)
x (4, 1)
End of state
Found MDS !!! (weight:19)
Current state:
2.c000 2.4000 0.c000 0.8000 
2.4000 3.c000 0.4000 0.8000 
0.0000 0.0000 1.0000 0.0000  [X]
1.0000 1.0000 1.0000 1.0000 
0.c000 0.4000 1.c000 0.8000 
Operations:
x (1, 0)
c (0, 4)
x (2, 4)
x (4, 3)
m (-1, 4)
x (4, 1)
c (3, 4)
x (1, 4)
m (1, 0)
m (-1, 4)
x (4, 0)
x (0, 1)
x (2, 4)
End of state
Found MDS !!! (weight:19)
Current state:
6.8000 4.8000 6.0000 2.0000 
4.8000 7.8000 4.0000 2.0000 
0.0000 0.0000 1.0000 0.0000  [X]
1.0000 1.0000 1.0000 1.0000 
6.0000 4.0000 7.0000 2.0000 
Operations:
x (1, 0)
c (0, 4)
x (2, 4)
x (4, 3)
m (1, 4)
x (4, 1)
c (1, 4)
x (3, 4)
m (-1, 0)
m (1, 4)
x (4, 0)
x (0, 1)
x (2, 4)
End of state
Found MDS !!! (weight:19)
Current state:
1.0000 1.0000 0.0000 0.0000  [X]
d.0000 b.0000 6.0000 2.0000 
8.0000 c.0000 5.0000 2.0000 
9.0000 d.0000 4.0000 2.0000 
2.0000 2.0000 1.0000 1.0000 
Operations:
x (1, 0)
c (0, 4)
m (1, 4)
x (2, 4)
x (4, 1)
x (3, 4)
m (1, 1)
x (1, 3)
m (1, 3)
x (3, 2)
x (0, 3)
x (3, 1)
End of state
Found MDS !!! (weight:19)
Current state:
1.0000 1.0000 0.0000 0.0000  [X]
1.6000 1.a000 0.c000 0.8000 
0.2000 0.6000 1.4000 0.8000 
1.2000 1.6000 0.4000 0.8000 
0.8000 0.8000 1.0000 1.0000 
Operations:
x (1, 0)
c (0, 4)
m (-1, 4)
x (2, 4)
x (4, 1)
x (3, 4)
m (-1, 1)
x (1, 3)
m (-1, 3)
x (3, 2)
x (0, 3)
x (3, 1)
End of state
Found MDS !!! (weight:19)
Current state:
2.c000 2.4000 0.c000 1.0000 
2.4000 3.c000 0.4000 1.0000 
0.0000 0.0000 1.0000 0.0000  [X]
0.8000 0.8000 0.8000 1.0000 
0.c000 0.4000 1.c000 1.0000 
Operations:
x (1, 0)
c (0, 4)
x (2, 4)
m (-1, 4)
x (4, 3)
x (4, 1)
c (1, 4)
m (-1, 4)
x (3, 4)
m (1, 0)
x (4, 0)
x (0, 1)
x (2, 4)
End of state
Found MDS !!! (weight:19)
Current state:
6.8000 4.8000 6.0000 1.0000 
4.8000 7.8000 4.0000 1.0000 
0.0000 0.0000 1.0000 0.0000  [X]
2.0000 2.0000 2.0000 1.0000 
6.0000 4.0000 7.0000 1.0000 
Operations:
x (1, 0)
c (0, 4)
x (2, 4)
m (1, 4)
x (4, 3)
x (4, 1)
c (1, 4)
m (1, 4)
x (3, 4)
m (-1, 0)
x (4, 0)
x (0, 1)
x (2, 4)
End of state
Found MDS !!! (weight:19)
Current state:
2.c000 2.4000 0.c000 0.8000 
0.8000 1.8000 0.8000 0.0000  [X]
0.c000 0.4000 1.c000 0.8000 
1.0000 1.0000 1.0000 1.0000 
2.4000 3.c000 0.4000 0.8000 
Operations:
x (1, 0)
c (0, 4)
x (2, 4)
x (4, 3)
m (-1, 4)
x (4, 1)
c (3, 4)
x (1, 4)
m (-1, 4)
x (4, 2)
m (1, 0)
x (4, 0)
c (0, 4)
x (1, 4)
End of state
Found MDS !!! (weight:19)
Current state:
6.8000 4.8000 6.0000 2.0000 
2.0000 3.0000 2.0000 0.0000  [X]
6.0000 4.0000 7.0000 2.0000 
1.0000 1.0000 1.0000 1.0000 
4.8000 7.8000 4.0000 2.0000 
Operations:
x (1, 0)
c (0, 4)
x (2, 4)
x (4, 3)
m (1, 4)
x (4, 1)
c (1, 4)
x (3, 4)
m (1, 4)
x (4, 2)
m (-1, 0)
x (4, 0)
c (0, 4)
x (1, 4)
End of state
Found MDS !!! (weight:19)
Current state:
2.c000 3.4000 0.c000 2.0000 
0.4000 0.c000 0.4000 0.0000  [X]
2.8000 3.8000 1.8000 2.0000 
0.4000 0.c000 0.4000 1.0000 
2.4000 3.c000 0.4000 2.0000 
Operations:
x (1, 0)
c (0, 4)
x (2, 4)
m (-1, 4)
x (4, 1)
m (-1, 1)
x (1, 3)
x (3, 0)
m (1, 0)
x (0, 2)
x (1, 0)
x (0, 4)
End of state
Found MDS !!! (weight:19)
Current state:
6.8000 5.8000 6.0000 0.8000 
4.0000 6.0000 4.0000 0.0000  [X]
2.8000 3.8000 3.0000 0.8000 
4.0000 6.0000 4.0000 1.0000 
4.8000 7.8000 4.0000 0.8000 
Operations:
x (1, 0)
c (0, 4)
x (2, 4)
m (1, 4)
x (4, 1)
m (1, 1)
x (1, 3)
x (3, 0)
m (-1, 0)
x (0, 2)
x (1, 0)
x (0, 4)
End of state
Found MDS !!! (weight:19)
Current state:
d.0000 9.0000 6.0000 2.0000 
9.0000 f.0000 4.0000 2.0000 
0.0000 0.0000 1.0000 0.0000  [X]
2.0000 2.0000 1.0000 1.0000 
c.0000 8.0000 7.0000 2.0000 
Operations:
x (1, 0)
c (0, 4)
m (1, 4)
x (2, 4)
x (4, 3)
x (4, 1)
m (1, 1)
c (3, 4)
x (1, 4)
m (1, 4)
x (4, 0)
x (0, 1)
x (2, 4)
End of state
Found MDS !!! (weight:19)
Current state:
1.0000 1.0000 0.0000 0.0000  [X]
9.0000 f.0000 4.0000 2.0000 
c.0000 8.0000 7.0000 2.0000 
2.0000 2.0000 1.0000 1.0000 
d.0000 9.0000 6.0000 2.0000 
Operations:
x (1, 0)
c (0, 4)
m (1, 4)
x (2, 4)
x (4, 3)
x (4, 1)
m (1, 1)
c (3, 4)
x (1, 4)
m (1, 4)
x (4, 2)
x (0, 4)
x (4, 1)
End of state
Found MDS !!! (weight:19)
Current state:
1.6000 1.2000 0.c000 0.8000 
1.2000 1.e000 0.4000 0.8000 
0.0000 0.0000 1.0000 0.0000  [X]
0.8000 0.8000 1.0000 1.0000 
0.6000 0.2000 1.c000 0.8000 
Operations:
x (1, 0)
c (0, 4)
m (-1, 4)
x (2, 4)
x (4, 3)
x (4, 1)
m (-1, 1)
c (1, 4)
x (3, 4)
m (-1, 4)
x (4, 0)
x (0, 1)
x (2, 4)
End of state
Found MDS !!! (weight:19)
Current state:
1.0000 1.0000 0.0000 0.0000  [X]
1.2000 1.e000 0.4000 0.8000 
0.6000 0.2000 1.c000 0.8000 
0.8000 0.8000 1.0000 1.0000 
1.6000 1.2000 0.c000 0.8000 
Operations:
x (1, 0)
c (0, 4)
m (-1, 4)
x (2, 4)
x (4, 3)
x (4, 1)
m (-1, 1)
c (1, 4)
x (3, 4)
m (-1, 4)
x (4, 2)
x (0, 4)
x (4, 1)
End of state
Found MDS !!! (weight:19)
Current state:
2.4000 3.c000 0.4000 1.0000 
2.c000 3.4000 0.c000 1.0000 
2.8000 3.8000 1.8000 1.0000 
0.8000 1.8000 0.8000 1.0000 
0.8000 0.8000 0.8000 0.0000  [X]
Operations:
x (1, 0)
c (0, 4)
x (2, 4)
m (-1, 4)
x (4, 1)
x (1, 3)
m (1, 0)
x (3, 0)
x (0, 2)
m (-1, 1)
x (0, 1)
c (1, 0)
x (4, 0)
End of state
Found MDS !!! (weight:19)
Current state:
4.8000 7.8000 4.0000 1.0000 
6.8000 5.8000 6.0000 1.0000 
2.8000 3.8000 3.0000 1.0000 
2.0000 3.0000 2.0000 1.0000 
2.0000 2.0000 2.0000 0.0000  [X]
Operations:
x (1, 0)
c (0, 4)
x (2, 4)
m (1, 4)
x (4, 1)
x (1, 3)
m (-1, 0)
x (3, 0)
x (0, 2)
m (1, 1)
x (0, 1)
c (4, 0)
x (1, 0)
End of state
Found MDS !!! (weight:19)
Current state:
1.2000 1.6000 0.2000 0.8000 
0.4000 0.c000 0.4000 0.0000  [X]
0.4000 0.c000 1.4000 1.0000 
1.6000 1.a000 0.6000 0.8000 
0.8000 0.8000 0.8000 1.0000 
Operations:
x (1, 0)
c (0, 4)
x (2, 4)
m (-1, 4)
x (4, 1)
x (3, 4)
m (-1, 1)
x (1, 3)
x (3, 2)
m (-1, 3)
x (3, 0)
c (0, 3)
x (1, 3)
End of state
Found MDS !!! (weight:19)
Current state:
9.0000 d.0000 8.0000 2.0000 
4.0000 6.0000 4.0000 0.0000  [X]
4.0000 6.0000 5.0000 1.0000 
d.0000 b.0000 c.0000 2.0000 
2.0000 2.0000 2.0000 1.0000 
Operations:
x (1, 0)
c (0, 4)
x (2, 4)
m (1, 4)
x (4, 1)
x (3, 4)
m (1, 1)
x (1, 3)
x (3, 2)
m (1, 3)
x (3, 0)
c (0, 3)
x (1, 3)
End of state
Found MDS !!! (weight:19)
Current state:
2.c000 2.4000 0.c000 1.0000 
0.8000 1.8000 0.8000 0.0000  [X]
0.c000 0.4000 1.c000 1.0000 
0.8000 0.8000 0.8000 1.0000 
2.4000 3.c000 0.4000 1.0000 
Operations:
x (1, 0)
c (0, 4)
x (2, 4)
m (-1, 4)
x (4, 3)
x (4, 1)
c (1, 4)
m (-1, 4)
x (3, 4)
x (4, 2)
m (1, 0)
x (4, 0)
c (0, 4)
x (1, 4)
End of state
Found MDS !!! (weight:19)
Current state:
6.8000 4.8000 6.0000 1.0000 
2.0000 3.0000 2.0000 0.0000  [X]
6.0000 4.0000 7.0000 1.0000 
2.0000 2.0000 2.0000 1.0000 
4.8000 7.8000 4.0000 1.0000 
Operations:
x (1, 0)
c (0, 4)
x (2, 4)
m (1, 4)
x (4, 3)
x (4, 1)
c (1, 4)
m (1, 4)
x (3, 4)
x (4, 2)
m (-1, 0)
x (4, 0)
c (0, 4)
x (1, 4)
End of state
Found MDS !!! (weight:19)
Current state:
4.8000 7.8000 2.0000 0.8000 
6.8000 5.8000 3.0000 0.8000 
5.0000 7.0000 3.0000 1.0000 
4.0000 6.0000 2.0000 1.0000 
2.0000 2.0000 1.0000 0.0000  [X]
Operations:
x (1, 0)
c (0, 4)
m (1, 4)
x (2, 4)
x (4, 1)
m (1, 1)
x (1, 3)
x (3, 0)
x (0, 2)
m (-1, 0)
x (0, 1)
c (1, 0)
x (4, 0)
End of state
Found MDS !!! (weight:19)
Current state:
2.4000 3.c000 0.8000 2.0000 
2.c000 3.4000 1.8000 2.0000 
1.4000 1.c000 1.8000 1.0000 
0.4000 0.c000 0.8000 1.0000 
0.8000 0.8000 1.0000 0.0000  [X]
Operations:
x (1, 0)
c (0, 4)
m (-1, 4)
x (2, 4)
x (4, 1)
m (-1, 1)
x (1, 3)
x (3, 0)
x (0, 2)
m (1, 0)
x (0, 1)
c (1, 0)
x (4, 0)
End of state
Found MDS !!! (weight:19)
Current state:
1.6000 1.2000 0.6000 0.8000 
0.4000 0.c000 0.4000 0.0000  [X]
0.c000 0.4000 1.c000 1.0000 
0.8000 0.8000 0.8000 1.0000 
1.2000 1.e000 0.2000 0.8000 
Operations:
x (1, 0)
c (0, 4)
x (2, 4)
m (-1, 4)
x (4, 3)
x (4, 1)
m (-1, 1)
c (1, 4)
x (3, 4)
x (4, 2)
m (-1, 4)
x (4, 0)
c (1, 4)
x (0, 4)
End of state
Found MDS !!! (weight:19)
Current state:
d.0000 9.0000 c.0000 2.0000 
4.0000 6.0000 4.0000 0.0000  [X]
6.0000 4.0000 7.0000 1.0000 
2.0000 2.0000 2.0000 1.0000 
9.0000 f.0000 8.0000 2.0000 
Operations:
x (1, 0)
c (0, 4)
x (2, 4)
m (1, 4)
x (4, 3)
x (4, 1)
m (1, 1)
c (3, 4)
x (1, 4)
x (4, 2)
m (1, 4)
x (4, 0)
c (1, 4)
x (0, 4)
End of state
Found MDS !!! (weight:19)
Current state:
9.0000 d.0000 4.0000 2.0000 
4.0000 6.0000 2.0000 0.0000  [X]
8.0000 c.0000 5.0000 2.0000 
d.0000 b.0000 6.0000 2.0000 
2.0000 2.0000 1.0000 1.0000 
Operations:
x (1, 0)
c (0, 4)
m (1, 4)
x (2, 4)
x (4, 1)
x (3, 4)
m (1, 1)
x (1, 3)
m (1, 3)
x (3, 0)
x (3, 2)
c (1, 3)
x (0, 3)
End of state
Found MDS !!! (weight:19)
Current state:
1.2000 1.6000 0.4000 0.8000 
0.4000 0.c000 0.8000 0.0000  [X]
0.2000 0.6000 1.4000 0.8000 
1.6000 1.a000 0.c000 0.8000 
0.8000 0.8000 1.0000 1.0000 
Operations:
x (1, 0)
c (0, 4)
m (-1, 4)
x (2, 4)
x (4, 1)
x (3, 4)
m (-1, 1)
x (1, 3)
m (-1, 3)
x (3, 0)
x (3, 2)
c (0, 3)
x (1, 3)
End of state
Found MDS !!! (weight:19)
Current state:
2.4000 3.c000 0.4000 2.0000 
2.c000 3.4000 0.c000 2.0000 
2.8000 3.8000 1.8000 2.0000 
0.4000 0.c000 0.4000 1.0000 
0.8000 0.8000 0.8000 0.0000  [X]
Operations:
x (1, 0)
c (0, 4)
x (2, 4)
m (-1, 4)
x (4, 1)
m (-1, 1)
x (1, 3)
x (3, 0)
m (1, 0)
x (0, 1)
x (0, 2)
c (1, 0)
x (4, 0)
End of state
Found MDS !!! (weight:19)
Current state:
4.8000 7.8000 4.0000 0.8000 
6.8000 5.8000 6.0000 0.8000 
2.8000 3.8000 3.0000 0.8000 
4.0000 6.0000 4.0000 1.0000 
2.0000 2.0000 2.0000 0.0000  [X]
Operations:
x (1, 0)
c (0, 4)
x (2, 4)
m (1, 4)
x (4, 1)
m (1, 1)
x (1, 3)
x (3, 0)
m (-1, 0)
x (0, 1)
x (0, 2)
c (1, 0)
x (4, 0)
End of state
Found MDS !!! (weight:19)
Current state:
d.0000 9.0000 6.0000 2.0000 
4.0000 6.0000 2.0000 0.0000  [X]
c.0000 8.0000 7.0000 2.0000 
2.0000 2.0000 1.0000 1.0000 
9.0000 f.0000 4.0000 2.0000 
Operations:
x (1, 0)
c (0, 4)
m (1, 4)
x (2, 4)
x (4, 3)
x (4, 1)
m (1, 1)
c (3, 4)
x (1, 4)
m (1, 4)
x (4, 0)
x (4, 2)
c (0, 4)
x (1, 4)
End of state
Found MDS !!! (weight:19)
Current state:
1.6000 1.2000 0.c000 0.8000 
0.4000 0.c000 0.8000 0.0000  [X]
0.6000 0.2000 1.c000 0.8000 
0.8000 0.8000 1.0000 1.0000 
1.2000 1.e000 0.4000 0.8000 
Operations:
x (1, 0)
c (0, 4)
m (-1, 4)
x (2, 4)
x (4, 3)
x (4, 1)
m (-1, 1)
c (1, 4)
x (3, 4)
m (-1, 4)
x (4, 0)
x (4, 2)
c (1, 4)
x (0, 4)
End of state
Found MDS !!! (weight:19)
Current state:
2.c000 2.4000 0.c000 1.0000 
2.4000 2.c000 0.4000 1.0000 
2.0000 2.0000 1.0000 1.0000 
0.8000 1.8000 0.8000 1.0000 
2.0000 2.0000 0.0000 1.0000  [X]
Operations:
x (1, 0)
c (0, 4)
m (1, 4)
x (2, 0)
x (3, 4)
x (4, 2)
m (-1, 0)
x (0, 1)
x (1, 3)
m (-1, 1)
x (4, 1)
x (1, 0)
End of state
Found MDS !!! (weight:19)
Current state:
2.c000 2.4000 0.c000 1.0000 
0.4000 0.c000 0.4000 0.0000  [X]
2.0000 2.0000 1.0000 1.0000 
0.8000 1.8000 0.8000 1.0000 
2.4000 2.c000 0.4000 1.0000 
Operations:
x (1, 0)
c (0, 4)
m (1, 4)
x (2, 0)
x (3, 4)
x (4, 2)
m (-1, 0)
x (0, 1)
x (1, 3)
m (-1, 1)
x (1, 4)
x (4, 0)
End of state
Found MDS !!! (weight:19)
Current state:
6.8000 4.8000 6.0000 1.0000 
4.8000 6.8000 4.0000 1.0000 
0.8000 0.8000 1.0000 1.0000 
2.0000 3.0000 2.0000 1.0000 
0.8000 0.8000 0.0000 1.0000  [X]
Operations:
x (1, 0)
c (0, 4)
m (-1, 4)
x (2, 0)
x (3, 4)
x (4, 2)
m (1, 0)
x (0, 1)
x (1, 3)
m (1, 1)
x (4, 1)
x (1, 0)
End of state
Found MDS !!! (weight:19)
Current state:
6.8000 4.8000 6.0000 1.0000 
4.0000 6.0000 4.0000 0.0000  [X]
0.8000 0.8000 1.0000 1.0000 
2.0000 3.0000 2.0000 1.0000 
4.8000 6.8000 4.0000 1.0000 
Operations:
x (1, 0)
c (0, 4)
m (-1, 4)
x (2, 0)
x (3, 4)
x (4, 2)
m (1, 0)
x (0, 1)
x (1, 3)
m (1, 1)
x (1, 4)
x (4, 0)
End of state
Found MDS !!! (weight:19)
Current state:
4.8000 6.8000 0.8000 2.0000 
4.0000 6.0000 0.0000 2.0000  [X]
4.0000 6.0000 1.0000 2.0000 
1.0000 1.0000 1.0000 1.0000 
6.8000 4.8000 0.8000 3.0000 
Operations:
x (1, 0)
c (0, 4)
m (1, 4)
x (2, 0)
x (3, 4)
x (0, 3)
x (4, 1)
m (1, 1)
x (1, 2)
m (-1, 0)
x (1, 0)
x (0, 4)
End of state
Found MDS !!! (weight:19)
Current state:
0.8000 0.8000 0.8000 0.0000  [X]
4.8000 6.8000 0.8000 2.0000 
4.0000 6.0000 1.0000 2.0000 
1.0000 1.0000 1.0000 1.0000 
6.8000 4.8000 0.8000 3.0000 
Operations:
x (1, 0)
c (0, 4)
m (1, 4)
x (2, 0)
x (3, 4)
x (0, 3)
x (4, 1)
m (1, 1)
x (1, 2)
m (-1, 0)
x (0, 1)
x (1, 4)
End of state
Found MDS !!! (weight:19)
Current state:
2.4000 2.c000 2.0000 0.8000 
0.4000 0.c000 0.0000 0.8000  [X]
0.4000 0.c000 1.0000 0.8000 
1.0000 1.0000 1.0000 1.0000 
2.c000 2.4000 2.0000 1.8000 
Operations:
x (1, 0)
c (0, 4)
m (-1, 4)
x (2, 0)
x (3, 4)
x (0, 3)
x (4, 1)
m (-1, 1)
x (1, 2)
m (1, 0)
x (1, 0)
x (0, 4)
End of state
Found MDS !!! (weight:19)
Current state:
2.0000 2.0000 2.0000 0.0000  [X]
2.4000 2.c000 2.0000 0.8000 
0.4000 0.c000 1.0000 0.8000 
1.0000 1.0000 1.0000 1.0000 
2.c000 2.4000 2.0000 1.8000 
Operations:
x (1, 0)
c (0, 4)
m (-1, 4)
x (2, 0)
x (3, 4)
x (0, 3)
x (4, 1)
m (-1, 1)
x (1, 2)
m (1, 0)
x (0, 1)
x (1, 4)
End of state
Found MDS !!! (weight:19)
Current state:
0.c000 0.4000 1.0000 1.c000 
0.4000 0.c000 0.0000 0.4000  [X]
0.4000 0.c000 1.0000 1.4000 
2.8000 3.8000 1.0000 1.8000 
2.0000 2.0000 1.0000 1.0000 
Operations:
x (1, 0)
c (0, 4)
m (1, 4)
x (3, 2)
x (2, 4)
x (3, 0)
m (-1, 0)
x (0, 1)
c (1, 3)
x (4, 3)
m (-1, 1)
x (1, 2)
x (2, 0)
End of state
Found MDS !!! (weight:19)
Current state:
0.c000 0.4000 1.0000 1.c000 
0.4000 0.c000 1.0000 1.4000 
0.0000 0.0000 1.0000 1.0000  [X]
2.8000 3.8000 1.0000 1.8000 
2.0000 2.0000 1.0000 1.0000 
Operations:
x (1, 0)
c (0, 4)
m (1, 4)
x (3, 2)
x (2, 4)
x (3, 0)
m (-1, 0)
x (0, 1)
c (1, 3)
x (4, 3)
m (-1, 1)
x (2, 1)
x (1, 0)
End of state
Found MDS !!! (weight:19)
Current state:
6.0000 4.0000 1.0000 7.0000 
4.0000 6.0000 1.0000 5.0000 
0.0000 0.0000 1.0000 1.0000  [X]
2.8000 3.8000 1.0000 3.0000 
0.8000 0.8000 1.0000 1.0000 
Operations:
x (1, 0)
c (0, 4)
m (-1, 4)
x (3, 2)
x (2, 4)
x (3, 0)
m (1, 0)
x (0, 1)
c (1, 3)
x (4, 3)
m (1, 1)
x (2, 1)
x (1, 0)
End of state
Found MDS !!! (weight:19)
Current state:
6.0000 4.0000 1.0000 7.0000 
4.0000 6.0000 0.0000 4.0000  [X]
4.0000 6.0000 1.0000 5.0000 
2.8000 3.8000 1.0000 3.0000 
0.8000 0.8000 1.0000 1.0000 
Operations:
x (1, 0)
c (0, 4)
m (-1, 4)
x (3, 2)
x (2, 4)
x (3, 0)
m (1, 0)
x (0, 1)
c (1, 3)
x (4, 3)
m (1, 1)
x (1, 2)
x (2, 0)
End of state
Found MDS !!! (weight:19)
Current state:
1.8000 0.8000 2.0000 3.8000 
0.8000 1.8000 2.0000 2.8000 
0.0000 0.0000 2.0000 2.0000  [X]
2.8000 3.8000 1.0000 1.8000 
2.0000 2.0000 1.0000 1.0000 
Operations:
x (1, 0)
c (0, 4)
m (1, 4)
x (3, 2)
x (2, 4)
x (3, 0)
c (0, 3)
m (-1, 3)
x (3, 1)
c (1, 3)
x (4, 3)
m (1, 2)
x (2, 1)
x (1, 0)
End of state
Found MDS !!! (weight:19)
Current state:
1.8000 0.8000 2.0000 3.8000 
0.8000 1.8000 0.0000 0.8000  [X]
0.8000 1.8000 2.0000 2.8000 
2.8000 3.8000 1.0000 1.8000 
2.0000 2.0000 1.0000 1.0000 
Operations:
x (1, 0)
c (0, 4)
m (1, 4)
x (3, 2)
x (2, 4)
x (3, 0)
c (0, 3)
m (-1, 3)
x (3, 1)
c (1, 3)
x (4, 3)
m (1, 2)
x (1, 2)
x (2, 0)
End of state
Found MDS !!! (weight:19)
Current state:
3.0000 2.0000 0.8000 3.8000 
2.0000 3.0000 0.8000 2.8000 
0.0000 0.0000 0.8000 0.8000  [X]
2.8000 3.8000 1.0000 3.0000 
0.8000 0.8000 1.0000 1.0000 
Operations:
x (1, 0)
c (0, 4)
m (-1, 4)
x (3, 2)
x (2, 4)
x (3, 0)
c (0, 3)
m (1, 3)
x (3, 1)
c (1, 3)
x (4, 3)
m (-1, 2)
x (2, 1)
x (1, 0)
End of state
Found MDS !!! (weight:19)
Current state:
3.0000 2.0000 0.8000 3.8000 
2.0000 3.0000 0.0000 2.0000  [X]
2.0000 3.0000 0.8000 2.8000 
2.8000 3.8000 1.0000 3.0000 
0.8000 0.8000 1.0000 1.0000 
Operations:
x (1, 0)
c (0, 4)
m (-1, 4)
x (3, 2)
x (2, 4)
x (3, 0)
c (0, 3)
m (1, 3)
x (3, 1)
c (1, 3)
x (4, 3)
m (-1, 2)
x (1, 2)
x (2, 0)
End of state
Found MDS !!! (weight:19)
Current state:
0.8000 0.8000 2.0000 3.0000 
0.8000 1.8000 3.0000 2.0000 
0.0000 0.0000 2.0000 2.0000  [X]
1.8000 1.0000 0.8000 1.8000 
1.0000 1.8000 0.8000 0.8000 
Operations:
x (1, 0)
x (3, 2)
x (2, 1)
c (1, 4)
m (-1, 4)
x (0, 4)
m (-1, 0)
x (3, 0)
c (4, 3)
x (0, 3)
m (1, 2)
x (2, 0)
x (0, 1)
End of state
Found MDS !!! (weight:19)
Current state:
0.8000 0.8000 0.0000 1.0000  [X]
0.8000 1.8000 3.0000 2.0000 
0.8000 0.8000 2.0000 3.0000 
1.8000 1.0000 0.8000 1.8000 
1.0000 1.8000 0.8000 0.8000 
Operations:
x (1, 0)
x (3, 2)
x (2, 1)
c (1, 4)
m (-1, 4)
x (0, 4)
m (-1, 0)
x (3, 0)
c (4, 3)
x (0, 3)
m (1, 2)
x (0, 2)
x (2, 1)
End of state
Found MDS !!! (weight:19)
Current state:
2.0000 2.0000 0.0000 1.0000  [X]
2.0000 3.0000 1.8000 0.8000 
2.0000 2.0000 0.8000 1.8000 
3.0000 1.0000 2.0000 3.0000 
1.0000 3.0000 2.0000 2.0000 
Operations:
x (1, 0)
x (3, 2)
x (2, 1)
c (1, 4)
m (1, 4)
x (0, 4)
m (1, 0)
x (3, 0)
c (0, 3)
x (4, 3)
m (-1, 2)
x (0, 2)
x (2, 1)
End of state
Found MDS !!! (weight:19)
Current state:
2.0000 2.0000 0.8000 1.8000 
2.0000 3.0000 1.8000 0.8000 
0.0000 0.0000 0.8000 0.8000  [X]
3.0000 1.0000 2.0000 3.0000 
1.0000 3.0000 2.0000 2.0000 
Operations:
x (1, 0)
x (3, 2)
x (2, 1)
c (1, 4)
m (1, 4)
x (0, 4)
m (1, 0)
x (3, 0)
c (0, 3)
x (4, 3)
m (-1, 2)
x (2, 0)
x (0, 1)
End of state
Found MDS !!! (weight:19)
Current state:
1.0000 3.0000 4.0000 4.0000 
0.0000 2.0000 4.0000 4.0000  [X]
2.0000 3.0000 1.0000 3.0000 
2.0000 2.0000 3.0000 1.0000 
3.0000 1.0000 6.0000 4.0000 
Operations:
x (1, 0)
c (0, 4)
x (2, 4)
m (1, 4)
x (3, 2)
c (4, 3)
x (2, 3)
m (1, 2)
x (2, 1)
c (1, 2)
x (3, 2)
m (1, 1)
x (1, 0)
x (0, 4)
End of state
Found MDS !!! (weight:19)
Current state:
1.0000 1.0000 0.0000 0.0000  [X]
1.0000 3.0000 4.0000 4.0000 
2.0000 3.0000 1.0000 3.0000 
2.0000 2.0000 3.0000 1.0000 
3.0000 1.0000 6.0000 4.0000 
Operations:
x (1, 0)
c (0, 4)
x (2, 4)
m (1, 4)
x (3, 2)
c (4, 3)
x (2, 3)
m (1, 2)
x (2, 1)
c (1, 2)
x (3, 2)
m (1, 1)
x (0, 1)
x (1, 4)
End of state
Found MDS !!! (weight:19)
Current state:
1.0000 1.8000 0.4000 0.4000 
0.0000 0.8000 0.4000 0.4000  [X]
0.8000 1.8000 1.0000 1.8000 
0.8000 0.8000 1.8000 1.0000 
1.8000 1.0000 0.c000 0.4000 
Operations:
x (1, 0)
c (0, 4)
x (2, 4)
m (-1, 4)
x (3, 2)
c (2, 3)
x (4, 3)
m (-1, 2)
x (2, 1)
c (1, 2)
x (3, 2)
m (-1, 1)
x (1, 0)
x (0, 4)
End of state
Found MDS !!! (weight:19)
Current state:
1.0000 1.0000 0.0000 0.0000  [X]
1.0000 1.8000 0.4000 0.4000 
0.8000 1.8000 1.0000 1.8000 
0.8000 0.8000 1.8000 1.0000 
1.8000 1.0000 0.c000 0.4000 
Operations:
x (1, 0)
c (0, 4)
x (2, 4)
m (-1, 4)
x (3, 2)
c (2, 3)
x (4, 3)
m (-1, 2)
x (2, 1)
c (1, 2)
x (3, 2)
m (-1, 1)
x (0, 1)
x (1, 4)
End of state
Found MDS !!! (weight:19)
Current state:
1.0000 1.0000 0.0000 0.0000  [X]
1.0000 3.0000 2.0000 2.0000 
2.0000 3.0000 1.8000 0.8000 
3.0000 1.0000 2.0000 3.0000 
2.0000 2.0000 0.8000 1.8000 
Operations:
x (1, 0)
c (0, 4)
m (1, 4)
x (3, 2)
x (4, 3)
c (2, 4)
m (-1, 4)
x (3, 4)
x (2, 1)
c (1, 2)
x (4, 2)
m (1, 1)
x (0, 1)
x (1, 3)
End of state
Found MDS !!! (weight:19)
Current state:
1.0000 3.0000 2.0000 2.0000 
0.0000 2.0000 2.0000 2.0000  [X]
2.0000 3.0000 1.8000 0.8000 
3.0000 1.0000 2.0000 3.0000 
2.0000 2.0000 0.8000 1.8000 
Operations:
x (1, 0)
c (0, 4)
m (1, 4)
x (3, 2)
x (4, 3)
c (2, 4)
m (-1, 4)
x (3, 4)
x (2, 1)
c (1, 2)
x (4, 2)
m (1, 1)
x (1, 0)
x (0, 3)
End of state
Found MDS !!! (weight:19)
Current state:
1.0000 1.8000 0.8000 0.8000 
0.0000 0.8000 0.8000 0.8000  [X]
0.8000 1.8000 3.0000 2.0000 
1.8000 1.0000 0.8000 1.8000 
0.8000 0.8000 2.0000 3.0000 
Operations:
x (1, 0)
c (0, 4)
m (-1, 4)
x (3, 2)
x (4, 3)
c (2, 4)
m (1, 4)
x (3, 4)
x (2, 1)
c (4, 2)
x (1, 2)
m (-1, 1)
x (1, 0)
x (0, 3)
End of state
Found MDS !!! (weight:19)
Current state:
1.0000 1.0000 0.0000 0.0000  [X]
1.0000 1.8000 0.8000 0.8000 
0.8000 1.8000 3.0000 2.0000 
1.8000 1.0000 0.8000 1.8000 
0.8000 0.8000 2.0000 3.0000 
Operations:
x (1, 0)
c (0, 4)
m (-1, 4)
x (3, 2)
x (4, 3)
c (2, 4)
m (1, 4)
x (3, 4)
x (2, 1)
c (4, 2)
x (1, 2)
m (-1, 1)
x (0, 1)
x (1, 3)
End of state
Found MDS !!! (weight:19)
Current state:
6.0000 4.0000 0.8000 3.8000 
4.0000 6.0000 0.8000 2.8000 
0.0000 0.0000 0.8000 0.8000  [X]
5.0000 7.0000 1.0000 3.0000 
1.0000 1.0000 1.0000 1.0000 
Operations:
x (1, 0)
x (3, 2)
c (0, 4)
x (2, 4)
m (1, 0)
x (3, 0)
x (0, 1)
m (1, 1)
c (1, 3)
x (4, 3)
m (-1, 2)
x (2, 1)
x (1, 0)
End of state
Found MDS !!! (weight:19)
Current state:
6.0000 4.0000 0.8000 3.8000 
4.0000 6.0000 0.0000 2.0000  [X]
4.0000 6.0000 0.8000 2.8000 
5.0000 7.0000 1.0000 3.0000 
1.0000 1.0000 1.0000 1.0000 
Operations:
x (1, 0)
x (3, 2)
c (0, 4)
x (2, 4)
m (1, 0)
x (3, 0)
x (0, 1)
m (1, 1)
c (1, 3)
x (4, 3)
m (-1, 2)
x (1, 2)
x (2, 0)
End of state
Found MDS !!! (weight:19)
Current state:
0.c000 0.4000 2.0000 3.8000 
0.4000 0.c000 2.0000 2.8000 
0.0000 0.0000 2.0000 2.0000  [X]
1.4000 1.c000 1.0000 1.8000 
1.0000 1.0000 1.0000 1.0000 
Operations:
x (1, 0)
x (3, 2)
c (0, 4)
x (2, 4)
m (-1, 0)
x (3, 0)
x (0, 1)
m (-1, 1)
c (1, 3)
x (4, 3)
m (1, 2)
x (2, 1)
x (1, 0)
End of state
Found MDS !!! (weight:19)
Current state:
0.c000 0.4000 2.0000 3.8000 
0.4000 0.c000 0.0000 0.8000  [X]
0.4000 0.c000 2.0000 2.8000 
1.4000 1.c000 1.0000 1.8000 
1.0000 1.0000 1.0000 1.0000 
Operations:
x (1, 0)
x (3, 2)
c (0, 4)
x (2, 4)
m (-1, 0)
x (3, 0)
x (0, 1)
m (-1, 1)
c (1, 3)
x (4, 3)
m (1, 2)
x (1, 2)
x (2, 0)
End of state
Found MDS !!! (weight:19)
Current state:
2.0000 2.0000 0.0000 0.0000  [X]
2.8000 3.8000 1.8000 1.0000 
2.0000 2.0000 1.0000 1.0000 
0.4000 0.c000 1.4000 1.0000 
0.c000 0.4000 1.c000 1.0000 
Operations:
x (1, 0)
c (0, 4)
x (2, 4)
m (-1, 4)
x (4, 1)
x (3, 2)
c (1, 3)
m (-1, 3)
x (2, 3)
x (3, 4)
m (1, 0)
x (0, 2)
x (2, 1)
End of state
Found MDS !!! (weight:19)
Current state:
0.8000 0.8000 0.0000 0.0000  [X]
2.8000 3.8000 3.0000 1.0000 
0.8000 0.8000 1.0000 1.0000 
4.0000 6.0000 5.0000 1.0000 
6.0000 4.0000 7.0000 1.0000 
Operations:
x (1, 0)
c (0, 4)
x (2, 4)
m (1, 4)
x (4, 1)
x (3, 2)
c (1, 3)
m (1, 3)
x (2, 3)
x (3, 4)
m (-1, 0)
x (0, 2)
x (2, 1)
End of state
Found MDS !!! (weight:19)
Current state:
1.0000 1.0000 2.0000 2.0000 
2.0000 3.8000 1.8000 0.8000 
0.0000 0.0000 2.0000 2.0000  [X]
1.0000 1.8000 2.8000 3.8000 
2.0000 2.8000 0.8000 1.8000 
Operations:
x (1, 0)
x (3, 2)
x (2, 1)
c (1, 4)
m (-1, 4)
x (4, 3)
c (0, 4)
m (1, 4)
x (3, 4)
x (4, 1)
m (1, 2)
x (2, 0)
x (0, 3)
End of state
Found MDS !!! (weight:19)
Current state:
1.0000 1.0000 0.0000 0.0000  [X]
2.0000 3.8000 1.8000 0.8000 
1.0000 1.0000 2.0000 2.0000 
1.0000 1.8000 2.8000 3.8000 
2.0000 2.8000 0.8000 1.8000 
Operations:
x (1, 0)
x (3, 2)
x (2, 1)
c (1, 4)
m (-1, 4)
x (4, 3)
c (0, 4)
m (1, 4)
x (3, 4)
x (4, 1)
m (1, 2)
x (0, 2)
x (2, 3)
End of state
Found MDS !!! (weight:19)
Current state:
1.0000 1.0000 0.8000 0.8000 
0.8000 3.8000 3.0000 2.0000 
0.0000 0.0000 0.8000 0.8000  [X]
1.0000 3.0000 2.8000 3.8000 
0.8000 2.8000 2.0000 3.0000 
Operations:
x (1, 0)
x (3, 2)
x (2, 1)
c (1, 4)
m (1, 4)
x (4, 3)
c (0, 4)
m (-1, 4)
x (3, 4)
x (4, 1)
m (-1, 2)
x (2, 0)
x (0, 3)
End of state
Found MDS !!! (weight:19)
Current state:
1.0000 1.0000 0.0000 0.0000  [X]
0.8000 3.8000 3.0000 2.0000 
1.0000 1.0000 0.8000 0.8000 
1.0000 3.0000 2.8000 3.8000 
0.8000 2.8000 2.0000 3.0000 
Operations:
x (1, 0)
x (3, 2)
x (2, 1)
c (1, 4)
m (1, 4)
x (4, 3)
c (0, 4)
m (-1, 4)
x (3, 4)
x (4, 1)
m (-1, 2)
x (0, 2)
x (2, 3)
End of state
Found MDS !!! (weight:19)
Current state:
1.0000 1.0000 0.8000 0.8000 
1.4000 1.c000 0.c000 0.8000 
0.0000 0.0000 0.8000 0.8000  [X]
0.4000 0.c000 1.4000 1.0000 
0.c000 0.4000 1.c000 1.0000 
Operations:
x (1, 0)
c (0, 4)
x (2, 4)
m (-1, 4)
x (4, 1)
m (-1, 1)
x (3, 2)
c (1, 3)
x (2, 3)
x (3, 4)
m (-1, 2)
x (2, 0)
x (0, 1)
End of state
Found MDS !!! (weight:19)
Current state:
1.0000 1.0000 0.0000 0.0000  [X]
1.4000 1.c000 0.c000 0.8000 
1.0000 1.0000 0.8000 0.8000 
0.4000 0.c000 1.4000 1.0000 
0.c000 0.4000 1.c000 1.0000 
Operations:
x (1, 0)
c (0, 4)
x (2, 4)
m (-1, 4)
x (4, 1)
m (-1, 1)
x (3, 2)
c (1, 3)
x (2, 3)
x (3, 4)
m (-1, 2)
x (0, 2)
x (2, 1)
End of state
Found MDS !!! (weight:19)
Current state:
1.0000 1.0000 2.0000 2.0000 
5.0000 7.0000 6.0000 2.0000 
0.0000 0.0000 2.0000 2.0000  [X]
4.0000 6.0000 5.0000 1.0000 
6.0000 4.0000 7.0000 1.0000 
Operations:
x (1, 0)
c (0, 4)
x (2, 4)
m (1, 4)
x (4, 1)
m (1, 1)
x (3, 2)
c (1, 3)
x (2, 3)
x (3, 4)
m (1, 2)
x (2, 0)
x (0, 1)
End of state
Found MDS !!! (weight:19)
Current state:
1.0000 1.0000 0.0000 0.0000  [X]
5.0000 7.0000 6.0000 2.0000 
1.0000 1.0000 2.0000 2.0000 
4.0000 6.0000 5.0000 1.0000 
6.0000 4.0000 7.0000 1.0000 
Operations:
x (1, 0)
c (0, 4)
x (2, 4)
m (1, 4)
x (4, 1)
m (1, 1)
x (3, 2)
c (1, 3)
x (2, 3)
x (3, 4)
m (1, 2)
x (0, 2)
x (2, 1)
End of state
Found MDS !!! (weight:19)
Current state:
1.8000 0.8000 2.0000 3.8000 
2.8000 3.8000 1.0000 1.8000 
0.8000 1.8000 2.0000 2.8000 
0.8000 0.8000 0.0000 0.8000  [X]
2.0000 2.0000 1.0000 1.0000 
Operations:
x (1, 0)
c (0, 4)
m (1, 4)
x (3, 2)
x (2, 4)
x (3, 0)
c (0, 3)
m (-1, 3)
m (1, 2)
x (3, 1)
x (1, 2)
x (2, 0)
x (4, 1)
End of state
Found MDS !!! (weight:19)
Current state:
1.8000 0.8000 2.0000 3.8000 
0.0000 1.0000 0.0000 0.0000  [X]
0.8000 1.8000 2.0000 2.8000 
2.8000 3.8000 1.0000 1.8000 
2.0000 2.0000 1.0000 1.0000 
Operations:
x (1, 0)
c (0, 4)
m (1, 4)
x (3, 2)
x (2, 4)
x (3, 0)
c (0, 3)
m (-1, 3)
m (1, 2)
x (1, 3)
x (3, 2)
x (4, 3)
x (2, 0)
End of state
Found MDS !!! (weight:19)
Current state:
3.0000 2.0000 0.8000 3.8000 
2.8000 3.8000 1.0000 3.0000 
2.0000 3.0000 0.8000 2.8000 
2.0000 2.0000 0.0000 2.0000  [X]
0.8000 0.8000 1.0000 1.0000 
Operations:
x (1, 0)
c (0, 4)
m (-1, 4)
x (3, 2)
x (2, 4)
x (3, 0)
c (0, 3)
m (1, 3)
m (-1, 2)
x (3, 1)
x (1, 2)
x (2, 0)
x (4, 1)
End of state
Found MDS !!! (weight:19)
Current state:
3.0000 2.0000 0.8000 3.8000 
0.0000 1.0000 0.0000 0.0000  [X]
2.0000 3.0000 0.8000 2.8000 
2.8000 3.8000 1.0000 3.0000 
0.8000 0.8000 1.0000 1.0000 
Operations:
x (1, 0)
c (0, 4)
m (-1, 4)
x (3, 2)
x (2, 4)
x (3, 0)
c (0, 3)
m (1, 3)
m (-1, 2)
x (1, 3)
x (3, 2)
x (2, 0)
x (4, 3)
End of state
Found MDS !!! (weight:19)
Current state:
1.8000 1.0000 0.8000 1.8000 
0.8000 1.8000 3.0000 2.0000 
0.8000 0.8000 2.0000 3.0000 
0.0000 0.0000 0.0000 1.0000  [X]
1.0000 1.8000 0.8000 0.8000 
Operations:
x (1, 0)
x (3, 2)
x (2, 1)
c (1, 4)
m (-1, 4)
x (0, 4)
m (-1, 0)
m (1, 2)
x (3, 0)
x (0, 2)
x (2, 1)
x (4, 0)
End of state
Found MDS !!! (weight:19)
Current state:
0.8000 0.8000 0.0000 0.0000  [X]
0.8000 1.8000 3.0000 2.0000 
0.8000 0.8000 2.0000 3.0000 
1.8000 1.0000 0.8000 1.8000 
1.0000 1.8000 0.8000 0.8000 
Operations:
x (1, 0)
x (3, 2)
x (2, 1)
c (1, 4)
m (-1, 4)
x (0, 4)
m (-1, 0)
m (1, 2)
x (0, 3)
x (3, 2)
x (2, 1)
x (4, 3)
End of state
Found MDS !!! (weight:19)
Current state:
3.0000 1.0000 2.0000 3.0000 
2.0000 3.0000 1.8000 0.8000 
2.0000 2.0000 0.8000 1.8000 
0.0000 0.0000 0.0000 1.0000  [X]
1.0000 3.0000 2.0000 2.0000 
Operations:
x (1, 0)
x (3, 2)
x (2, 1)
c (1, 4)
m (1, 4)
x (0, 4)
m (1, 0)
m (-1, 2)
x (3, 0)
x (0, 2)
x (2, 1)
x (4, 0)
End of state
Found MDS !!! (weight:19)
Current state:
2.0000 2.0000 0.0000 0.0000  [X]
2.0000 3.0000 1.8000 0.8000 
2.0000 2.0000 0.8000 1.8000 
3.0000 1.0000 2.0000 3.0000 
1.0000 3.0000 2.0000 2.0000 
Operations:
x (1, 0)
x (3, 2)
x (2, 1)
c (1, 4)
m (1, 4)
x (0, 4)
m (1, 0)
m (-1, 2)
x (0, 3)
x (3, 2)
x (2, 1)
x (4, 3)
End of state
Found MDS !!! (weight:19)
Current state:
6.0000 4.0000 0.8000 3.8000 
5.0000 7.0000 1.0000 3.0000 
4.0000 6.0000 0.8000 2.8000 
0.0000 0.0000 0.0000 1.0000  [X]
1.0000 1.0000 1.0000 1.0000 
Operations:
x (1, 0)
x (3, 2)
c (0, 4)
x (2, 4)
m (1, 0)
m (-1, 2)
x (3, 0)
x (0, 1)
m (1, 1)
x (1, 2)
x (2, 0)
x (4, 1)
End of state
Found MDS !!! (weight:19)
Current state:
2.0000 2.8000 0.4000 0.c000 
2.0000 3.8000 0.c000 0.4000 
0.0000 0.0000 0.8000 0.8000  [X]
1.0000 1.8000 1.4000 1.c000 
1.0000 1.0000 1.0000 1.0000 
Operations:
x (1, 0)
x (3, 2)
c (0, 4)
x (2, 4)
m (1, 0)
m (-1, 2)
x (2, 1)
x (1, 3)
m (-1, 3)
x (3, 0)
x (0, 1)
x (4, 3)
End of state
Found MDS !!! (weight:19)
Current state:
2.0000 2.8000 0.4000 0.c000 
0.0000 1.0000 0.0000 0.0000  [X]
2.0000 3.8000 0.c000 0.4000 
1.0000 1.8000 1.4000 1.c000 
1.0000 1.0000 1.0000 1.0000 
Operations:
x (1, 0)
x (3, 2)
c (0, 4)
x (2, 4)
m (1, 0)
m (-1, 2)
x (1, 2)
x (2, 3)
m (-1, 3)
x (3, 0)
x (0, 2)
x (4, 3)
End of state
Found MDS !!! (weight:19)
Current state:
2.0000 2.0000 0.0000 0.0000  [X]
5.0000 7.0000 1.0000 3.0000 
4.0000 6.0000 0.8000 2.8000 
6.0000 4.0000 0.8000 3.8000 
1.0000 1.0000 1.0000 1.0000 
Operations:
x (1, 0)
x (3, 2)
c (0, 4)
x (2, 4)
m (1, 0)
m (-1, 2)
x (0, 3)
x (3, 1)
m (1, 1)
x (1, 2)
x (4, 1)
x (2, 3)
End of state
Found MDS !!! (weight:19)
Current state:
1.0000 5.0000 4.0000 6.0000 
0.0000 1.0000 0.0000 0.0000  [X]
1.0000 7.0000 6.0000 4.0000 
2.0000 6.0000 5.0000 7.0000 
2.0000 2.0000 1.0000 1.0000 
Operations:
x (1, 0)
c (0, 4)
m (1, 4)
x (3, 2)
x (2, 4)
x (1, 2)
m (1, 2)
x (2, 3)
m (1, 3)
x (3, 0)
x (0, 2)
x (4, 3)
End of state
Found MDS !!! (weight:19)
Current state:
1.0000 1.4000 0.4000 0.c000 
0.0000 1.0000 0.0000 0.0000  [X]
1.0000 1.c000 0.c000 0.4000 
0.8000 0.c000 1.4000 1.c000 
0.8000 0.8000 1.0000 1.0000 
Operations:
x (1, 0)
c (0, 4)
m (-1, 4)
x (3, 2)
x (2, 4)
x (1, 2)
m (-1, 2)
x (2, 3)
m (-1, 3)
x (3, 0)
x (4, 3)
x (0, 2)
End of state
Found MDS !!! (weight:19)
Current state:
4.8000 6.8000 0.8000 2.0000 
4.0000 6.0000 1.0000 2.0000 
0.0000 0.0000 1.0000 0.0000  [X]
1.0000 1.0000 1.0000 1.0000 
6.8000 4.8000 0.8000 3.0000 
Operations:
x (1, 0)
c (0, 4)
m (1, 4)
x (2, 0)
x (3, 4)
x (0, 3)
m (-1, 0)
x (4, 1)
m (1, 1)
x (1, 0)
x (2, 1)
x (0, 4)
End of state
Found MDS !!! (weight:19)
Current state:
2.4000 2.c000 2.0000 0.8000 
0.4000 0.c000 1.0000 0.8000 
0.0000 0.0000 1.0000 0.0000  [X]
1.0000 1.0000 1.0000 1.0000 
2.c000 2.4000 2.0000 1.8000 
Operations:
x (1, 0)
c (0, 4)
m (-1, 4)
x (2, 0)
x (3, 4)
x (0, 3)
m (1, 0)
x (4, 1)
m (-1, 1)
x (1, 0)
x (2, 1)
x (0, 4)
End of state
Found MDS !!! (weight:19)
Current state:
1.0000 1.0000 1.0000 1.0000 
5.0000 7.0000 3.0000 1.0000 
4.0000 6.0000 2.8000 0.8000 
0.0000 0.0000 0.0000 1.0000  [X]
6.0000 4.0000 3.8000 0.8000 
Operations:
x (1, 0)
c (0, 4)
m (1, 4)
x (2, 4)
x (3, 2)
x (2, 0)
m (-1, 2)
x (4, 1)
m (1, 1)
x (1, 2)
x (0, 1)
x (2, 4)
End of state
Found MDS !!! (weight:19)
Current state:
1.0000 1.0000 1.0000 1.0000 
1.4000 1.c000 1.8000 1.0000 
0.4000 0.c000 2.8000 2.0000 
0.0000 0.0000 0.0000 1.0000  [X]
0.c000 0.4000 3.8000 2.0000 
Operations:
x (1, 0)
c (0, 4)
m (-1, 4)
x (2, 4)
x (3, 2)
x (2, 0)
m (1, 2)
x (4, 1)
m (-1, 1)
x (1, 2)
x (0, 1)
x (2, 4)
End of state
Found MDS !!! (weight:19)
Current state:
6.8000 4.8000 0.8000 6.0000 
4.8000 6.8000 0.8000 4.0000 
4.0000 6.0000 1.0000 4.0000 
0.8000 0.8000 0.8000 1.0000 
0.8000 0.8000 0.8000 0.0000  [X]
Operations:
x (1, 0)
c (0, 4)
x (2, 4)
m (-1, 4)
x (3, 0)
x (4, 3)
m (1, 0)
x (0, 1)
m (1, 1)
x (1, 2)
x (4, 1)
x (1, 0)
End of state
Found MDS !!! (weight:19)
Current state:
6.8000 4.8000 0.8000 6.0000 
4.0000 6.0000 1.0000 4.0000 
0.0000 0.0000 1.0000 0.0000  [X]
0.8000 0.8000 0.8000 1.0000 
4.8000 6.8000 0.8000 4.0000 
Operations:
x (1, 0)
c (0, 4)
x (2, 4)
m (-1, 4)
x (3, 0)
x (4, 3)
m (1, 0)
x (0, 1)
m (1, 1)
x (1, 4)
x (4, 0)
x (2, 1)
End of state
Found MDS !!! (weight:19)
Current state:
6.8000 4.8000 0.8000 6.0000 
4.0000 6.0000 0.0000 4.0000  [X]
4.0000 6.0000 1.0000 4.0000 
0.8000 0.8000 0.8000 1.0000 
4.8000 6.8000 0.8000 4.0000 
Operations:
x (1, 0)
c (0, 4)
x (2, 4)
m (-1, 4)
x (3, 0)
x (4, 3)
m (1, 0)
x (0, 1)
m (1, 1)
x (1, 4)
x (4, 0)
x (1, 2)
End of state
Found MDS !!! (weight:19)
Current state:
2.c000 2.4000 2.0000 0.c000 
2.4000 2.c000 2.0000 0.4000 
0.4000 0.c000 1.0000 0.4000 
2.0000 2.0000 2.0000 1.0000 
2.0000 2.0000 2.0000 0.0000  [X]
Operations:
x (1, 0)
c (0, 4)
x (2, 4)
m (1, 4)
x (3, 0)
x (4, 3)
m (-1, 0)
x (0, 1)
m (-1, 1)
x (1, 2)
x (4, 1)
x (1, 0)
End of state
Found MDS !!! (weight:19)
Current state:
2.c000 2.4000 2.0000 0.c000 
0.4000 0.c000 1.0000 0.4000 
0.0000 0.0000 1.0000 0.0000  [X]
2.0000 2.0000 2.0000 1.0000 
2.4000 2.c000 2.0000 0.4000 
Operations:
x (1, 0)
c (0, 4)
x (2, 4)
m (1, 4)
x (3, 0)
x (4, 3)
m (-1, 0)
x (0, 1)
m (-1, 1)
x (1, 4)
x (4, 0)
x (2, 1)
End of state
Found MDS !!! (weight:19)
Current state:
2.c000 2.4000 2.0000 0.c000 
0.4000 0.c000 0.0000 0.4000  [X]
0.4000 0.c000 1.0000 0.4000 
2.0000 2.0000 2.0000 1.0000 
2.4000 2.c000 2.0000 0.4000 
Operations:
x (1, 0)
c (0, 4)
x (2, 4)
m (1, 4)
x (3, 0)
x (4, 3)
m (-1, 0)
x (0, 1)
m (-1, 1)
x (1, 4)
x (4, 0)
x (1, 2)
End of state
Found MDS !!! (weight:19)
Current state:
6.0000 4.0000 0.8000 3.8000 
5.0000 7.0000 1.0000 3.0000 
0.0000 0.0000 1.0000 1.0000  [X]
4.0000 6.0000 0.8000 2.8000 
1.0000 1.0000 1.0000 1.0000 
Operations:
x (1, 0)
x (3, 2)
c (0, 4)
x (2, 4)
m (1, 0)
x (3, 0)
c (2, 3)
m (-1, 3)
x (0, 1)
m (1, 1)
x (1, 3)
x (4, 1)
x (3, 0)
End of state
Found MDS !!! (weight:19)
Current state:
0.c000 0.4000 2.0000 3.8000 
1.4000 1.c000 1.0000 1.8000 
0.0000 0.0000 1.0000 1.0000  [X]
0.4000 0.c000 2.0000 2.8000 
1.0000 1.0000 1.0000 1.0000 
Operations:
x (1, 0)
x (3, 2)
c (0, 4)
x (2, 4)
m (-1, 0)
x (3, 0)
c (2, 3)
m (1, 3)
x (0, 1)
m (-1, 1)
x (1, 3)
x (3, 0)
x (4, 1)
End of state
Found MDS !!! (weight:19)
Current state:
1.0000 5.0000 4.0000 6.0000 
0.0000 1.0000 1.0000 1.0000  [X]
1.0000 7.0000 6.0000 4.0000 
2.0000 6.0000 5.0000 7.0000 
2.0000 2.0000 1.0000 1.0000 
Operations:
x (1, 0)
c (0, 4)
m (1, 4)
x (3, 2)
x (2, 4)
x (2, 1)
c (1, 2)
m (1, 2)
x (2, 3)
m (1, 3)
x (3, 0)
x (0, 2)
x (4, 3)
End of state
Found MDS !!! (weight:19)
Current state:
1.0000 1.4000 0.4000 0.c000 
0.0000 1.0000 1.0000 1.0000  [X]
1.0000 1.c000 0.c000 0.4000 
0.8000 0.c000 1.4000 1.c000 
0.8000 0.8000 1.0000 1.0000 
Operations:
x (1, 0)
c (0, 4)
m (-1, 4)
x (3, 2)
x (2, 4)
x (2, 1)
c (1, 2)
m (-1, 2)
x (2, 3)
m (-1, 3)
x (3, 0)
x (0, 2)
x (4, 3)
End of state
Found MDS !!! (weight:19)
Current state:
1.0000 1.0000 0.0000 0.0000  [X]
5.0000 7.0000 1.0000 3.0000 
4.0000 6.0000 0.8000 2.8000 
6.0000 4.0000 0.8000 3.8000 
1.0000 1.0000 1.0000 1.0000 
Operations:
x (1, 0)
c (0, 4)
m (1, 4)
x (3, 2)
x (4, 3)
c (2, 4)
x (0, 4)
m (-1, 2)
x (3, 1)
m (1, 1)
x (1, 2)
x (2, 3)
x (4, 1)
End of state
Found MDS !!! (weight:19)
Current state:
1.0000 1.0000 0.0000 0.0000  [X]
1.4000 1.c000 1.0000 1.8000 
0.4000 0.c000 2.0000 2.8000 
0.c000 0.4000 2.0000 3.8000 
1.0000 1.0000 1.0000 1.0000 
Operations:
x (1, 0)
c (0, 4)
m (-1, 4)
x (3, 2)
x (4, 3)
c (2, 4)
x (0, 4)
m (1, 2)
x (3, 1)
m (-1, 1)
x (1, 2)
x (4, 1)
x (2, 3)
End of state
Found MDS !!! (weight:19)
Current state:
6.0000 4.0000 0.8000 3.8000 
0.0000 1.0000 0.0000 0.0000  [X]
4.0000 6.0000 0.8000 2.8000 
5.0000 7.0000 1.0000 3.0000 
1.0000 1.0000 1.0000 1.0000 
Operations:
x (1, 0)
x (3, 2)
c (0, 4)
x (2, 4)
m (1, 0)
m (-1, 2)
x (3, 0)
c (0, 3)
x (1, 3)
m (1, 3)
x (3, 2)
x (4, 3)
x (2, 0)
End of state
Found MDS !!! (weight:19)
Current state:
2.0000 2.8000 0.4000 0.c000 
2.0000 3.8000 0.c000 0.4000 
1.0000 1.8000 1.4000 1.c000 
0.0000 0.0000 0.0000 1.0000  [X]
1.0000 1.0000 1.0000 1.0000 
Operations:
x (1, 0)
x (3, 2)
c (0, 4)
x (2, 4)
m (1, 0)
m (-1, 2)
x (2, 1)
c (3, 2)
x (1, 2)
m (-1, 2)
x (2, 0)
x (4, 2)
x (0, 1)
End of state
Found MDS !!! (weight:19)
Current state:
1.0000 5.0000 4.0000 6.0000 
1.0000 7.0000 6.0000 4.0000 
2.0000 6.0000 5.0000 7.0000 
0.0000 0.0000 0.0000 1.0000  [X]
2.0000 2.0000 1.0000 1.0000 
Operations:
x (1, 0)
c (0, 4)
m (1, 4)
x (3, 2)
x (2, 4)
x (2, 1)
m (1, 1)
c (1, 2)
x (3, 2)
m (1, 2)
x (2, 0)
x (0, 1)
x (4, 2)
End of state
Found MDS !!! (weight:19)
Current state:
1.0000 1.4000 0.4000 0.c000 
1.0000 1.c000 0.c000 0.4000 
0.8000 0.c000 1.4000 1.c000 
0.0000 0.0000 0.0000 1.0000  [X]
0.8000 0.8000 1.0000 1.0000 
Operations:
x (1, 0)
c (0, 4)
m (-1, 4)
x (3, 2)
x (2, 4)
x (2, 1)
m (-1, 1)
c (1, 2)
x (3, 2)
m (-1, 2)
x (2, 0)
x (0, 1)
x (4, 2)
End of state
Found MDS !!! (weight:19)
Current state:
1.0000 3.0000 2.0000 2.0000 
0.0000 1.0000 0.0000 0.0000  [X]
4.0000 6.0000 3.0000 1.0000 
3.0000 1.0000 2.0000 3.0000 
4.0000 4.0000 1.0000 3.0000 
Operations:
x (1, 0)
c (0, 4)
m (1, 4)
x (3, 2)
x (4, 3)
c (3, 4)
m (1, 4)
x (2, 4)
x (1, 2)
m (1, 2)
x (2, 0)
x (4, 2)
x (0, 3)
End of state
Found MDS !!! (weight:19)
Current state:
1.0000 1.8000 0.8000 0.8000 
0.0000 1.0000 0.0000 0.0000  [X]
0.4000 0.c000 1.8000 1.0000 
1.8000 1.0000 0.8000 1.8000 
0.4000 0.4000 1.0000 1.8000 
Operations:
x (1, 0)
c (0, 4)
m (-1, 4)
x (3, 2)
x (4, 3)
c (3, 4)
m (-1, 4)
x (2, 4)
x (1, 2)
m (-1, 2)
x (2, 0)
x (4, 2)
x (0, 3)
End of state
Found MDS !!! (weight:19)
Current state:
6.0000 4.0000 0.8000 3.8000 
2.0000 3.0000 0.0000 1.0000  [X]
4.0000 6.0000 0.8000 2.8000 
5.0000 7.0000 1.0000 3.0000 
1.0000 1.0000 1.0000 1.0000 
Operations:
x (1, 0)
x (3, 2)
c (0, 4)
x (2, 4)
m (1, 0)
x (3, 0)
x (0, 1)
c (1, 3)
m (1, 3)
m (-1, 2)
x (3, 2)
x (2, 0)
x (4, 3)
End of state
Found MDS !!! (weight:19)
Current state:
0.c000 0.4000 2.0000 3.8000 
0.8000 1.8000 0.0000 1.0000  [X]
0.4000 0.c000 2.0000 2.8000 
1.4000 1.c000 1.0000 1.8000 
1.0000 1.0000 1.0000 1.0000 
Operations:
x (1, 0)
x (3, 2)
c (0, 4)
x (2, 4)
m (-1, 0)
x (3, 0)
x (0, 1)
c (1, 3)
m (-1, 3)
m (1, 2)
x (3, 2)
x (2, 0)
x (4, 3)
End of state
Found MDS !!! (weight:19)
Current state:
2.c000 2.4000 0.c000 1.0000 
2.4000 2.c000 0.4000 1.0000 
0.0000 0.0000 1.0000 0.0000  [X]
0.8000 1.8000 0.8000 1.0000 
2.0000 2.0000 1.0000 1.0000 
Operations:
x (1, 0)
c (0, 4)
m (1, 4)
x (2, 0)
m (-1, 0)
x (0, 1)
x (3, 4)
x (1, 3)
m (-1, 1)
x (4, 1)
x (1, 0)
x (2, 4)
End of state
Found MDS !!! (weight:19)
Current state:
6.8000 4.8000 6.0000 1.0000 
4.8000 6.8000 4.0000 1.0000 
0.0000 0.0000 1.0000 0.0000  [X]
2.0000 3.0000 2.0000 1.0000 
0.8000 0.8000 1.0000 1.0000 
Operations:
x (1, 0)
c (0, 4)
m (-1, 4)
x (2, 0)
m (1, 0)
x (0, 1)
x (3, 4)
x (1, 3)
m (1, 1)
x (4, 1)
x (1, 0)
x (2, 4)
End of state
Found MDS !!! (weight:19)
Current state:
2.0000 2.0000 1.0000 2.0000 
2.4000 2.c000 0.4000 2.0000 
0.0000 0.0000 1.0000 0.0000  [X]
0.4000 0.c000 0.4000 1.0000 
2.c000 2.4000 0.c000 2.0000 
Operations:
x (1, 0)
c (0, 4)
x (2, 4)
m (-1, 4)
x (4, 1)
m (-1, 1)
x (3, 0)
x (1, 3)
m (1, 0)
x (0, 1)
x (2, 0)
x (1, 4)
End of state
Found MDS !!! (weight:19)
Current state:
0.8000 0.8000 1.0000 0.8000 
4.8000 6.8000 4.0000 0.8000 
0.0000 0.0000 1.0000 0.0000  [X]
4.0000 6.0000 4.0000 1.0000 
6.8000 4.8000 6.0000 0.8000 
Operations:
x (1, 0)
c (0, 4)
x (2, 4)
m (1, 4)
x (4, 1)
m (1, 1)
x (3, 0)
x (1, 3)
m (-1, 0)
x (0, 1)
x (2, 0)
x (1, 4)
End of state
Found MDS !!! (weight:19)
Current state:
1.0000 5.0000 4.0000 6.0000 
1.0000 7.0000 6.0000 4.0000 
2.0000 6.0000 5.0000 7.0000 
0.0000 2.0000 2.0000 3.0000  [X]
2.0000 2.0000 1.0000 1.0000 
Operations:
x (1, 0)
c (0, 4)
m (1, 4)
x (3, 2)
x (2, 4)
x (2, 1)
m (1, 1)
x (1, 3)
c (3, 2)
m (1, 2)
x (2, 0)
x (4, 2)
x (0, 1)
End of state
Found MDS !!! (weight:19)
Current state:
1.0000 1.4000 0.4000 0.c000 
1.0000 1.c000 0.c000 0.4000 
0.8000 0.c000 1.4000 1.c000 
0.0000 0.8000 0.8000 1.8000  [X]
0.8000 0.8000 1.0000 1.0000 
Operations:
x (1, 0)
c (0, 4)
m (-1, 4)
x (3, 2)
x (2, 4)
x (2, 1)
m (-1, 1)
x (1, 3)
c (3, 2)
m (-1, 2)
x (2, 0)
x (0, 1)
x (4, 2)
End of state
Found MDS !!! (weight:19)
Current state:
0.8000 0.8000 0.8000 0.0000  [X]
2.4000 2.c000 0.4000 1.0000 
2.0000 2.0000 1.0000 1.0000 
0.8000 1.8000 0.8000 1.0000 
2.c000 2.4000 0.c000 1.0000 
Operations:
x (1, 0)
c (0, 4)
m (1, 4)
x (2, 0)
x (3, 4)
x (4, 2)
m (-1, 0)
x (0, 1)
x (1, 3)
m (-1, 1)
x (4, 1)
c (1, 4)
x (0, 4)
End of state
Found MDS !!! (weight:19)
Current state:
2.0000 2.0000 2.0000 0.0000  [X]
4.8000 6.8000 4.0000 1.0000 
0.8000 0.8000 1.0000 1.0000 
2.0000 3.0000 2.0000 1.0000 
6.8000 4.8000 6.0000 1.0000 
Operations:
x (1, 0)
c (0, 4)
m (-1, 4)
x (2, 0)
x (3, 4)
x (4, 2)
m (1, 0)
x (0, 1)
x (1, 3)
m (1, 1)
x (4, 1)
c (0, 4)
x (1, 4)
End of state
Found MDS !!! (weight:19)
Current state:
1.8000 1.0000 0.8000 1.8000 
0.8000 1.8000 3.0000 2.0000 
0.0000 0.0000 1.0000 1.0000  [X]
0.8000 0.8000 2.0000 3.0000 
1.0000 1.8000 0.8000 0.8000 
Operations:
x (1, 0)
x (3, 2)
x (2, 1)
c (1, 4)
m (-1, 4)
x (0, 4)
m (-1, 0)
x (3, 0)
c (2, 3)
m (1, 3)
x (0, 3)
x (3, 1)
x (4, 0)
End of state
Found MDS !!! (weight:19)
Current state:
3.0000 1.0000 2.0000 3.0000 
2.0000 3.0000 1.8000 0.8000 
0.0000 0.0000 1.0000 1.0000  [X]
2.0000 2.0000 0.8000 1.8000 
1.0000 3.0000 2.0000 2.0000 
Operations:
x (1, 0)
x (3, 2)
x (2, 1)
c (1, 4)
m (1, 4)
x (0, 4)
m (1, 0)
x (3, 0)
c (2, 3)
m (-1, 3)
x (0, 3)
x (3, 1)
x (4, 0)
End of state
Found MDS !!! (weight:19)
Current state:
1.0000 3.0000 2.0000 2.0000 
0.0000 1.0000 1.0000 1.0000  [X]
4.0000 6.0000 3.0000 1.0000 
3.0000 1.0000 2.0000 3.0000 
4.0000 4.0000 1.0000 3.0000 
Operations:
x (1, 0)
c (0, 4)
m (1, 4)
x (3, 2)
x (4, 3)
c (3, 4)
m (1, 4)
x (2, 4)
x (2, 1)
c (1, 2)
m (1, 2)
x (2, 0)
x (4, 2)
x (0, 3)
End of state
Found MDS !!! (weight:19)
Current state:
1.0000 1.8000 0.8000 0.8000 
0.0000 1.0000 1.0000 1.0000  [X]
0.4000 0.c000 1.8000 1.0000 
1.8000 1.0000 0.8000 1.8000 
0.4000 0.4000 1.0000 1.8000 
Operations:
x (1, 0)
c (0, 4)
m (-1, 4)
x (3, 2)
x (4, 3)
c (3, 4)
m (-1, 4)
x (2, 4)
x (2, 1)
c (1, 2)
m (-1, 2)
x (2, 0)
x (4, 2)
x (0, 3)
End of state
Found MDS !!! (weight:19)
Current state:
4.8000 6.8000 0.8000 2.0000 
6.8000 4.8000 0.8000 3.0000 
4.0000 6.0000 1.0000 2.0000 
1.0000 1.0000 1.0000 1.0000 
2.0000 2.0000 0.0000 1.0000  [X]
Operations:
x (1, 0)
c (0, 4)
m (1, 4)
x (2, 0)
x (3, 4)
x (0, 3)
x (4, 1)
m (1, 1)
x (1, 2)
m (-1, 0)
x (1, 0)
c (4, 1)
x (0, 1)
End of state
Found MDS !!! (weight:19)
Current state:
2.4000 2.c000 2.0000 0.8000 
2.c000 2.4000 2.0000 1.8000 
0.4000 0.c000 1.0000 0.8000 
1.0000 1.0000 1.0000 1.0000 
0.8000 0.8000 0.0000 1.0000  [X]
Operations:
x (1, 0)
c (0, 4)
m (-1, 4)
x (2, 0)
x (3, 4)
x (0, 3)
x (4, 1)
m (-1, 1)
x (1, 2)
m (1, 0)
x (1, 0)
c (0, 1)
x (4, 1)
End of state
Found MDS !!! (weight:19)
Current state:
2.0000 2.8000 0.8000 1.8000 
2.0000 3.8000 1.8000 0.8000 
0.0000 0.0000 1.0000 1.0000  [X]
1.0000 1.8000 2.8000 3.8000 
1.0000 1.0000 2.0000 2.0000 
Operations:
x (1, 0)
x (3, 2)
x (2, 1)
c (1, 4)
m (-1, 4)
x (4, 3)
c (2, 4)
m (1, 4)
x (0, 4)
m (1, 0)
x (3, 0)
x (4, 3)
x (0, 1)
End of state
Found MDS !!! (weight:19)
Current state:
0.8000 2.8000 2.0000 3.0000 
0.8000 3.8000 3.0000 2.0000 
0.0000 0.0000 1.0000 1.0000  [X]
1.0000 3.0000 2.8000 3.8000 
1.0000 1.0000 0.8000 0.8000 
Operations:
x (1, 0)
x (3, 2)
x (2, 1)
c (1, 4)
m (1, 4)
x (4, 3)
c (2, 4)
m (-1, 4)
x (0, 4)
m (-1, 0)
x (3, 0)
x (0, 1)
x (4, 3)
End of state
Found MDS !!! (weight:19)
Current state:
0.8000 0.8000 0.0000 0.8000  [X]
0.4000 0.c000 1.0000 1.4000 
0.c000 0.4000 1.0000 1.c000 
2.8000 3.8000 1.0000 1.8000 
2.0000 2.0000 1.0000 1.0000 
Operations:
x (1, 0)
c (0, 4)
m (1, 4)
x (3, 2)
x (2, 4)
x (3, 0)
m (-1, 0)
x (0, 1)
c (1, 3)
x (4, 3)
m (-1, 1)
x (2, 1)
c (0, 2)
x (1, 2)
End of state
Found MDS !!! (weight:19)
Current state:
2.0000 2.0000 0.0000 2.0000  [X]
4.0000 6.0000 1.0000 5.0000 
6.0000 4.0000 1.0000 7.0000 
2.8000 3.8000 1.0000 3.0000 
0.8000 0.8000 1.0000 1.0000 
Operations:
x (1, 0)
c (0, 4)
m (-1, 4)
x (3, 2)
x (2, 4)
x (3, 0)
m (1, 0)
x (0, 1)
c (1, 3)
x (4, 3)
m (1, 1)
x (2, 1)
c (1, 2)
x (0, 2)
End of state
Found MDS !!! (weight:19)
Current state:
1.0000 1.0000 0.0000 1.0000  [X]
1.8000 0.8000 2.0000 3.8000 
0.8000 1.8000 2.0000 2.8000 
2.8000 3.8000 1.0000 1.8000 
2.0000 2.0000 1.0000 1.0000 
Operations:
x (1, 0)
c (0, 4)
m (1, 4)
x (3, 2)
x (2, 4)
x (3, 0)
c (0, 3)
m (-1, 3)
x (3, 1)
c (1, 3)
x (4, 3)
m (1, 2)
x (1, 2)
c (0, 1)
x (2, 1)
End of state
Found MDS !!! (weight:19)
Current state:
1.0000 1.0000 0.0000 1.0000  [X]
3.0000 2.0000 0.8000 3.8000 
2.0000 3.0000 0.8000 2.8000 
2.8000 3.8000 1.0000 3.0000 
0.8000 0.8000 1.0000 1.0000 
Operations:
x (1, 0)
c (0, 4)
m (-1, 4)
x (3, 2)
x (2, 4)
x (3, 0)
c (0, 3)
m (1, 3)
x (3, 1)
c (1, 3)
x (4, 3)
m (-1, 2)
x (1, 2)
c (0, 1)
x (2, 1)
End of state
Found MDS !!! (weight:19)
Current state:
0.8000 0.8000 2.0000 3.0000 
0.0000 1.0000 1.0000 1.0000  [X]
0.8000 1.8000 3.0000 2.0000 
1.8000 1.0000 0.8000 1.8000 
1.0000 1.8000 0.8000 0.8000 
Operations:
x (1, 0)
x (3, 2)
x (2, 1)
c (1, 4)
m (-1, 4)
x (0, 4)
m (-1, 0)
x (3, 0)
c (4, 3)
x (0, 3)
m (1, 2)
x (2, 0)
c (0, 2)
x (1, 2)
End of state
Found MDS !!! (weight:19)
Current state:
2.0000 2.0000 0.8000 1.8000 
0.0000 1.0000 1.0000 1.0000  [X]
2.0000 3.0000 1.8000 0.8000 
3.0000 1.0000 2.0000 3.0000 
1.0000 3.0000 2.0000 2.0000 
Operations:
x (1, 0)
x (3, 2)
x (2, 1)
c (1, 4)
m (1, 4)
x (0, 4)
m (1, 0)
x (3, 0)
c (0, 3)
x (4, 3)
m (-1, 2)
x (2, 0)
c (0, 2)
x (1, 2)
End of state
Found MDS !!! (weight:19)
Current state:
1.0000 3.0000 4.0000 4.0000 
3.0000 1.0000 6.0000 4.0000 
2.0000 3.0000 1.0000 3.0000 
2.0000 2.0000 3.0000 1.0000 
2.0000 2.0000 2.0000 0.0000  [X]
Operations:
x (1, 0)
c (0, 4)
x (2, 4)
m (1, 4)
x (3, 2)
c (4, 3)
x (2, 3)
m (1, 2)
x (2, 1)
c (1, 2)
x (3, 2)
m (1, 1)
x (1, 0)
c (0, 1)
x (4, 1)
End of state
Found MDS !!! (weight:19)
Current state:
1.0000 1.8000 0.4000 0.4000 
1.8000 1.0000 0.c000 0.4000 
0.8000 1.8000 1.0000 1.8000 
0.8000 0.8000 1.8000 1.0000 
0.8000 0.8000 0.8000 0.0000  [X]
Operations:
x (1, 0)
c (0, 4)
x (2, 4)
m (-1, 4)
x (3, 2)
c (2, 3)
x (4, 3)
m (-1, 2)
x (2, 1)
c (1, 2)
x (3, 2)
m (-1, 1)
x (1, 0)
c (0, 1)
x (4, 1)
End of state
Found MDS !!! (weight:19)
Current state:
2.0000 2.0000 0.0000 1.0000  [X]
6.0000 4.0000 0.8000 3.8000 
4.0000 6.0000 0.8000 2.8000 
5.0000 7.0000 1.0000 3.0000 
1.0000 1.0000 1.0000 1.0000 
Operations:
x (1, 0)
x (3, 2)
c (0, 4)
x (2, 4)
m (1, 0)
x (3, 0)
x (0, 1)
m (1, 1)
c (1, 3)
x (4, 3)
m (-1, 2)
x (1, 2)
c (0, 1)
x (2, 1)
End of state
Found MDS !!! (weight:19)
Current state:
0.8000 0.8000 0.0000 1.0000  [X]
0.c000 0.4000 2.0000 3.8000 
0.4000 0.c000 2.0000 2.8000 
1.4000 1.c000 1.0000 1.8000 
1.0000 1.0000 1.0000 1.0000 
Operations:
x (1, 0)
x (3, 2)
c (0, 4)
x (2, 4)
m (-1, 0)
x (3, 0)
x (0, 1)
m (-1, 1)
c (1, 3)
x (4, 3)
m (1, 2)
x (1, 2)
c (2, 1)
x (0, 1)
End of state
Found MDS !!! (weight:19)
Current state:
2.8000 3.8000 1.8000 1.0000 
0.8000 1.8000 0.8000 0.0000  [X]
2.0000 2.0000 1.0000 1.0000 
0.4000 0.c000 1.4000 1.0000 
0.c000 0.4000 1.c000 1.0000 
Operations:
x (1, 0)
c (0, 4)
x (2, 4)
m (-1, 4)
x (4, 1)
x (3, 2)
c (1, 3)
m (-1, 3)
x (2, 3)
x (3, 4)
m (1, 0)
x (0, 2)
c (2, 0)
x (1, 0)
End of state
Found MDS !!! (weight:19)
Current state:
0.8000 0.8000 1.0000 1.0000 
2.0000 3.0000 2.0000 0.0000  [X]
2.8000 3.8000 3.0000 1.0000 
4.0000 6.0000 5.0000 1.0000 
6.0000 4.0000 7.0000 1.0000 
Operations:
x (1, 0)
c (0, 4)
x (2, 4)
m (1, 4)
x (4, 1)
x (3, 2)
c (1, 3)
m (1, 3)
x (2, 3)
x (3, 4)
m (-1, 0)
x (2, 0)
c (0, 2)
x (1, 2)
End of state
Found MDS !!! (weight:19)
Current state:
1.4000 1.c000 0.c000 0.8000 
0.4000 0.c000 0.4000 0.0000  [X]
1.0000 1.0000 0.8000 0.8000 
0.4000 0.c000 1.4000 1.0000 
0.c000 0.4000 1.c000 1.0000 
Operations:
x (1, 0)
c (0, 4)
x (2, 4)
m (-1, 4)
x (4, 1)
m (-1, 1)
x (3, 2)
c (1, 3)
x (2, 3)
x (3, 4)
m (-1, 2)
x (0, 2)
c (2, 0)
x (1, 0)
End of state
Found MDS !!! (weight:19)
Current state:
1.0000 1.0000 2.0000 2.0000 
4.0000 6.0000 4.0000 0.0000  [X]
5.0000 7.0000 6.0000 2.0000 
4.0000 6.0000 5.0000 1.0000 
6.0000 4.0000 7.0000 1.0000 
Operations:
x (1, 0)
c (0, 4)
x (2, 4)
m (1, 4)
x (4, 1)
m (1, 1)
x (3, 2)
c (1, 3)
x (2, 3)
x (3, 4)
m (1, 2)
x (2, 0)
c (0, 2)
x (1, 2)
End of state
Found MDS !!! (weight:19)
Current state:
1.0000 1.0000 0.0000 0.0000  [X]
1.0000 7.0000 6.0000 4.0000 
1.0000 5.0000 4.0000 6.0000 
2.0000 6.0000 5.0000 7.0000 
2.0000 2.0000 1.0000 1.0000 
Operations:
x (1, 0)
c (0, 4)
m (1, 4)
x (3, 2)
x (2, 4)
x (2, 1)
m (1, 1)
x (1, 3)
m (1, 3)
c (0, 2)
x (3, 2)
x (2, 1)
x (4, 3)
End of state
Found MDS !!! (weight:19)
Current state:
1.0000 5.0000 4.0000 6.0000 
0.0000 2.0000 2.0000 2.0000  [X]
1.0000 7.0000 6.0000 4.0000 
2.0000 6.0000 5.0000 7.0000 
2.0000 2.0000 1.0000 1.0000 
Operations:
x (1, 0)
c (0, 4)
m (1, 4)
x (3, 2)
x (2, 4)
x (2, 1)
m (1, 1)
x (1, 3)
m (1, 3)
x (3, 0)
c (0, 2)
x (1, 2)
x (4, 3)
End of state
Found MDS !!! (weight:19)
Current state:
1.0000 1.4000 0.4000 0.c000 
0.0000 0.8000 0.8000 0.8000  [X]
1.0000 1.c000 0.c000 0.4000 
0.8000 0.c000 1.4000 1.c000 
0.8000 0.8000 1.0000 1.0000 
Operations:
x (1, 0)
c (0, 4)
m (-1, 4)
x (3, 2)
x (2, 4)
x (2, 1)
m (-1, 1)
x (1, 3)
m (-1, 3)
x (3, 0)
x (4, 3)
c (0, 2)
x (1, 2)
End of state
Found MDS !!! (weight:19)
Current state:
1.0000 1.0000 0.0000 0.0000  [X]
1.0000 1.c000 0.c000 0.4000 
1.0000 1.4000 0.4000 0.c000 
0.8000 0.c000 1.4000 1.c000 
0.8000 0.8000 1.0000 1.0000 
Operations:
x (1, 0)
c (0, 4)
m (-1, 4)
x (3, 2)
x (2, 4)
x (2, 1)
m (-1, 1)
x (1, 3)
m (-1, 3)
c (0, 2)
x (3, 2)
x (2, 1)
x (4, 3)
End of state
Found MDS !!! (weight:19)
Current state:
2.0000 2.0000 0.0000 2.0000  [X]
4.8000 6.8000 0.8000 4.0000 
4.0000 6.0000 1.0000 4.0000 
0.8000 0.8000 0.8000 1.0000 
6.8000 4.8000 0.8000 6.0000 
Operations:
x (1, 0)
c (0, 4)
x (2, 4)
m (-1, 4)
x (3, 0)
x (4, 3)
m (1, 0)
x (0, 1)
m (1, 1)
x (1, 2)
x (4, 1)
c (0, 4)
x (1, 4)
End of state
Found MDS !!! (weight:19)
Current state:
0.8000 0.8000 0.0000 0.8000  [X]
2.4000 2.c000 2.0000 0.4000 
0.4000 0.c000 1.0000 0.4000 
2.0000 2.0000 2.0000 1.0000 
2.c000 2.4000 2.0000 0.c000 
Operations:
x (1, 0)
c (0, 4)
x (2, 4)
m (1, 4)
x (3, 0)
x (4, 3)
m (-1, 0)
x (0, 1)
m (-1, 1)
x (1, 2)
x (4, 1)
c (1, 4)
x (0, 4)
End of state
Found MDS !!! (weight:19)
Current state:
1.0000 3.0000 2.0000 2.0000 
4.0000 6.0000 3.0000 1.0000 
3.0000 1.0000 2.0000 3.0000 
2.0000 2.0000 0.0000 1.0000  [X]
4.0000 4.0000 1.0000 3.0000 
Operations:
x (1, 0)
c (0, 4)
m (1, 4)
x (3, 2)
x (4, 3)
c (3, 4)
m (1, 4)
x (2, 4)
x (2, 1)
m (1, 1)
x (1, 0)
x (4, 1)
c (0, 2)
x (3, 2)
End of state
Found MDS !!! (weight:19)
Current state:
1.0000 1.0000 0.0000 0.0000  [X]
4.0000 6.0000 3.0000 1.0000 
1.0000 3.0000 2.0000 2.0000 
3.0000 1.0000 2.0000 3.0000 
4.0000 4.0000 1.0000 3.0000 
Operations:
x (1, 0)
c (0, 4)
m (1, 4)
x (3, 2)
x (4, 3)
c (3, 4)
m (1, 4)
x (2, 4)
x (2, 1)
m (1, 1)
c (0, 2)
x (1, 2)
x (2, 3)
x (4, 1)
End of state
Found MDS !!! (weight:19)
Current state:
1.0000 1.8000 0.8000 0.8000 
0.4000 0.c000 1.8000 1.0000 
1.8000 1.0000 0.8000 1.8000 
0.8000 0.8000 0.0000 1.0000  [X]
0.4000 0.4000 1.0000 1.8000 
Operations:
x (1, 0)
c (0, 4)
m (-1, 4)
x (3, 2)
x (4, 3)
c (3, 4)
m (-1, 4)
x (2, 4)
x (2, 1)
m (-1, 1)
x (1, 0)
x (4, 1)
c (0, 2)
x (3, 2)
End of state
Found MDS !!! (weight:19)
Current state:
1.0000 1.0000 0.0000 0.0000  [X]
0.4000 0.c000 1.8000 1.0000 
1.0000 1.8000 0.8000 0.8000 
1.8000 1.0000 0.8000 1.8000 
0.4000 0.4000 1.0000 1.8000 
Operations:
x (1, 0)
c (0, 4)
m (-1, 4)
x (3, 2)
x (4, 3)
c (3, 4)
m (-1, 4)
x (2, 4)
x (2, 1)
m (-1, 1)
c (0, 2)
x (1, 2)
x (2, 3)
x (4, 1)
End of state
