g++ -Wall -Wextra -I boost_1_64_0 -march=native -std=gnu++0x -O3 -g -fopenmp -gstabs+ -g3 -I tbb-2017_U7/include -L tbb-2017_U7/build/linux_release/  -Wl,-rpath=tbb-2017_U7/build/linux_release/  find_mds.cpp  -ltbb -o find_mds
Parameters: MAX_WEIGHT=(1 + 5*8 + 1*1) MAX_DEPTH=5 NB_INPUTS=3 NB_REGISTERS=4 XOR_WEIGHT=8 MUL_WEIGHT=1 CPY_WEIGHT=0
Size: AlgoState:16 algo_op:3 matrix:48
Options:
New weight : 0.0
Number of distinct ids : 0/0(1/0.0)
Scanned size : 0
New weight : 0.1
Number of distinct ids : 1/1(1/1.0)
Scanned size : 1
New weight : 0.2
Number of distinct ids : 1/1(1/1.0)
Scanned size : 1
New weight : 0.3
Number of distinct ids : 1/1(1/1.0)
Scanned size : 1
New weight : 0.4
Number of distinct ids : 1/1(1/1.0)
Scanned size : 1
New weight : 1.0
Number of distinct ids : 1/1(1/1.0)
Scanned size : 1
New weight : 1.1
Number of distinct ids : 1/1(1/1.0)
Scanned size : 1
New weight : 1.2
Number of distinct ids : 1/1(1/1.0)
Scanned size : 1
New weight : 1.3
Number of distinct ids : 1/1(1/1.0)
Scanned size : 1
New weight : 1.4
Number of distinct ids : 1/1(1/1.0)
Scanned size : 1
New weight : 2.0
Number of distinct ids : 1/1(1/1.0)
Scanned size : 1
New weight : 2.1
Number of distinct ids : 1/1(1/1.0)
Scanned size : 1
New weight : 2.2
Number of distinct ids : 1/1(1/1.0)
Scanned size : 1
New weight : 2.3
Number of distinct ids : 1/1(1/1.0)
Scanned size : 1
New weight : 2.4
Number of distinct ids : 1/1(1/1.0)
Scanned size : 1
New weight : 3.0
Number of distinct ids : 1/1(1/1.0)
Scanned size : 1
New weight : 3.1
Number of distinct ids : 1/1(1/1.0)
Scanned size : 1
New weight : 3.2
Number of distinct ids : 1/1(1/1.0)
Scanned size : 1
New weight : 3.3
Number of distinct ids : 1/1(1/1.0)
Scanned size : 1
New weight : 3.4
Number of distinct ids : 1/1(1/1.0)
Scanned size : 1
New weight : 4.0
Number of distinct ids : 1/1(1/1.0)
Scanned size : 1
New weight : 4.1
Number of distinct ids : 1/1(1/1.0)
Scanned size : 1
New weight : 4.2
Number of distinct ids : 1/1(1/1.0)
Scanned size : 1
New weight : 4.3
Number of distinct ids : 1/1(1/1.0)
Scanned size : 1
New weight : 4.4
Number of distinct ids : 1/1(1/1.0)
Scanned size : 1
New weight : 5.0
Number of distinct ids : 1/1(1/1.0)
Scanned size : 1
New weight : 5.1
Number of distinct ids : 1/1(1/1.0)
Scanned size : 1
New weight : 5.2
Number of distinct ids : 1/1(1/1.0)
Scanned size : 1
New weight : 5.3
Number of distinct ids : 1/1(1/1.0)
Scanned size : 1
New weight : 5.4
Number of distinct ids : 1/1(1/1.0)
Scanned size : 1
New weight : 6.0
Number of distinct ids : 1/1(1/1.0)
Scanned size : 1
New weight : 6.1
Number of distinct ids : 1/1(1/1.0)
Scanned size : 1
New weight : 6.2
Number of distinct ids : 1/1(1/1.0)
Scanned size : 1
New weight : 6.3
Number of distinct ids : 1/1(1/1.0)
Scanned size : 1
New weight : 6.4
Number of distinct ids : 1/1(1/1.0)
Scanned size : 1
New weight : 7.0
Number of distinct ids : 1/1(1/1.0)
Scanned size : 1
New weight : 7.1
Number of distinct ids : 1/1(1/1.0)
Scanned size : 1
New weight : 7.2
Number of distinct ids : 1/1(1/1.0)
Scanned size : 1
New weight : 7.3
Number of distinct ids : 1/1(1/1.0)
Scanned size : 1
New weight : 7.4
Number of distinct ids : 1/1(1/1.0)
Scanned size : 1
New weight : 8.0
Number of distinct ids : 1/1(1/1.0)
Scanned size : 1
New weight : 8.1
Number of distinct ids : 1/1(1/1.0)
Scanned size : 1
New weight : 8.2
Number of distinct ids : 1/1(1/1.0)
Scanned size : 1
New weight : 8.3
Number of distinct ids : 1/1(1/1.0)
Scanned size : 1
New weight : 8.4
Number of distinct ids : 1/1(1/1.0)
Scanned size : 1
New weight : 9.0
Number of distinct ids : 1/1(1/1.0)
Scanned size : 1
New weight : 9.1
Number of distinct ids : 1/1(1/1.0)
Scanned size : 1
New weight : 9.2
Number of distinct ids : 1/1(1/1.0)
Scanned size : 1
New weight : 9.3
Number of distinct ids : 1/1(1/1.0)
Scanned size : 1
New weight : 9.4
Number of distinct ids : 1/1(1/1.0)
Scanned size : 1
New weight : 10.0
Number of distinct ids : 1/1(1/1.0)
Scanned size : 1
New weight : 10.1
Number of distinct ids : 1/1(1/1.0)
Scanned size : 1
New weight : 10.2
Number of distinct ids : 1/1(1/1.0)
Scanned size : 1
New weight : 10.3
Number of distinct ids : 1/1(1/1.0)
Scanned size : 1
New weight : 10.4
Number of distinct ids : 1/1(1/1.0)
Scanned size : 1
New weight : 11.0
Number of distinct ids : 1/1(1/1.0)
Scanned size : 1
New weight : 11.1
Number of distinct ids : 1/1(1/1.0)
Scanned size : 1
New weight : 11.2
Number of distinct ids : 1/1(1/1.0)
Scanned size : 1
New weight : 11.3
Number of distinct ids : 1/1(1/1.0)
Scanned size : 1
New weight : 11.4
Number of distinct ids : 1/1(1/1.0)
Scanned size : 1
New weight : 12.0
Number of distinct ids : 1/1(1/1.0)
Scanned size : 1
New weight : 12.1
Number of distinct ids : 1/1(1/1.0)
Scanned size : 1
New weight : 12.2
Number of distinct ids : 1/1(1/1.0)
Scanned size : 1
New weight : 12.3
Number of distinct ids : 1/1(1/1.0)
Scanned size : 1
New weight : 12.4
Number of distinct ids : 1/1(1/1.0)
Scanned size : 1
New weight : 13.0
Number of distinct ids : 1/1(1/1.0)
Scanned size : 1
New weight : 13.1
Number of distinct ids : 1/1(1/1.0)
Scanned size : 1
New weight : 13.2
Number of distinct ids : 1/1(1/1.0)
Scanned size : 1
New weight : 13.3
Number of distinct ids : 1/1(1/1.0)
Scanned size : 1
New weight : 13.4
Number of distinct ids : 1/1(1/1.0)
Scanned size : 1
New weight : 14.0
Number of distinct ids : 1/1(1/1.0)
Scanned size : 1
New weight : 14.1
Number of distinct ids : 1/1(1/1.0)
Scanned size : 1
New weight : 14.2
Number of distinct ids : 1/1(1/1.0)
Scanned size : 1
New weight : 14.3
Number of distinct ids : 1/1(1/1.0)
Scanned size : 1
New weight : 14.4
Number of distinct ids : 1/1(1/1.0)
Scanned size : 1
New weight : 15.0
Number of distinct ids : 1/1(1/1.0)
Scanned size : 1
New weight : 15.1
Number of distinct ids : 1/1(1/1.0)
Scanned size : 1
New weight : 15.2
Number of distinct ids : 1/1(1/1.0)
Scanned size : 1
New weight : 15.3
Number of distinct ids : 1/1(1/1.0)
Scanned size : 1
New weight : 15.4
Number of distinct ids : 1/1(1/1.0)
Scanned size : 1
New weight : 16.0
Number of distinct ids : 1/1(1/1.0)
Scanned size : 1
New weight : 16.1
Number of distinct ids : 1/1(1/1.0)
Scanned size : 1
New weight : 16.2
Number of distinct ids : 1/1(1/1.0)
Scanned size : 1
New weight : 16.3
Number of distinct ids : 1/1(1/1.0)
Scanned size : 1
New weight : 16.4
Number of distinct ids : 1/1(1/1.0)
Scanned size : 1
New weight : 17.0
Number of distinct ids : 1/1(1/1.0)
Scanned size : 1
New weight : 17.1
Number of distinct ids : 1/1(1/1.0)
Scanned size : 1
New weight : 17.2
Number of distinct ids : 1/1(1/1.0)
Scanned size : 1
New weight : 17.3
Number of distinct ids : 1/1(1/1.0)
Scanned size : 1
New weight : 17.4
Number of distinct ids : 1/1(1/1.0)
Scanned size : 1
New weight : 18.0
Number of distinct ids : 1/1(1/1.0)
Scanned size : 1
New weight : 18.1
Number of distinct ids : 1/1(1/1.0)
Scanned size : 1
New weight : 18.2
Number of distinct ids : 1/1(1/1.0)
Scanned size : 1
New weight : 18.3
Number of distinct ids : 1/1(1/1.0)
Scanned size : 1
New weight : 18.4
Number of distinct ids : 1/1(1/1.0)
Scanned size : 1
New weight : 19.0
Number of distinct ids : 1/1(1/1.0)
Scanned size : 1
New weight : 19.1
Number of distinct ids : 1/1(1/1.0)
Scanned size : 1
New weight : 19.2
Number of distinct ids : 1/1(1/1.0)
Scanned size : 1
New weight : 19.3
Number of distinct ids : 1/1(1/1.0)
Scanned size : 1
New weight : 19.4
Number of distinct ids : 1/1(1/1.0)
Scanned size : 1
New weight : 20.0
Number of distinct ids : 1/1(1/1.0)
Scanned size : 1
New weight : 20.1
Number of distinct ids : 1/1(1/1.0)
Scanned size : 1
New weight : 20.2
Number of distinct ids : 1/1(1/1.0)
Scanned size : 1
New weight : 20.3
Number of distinct ids : 1/1(1/1.0)
Scanned size : 1
New weight : 20.4
Number of distinct ids : 1/1(1/1.0)
Scanned size : 1
New weight : 21.0
Number of distinct ids : 1/1(1/1.0)
Scanned size : 1
New weight : 21.1
Number of distinct ids : 1/1(1/1.0)
Scanned size : 1
New weight : 21.2
Number of distinct ids : 1/1(1/1.0)
Scanned size : 1
New weight : 21.3
Number of distinct ids : 1/1(1/1.0)
Scanned size : 1
New weight : 21.4
Number of distinct ids : 1/1(1/1.0)
Scanned size : 1
New weight : 22.0
Number of distinct ids : 1/1(1/1.0)
Scanned size : 1
New weight : 22.1
Number of distinct ids : 1/1(1/1.0)
Scanned size : 1
New weight : 22.2
Number of distinct ids : 1/1(1/1.0)
Scanned size : 1
New weight : 22.3
Number of distinct ids : 1/1(1/1.0)
Scanned size : 1
New weight : 22.4
Number of distinct ids : 1/1(1/1.0)
Scanned size : 1
New weight : 23.0
Number of distinct ids : 1/1(1/1.0)
Scanned size : 1
New weight : 23.1
Number of distinct ids : 1/1(1/1.0)
Scanned size : 1
New weight : 23.2
Number of distinct ids : 1/1(1/1.0)
Scanned size : 1
New weight : 23.3
Number of distinct ids : 1/1(1/1.0)
Scanned size : 1
New weight : 23.4
Number of distinct ids : 1/1(1/1.0)
Scanned size : 1
New weight : 24.0
Number of distinct ids : 1/1(1/1.0)
Scanned size : 1
New weight : 24.1
Number of distinct ids : 2/4(1/2.0)
Scanned size : 2
New weight : 24.2
Number of distinct ids : 2/4(1/2.0)
Scanned size : 2
New weight : 24.3
Number of distinct ids : 2/4(1/2.0)
Scanned size : 2
New weight : 24.4
Number of distinct ids : 2/4(1/2.0)
Scanned size : 2
New weight : 25.0
Number of distinct ids : 2/4(1/2.0)
Scanned size : 2
New weight : 25.1
Number of distinct ids : 2/4(1/2.0)
Scanned size : 2
New weight : 25.2
Number of distinct ids : 6/11(1/1.8)
Scanned size : 6
New weight : 25.3
Number of distinct ids : 6/11(1/1.8)
Scanned size : 6
New weight : 25.4
Number of distinct ids : 6/11(1/1.8)
Scanned size : 6
New weight : 26.0
Number of distinct ids : 6/11(1/1.8)
Scanned size : 6
New weight : 26.1
Number of distinct ids : 6/11(1/1.8)
Scanned size : 6
New weight : 26.2
Number of distinct ids : 10/23(1/2.3)
Scanned size : 10
New weight : 26.3
Number of distinct ids : 15/35(1/2.3)
Scanned size : 15
New weight : 26.4
Number of distinct ids : 15/35(1/2.3)
Scanned size : 15
New weight : 27.0
Number of distinct ids : 15/35(1/2.3)
Scanned size : 15
New weight : 27.1
Number of distinct ids : 15/35(1/2.3)
Scanned size : 15
New weight : 27.2
Number of distinct ids : 18/43(1/2.4)
Scanned size : 18
New weight : 27.3
Number of distinct ids : 25/68(1/2.7)
Scanned size : 25
New weight : 27.4
Number of distinct ids : 31/83(1/2.7)
Scanned size : 31
New weight : 28.0
Number of distinct ids : 31/83(1/2.7)
Scanned size : 31
New weight : 28.1
Number of distinct ids : 31/83(1/2.7)
Scanned size : 31
New weight : 28.2
Number of distinct ids : 31/84(1/2.7)
Scanned size : 31
New weight : 28.3
Number of distinct ids : 42/118(1/2.8)
Scanned size : 42
New weight : 28.4
Number of distinct ids : 50/145(1/2.9)
Scanned size : 50
New weight : 29.0
Number of distinct ids : 57/162(1/2.8)
Scanned size : 57
New weight : 29.1
Number of distinct ids : 57/162(1/2.8)
Scanned size : 57
New weight : 29.2
Number of distinct ids : 57/162(1/2.8)
Scanned size : 57
New weight : 29.3
Number of distinct ids : 63/190(1/3.0)
Scanned size : 63
New weight : 29.4
Number of distinct ids : 79/246(1/3.1)
Scanned size : 79
New weight : 30.0
Number of distinct ids : 88/276(1/3.1)
Scanned size : 88
New weight : 30.1
Number of distinct ids : 88/276(1/3.1)
Scanned size : 88
New weight : 30.2
Number of distinct ids : 88/276(1/3.1)
Scanned size : 88
New weight : 30.3
Number of distinct ids : 92/292(1/3.2)
Scanned size : 92
New weight : 30.4
Number of distinct ids : 108/364(1/3.4)
Scanned size : 108
New weight : 31.0
Number of distinct ids : 126/433(1/3.4)
Scanned size : 126
New weight : 31.1
Number of distinct ids : 126/433(1/3.4)
Scanned size : 126
New weight : 31.2
Number of distinct ids : 126/433(1/3.4)
Scanned size : 126
New weight : 31.3
Number of distinct ids : 126/434(1/3.4)
Scanned size : 126
New weight : 31.4
Number of distinct ids : 141/501(1/3.6)
Scanned size : 141
New weight : 32.0
Number of distinct ids : 163/604(1/3.7)
Scanned size : 163
New weight : 32.1
Number of distinct ids : 163/604(1/3.7)
Scanned size : 163
New weight : 32.2
Number of distinct ids : 168/622(1/3.7)
Scanned size : 168
New weight : 32.3
Number of distinct ids : 178/647(1/3.6)
Scanned size : 178
New weight : 32.4
Number of distinct ids : 186/684(1/3.7)
Scanned size : 186
New weight : 33.0
Number of distinct ids : 214/810(1/3.8)
Scanned size : 214
New weight : 33.1
Number of distinct ids : 214/810(1/3.8)
Scanned size : 214
New weight : 33.2
Number of distinct ids : 226/840(1/3.7)
Scanned size : 226
New weight : 33.3
Number of distinct ids : 295/1038(1/3.5)
Scanned size : 295
New weight : 33.4
Number of distinct ids : 385/1302(1/3.4)
Scanned size : 385
New weight : 34.0
Number of distinct ids : 532/1776(1/3.3)
Scanned size : 532
New weight : 34.1
Number of distinct ids : 532/1776(1/3.3)
Scanned size : 532
New weight : 34.2
Number of distinct ids : 540/1803(1/3.3)
Scanned size : 540
New weight : 34.3
Number of distinct ids : 687/2280(1/3.3)
Scanned size : 687
New weight : 34.4
Number of distinct ids : 1183/3814(1/3.2)
Scanned size : 1183
New weight : 35.0
Number of distinct ids : 2124/6561(1/3.1)
Scanned size : 2124
New weight : 35.1
Number of distinct ids : 2124/6561(1/3.1)
Scanned size : 2124
New weight : 35.2
Number of distinct ids : 2125/6565(1/3.1)
Scanned size : 2125
New weight : 35.3
Number of distinct ids : 2311/7240(1/3.1)
Scanned size : 2311
New weight : 35.4
Number of distinct ids : 3514/11289(1/3.2)
Scanned size : 3514
New weight : 36.0
Number of distinct ids : 6686/21273(1/3.2)
Scanned size : 6686
New weight : 36.1
Number of distinct ids : 6686/21273(1/3.2)
Scanned size : 6686
New weight : 36.2
Number of distinct ids : 6686/21273(1/3.2)
Scanned size : 6686
New weight : 36.3
Number of distinct ids : 6803/21767(1/3.2)
Scanned size : 6803
New weight : 36.4
Number of distinct ids : 8590/28303(1/3.3)
Scanned size : 8590
New weight : 37.0
Number of distinct ids : 16127/53986(1/3.3)
Scanned size : 16127
New weight : 37.1
Number of distinct ids : 16127/53986(1/3.3)
Scanned size : 16127
New weight : 37.2
Number of distinct ids : 16127/53986(1/3.3)
Scanned size : 16127
New weight : 37.3
Number of distinct ids : 16172/54186(1/3.4)
Scanned size : 16172
New weight : 37.4
Number of distinct ids : 17888/61010(1/3.4)
Scanned size : 17888
New weight : 38.0
Number of distinct ids : 30453/106752(1/3.5)
Scanned size : 30453
New weight : 38.1
Number of distinct ids : 30453/106752(1/3.5)
Scanned size : 30453
New weight : 38.2
Number of distinct ids : 30453/106752(1/3.5)
Scanned size : 30453
New weight : 38.3
Number of distinct ids : 30460/106778(1/3.5)
Scanned size : 30460
New weight : 38.4
Number of distinct ids : 31568/111575(1/3.5)
Scanned size : 31568
New weight : 39.0
Number of distinct ids : 46776/170243(1/3.6)
Scanned size : 46776
New weight : 39.1
Number of distinct ids : 46776/170243(1/3.6)
Scanned size : 46776
New weight : 39.2
Number of distinct ids : 46776/170243(1/3.6)
Scanned size : 46776
New weight : 39.3
Number of distinct ids : 46776/170243(1/3.6)
Scanned size : 46776
New weight : 39.4
Number of distinct ids : 47278/172542(1/3.6)
Scanned size : 47278
New weight : 40.0
Number of distinct ids : 61149/228956(1/3.7)
Scanned size : 61149
New weight : 40.1
Number of distinct ids : 61149/228956(1/3.7)
Scanned size : 61149
New weight : 40.2
Number of distinct ids : 61158/228985(1/3.7)
Scanned size : 61158
New weight : 40.3
Number of distinct ids : 61163/229023(1/3.7)
Scanned size : 61163
New weight : 40.4
Number of distinct ids : 61324/229788(1/3.7)
Scanned size : 61324
New weight : 41.0
Number of distinct ids : 70965/270480(1/3.8)
Scanned size : 70965
New weight : 41.1
Number of distinct ids : 70965/270480(1/3.8)
Scanned size : 70965
New weight : 41.2
Number of distinct ids : 70977/270512(1/3.8)
Scanned size : 70977
New weight : 41.3
Number of distinct ids : 71244/271338(1/3.8)
Scanned size : 71244
New weight : 41.4
Number of distinct ids : 71751/272982(1/3.8)
Scanned size : 71751
Found MDS !!! (weight:41) (depth:4)
Current state:
2 1 3 
1 1 1 
3 1 2 
3 1 3  [X]
Operations:
c (2, 3)
x (0, 3)
x (3, 1)
m (1, 3)
x (1, 3)
x (3, 2)
x (3, 0)
End of state
Found MDS !!! (weight:41) (depth:4)
Current state:
1 0 0  [X]
1 1 1 
3 1 2 
2 1 3 
Operations:
c (2, 3)
x (0, 3)
x (3, 1)
m (1, 3)
x (1, 3)
x (3, 2)
x (0, 3)
End of state
Found MDS !!! (weight:41) (depth:4)
Current state:
3 2 2 
2 3 2 
2 2 3 
2 2 2  [X]
Operations:
c (2, 3)
x (0, 3)
x (1, 3)
m (1, 3)
x (3, 0)
x (3, 1)
x (3, 2)
End of state
Found MDS !!! (weight:41) (depth:4)
Current state:
3 2 2 
2 3 2 
0 0 1  [X]
2 2 3 
Operations:
c (2, 3)
x (0, 3)
x (1, 3)
m (1, 3)
x (3, 0)
x (3, 1)
x (2, 3)
End of state
Found MDS !!! (weight:41) (depth:4)
Current state:
3 2 1 
2 3 1 
1 1 1 
2 2 0  [X]
Operations:
x (1, 0)
x (2, 1)
x (0, 2)
c (0, 3)
m (1, 3)
x (3, 1)
x (1, 0)
End of state
Found MDS !!! (weight:41) (depth:4)
Current state:
3 2 1 
0 1 1  [X]
1 1 1 
2 3 1 
Operations:
x (1, 0)
x (2, 1)
x (0, 2)
c (0, 3)
m (1, 3)
x (1, 3)
x (3, 0)
End of state
Found MDS !!! (weight:41) (depth:4)
Current state:
1 1 0  [X]
2 3 1 
1 1 1 
3 2 1 
Operations:
x (1, 0)
x (2, 1)
x (0, 2)
c (0, 3)
m (1, 3)
x (3, 1)
c (1, 3)
x (0, 3)
End of state
Found MDS !!! (weight:41) (depth:4)
Current state:
3 2 1 
2 3 1 
0 0 1  [X]
1 1 1 
Operations:
x (1, 0)
c (0, 3)
m (1, 3)
x (2, 1)
x (3, 1)
c (0, 3)
x (2, 3)
x (1, 0)
End of state
Found MDS !!! (weight:41) (depth:4)
Current state:
2 3 0  [X]
3 2 1 
2 3 1 
1 1 1 
Operations:
x (1, 0)
c (0, 3)
x (2, 3)
m (1, 0)
x (1, 0)
c (0, 1)
x (3, 1)
x (0, 2)
End of state
Reached MAX_WEIGHT
