g++ -Wall -Wextra -I boost_1_64_0 -march=native -std=gnu++0x -O3 -g -fopenmp -gstabs+ -g3 -I tbb-2017_U7/include -L tbb-2017_U7/build/linux_release/  -Wl,-rpath=tbb-2017_U7/build/linux_release/  find_mds.cpp  -ltbb -o find_mds
Parameters: MAX_WEIGHT=(1 + 5*8 + 2*1) MAX_DEPTH=4 NB_INPUTS=3 NB_REGISTERS=4 XOR_WEIGHT=8 MUL_WEIGHT=1 CPY_WEIGHT=0
Size: AlgoState:16 algo_op:3 matrix:48
Options:
New weight : 0.0
Number of distinct ids : 0/0(1/0.0)
Scanned size : 0
New weight : 0.1
Number of distinct ids : 1/1(1/1.0)
Scanned size : 1
New weight : 0.2
Number of distinct ids : 1/1(1/1.0)
Scanned size : 1
New weight : 0.3
Number of distinct ids : 1/1(1/1.0)
Scanned size : 1
New weight : 1.0
Number of distinct ids : 1/1(1/1.0)
Scanned size : 1
New weight : 1.1
Number of distinct ids : 1/1(1/1.0)
Scanned size : 1
New weight : 1.2
Number of distinct ids : 1/1(1/1.0)
Scanned size : 1
New weight : 1.3
Number of distinct ids : 1/1(1/1.0)
Scanned size : 1
New weight : 2.0
Number of distinct ids : 1/1(1/1.0)
Scanned size : 1
New weight : 2.1
Number of distinct ids : 1/1(1/1.0)
Scanned size : 1
New weight : 2.2
Number of distinct ids : 1/1(1/1.0)
Scanned size : 1
New weight : 2.3
Number of distinct ids : 1/1(1/1.0)
Scanned size : 1
New weight : 3.0
Number of distinct ids : 1/1(1/1.0)
Scanned size : 1
New weight : 3.1
Number of distinct ids : 1/1(1/1.0)
Scanned size : 1
New weight : 3.2
Number of distinct ids : 1/1(1/1.0)
Scanned size : 1
New weight : 3.3
Number of distinct ids : 1/1(1/1.0)
Scanned size : 1
New weight : 4.0
Number of distinct ids : 1/1(1/1.0)
Scanned size : 1
New weight : 4.1
Number of distinct ids : 1/1(1/1.0)
Scanned size : 1
New weight : 4.2
Number of distinct ids : 1/1(1/1.0)
Scanned size : 1
New weight : 4.3
Number of distinct ids : 1/1(1/1.0)
Scanned size : 1
New weight : 5.0
Number of distinct ids : 1/1(1/1.0)
Scanned size : 1
New weight : 5.1
Number of distinct ids : 1/1(1/1.0)
Scanned size : 1
New weight : 5.2
Number of distinct ids : 1/1(1/1.0)
Scanned size : 1
New weight : 5.3
Number of distinct ids : 1/1(1/1.0)
Scanned size : 1
New weight : 6.0
Number of distinct ids : 1/1(1/1.0)
Scanned size : 1
New weight : 6.1
Number of distinct ids : 1/1(1/1.0)
Scanned size : 1
New weight : 6.2
Number of distinct ids : 1/1(1/1.0)
Scanned size : 1
New weight : 6.3
Number of distinct ids : 1/1(1/1.0)
Scanned size : 1
New weight : 7.0
Number of distinct ids : 1/1(1/1.0)
Scanned size : 1
New weight : 7.1
Number of distinct ids : 1/1(1/1.0)
Scanned size : 1
New weight : 7.2
Number of distinct ids : 1/1(1/1.0)
Scanned size : 1
New weight : 7.3
Number of distinct ids : 1/1(1/1.0)
Scanned size : 1
New weight : 8.0
Number of distinct ids : 1/1(1/1.0)
Scanned size : 1
New weight : 8.1
Number of distinct ids : 1/1(1/1.0)
Scanned size : 1
New weight : 8.2
Number of distinct ids : 1/1(1/1.0)
Scanned size : 1
New weight : 8.3
Number of distinct ids : 1/1(1/1.0)
Scanned size : 1
New weight : 9.0
Number of distinct ids : 1/1(1/1.0)
Scanned size : 1
New weight : 9.1
Number of distinct ids : 1/1(1/1.0)
Scanned size : 1
New weight : 9.2
Number of distinct ids : 1/1(1/1.0)
Scanned size : 1
New weight : 9.3
Number of distinct ids : 1/1(1/1.0)
Scanned size : 1
New weight : 10.0
Number of distinct ids : 1/1(1/1.0)
Scanned size : 1
New weight : 10.1
Number of distinct ids : 1/1(1/1.0)
Scanned size : 1
New weight : 10.2
Number of distinct ids : 1/1(1/1.0)
Scanned size : 1
New weight : 10.3
Number of distinct ids : 1/1(1/1.0)
Scanned size : 1
New weight : 11.0
Number of distinct ids : 1/1(1/1.0)
Scanned size : 1
New weight : 11.1
Number of distinct ids : 1/1(1/1.0)
Scanned size : 1
New weight : 11.2
Number of distinct ids : 1/1(1/1.0)
Scanned size : 1
New weight : 11.3
Number of distinct ids : 1/1(1/1.0)
Scanned size : 1
New weight : 12.0
Number of distinct ids : 1/1(1/1.0)
Scanned size : 1
New weight : 12.1
Number of distinct ids : 1/1(1/1.0)
Scanned size : 1
New weight : 12.2
Number of distinct ids : 1/1(1/1.0)
Scanned size : 1
New weight : 12.3
Number of distinct ids : 1/1(1/1.0)
Scanned size : 1
New weight : 13.0
Number of distinct ids : 1/1(1/1.0)
Scanned size : 1
New weight : 13.1
Number of distinct ids : 1/1(1/1.0)
Scanned size : 1
New weight : 13.2
Number of distinct ids : 1/1(1/1.0)
Scanned size : 1
New weight : 13.3
Number of distinct ids : 1/1(1/1.0)
Scanned size : 1
New weight : 14.0
Number of distinct ids : 1/1(1/1.0)
Scanned size : 1
New weight : 14.1
Number of distinct ids : 1/1(1/1.0)
Scanned size : 1
New weight : 14.2
Number of distinct ids : 1/1(1/1.0)
Scanned size : 1
New weight : 14.3
Number of distinct ids : 1/1(1/1.0)
Scanned size : 1
New weight : 15.0
Number of distinct ids : 1/1(1/1.0)
Scanned size : 1
New weight : 15.1
Number of distinct ids : 1/1(1/1.0)
Scanned size : 1
New weight : 15.2
Number of distinct ids : 1/1(1/1.0)
Scanned size : 1
New weight : 15.3
Number of distinct ids : 1/1(1/1.0)
Scanned size : 1
New weight : 16.0
Number of distinct ids : 1/1(1/1.0)
Scanned size : 1
New weight : 16.1
Number of distinct ids : 1/1(1/1.0)
Scanned size : 1
New weight : 16.2
Number of distinct ids : 1/1(1/1.0)
Scanned size : 1
New weight : 16.3
Number of distinct ids : 1/1(1/1.0)
Scanned size : 1
New weight : 17.0
Number of distinct ids : 1/1(1/1.0)
Scanned size : 1
New weight : 17.1
Number of distinct ids : 1/1(1/1.0)
Scanned size : 1
New weight : 17.2
Number of distinct ids : 1/1(1/1.0)
Scanned size : 1
New weight : 17.3
Number of distinct ids : 1/1(1/1.0)
Scanned size : 1
New weight : 18.0
Number of distinct ids : 1/1(1/1.0)
Scanned size : 1
New weight : 18.1
Number of distinct ids : 1/1(1/1.0)
Scanned size : 1
New weight : 18.2
Number of distinct ids : 1/1(1/1.0)
Scanned size : 1
New weight : 18.3
Number of distinct ids : 1/1(1/1.0)
Scanned size : 1
New weight : 19.0
Number of distinct ids : 1/1(1/1.0)
Scanned size : 1
New weight : 19.1
Number of distinct ids : 1/1(1/1.0)
Scanned size : 1
New weight : 19.2
Number of distinct ids : 1/1(1/1.0)
Scanned size : 1
New weight : 19.3
Number of distinct ids : 1/1(1/1.0)
Scanned size : 1
New weight : 20.0
Number of distinct ids : 1/1(1/1.0)
Scanned size : 1
New weight : 20.1
Number of distinct ids : 1/1(1/1.0)
Scanned size : 1
New weight : 20.2
Number of distinct ids : 1/1(1/1.0)
Scanned size : 1
New weight : 20.3
Number of distinct ids : 1/1(1/1.0)
Scanned size : 1
New weight : 21.0
Number of distinct ids : 1/1(1/1.0)
Scanned size : 1
New weight : 21.1
Number of distinct ids : 1/1(1/1.0)
Scanned size : 1
New weight : 21.2
Number of distinct ids : 1/1(1/1.0)
Scanned size : 1
New weight : 21.3
Number of distinct ids : 1/1(1/1.0)
Scanned size : 1
New weight : 22.0
Number of distinct ids : 1/1(1/1.0)
Scanned size : 1
New weight : 22.1
Number of distinct ids : 1/1(1/1.0)
Scanned size : 1
New weight : 22.2
Number of distinct ids : 1/1(1/1.0)
Scanned size : 1
New weight : 22.3
Number of distinct ids : 1/1(1/1.0)
Scanned size : 1
New weight : 23.0
Number of distinct ids : 1/1(1/1.0)
Scanned size : 1
New weight : 23.1
Number of distinct ids : 1/1(1/1.0)
Scanned size : 1
New weight : 23.2
Number of distinct ids : 1/1(1/1.0)
Scanned size : 1
New weight : 23.3
Number of distinct ids : 1/1(1/1.0)
Scanned size : 1
New weight : 24.0
Number of distinct ids : 1/1(1/1.0)
Scanned size : 1
New weight : 24.1
Number of distinct ids : 2/4(1/2.0)
Scanned size : 2
New weight : 24.2
Number of distinct ids : 2/4(1/2.0)
Scanned size : 2
New weight : 24.3
Number of distinct ids : 2/4(1/2.0)
Scanned size : 2
New weight : 25.0
Number of distinct ids : 2/4(1/2.0)
Scanned size : 2
New weight : 25.1
Number of distinct ids : 2/4(1/2.0)
Scanned size : 2
New weight : 25.2
Number of distinct ids : 6/11(1/1.8)
Scanned size : 6
New weight : 25.3
Number of distinct ids : 6/11(1/1.8)
Scanned size : 6
New weight : 26.0
Number of distinct ids : 6/11(1/1.8)
Scanned size : 6
New weight : 26.1
Number of distinct ids : 6/11(1/1.8)
Scanned size : 6
New weight : 26.2
Number of distinct ids : 10/22(1/2.2)
Scanned size : 10
New weight : 26.3
Number of distinct ids : 15/33(1/2.2)
Scanned size : 15
New weight : 27.0
Number of distinct ids : 15/33(1/2.2)
Scanned size : 15
New weight : 27.1
Number of distinct ids : 15/33(1/2.2)
Scanned size : 15
New weight : 27.2
Number of distinct ids : 18/41(1/2.3)
Scanned size : 18
New weight : 27.3
Number of distinct ids : 25/66(1/2.6)
Scanned size : 25
New weight : 28.0
Number of distinct ids : 31/82(1/2.6)
Scanned size : 31
New weight : 28.1
Number of distinct ids : 31/82(1/2.6)
Scanned size : 31
New weight : 28.2
Number of distinct ids : 31/83(1/2.7)
Scanned size : 31
New weight : 28.3
Number of distinct ids : 42/119(1/2.8)
Scanned size : 42
New weight : 29.0
Number of distinct ids : 50/146(1/2.9)
Scanned size : 50
New weight : 29.1
Number of distinct ids : 50/146(1/2.9)
Scanned size : 50
New weight : 29.2
Number of distinct ids : 50/146(1/2.9)
Scanned size : 50
New weight : 29.3
Number of distinct ids : 56/174(1/3.1)
Scanned size : 56
New weight : 30.0
Number of distinct ids : 72/233(1/3.2)
Scanned size : 72
New weight : 30.1
Number of distinct ids : 72/233(1/3.2)
Scanned size : 72
New weight : 30.2
Number of distinct ids : 72/233(1/3.2)
Scanned size : 72
New weight : 30.3
Number of distinct ids : 76/249(1/3.3)
Scanned size : 76
New weight : 31.0
Number of distinct ids : 92/323(1/3.5)
Scanned size : 92
New weight : 31.1
Number of distinct ids : 92/323(1/3.5)
Scanned size : 92
New weight : 31.2
Number of distinct ids : 92/323(1/3.5)
Scanned size : 92
New weight : 31.3
Number of distinct ids : 92/324(1/3.5)
Scanned size : 92
New weight : 32.0
Number of distinct ids : 107/394(1/3.7)
Scanned size : 107
New weight : 32.1
Number of distinct ids : 107/394(1/3.7)
Scanned size : 107
New weight : 32.2
Number of distinct ids : 112/412(1/3.7)
Scanned size : 112
New weight : 32.3
Number of distinct ids : 122/436(1/3.6)
Scanned size : 122
New weight : 33.0
Number of distinct ids : 130/475(1/3.7)
Scanned size : 130
New weight : 33.1
Number of distinct ids : 130/475(1/3.7)
Scanned size : 130
New weight : 33.2
Number of distinct ids : 142/511(1/3.6)
Scanned size : 142
New weight : 33.3
Number of distinct ids : 211/706(1/3.3)
Scanned size : 211
New weight : 34.0
Number of distinct ids : 301/971(1/3.2)
Scanned size : 301
New weight : 34.1
Number of distinct ids : 301/971(1/3.2)
Scanned size : 301
New weight : 34.2
Number of distinct ids : 309/998(1/3.2)
Scanned size : 309
New weight : 34.3
Number of distinct ids : 456/1476(1/3.2)
Scanned size : 456
New weight : 35.0
Number of distinct ids : 952/3012(1/3.2)
Scanned size : 952
New weight : 35.1
Number of distinct ids : 952/3012(1/3.2)
Scanned size : 952
New weight : 35.2
Number of distinct ids : 953/3016(1/3.2)
Scanned size : 953
New weight : 35.3
Number of distinct ids : 1139/3690(1/3.2)
Scanned size : 1139
New weight : 36.0
Number of distinct ids : 2359/7775(1/3.3)
Scanned size : 2359
New weight : 36.1
Number of distinct ids : 2359/7775(1/3.3)
Scanned size : 2359
New weight : 36.2
Number of distinct ids : 2359/7775(1/3.3)
Scanned size : 2359
New weight : 36.3
Number of distinct ids : 2476/8267(1/3.3)
Scanned size : 2476
New weight : 37.0
Number of distinct ids : 4286/14852(1/3.5)
Scanned size : 4286
New weight : 37.1
Number of distinct ids : 4286/14852(1/3.5)
Scanned size : 4286
New weight : 37.2
Number of distinct ids : 4286/14852(1/3.5)
Scanned size : 4286
New weight : 37.3
Number of distinct ids : 4331/15049(1/3.5)
Scanned size : 4331
New weight : 38.0
Number of distinct ids : 6075/21951(1/3.6)
Scanned size : 6075
New weight : 38.1
Number of distinct ids : 6075/21951(1/3.6)
Scanned size : 6075
New weight : 38.2
Number of distinct ids : 6075/21951(1/3.6)
Scanned size : 6075
New weight : 38.3
Number of distinct ids : 6082/21976(1/3.6)
Scanned size : 6082
New weight : 39.0
Number of distinct ids : 7221/26870(1/3.7)
Scanned size : 7221
New weight : 39.1
Number of distinct ids : 7221/26870(1/3.7)
Scanned size : 7221
New weight : 39.2
Number of distinct ids : 7221/26870(1/3.7)
Scanned size : 7221
New weight : 39.3
Number of distinct ids : 7221/26870(1/3.7)
Scanned size : 7221
New weight : 40.0
Number of distinct ids : 7731/29204(1/3.8)
Scanned size : 7731
New weight : 40.1
Number of distinct ids : 7731/29204(1/3.8)
Scanned size : 7731
New weight : 40.2
Number of distinct ids : 7740/29231(1/3.8)
Scanned size : 7740
New weight : 40.3
Number of distinct ids : 7745/29269(1/3.8)
Scanned size : 7745
New weight : 41.0
Number of distinct ids : 7909/30043(1/3.8)
Scanned size : 7909
New weight : 41.1
Number of distinct ids : 7909/30043(1/3.8)
Scanned size : 7909
New weight : 41.2
Number of distinct ids : 7921/30075(1/3.8)
Scanned size : 7921
New weight : 41.3
Number of distinct ids : 8188/30902(1/3.8)
Scanned size : 8188
New weight : 42.0
Number of distinct ids : 8745/32699(1/3.7)
Scanned size : 8745
New weight : 42.1
Number of distinct ids : 8745/32699(1/3.7)
Scanned size : 8745
New weight : 42.2
Number of distinct ids : 8747/32704(1/3.7)
Scanned size : 8747
New weight : 42.3
Number of distinct ids : 9495/35062(1/3.7)
Scanned size : 9495
Found MDS !!! (weight:42) (depth:3)
Current state:
3 2 1 
3 1 2 
2 0 2  [X]
1 1 1 
Operations:
x (0, 1)
c (1, 3)
x (2, 3)
x (0, 2)
c (1, 0)
m (1, 0)
x (2, 0)
m (1, 2)
x (2, 1)
End of state
Found MDS !!! (weight:42) (depth:3)
Current state:
3 2 1 
1 1 0  [X]
3 1 2 
1 1 1 
Operations:
x (0, 1)
c (1, 3)
x (2, 3)
x (0, 2)
c (1, 0)
m (1, 0)
x (2, 0)
m (1, 2)
x (1, 2)
End of state
Found MDS !!! (weight:42) (depth:3)
Current state:
2 1 1 
0 1 1  [X]
1 2 1 
3 3 1 
Operations:
c (1, 3)
m (1, 3)
x (0, 3)
m (1, 0)
x (2, 1)
x (1, 0)
x (3, 2)
x (0, 3)
End of state
Found MDS !!! (weight:42) (depth:3)
Current state:
2 0 0  [X]
2 1 1 
1 2 1 
3 3 1 
Operations:
c (1, 3)
m (1, 3)
x (0, 3)
m (1, 0)
x (2, 1)
x (0, 1)
x (3, 2)
x (1, 3)
End of state
Found MDS !!! (weight:42) (depth:3)
Current state:
2 1 1 
3 3 1 
1 2 1 
1 2 0  [X]
Operations:
c (1, 3)
m (1, 3)
x (0, 3)
m (1, 0)
x (2, 1)
x (1, 0)
c (3, 1)
x (0, 1)
x (3, 2)
End of state
Found MDS !!! (weight:42) (depth:3)
Current state:
2 1 1 
3 3 1 
0 0 1  [X]
1 2 1 
Operations:
c (1, 3)
m (1, 3)
x (0, 3)
m (1, 0)
x (2, 1)
x (1, 0)
c (3, 1)
x (0, 1)
x (2, 3)
End of state
Found MDS !!! (weight:42) (depth:3)
Current state:
3 1 2 
1 1 1 
0 0 1  [X]
3 2 1 
Operations:
x (0, 1)
c (1, 3)
m (1, 3)
x (2, 0)
x (0, 3)
m (1, 0)
x (1, 0)
x (2, 1)
End of state
Reached MAX_WEIGHT
