g++ -Wall -Wextra -I boost_1_64_0 -march=native -std=gnu++0x -O3 -g -fopenmp -gstabs+ -g3 -I tbb-2017_U7/include -L tbb-2017_U7/build/linux_release/  -Wl,-rpath=tbb-2017_U7/build/linux_release/  find_mds.cpp  -ltbb -o find_mds
Parameters: MAX_WEIGHT=(1 + 8*2 + 4*1) MAX_DEPTH=5 NB_INPUTS=4 NB_REGISTERS=5 XOR_WEIGHT=2 MUL_WEIGHT=1 CPY_WEIGHT=0
Size: AlgoState:16 algo_op:3 matrix:80
Options: DIFFERENT_MUL
New weight : 0.0
Number of distinct ids : 0/0(1/0.0)
Scanned size : 0
New weight : 0.1
Number of distinct ids : 1/1(1/1.0)
Scanned size : 1
New weight : 0.2
Number of distinct ids : 1/1(1/1.0)
Scanned size : 1
New weight : 0.3
Number of distinct ids : 1/1(1/1.0)
Scanned size : 1
New weight : 0.4
Number of distinct ids : 1/1(1/1.0)
Scanned size : 1
New weight : 1.0
Number of distinct ids : 1/1(1/1.0)
Scanned size : 1
New weight : 1.1
Number of distinct ids : 1/1(1/1.0)
Scanned size : 1
New weight : 1.2
Number of distinct ids : 1/1(1/1.0)
Scanned size : 1
New weight : 1.3
Number of distinct ids : 1/1(1/1.0)
Scanned size : 1
New weight : 1.4
Number of distinct ids : 1/1(1/1.0)
Scanned size : 1
New weight : 2.0
Number of distinct ids : 1/1(1/1.0)
Scanned size : 1
New weight : 2.1
Number of distinct ids : 1/1(1/1.0)
Scanned size : 1
New weight : 2.2
Number of distinct ids : 1/1(1/1.0)
Scanned size : 1
New weight : 2.3
Number of distinct ids : 1/1(1/1.0)
Scanned size : 1
New weight : 2.4
Number of distinct ids : 1/1(1/1.0)
Scanned size : 1
New weight : 3.0
Number of distinct ids : 1/1(1/1.0)
Scanned size : 1
New weight : 3.1
Number of distinct ids : 1/1(1/1.0)
Scanned size : 1
New weight : 3.2
Number of distinct ids : 1/1(1/1.0)
Scanned size : 1
New weight : 3.3
Number of distinct ids : 1/1(1/1.0)
Scanned size : 1
New weight : 3.4
Number of distinct ids : 1/1(1/1.0)
Scanned size : 1
New weight : 4.0
Number of distinct ids : 1/1(1/1.0)
Scanned size : 1
New weight : 4.1
Number of distinct ids : 1/1(1/1.0)
Scanned size : 1
New weight : 4.2
Number of distinct ids : 1/1(1/1.0)
Scanned size : 1
New weight : 4.3
Number of distinct ids : 1/1(1/1.0)
Scanned size : 1
New weight : 4.4
Number of distinct ids : 1/1(1/1.0)
Scanned size : 1
New weight : 5.0
Number of distinct ids : 1/1(1/1.0)
Scanned size : 1
New weight : 5.1
Number of distinct ids : 1/1(1/1.0)
Scanned size : 1
New weight : 5.2
Number of distinct ids : 1/1(1/1.0)
Scanned size : 1
New weight : 5.3
Number of distinct ids : 1/1(1/1.0)
Scanned size : 1
New weight : 5.4
Number of distinct ids : 1/1(1/1.0)
Scanned size : 1
New weight : 6.0
Number of distinct ids : 1/1(1/1.0)
Scanned size : 1
New weight : 6.1
Number of distinct ids : 1/1(1/1.0)
Scanned size : 1
New weight : 6.2
Number of distinct ids : 1/1(1/1.0)
Scanned size : 1
New weight : 6.3
Number of distinct ids : 1/1(1/1.0)
Scanned size : 1
New weight : 6.4
Number of distinct ids : 1/1(1/1.0)
Scanned size : 1
New weight : 7.0
Number of distinct ids : 1/1(1/1.0)
Scanned size : 1
New weight : 7.1
Number of distinct ids : 1/1(1/1.0)
Scanned size : 1
New weight : 7.2
Number of distinct ids : 1/1(1/1.0)
Scanned size : 1
New weight : 7.3
Number of distinct ids : 1/1(1/1.0)
Scanned size : 1
New weight : 7.4
Number of distinct ids : 1/1(1/1.0)
Scanned size : 1
New weight : 8.0
Number of distinct ids : 1/1(1/1.0)
Scanned size : 1
New weight : 8.1
Number of distinct ids : 2/5(1/2.5)
Scanned size : 2
New weight : 8.2
Number of distinct ids : 2/5(1/2.5)
Scanned size : 2
New weight : 8.3
Number of distinct ids : 2/5(1/2.5)
Scanned size : 2
New weight : 8.4
Number of distinct ids : 2/5(1/2.5)
Scanned size : 2
New weight : 9.0
Number of distinct ids : 2/5(1/2.5)
Scanned size : 2
New weight : 9.1
Number of distinct ids : 2/5(1/2.5)
Scanned size : 2
New weight : 9.2
Number of distinct ids : 10/27(1/2.7)
Scanned size : 10
New weight : 9.3
Number of distinct ids : 10/27(1/2.7)
Scanned size : 10
New weight : 9.4
Number of distinct ids : 10/27(1/2.7)
Scanned size : 10
New weight : 10.0
Number of distinct ids : 10/27(1/2.7)
Scanned size : 10
New weight : 10.1
Number of distinct ids : 10/27(1/2.7)
Scanned size : 10
New weight : 10.2
Number of distinct ids : 30/95(1/3.2)
Scanned size : 30
New weight : 10.3
Number of distinct ids : 41/123(1/3.0)
Scanned size : 41
New weight : 10.4
Number of distinct ids : 41/123(1/3.0)
Scanned size : 41
New weight : 11.0
Number of distinct ids : 41/123(1/3.0)
Scanned size : 41
New weight : 11.1
Number of distinct ids : 41/123(1/3.0)
Scanned size : 41
New weight : 11.2
Number of distinct ids : 89/274(1/3.1)
Scanned size : 89
New weight : 11.3
Number of distinct ids : 169/517(1/3.1)
Scanned size : 169
New weight : 11.4
Number of distinct ids : 183/561(1/3.1)
Scanned size : 183
New weight : 12.0
Number of distinct ids : 183/561(1/3.1)
Scanned size : 183
New weight : 12.1
Number of distinct ids : 183/561(1/3.1)
Scanned size : 183
New weight : 12.2
Number of distinct ids : 279/915(1/3.3)
Scanned size : 279
New weight : 12.3
Number of distinct ids : 665/2480(1/3.7)
Scanned size : 665
New weight : 12.4
Number of distinct ids : 870/3203(1/3.7)
Scanned size : 870
New weight : 13.0
Number of distinct ids : 887/3265(1/3.7)
Scanned size : 887
New weight : 13.1
Number of distinct ids : 887/3265(1/3.7)
Scanned size : 887
New weight : 13.2
Number of distinct ids : 1019/3744(1/3.7)
Scanned size : 1019
New weight : 13.3
Number of distinct ids : 2594/10356(1/4.0)
Scanned size : 2594
New weight : 13.4
Number of distinct ids : 4169/16792(1/4.0)
Scanned size : 4169
New weight : 14.0
Number of distinct ids : 5388/21162(1/3.9)
Scanned size : 5388
New weight : 14.1
Number of distinct ids : 5388/21162(1/3.9)
Scanned size : 5388
New weight : 14.2
Number of distinct ids : 5526/21662(1/3.9)
Scanned size : 5526
New weight : 14.3
Number of distinct ids : 11165/45520(1/4.1)
Scanned size : 11165
New weight : 14.4
Number of distinct ids : 21596/89057(1/4.1)
Scanned size : 21596
New weight : 15.0
Number of distinct ids : 40275/158232(1/3.9)
Scanned size : 40275
New weight : 15.1
Number of distinct ids : 40275/158232(1/3.9)
Scanned size : 40275
New weight : 15.2
Number of distinct ids : 40369/158558(1/3.9)
Scanned size : 40369
New weight : 15.3
Number of distinct ids : 57532/232626(1/4.0)
Scanned size : 57532
New weight : 15.4
Number of distinct ids : 112151/466932(1/4.2)
Scanned size : 112151
New weight : 16.0
Number of distinct ids : 270796/1087642(1/4.0)
Scanned size : 270796
New weight : 16.1
Number of distinct ids : 270796/1087642(1/4.0)
Scanned size : 270796
New weight : 16.2
Number of distinct ids : 270829/1087720(1/4.0)
Scanned size : 270829
New weight : 16.3
Number of distinct ids : 318172/1292937(1/4.1)
Scanned size : 318172
New weight : 16.4
Number of distinct ids : 584815/2458393(1/4.2)
Scanned size : 584815
New weight : 17.0
Number of distinct ids : 1632019/6675394(1/4.1)
Scanned size : 1632019
New weight : 17.1
Number of distinct ids : 1632019/6675394(1/4.1)
Scanned size : 1632019
New weight : 17.2
Number of distinct ids : 1632027/6675402(1/4.1)
Scanned size : 1632027
New weight : 17.3
Number of distinct ids : 1744786/7160981(1/4.1)
Scanned size : 1744786
New weight : 17.4
Number of distinct ids : 2914953/12323534(1/4.2)
Scanned size : 2914953
New weight : 18.0
Number of distinct ids : 9489658/38668390(1/4.1)
Scanned size : 9489658
New weight : 18.1
Number of distinct ids : 9489658/38668390(1/4.1)
Scanned size : 9489658
New weight : 18.2
Number of distinct ids : 9489658/38668390(1/4.1)
Scanned size : 9489658
New weight : 18.3
Number of distinct ids : 9724691/39657769(1/4.1)
Scanned size : 9724691
New weight : 18.4
Number of distinct ids : 14155166/59486166(1/4.2)
Scanned size : 14155166
New weight : 19.0
Number of distinct ids : 50351451/205262888(1/4.1)
Scanned size : 50351451
New weight : 19.1
Number of distinct ids : 50351451/205262888(1/4.1)
Scanned size : 50351451
New weight : 19.2
Number of distinct ids : 50351451/205262888(1/4.1)
Scanned size : 50351451
New weight : 19.3
Number of distinct ids : 50784001/206984544(1/4.1)
Scanned size : 50784001
New weight : 19.4
Number of distinct ids : 66480079/276637877(1/4.2)
Scanned size : 66480079
New weight : 20.0
Number of distinct ids : 244306495/992732716(1/4.1)
Scanned size : 244306495
New weight : 20.1
Number of distinct ids : 244306495/992732716(1/4.1)
Scanned size : 244306495
New weight : 20.2
Number of distinct ids : 244306495/992732716(1/4.1)
Scanned size : 244306495
New weight : 20.3
Number of distinct ids : 244962871/995153785(1/4.1)
Scanned size : 244962871
New weight : 20.4
Number of distinct ids : 294906848/1214002569(1/4.1)
Scanned size : 294906848
Found MDS !!! (weight:20) (depth:4)
Current state:
2 1 3 1 
1 2 1 3 
1 6 5 7 
6 1 7 5 
0 1 0 1  [X]
Operations:
c (1, 4)
x (3, 4)
c (4, 1)
m (1, 1)
x (2, 0)
x (0, 3)
x (3, 1)
m (1, 0)
x (4, 2)
x (2, 0)
m (2, 2)
x (1, 2)
m (2, 3)
x (0, 3)
End of state
Found MDS !!! (weight:20) (depth:4)
Current state:
4 1 5 1 
1 4 1 5 
1 6 3 7 
6 1 7 3 
0 1 0 1  [X]
Operations:
c (1, 4)
x (3, 4)
c (4, 1)
m (2, 1)
x (2, 0)
x (0, 3)
x (3, 1)
m (2, 0)
x (4, 2)
x (2, 0)
m (1, 2)
x (1, 2)
m (1, 3)
x (0, 3)
End of state
Found MDS !!! (weight:20) (depth:4)
Current state:
2 1 3 1 
1 2 1 3 
0 0 1 0  [X]
6 1 7 5 
1 6 5 7 
Operations:
c (1, 4)
x (3, 4)
c (4, 1)
m (1, 1)
x (2, 0)
x (0, 3)
x (3, 1)
m (1, 0)
x (2, 4)
x (4, 0)
m (2, 3)
x (0, 3)
m (2, 4)
x (1, 4)
End of state
Found MDS !!! (weight:20) (depth:4)
Current state:
4 1 5 1 
1 4 1 5 
0 0 1 0  [X]
6 1 7 3 
1 6 3 7 
Operations:
c (1, 4)
x (3, 4)
c (4, 1)
m (2, 1)
x (2, 0)
x (0, 3)
x (3, 1)
m (2, 0)
x (2, 4)
x (4, 0)
m (1, 3)
x (0, 3)
m (1, 4)
x (1, 4)
End of state
Found MDS !!! (weight:20) (depth:4)
Current state:
3 1 2 1 
1 2 1 3 
0 0 1 0  [X]
7 1 6 5 
5 6 1 7 
Operations:
c (1, 4)
x (3, 4)
c (4, 1)
m (1, 1)
x (0, 4)
x (2, 0)
x (0, 3)
x (3, 1)
m (1, 0)
x (4, 0)
m (2, 3)
x (0, 3)
m (2, 4)
x (1, 4)
End of state
Found MDS !!! (weight:20) (depth:4)
Current state:
5 1 4 1 
1 4 1 5 
0 0 1 0  [X]
7 1 6 3 
3 6 1 7 
Operations:
c (1, 4)
x (3, 4)
c (4, 1)
m (2, 1)
x (0, 4)
x (2, 0)
x (0, 3)
x (3, 1)
m (2, 0)
x (4, 0)
m (1, 3)
x (0, 3)
m (1, 4)
x (1, 4)
End of state
Found MDS !!! (weight:20) (depth:4)
Current state:
2 3 1 1 
1 5 7 6 
6 7 5 1 
1 1 3 2 
0 0 0 0  [X]
Operations:
x (1, 0)
x (2, 3)
x (3, 1)
m (1, 3)
x (0, 2)
x (2, 3)
m (1, 0)
x (1, 0)
m (2, 1)
x (3, 1)
m (2, 2)
x (0, 2)
End of state
Found MDS !!! (weight:20) (depth:4)
Current state:
4 5 1 1 
1 3 7 6 
6 7 3 1 
1 1 5 4 
0 0 0 0  [X]
Operations:
x (1, 0)
x (2, 3)
x (3, 1)
m (2, 3)
x (0, 2)
x (2, 3)
m (2, 0)
x (1, 0)
m (1, 1)
x (3, 1)
m (1, 2)
x (0, 2)
End of state
Found MDS !!! (weight:20) (depth:4)
Current state:
2 1 3 1 
0 2 0 2  [X]
1 6 5 7 
6 1 7 5 
1 2 1 3 
Operations:
c (1, 4)
x (3, 4)
c (4, 1)
m (1, 1)
x (2, 0)
x (4, 2)
x (0, 3)
c (3, 4)
x (1, 4)
m (1, 0)
x (2, 0)
m (2, 2)
x (4, 2)
m (2, 3)
x (0, 3)
End of state
Found MDS !!! (weight:20) (depth:4)
Current state:
4 1 5 1 
0 4 0 4  [X]
1 6 3 7 
6 1 7 3 
1 4 1 5 
Operations:
c (1, 4)
x (3, 4)
c (4, 1)
m (2, 1)
x (2, 0)
x (4, 2)
x (0, 3)
c (3, 4)
x (1, 4)
m (2, 0)
x (2, 0)
m (1, 2)
x (4, 2)
m (1, 3)
x (0, 3)
End of state
Found MDS !!! (weight:20) (depth:4)
Current state:
2 1 3 1 
1 2 1 3 
0 1 1 1  [X]
6 1 7 5 
1 6 5 7 
Operations:
c (1, 4)
x (3, 4)
c (4, 1)
m (1, 1)
x (2, 0)
x (0, 3)
x (3, 1)
m (1, 0)
x (4, 2)
x (2, 0)
c (2, 4)
m (2, 4)
x (1, 4)
m (2, 3)
x (0, 3)
End of state
Found MDS !!! (weight:20) (depth:4)
Current state:
4 1 5 1 
1 4 1 5 
0 1 1 1  [X]
6 1 7 3 
1 6 3 7 
Operations:
c (1, 4)
x (3, 4)
c (4, 1)
m (2, 1)
x (2, 0)
x (0, 3)
x (3, 1)
m (2, 0)
x (4, 2)
x (2, 0)
c (2, 4)
m (1, 4)
x (1, 4)
m (1, 3)
x (0, 3)
End of state
Found MDS !!! (weight:20) (depth:4)
Current state:
2 1 6 1 
1 4 1 5 
1 5 5 4 
6 1 2 5 
0 1 0 1  [X]
Operations:
c (1, 4)
x (3, 4)
c (4, 1)
m (2, 1)
x (2, 0)
x (0, 3)
x (3, 1)
m (1, 0)
m (2, 2)
x (4, 2)
x (2, 0)
x (1, 2)
m (2, 3)
x (0, 3)
End of state
Found MDS !!! (weight:20) (depth:4)
Current state:
2 1 6 1 
1 4 1 5 
0 0 4 0  [X]
6 1 2 5 
1 5 5 4 
Operations:
c (1, 4)
x (3, 4)
c (4, 1)
m (2, 1)
x (2, 0)
x (0, 3)
x (3, 1)
m (1, 0)
m (2, 2)
x (2, 4)
x (4, 0)
x (1, 4)
m (2, 3)
x (0, 3)
End of state
Found MDS !!! (weight:20) (depth:4)
Current state:
4 1 6 1 
1 2 1 3 
1 3 3 2 
6 1 4 3 
0 1 0 1  [X]
Operations:
c (1, 4)
x (3, 4)
c (4, 1)
m (1, 1)
x (2, 0)
x (0, 3)
x (3, 1)
m (2, 0)
m (1, 2)
x (4, 2)
x (2, 0)
x (1, 2)
m (1, 3)
x (0, 3)
End of state
Found MDS !!! (weight:20) (depth:4)
Current state:
4 1 6 1 
1 2 1 3 
0 0 2 0  [X]
6 1 4 3 
1 3 3 2 
Operations:
c (1, 4)
x (3, 4)
c (4, 1)
m (1, 1)
x (2, 0)
x (0, 3)
x (3, 1)
m (2, 0)
m (1, 2)
x (2, 4)
x (4, 0)
x (1, 4)
m (1, 3)
x (0, 3)
End of state
Found MDS !!! (weight:20) (depth:4)
Current state:
2 6 1 1 
6 2 1 5 
1 1 4 5 
0 0 0 1  [X]
1 5 5 4 
Operations:
c (1, 4)
m (2, 4)
x (0, 1)
c (1, 0)
m (1, 0)
x (3, 2)
x (2, 4)
x (4, 0)
m (2, 2)
x (3, 1)
x (1, 2)
x (2, 4)
m (2, 1)
x (0, 1)
End of state
Found MDS !!! (weight:20) (depth:4)
Current state:
2 6 1 1 
1 1 0 0  [X]
1 1 4 5 
6 2 1 5 
1 5 5 4 
Operations:
c (1, 4)
m (2, 4)
x (0, 1)
c (1, 0)
m (1, 0)
x (3, 2)
x (2, 4)
x (4, 0)
m (2, 2)
x (1, 3)
x (3, 2)
x (2, 4)
m (2, 3)
x (0, 3)
End of state
Found MDS !!! (weight:20) (depth:4)
Current state:
4 6 1 1 
6 4 1 3 
1 1 2 3 
0 0 0 1  [X]
1 3 3 2 
Operations:
c (1, 4)
m (1, 4)
x (0, 1)
c (1, 0)
m (2, 0)
x (3, 2)
x (2, 4)
x (4, 0)
m (1, 2)
x (3, 1)
x (1, 2)
x (2, 4)
m (1, 1)
x (0, 1)
End of state
Found MDS !!! (weight:20) (depth:4)
Current state:
4 6 1 1 
1 1 0 0  [X]
1 1 2 3 
6 4 1 3 
1 3 3 2 
Operations:
c (1, 4)
m (1, 4)
x (0, 1)
c (1, 0)
m (2, 0)
x (3, 2)
x (2, 4)
x (4, 0)
m (1, 2)
x (1, 3)
x (3, 2)
x (2, 4)
m (1, 3)
x (0, 3)
End of state
Found MDS !!! (weight:20) (depth:4)
Current state:
2 6 1 1 
6 2 5 1 
1 1 5 4 
0 0 0 1  [X]
1 5 4 5 
Operations:
c (1, 4)
m (2, 4)
x (0, 1)
c (1, 0)
m (1, 0)
x (2, 1)
x (3, 2)
x (2, 4)
x (4, 0)
m (2, 2)
x (1, 2)
x (2, 4)
m (2, 1)
x (0, 1)
End of state
Found MDS !!! (weight:20) (depth:4)
Current state:
4 6 1 1 
6 4 3 1 
1 1 3 2 
0 0 0 1  [X]
1 3 2 3 
Operations:
c (1, 4)
m (1, 4)
x (0, 1)
c (1, 0)
m (2, 0)
x (2, 1)
x (3, 2)
x (2, 4)
x (4, 0)
m (1, 2)
x (1, 2)
x (2, 4)
m (1, 1)
x (0, 1)
End of state
Found MDS !!! (weight:20) (depth:4)
Current state:
4 1 1 5 
1 6 2 1 
0 0 1 0  [X]
1 2 6 5 
5 5 1 4 
Operations:
c (1, 4)
m (2, 4)
x (3, 0)
x (0, 4)
m (2, 0)
x (2, 1)
x (1, 3)
x (3, 0)
m (1, 1)
x (4, 1)
x (0, 4)
m (2, 3)
x (1, 3)
End of state
Found MDS !!! (weight:20) (depth:4)
Current state:
4 1 1 5 
0 1 0 0  [X]
1 6 2 1 
1 2 6 5 
5 5 1 4 
Operations:
c (1, 4)
m (2, 4)
x (3, 0)
x (0, 4)
m (2, 0)
x (1, 2)
x (2, 3)
x (3, 0)
m (1, 2)
x (4, 2)
x (0, 4)
m (2, 3)
x (2, 3)
End of state
Found MDS !!! (weight:20) (depth:4)
Current state:
2 1 3 1 
1 6 1 4 
1 4 3 6 
0 0 0 1  [X]
3 3 2 1 
Operations:
c (1, 4)
m (1, 4)
x (2, 0)
x (0, 4)
m (1, 0)
x (3, 1)
x (1, 2)
x (2, 0)
m (2, 1)
x (4, 1)
x (0, 4)
m (1, 2)
x (1, 2)
End of state
Found MDS !!! (weight:20) (depth:4)
Current state:
2 1 3 1 
0 1 0 0  [X]
1 4 3 6 
1 6 1 4 
3 3 2 1 
Operations:
c (1, 4)
m (1, 4)
x (2, 0)
x (0, 4)
m (1, 0)
x (1, 3)
x (3, 2)
x (2, 0)
m (2, 3)
x (4, 3)
x (0, 4)
m (1, 2)
x (3, 2)
End of state
Found MDS !!! (weight:20) (depth:4)
Current state:
2 6 1 1 
1 5 5 4 
1 1 4 5 
6 2 1 5 
0 0 0 0  [X]
Operations:
x (1, 0)
m (2, 1)
x (3, 2)
x (2, 1)
m (2, 2)
x (0, 3)
x (3, 2)
m (1, 0)
x (1, 0)
x (2, 1)
m (2, 3)
x (0, 3)
End of state
Found MDS !!! (weight:20) (depth:4)
Current state:
4 6 1 1 
1 3 3 2 
1 1 2 3 
6 4 1 3 
0 0 0 0  [X]
Operations:
x (1, 0)
m (1, 1)
x (3, 2)
x (2, 1)
m (1, 2)
x (0, 3)
x (3, 2)
m (2, 0)
x (1, 0)
x (2, 1)
m (1, 3)
x (0, 3)
End of state
Found MDS !!! (weight:20) (depth:4)
Current state:
2 2 0 0  [X]
6 2 5 1 
1 1 5 4 
2 6 1 1 
1 5 4 5 
Operations:
c (1, 4)
m (2, 4)
x (0, 1)
c (1, 0)
m (1, 0)
x (2, 1)
x (3, 2)
x (2, 4)
c (0, 3)
x (4, 3)
m (2, 2)
x (1, 2)
x (2, 4)
m (2, 1)
x (3, 1)
End of state
Found MDS !!! (weight:20) (depth:4)
Current state:
4 4 0 0  [X]
6 4 3 1 
1 1 3 2 
4 6 1 1 
1 3 2 3 
Operations:
c (1, 4)
m (1, 4)
x (0, 1)
c (1, 0)
m (2, 0)
x (2, 1)
x (3, 2)
x (2, 4)
c (4, 3)
x (0, 3)
m (1, 2)
x (1, 2)
x (2, 4)
m (1, 1)
x (3, 1)
End of state
Found MDS !!! (weight:20) (depth:4)
Current state:
5 5 1 4 
4 0 0 4  [X]
1 6 2 1 
1 2 6 5 
4 1 1 5 
Operations:
c (1, 4)
m (2, 4)
x (3, 0)
x (1, 2)
c (0, 1)
m (2, 1)
x (4, 0)
x (2, 3)
c (3, 4)
x (1, 4)
m (1, 2)
x (0, 2)
x (4, 0)
m (2, 3)
x (2, 3)
End of state
Found MDS !!! (weight:20) (depth:4)
Current state:
3 3 2 1 
2 0 2 0  [X]
1 4 3 6 
1 6 1 4 
2 1 3 1 
Operations:
c (1, 4)
m (1, 4)
x (1, 3)
x (2, 0)
c (0, 1)
m (1, 1)
x (4, 0)
x (3, 2)
c (2, 4)
x (1, 4)
m (2, 3)
x (0, 3)
x (4, 0)
m (1, 2)
x (3, 2)
End of state
Found MDS !!! (weight:20) (depth:4)
Current state:
2 1 3 1 
1 2 1 3 
0 4 4 4  [X]
6 1 7 5 
1 6 5 7 
Operations:
c (1, 4)
x (3, 4)
c (4, 1)
m (1, 1)
x (2, 0)
x (0, 3)
x (3, 1)
m (1, 0)
x (4, 2)
x (2, 0)
m (2, 2)
c (1, 4)
x (2, 4)
m (2, 3)
x (0, 3)
End of state
Found MDS !!! (weight:20) (depth:4)
Current state:
4 1 5 1 
1 4 1 5 
0 2 2 2  [X]
6 1 7 3 
1 6 3 7 
Operations:
c (1, 4)
x (3, 4)
c (4, 1)
m (2, 1)
x (2, 0)
x (0, 3)
x (3, 1)
m (2, 0)
x (4, 2)
x (2, 0)
m (1, 2)
c (1, 4)
x (2, 4)
m (1, 3)
x (0, 3)
End of state
Found MDS !!! (weight:20) (depth:4)
Current state:
2 1 6 1 
1 4 1 5 
0 1 4 1  [X]
6 1 2 5 
1 5 5 4 
Operations:
c (1, 4)
x (3, 4)
c (4, 1)
m (2, 1)
x (2, 0)
x (0, 3)
x (3, 1)
m (1, 0)
m (2, 2)
x (4, 2)
x (2, 0)
c (2, 4)
x (1, 4)
m (2, 3)
x (0, 3)
End of state
Found MDS !!! (weight:20) (depth:4)
Current state:
4 1 6 1 
1 2 1 3 
0 1 2 1  [X]
6 1 4 3 
1 3 3 2 
Operations:
c (1, 4)
x (3, 4)
c (4, 1)
m (1, 1)
x (2, 0)
x (0, 3)
x (3, 1)
m (2, 0)
m (1, 2)
x (4, 2)
x (2, 0)
c (2, 4)
x (1, 4)
m (1, 3)
x (0, 3)
End of state
Found MDS !!! (weight:20) (depth:4)
Current state:
2 1 6 1 
1 4 1 5 
1 5 5 4 
1 0 1 1  [X]
6 1 2 5 
Operations:
c (1, 4)
x (3, 4)
c (4, 1)
m (2, 1)
x (2, 0)
x (0, 3)
x (3, 1)
m (1, 0)
m (2, 2)
x (4, 2)
x (2, 0)
x (1, 2)
c (3, 4)
m (2, 4)
x (0, 4)
End of state
Found MDS !!! (weight:20) (depth:4)
Current state:
4 1 6 1 
1 2 1 3 
1 3 3 2 
1 0 1 1  [X]
6 1 4 3 
Operations:
c (1, 4)
x (3, 4)
c (4, 1)
m (1, 1)
x (2, 0)
x (0, 3)
x (3, 1)
m (2, 0)
m (1, 2)
x (4, 2)
x (2, 0)
x (1, 2)
c (3, 4)
m (1, 4)
x (0, 4)
End of state
Found MDS !!! (weight:20) (depth:4)
Current state:
2 6 1 1 
3 7 1 5 
1 1 2 6 
0 0 0 4  [X]
1 5 3 7 
Operations:
c (1, 4)
m (2, 4)
x (0, 1)
c (1, 0)
m (1, 0)
x (3, 2)
x (2, 4)
x (4, 0)
m (1, 2)
m (2, 3)
x (3, 1)
x (1, 2)
x (0, 1)
x (2, 4)
End of state
Found MDS !!! (weight:20) (depth:4)
Current state:
2 6 1 1 
1 1 0 0  [X]
1 1 2 6 
3 7 1 5 
1 5 3 7 
Operations:
c (1, 4)
m (2, 4)
x (0, 1)
c (1, 0)
m (1, 0)
x (3, 2)
x (2, 4)
x (4, 0)
m (1, 2)
m (2, 3)
x (1, 3)
x (3, 2)
x (0, 3)
x (2, 4)
End of state
Found MDS !!! (weight:20) (depth:4)
Current state:
4 6 1 1 
5 7 1 3 
1 1 4 6 
0 0 0 2  [X]
1 3 5 7 
Operations:
c (1, 4)
m (1, 4)
x (0, 1)
c (1, 0)
m (2, 0)
x (3, 2)
x (2, 4)
x (4, 0)
m (1, 3)
m (2, 2)
x (3, 1)
x (1, 2)
x (0, 1)
x (2, 4)
End of state
Found MDS !!! (weight:20) (depth:4)
Current state:
4 6 1 1 
1 1 0 0  [X]
1 1 4 6 
5 7 1 3 
1 3 5 7 
Operations:
c (1, 4)
m (1, 4)
x (0, 1)
c (1, 0)
m (2, 0)
x (3, 2)
x (2, 4)
x (4, 0)
m (1, 3)
m (2, 2)
x (1, 3)
x (3, 2)
x (0, 3)
x (2, 4)
End of state
Found MDS !!! (weight:20) (depth:4)
Current state:
4 1 6 1 
1 6 1 4 
1 7 3 5 
0 0 0 1  [X]
5 3 7 1 
Operations:
c (1, 4)
m (1, 4)
x (2, 0)
m (1, 2)
x (0, 4)
m (2, 0)
x (3, 1)
x (1, 2)
x (2, 0)
m (2, 1)
x (4, 1)
x (1, 2)
x (0, 4)
End of state
Found MDS !!! (weight:20) (depth:4)
Current state:
4 1 6 1 
0 1 0 0  [X]
1 7 3 5 
1 6 1 4 
5 3 7 1 
Operations:
c (1, 4)
m (1, 4)
x (2, 0)
m (1, 2)
x (0, 4)
m (2, 0)
x (1, 3)
x (3, 2)
x (2, 0)
m (2, 3)
x (4, 3)
x (3, 2)
x (0, 4)
End of state
Found MDS !!! (weight:20) (depth:4)
Current state:
2 1 1 6 
1 6 2 1 
0 0 1 0  [X]
1 7 3 5 
3 5 1 7 
Operations:
c (1, 4)
m (2, 4)
x (3, 0)
m (2, 3)
x (0, 4)
m (1, 0)
x (2, 1)
x (1, 3)
x (3, 0)
m (1, 1)
x (4, 1)
x (1, 3)
x (0, 4)
End of state
Found MDS !!! (weight:20) (depth:4)
Current state:
2 1 1 6 
0 1 0 0  [X]
1 6 2 1 
1 7 3 5 
3 5 1 7 
Operations:
c (1, 4)
m (2, 4)
x (3, 0)
m (2, 3)
x (0, 4)
m (1, 0)
x (1, 2)
x (2, 3)
x (3, 0)
m (1, 2)
x (4, 2)
x (2, 3)
x (0, 4)
End of state
Found MDS !!! (weight:20) (depth:4)
Current state:
4 6 1 1 
1 3 5 7 
1 1 4 6 
5 7 1 3 
0 0 0 0  [X]
Operations:
x (1, 0)
m (1, 1)
x (3, 2)
m (1, 3)
x (2, 1)
m (2, 2)
x (0, 3)
x (3, 2)
m (2, 0)
x (1, 0)
x (2, 1)
x (0, 3)
End of state
Found MDS !!! (weight:20) (depth:4)
Current state:
2 6 1 1 
1 5 3 7 
1 1 2 6 
3 7 1 5 
0 0 0 0  [X]
Operations:
x (1, 0)
m (2, 1)
x (3, 2)
m (2, 3)
x (2, 1)
m (1, 2)
x (0, 3)
x (3, 2)
m (1, 0)
x (1, 0)
x (2, 1)
x (0, 3)
End of state
Found MDS !!! (weight:20) (depth:4)
Current state:
3 5 1 7 
2 0 0 2  [X]
1 6 2 1 
1 7 3 5 
2 1 1 6 
Operations:
c (1, 4)
m (2, 4)
x (3, 0)
m (2, 3)
x (1, 2)
c (0, 1)
m (1, 1)
x (4, 0)
x (2, 3)
c (3, 4)
x (1, 4)
m (1, 2)
x (0, 2)
x (4, 0)
x (2, 3)
End of state
Found MDS !!! (weight:20) (depth:4)
Current state:
5 3 7 1 
4 0 4 0  [X]
1 7 3 5 
1 6 1 4 
4 1 6 1 
Operations:
c (1, 4)
m (1, 4)
x (2, 0)
m (1, 2)
x (1, 3)
c (0, 1)
m (2, 1)
x (4, 0)
x (3, 2)
c (2, 4)
x (1, 4)
m (2, 3)
x (0, 3)
x (4, 0)
x (3, 2)
End of state
Found MDS !!! (weight:20) (depth:4)
Current state:
2 1 6 1 
1 4 1 5 
1 5 5 4 
4 0 4 4  [X]
6 1 2 5 
Operations:
c (1, 4)
x (3, 4)
c (4, 1)
m (2, 1)
x (2, 0)
x (0, 3)
x (3, 1)
m (1, 0)
m (2, 2)
x (4, 2)
x (2, 0)
m (2, 3)
c (0, 4)
x (3, 4)
x (1, 2)
End of state
Found MDS !!! (weight:20) (depth:4)
Current state:
4 1 6 1 
1 2 1 3 
1 3 3 2 
2 0 2 2  [X]
6 1 4 3 
Operations:
c (1, 4)
x (3, 4)
c (4, 1)
m (1, 1)
x (2, 0)
x (0, 3)
x (3, 1)
m (2, 0)
m (1, 2)
x (4, 2)
x (2, 0)
m (1, 3)
c (3, 4)
x (0, 4)
x (1, 2)
End of state
Found MDS !!! (weight:20) (depth:4)
Current state:
2 6 1 1 
1 1 0 4  [X]
1 1 2 6 
3 7 1 5 
1 5 3 7 
Operations:
c (1, 4)
m (2, 4)
x (0, 1)
c (1, 0)
m (1, 0)
x (3, 2)
x (2, 4)
x (4, 0)
m (1, 2)
m (2, 3)
x (3, 1)
x (1, 2)
c (0, 3)
x (1, 3)
x (2, 4)
End of state
Found MDS !!! (weight:20) (depth:4)
Current state:
4 6 1 1 
1 1 0 2  [X]
1 1 4 6 
5 7 1 3 
1 3 5 7 
Operations:
c (1, 4)
m (1, 4)
x (0, 1)
c (1, 0)
m (2, 0)
x (3, 2)
x (2, 4)
x (4, 0)
m (1, 3)
m (2, 2)
x (3, 1)
x (1, 2)
c (1, 3)
x (0, 3)
x (2, 4)
End of state
Reached MAX_WEIGHT
