g++ -Wall -Wextra -I boost_1_64_0 -march=native -std=gnu++0x -O3 -g -fopenmp -gstabs+ -g3 -I tbb-2017_U7/include -L tbb-2017_U7/build/linux_release/  -Wl,-rpath=tbb-2017_U7/build/linux_release/  find_mds.cpp  -ltbb -o find_mds
Parameters: MAX_WEIGHT=(1 + 8*2 + 5*1) MAX_DEPTH=4 NB_INPUTS=4 NB_REGISTERS=5 XOR_WEIGHT=2 MUL_WEIGHT=1 CPY_WEIGHT=0
Size: AlgoState:16 algo_op:3 matrix:80
Options: DIFFERENT_MUL
New weight : 0.0
Number of distinct ids : 0/0(1/0.0)
Scanned size : 0
New weight : 0.1
Number of distinct ids : 1/1(1/1.0)
Scanned size : 1
New weight : 0.2
Number of distinct ids : 1/1(1/1.0)
Scanned size : 1
New weight : 0.3
Number of distinct ids : 1/1(1/1.0)
Scanned size : 1
New weight : 1.0
Number of distinct ids : 1/1(1/1.0)
Scanned size : 1
New weight : 1.1
Number of distinct ids : 1/1(1/1.0)
Scanned size : 1
New weight : 1.2
Number of distinct ids : 1/1(1/1.0)
Scanned size : 1
New weight : 1.3
Number of distinct ids : 1/1(1/1.0)
Scanned size : 1
New weight : 2.0
Number of distinct ids : 1/1(1/1.0)
Scanned size : 1
New weight : 2.1
Number of distinct ids : 1/1(1/1.0)
Scanned size : 1
New weight : 2.2
Number of distinct ids : 1/1(1/1.0)
Scanned size : 1
New weight : 2.3
Number of distinct ids : 1/1(1/1.0)
Scanned size : 1
New weight : 3.0
Number of distinct ids : 1/1(1/1.0)
Scanned size : 1
New weight : 3.1
Number of distinct ids : 1/1(1/1.0)
Scanned size : 1
New weight : 3.2
Number of distinct ids : 1/1(1/1.0)
Scanned size : 1
New weight : 3.3
Number of distinct ids : 1/1(1/1.0)
Scanned size : 1
New weight : 4.0
Number of distinct ids : 1/1(1/1.0)
Scanned size : 1
New weight : 4.1
Number of distinct ids : 1/1(1/1.0)
Scanned size : 1
New weight : 4.2
Number of distinct ids : 1/1(1/1.0)
Scanned size : 1
New weight : 4.3
Number of distinct ids : 1/1(1/1.0)
Scanned size : 1
New weight : 5.0
Number of distinct ids : 1/1(1/1.0)
Scanned size : 1
New weight : 5.1
Number of distinct ids : 1/1(1/1.0)
Scanned size : 1
New weight : 5.2
Number of distinct ids : 1/1(1/1.0)
Scanned size : 1
New weight : 5.3
Number of distinct ids : 1/1(1/1.0)
Scanned size : 1
New weight : 6.0
Number of distinct ids : 1/1(1/1.0)
Scanned size : 1
New weight : 6.1
Number of distinct ids : 1/1(1/1.0)
Scanned size : 1
New weight : 6.2
Number of distinct ids : 1/1(1/1.0)
Scanned size : 1
New weight : 6.3
Number of distinct ids : 1/1(1/1.0)
Scanned size : 1
New weight : 7.0
Number of distinct ids : 1/1(1/1.0)
Scanned size : 1
New weight : 7.1
Number of distinct ids : 1/1(1/1.0)
Scanned size : 1
New weight : 7.2
Number of distinct ids : 1/1(1/1.0)
Scanned size : 1
New weight : 7.3
Number of distinct ids : 1/1(1/1.0)
Scanned size : 1
New weight : 8.0
Number of distinct ids : 1/1(1/1.0)
Scanned size : 1
New weight : 8.1
Number of distinct ids : 2/5(1/2.5)
Scanned size : 2
New weight : 8.2
Number of distinct ids : 2/5(1/2.5)
Scanned size : 2
New weight : 8.3
Number of distinct ids : 2/5(1/2.5)
Scanned size : 2
New weight : 9.0
Number of distinct ids : 2/5(1/2.5)
Scanned size : 2
New weight : 9.1
Number of distinct ids : 2/5(1/2.5)
Scanned size : 2
New weight : 9.2
Number of distinct ids : 10/23(1/2.3)
Scanned size : 10
New weight : 9.3
Number of distinct ids : 10/23(1/2.3)
Scanned size : 10
New weight : 10.0
Number of distinct ids : 10/23(1/2.3)
Scanned size : 10
New weight : 10.1
Number of distinct ids : 10/23(1/2.3)
Scanned size : 10
New weight : 10.2
Number of distinct ids : 30/88(1/2.9)
Scanned size : 30
New weight : 10.3
Number of distinct ids : 41/118(1/2.9)
Scanned size : 41
New weight : 11.0
Number of distinct ids : 41/118(1/2.9)
Scanned size : 41
New weight : 11.1
Number of distinct ids : 41/118(1/2.9)
Scanned size : 41
New weight : 11.2
Number of distinct ids : 89/281(1/3.2)
Scanned size : 89
New weight : 11.3
Number of distinct ids : 169/551(1/3.3)
Scanned size : 169
New weight : 12.0
Number of distinct ids : 183/597(1/3.3)
Scanned size : 183
New weight : 12.1
Number of distinct ids : 183/597(1/3.3)
Scanned size : 183
New weight : 12.2
Number of distinct ids : 279/947(1/3.4)
Scanned size : 279
New weight : 12.3
Number of distinct ids : 665/2505(1/3.8)
Scanned size : 665
New weight : 13.0
Number of distinct ids : 870/3270(1/3.8)
Scanned size : 870
New weight : 13.1
Number of distinct ids : 870/3270(1/3.8)
Scanned size : 870
New weight : 13.2
Number of distinct ids : 1002/3767(1/3.8)
Scanned size : 1002
New weight : 13.3
Number of distinct ids : 2577/10373(1/4.0)
Scanned size : 2577
New weight : 14.0
Number of distinct ids : 4152/16811(1/4.0)
Scanned size : 4152
New weight : 14.1
Number of distinct ids : 4152/16811(1/4.0)
Scanned size : 4152
New weight : 14.2
Number of distinct ids : 4290/17321(1/4.0)
Scanned size : 4290
New weight : 14.3
Number of distinct ids : 9930/41169(1/4.1)
Scanned size : 9930
New weight : 15.0
Number of distinct ids : 20403/84820(1/4.2)
Scanned size : 20403
New weight : 15.1
Number of distinct ids : 20403/84820(1/4.2)
Scanned size : 20403
New weight : 15.2
Number of distinct ids : 20497/85133(1/4.2)
Scanned size : 20497
New weight : 15.3
Number of distinct ids : 37665/159179(1/4.2)
Scanned size : 37665
New weight : 16.0
Number of distinct ids : 93204/396611(1/4.3)
Scanned size : 93204
New weight : 16.1
Number of distinct ids : 93204/396611(1/4.3)
Scanned size : 93204
New weight : 16.2
Number of distinct ids : 93237/396689(1/4.3)
Scanned size : 93237
New weight : 16.3
Number of distinct ids : 140605/601811(1/4.3)
Scanned size : 140605
New weight : 17.0
Number of distinct ids : 415538/1798712(1/4.3)
Scanned size : 415538
New weight : 17.1
Number of distinct ids : 415538/1798712(1/4.3)
Scanned size : 415538
New weight : 17.2
Number of distinct ids : 415546/1798720(1/4.3)
Scanned size : 415546
New weight : 17.3
Number of distinct ids : 528382/2284184(1/4.3)
Scanned size : 528382
New weight : 18.0
Number of distinct ids : 1747256/7636591(1/4.4)
Scanned size : 1747256
New weight : 18.1
Number of distinct ids : 1747256/7636591(1/4.4)
Scanned size : 1747256
New weight : 18.2
Number of distinct ids : 1747256/7636591(1/4.4)
Scanned size : 1747256
New weight : 18.3
Number of distinct ids : 1982440/8625556(1/4.4)
Scanned size : 1982440
New weight : 19.0
Number of distinct ids : 6663109/29421743(1/4.4)
Scanned size : 6663109
New weight : 19.1
Number of distinct ids : 6663109/29421743(1/4.4)
Scanned size : 6663109
New weight : 19.2
Number of distinct ids : 6663109/29421743(1/4.4)
Scanned size : 6663109
New weight : 19.3
Number of distinct ids : 7096061/31143330(1/4.4)
Scanned size : 7096061
New weight : 20.0
Number of distinct ids : 23951077/105297432(1/4.4)
Scanned size : 23951077
New weight : 20.1
Number of distinct ids : 23951077/105297432(1/4.4)
Scanned size : 23951077
New weight : 20.2
Number of distinct ids : 23951077/105297432(1/4.4)
Scanned size : 23951077
New weight : 20.3
Number of distinct ids : 24608077/107717984(1/4.4)
Scanned size : 24608077
New weight : 21.0
Number of distinct ids : 79246550/344783385(1/4.4)
Scanned size : 79246550
New weight : 21.1
Number of distinct ids : 79246550/344783385(1/4.4)
Scanned size : 79246550
New weight : 21.2
Number of distinct ids : 79246550/344783385(1/4.4)
Scanned size : 79246550
New weight : 21.3
Number of distinct ids : 80106370/347617321(1/4.3)
Scanned size : 80106370
Reached MAX_WEIGHT
g++ -Wall -Wextra -I boost_1_64_0 -march=native -std=gnu++0x -O3 -g -fopenmp -gstabs+ -g3 -I tbb-2017_U7/include -L tbb-2017_U7/build/linux_release/  -Wl,-rpath=tbb-2017_U7/build/linux_release/  find_mds.cpp  -ltbb -o find_mds
Parameters: MAX_WEIGHT=(1 + 8*2 + 5*1) MAX_DEPTH=4 NB_INPUTS=4 NB_REGISTERS=5 XOR_WEIGHT=2 MUL_WEIGHT=1 CPY_WEIGHT=0
Size: AlgoState:16 algo_op:3 matrix:80
Options: DIFFERENT_MUL
New weight : 0.0
Number of distinct ids : 0/0(1/0.0)
Scanned size : 0
New weight : 0.1
Number of distinct ids : 1/1(1/1.0)
Scanned size : 1
New weight : 0.2
Number of distinct ids : 1/1(1/1.0)
Scanned size : 1
New weight : 0.3
Number of distinct ids : 1/1(1/1.0)
Scanned size : 1
New weight : 1.0
Number of distinct ids : 1/1(1/1.0)
Scanned size : 1
New weight : 1.1
Number of distinct ids : 1/1(1/1.0)
Scanned size : 1
New weight : 1.2
Number of distinct ids : 1/1(1/1.0)
Scanned size : 1
New weight : 1.3
Number of distinct ids : 1/1(1/1.0)
Scanned size : 1
New weight : 2.0
Number of distinct ids : 1/1(1/1.0)
Scanned size : 1
New weight : 2.1
Number of distinct ids : 1/1(1/1.0)
Scanned size : 1
New weight : 2.2
Number of distinct ids : 1/1(1/1.0)
Scanned size : 1
New weight : 2.3
Number of distinct ids : 1/1(1/1.0)
Scanned size : 1
New weight : 3.0
Number of distinct ids : 1/1(1/1.0)
Scanned size : 1
New weight : 3.1
Number of distinct ids : 1/1(1/1.0)
Scanned size : 1
New weight : 3.2
Number of distinct ids : 1/1(1/1.0)
Scanned size : 1
New weight : 3.3
Number of distinct ids : 1/1(1/1.0)
Scanned size : 1
New weight : 4.0
Number of distinct ids : 1/1(1/1.0)
Scanned size : 1
New weight : 4.1
Number of distinct ids : 1/1(1/1.0)
Scanned size : 1
New weight : 4.2
Number of distinct ids : 1/1(1/1.0)
Scanned size : 1
New weight : 4.3
Number of distinct ids : 1/1(1/1.0)
Scanned size : 1
New weight : 5.0
Number of distinct ids : 1/1(1/1.0)
Scanned size : 1
New weight : 5.1
Number of distinct ids : 1/1(1/1.0)
Scanned size : 1
New weight : 5.2
Number of distinct ids : 1/1(1/1.0)
Scanned size : 1
New weight : 5.3
Number of distinct ids : 1/1(1/1.0)
Scanned size : 1
New weight : 6.0
Number of distinct ids : 1/1(1/1.0)
Scanned size : 1
New weight : 6.1
Number of distinct ids : 1/1(1/1.0)
Scanned size : 1
New weight : 6.2
Number of distinct ids : 1/1(1/1.0)
Scanned size : 1
New weight : 6.3
Number of distinct ids : 1/1(1/1.0)
Scanned size : 1
New weight : 7.0
Number of distinct ids : 1/1(1/1.0)
Scanned size : 1
New weight : 7.1
Number of distinct ids : 1/1(1/1.0)
Scanned size : 1
New weight : 7.2
Number of distinct ids : 1/1(1/1.0)
Scanned size : 1
New weight : 7.3
Number of distinct ids : 1/1(1/1.0)
Scanned size : 1
New weight : 8.0
Number of distinct ids : 1/1(1/1.0)
Scanned size : 1
New weight : 8.1
Number of distinct ids : 2/5(1/2.5)
Scanned size : 2
New weight : 8.2
Number of distinct ids : 2/5(1/2.5)
Scanned size : 2
New weight : 8.3
Number of distinct ids : 2/5(1/2.5)
Scanned size : 2
New weight : 9.0
Number of distinct ids : 2/5(1/2.5)
Scanned size : 2
New weight : 9.1
Number of distinct ids : 2/5(1/2.5)
Scanned size : 2
New weight : 9.2
Number of distinct ids : 10/23(1/2.3)
Scanned size : 10
New weight : 9.3
Number of distinct ids : 10/23(1/2.3)
Scanned size : 10
New weight : 10.0
Number of distinct ids : 10/23(1/2.3)
Scanned size : 10
New weight : 10.1
Number of distinct ids : 10/23(1/2.3)
Scanned size : 10
New weight : 10.2
Number of distinct ids : 30/103(1/3.4)
Scanned size : 30
New weight : 10.3
Number of distinct ids : 41/136(1/3.3)
Scanned size : 41
New weight : 11.0
Number of distinct ids : 41/136(1/3.3)
Scanned size : 41
New weight : 11.1
Number of distinct ids : 41/136(1/3.3)
Scanned size : 41
New weight : 11.2
Number of distinct ids : 89/340(1/3.8)
Scanned size : 89
New weight : 11.3
Number of distinct ids : 169/652(1/3.9)
Scanned size : 169
New weight : 12.0
Number of distinct ids : 183/707(1/3.9)
Scanned size : 183
New weight : 12.1
Number of distinct ids : 183/707(1/3.9)
Scanned size : 183
New weight : 12.2
Number of distinct ids : 279/1105(1/4.0)
Scanned size : 279
New weight : 12.3
Number of distinct ids : 665/2695(1/4.1)
Scanned size : 665
New weight : 13.0
Number of distinct ids : 870/3461(1/4.0)
Scanned size : 870
New weight : 13.1
Number of distinct ids : 870/3461(1/4.0)
Scanned size : 870
New weight : 13.2
Number of distinct ids : 1002/4001(1/4.0)
Scanned size : 1002
New weight : 13.3
Number of distinct ids : 2578/10664(1/4.1)
Scanned size : 2578
New weight : 14.0
Number of distinct ids : 4152/17131(1/4.1)
Scanned size : 4152
New weight : 14.1
Number of distinct ids : 4152/17131(1/4.1)
Scanned size : 4152
New weight : 14.2
Number of distinct ids : 4290/17673(1/4.1)
Scanned size : 4290
New weight : 14.3
Number of distinct ids : 9932/41724(1/4.2)
Scanned size : 9932
New weight : 15.0
Number of distinct ids : 20403/85566(1/4.2)
Scanned size : 20403
New weight : 15.1
Number of distinct ids : 20403/85566(1/4.2)
Scanned size : 20403
New weight : 15.2
Number of distinct ids : 20497/85906(1/4.2)
Scanned size : 20497
New weight : 15.3
Number of distinct ids : 37667/160458(1/4.3)
Scanned size : 37667
New weight : 16.0
Number of distinct ids : 93211/398910(1/4.3)
Scanned size : 93211
New weight : 16.1
Number of distinct ids : 93211/398910(1/4.3)
Scanned size : 93211
New weight : 16.2
Number of distinct ids : 93244/398988(1/4.3)
Scanned size : 93244
New weight : 16.3
Number of distinct ids : 140617/605325(1/4.3)
Scanned size : 140617
New weight : 17.0
Number of distinct ids : 415561/1806105(1/4.3)
Scanned size : 415561
New weight : 17.1
Number of distinct ids : 415561/1806105(1/4.3)
Scanned size : 415561
New weight : 17.2
Number of distinct ids : 415569/1806113(1/4.3)
Scanned size : 415569
New weight : 17.3
Number of distinct ids : 528420/2293994(1/4.3)
Scanned size : 528420
New weight : 18.0
Number of distinct ids : 1747371/7661432(1/4.4)
Scanned size : 1747371
New weight : 18.1
Number of distinct ids : 1747371/7661432(1/4.4)
Scanned size : 1747371
New weight : 18.2
Number of distinct ids : 1747371/7661432(1/4.4)
Scanned size : 1747371
New weight : 18.3
Number of distinct ids : 1982552/8654985(1/4.4)
Scanned size : 1982552
New weight : 19.0
Number of distinct ids : 6663269/29505249(1/4.4)
Scanned size : 6663269
New weight : 19.1
Number of distinct ids : 6663269/29505249(1/4.4)
Scanned size : 6663269
New weight : 19.2
Number of distinct ids : 6663269/29505249(1/4.4)
Scanned size : 6663269
New weight : 19.3
Number of distinct ids : 7096229/31233613(1/4.4)
Scanned size : 7096229
New weight : 20.0
Number of distinct ids : 23951823/105567862(1/4.4)
Scanned size : 23951823
New weight : 20.1
Number of distinct ids : 23951823/105567862(1/4.4)
Scanned size : 23951823
New weight : 20.2
Number of distinct ids : 23951823/105567862(1/4.4)
Scanned size : 23951823
New weight : 20.3
Number of distinct ids : 24608654/107997655(1/4.4)
Scanned size : 24608654
New weight : 21.0
Number of distinct ids : 79246367/345581452(1/4.4)
Scanned size : 79246367
New weight : 21.1
Number of distinct ids : 79246367/345581452(1/4.4)
Scanned size : 79246367
New weight : 21.2
Number of distinct ids : 79246367/345581452(1/4.4)
Scanned size : 79246367
New weight : 21.3
Number of distinct ids : 80105973/348426457(1/4.3)
Scanned size : 80105973
Reached MAX_WEIGHT
g++ -Wall -Wextra -I boost_1_64_0 -march=native -std=gnu++0x -O3 -g -fopenmp -gstabs+ -g3 -I tbb-2017_U7/include -L tbb-2017_U7/build/linux_release/  -Wl,-rpath=tbb-2017_U7/build/linux_release/  find_mds.cpp  -ltbb -o find_mds
Parameters: MAX_WEIGHT=(1 + 8*2 + 6*1) MAX_DEPTH=4 NB_INPUTS=4 NB_REGISTERS=5 XOR_WEIGHT=2 MUL_WEIGHT=1 CPY_WEIGHT=0
Size: AlgoState:16 algo_op:3 matrix:80
Options: DIFFERENT_MUL
New weight : 0.0
Number of distinct ids : 0/0(1/0.0)
Scanned size : 0
New weight : 0.1
Number of distinct ids : 1/1(1/1.0)
Scanned size : 1
New weight : 0.2
Number of distinct ids : 1/1(1/1.0)
Scanned size : 1
New weight : 0.3
Number of distinct ids : 1/1(1/1.0)
Scanned size : 1
New weight : 1.0
Number of distinct ids : 1/1(1/1.0)
Scanned size : 1
New weight : 1.1
Number of distinct ids : 1/1(1/1.0)
Scanned size : 1
New weight : 1.2
Number of distinct ids : 1/1(1/1.0)
Scanned size : 1
New weight : 1.3
Number of distinct ids : 1/1(1/1.0)
Scanned size : 1
New weight : 2.0
Number of distinct ids : 1/1(1/1.0)
Scanned size : 1
New weight : 2.1
Number of distinct ids : 1/1(1/1.0)
Scanned size : 1
New weight : 2.2
Number of distinct ids : 1/1(1/1.0)
Scanned size : 1
New weight : 2.3
Number of distinct ids : 1/1(1/1.0)
Scanned size : 1
New weight : 3.0
Number of distinct ids : 1/1(1/1.0)
Scanned size : 1
New weight : 3.1
Number of distinct ids : 1/1(1/1.0)
Scanned size : 1
New weight : 3.2
Number of distinct ids : 1/1(1/1.0)
Scanned size : 1
New weight : 3.3
Number of distinct ids : 1/1(1/1.0)
Scanned size : 1
New weight : 4.0
Number of distinct ids : 1/1(1/1.0)
Scanned size : 1
New weight : 4.1
Number of distinct ids : 1/1(1/1.0)
Scanned size : 1
New weight : 4.2
Number of distinct ids : 1/1(1/1.0)
Scanned size : 1
New weight : 4.3
Number of distinct ids : 1/1(1/1.0)
Scanned size : 1
New weight : 5.0
Number of distinct ids : 1/1(1/1.0)
Scanned size : 1
New weight : 5.1
Number of distinct ids : 1/1(1/1.0)
Scanned size : 1
New weight : 5.2
Number of distinct ids : 1/1(1/1.0)
Scanned size : 1
New weight : 5.3
Number of distinct ids : 1/1(1/1.0)
Scanned size : 1
New weight : 6.0
Number of distinct ids : 1/1(1/1.0)
Scanned size : 1
New weight : 6.1
Number of distinct ids : 1/1(1/1.0)
Scanned size : 1
New weight : 6.2
Number of distinct ids : 1/1(1/1.0)
Scanned size : 1
New weight : 6.3
Number of distinct ids : 1/1(1/1.0)
Scanned size : 1
New weight : 7.0
Number of distinct ids : 1/1(1/1.0)
Scanned size : 1
New weight : 7.1
Number of distinct ids : 1/1(1/1.0)
Scanned size : 1
New weight : 7.2
Number of distinct ids : 1/1(1/1.0)
Scanned size : 1
New weight : 7.3
Number of distinct ids : 1/1(1/1.0)
Scanned size : 1
New weight : 8.0
Number of distinct ids : 1/1(1/1.0)
Scanned size : 1
New weight : 8.1
Number of distinct ids : 2/5(1/2.5)
Scanned size : 2
New weight : 8.2
Number of distinct ids : 2/5(1/2.5)
Scanned size : 2
New weight : 8.3
Number of distinct ids : 2/5(1/2.5)
Scanned size : 2
New weight : 9.0
Number of distinct ids : 2/5(1/2.5)
Scanned size : 2
New weight : 9.1
Number of distinct ids : 2/5(1/2.5)
Scanned size : 2
New weight : 9.2
Number of distinct ids : 10/30(1/3.0)
Scanned size : 10
New weight : 9.3
Number of distinct ids : 10/30(1/3.0)
Scanned size : 10
New weight : 10.0
Number of distinct ids : 10/30(1/3.0)
Scanned size : 10
New weight : 10.1
Number of distinct ids : 10/30(1/3.0)
Scanned size : 10
New weight : 10.2
Number of distinct ids : 30/118(1/3.9)
Scanned size : 30
New weight : 10.3
Number of distinct ids : 41/153(1/3.7)
Scanned size : 41
New weight : 11.0
Number of distinct ids : 41/153(1/3.7)
Scanned size : 41
New weight : 11.1
Number of distinct ids : 41/153(1/3.7)
Scanned size : 41
New weight : 11.2
Number of distinct ids : 89/358(1/4.0)
Scanned size : 89
New weight : 11.3
Number of distinct ids : 169/670(1/4.0)
Scanned size : 169
New weight : 12.0
Number of distinct ids : 183/725(1/4.0)
Scanned size : 183
New weight : 12.1
Number of distinct ids : 183/725(1/4.0)
Scanned size : 183
New weight : 12.2
Number of distinct ids : 279/1123(1/4.0)
Scanned size : 279
New weight : 12.3
Number of distinct ids : 665/2710(1/4.1)
Scanned size : 665
New weight : 13.0
Number of distinct ids : 870/3477(1/4.0)
Scanned size : 870
New weight : 13.1
Number of distinct ids : 870/3477(1/4.0)
Scanned size : 870
New weight : 13.2
Number of distinct ids : 1002/4017(1/4.0)
Scanned size : 1002
New weight : 13.3
Number of distinct ids : 2578/10666(1/4.1)
Scanned size : 2578
New weight : 14.0
Number of distinct ids : 4152/17132(1/4.1)
Scanned size : 4152
New weight : 14.1
Number of distinct ids : 4152/17132(1/4.1)
Scanned size : 4152
New weight : 14.2
Number of distinct ids : 4290/17674(1/4.1)
Scanned size : 4290
New weight : 14.3
Number of distinct ids : 9932/41714(1/4.2)
Scanned size : 9932
New weight : 15.0
Number of distinct ids : 20403/85555(1/4.2)
Scanned size : 20403
New weight : 15.1
Number of distinct ids : 20403/85555(1/4.2)
Scanned size : 20403
New weight : 15.2
Number of distinct ids : 20497/85895(1/4.2)
Scanned size : 20497
New weight : 15.3
Number of distinct ids : 37667/160441(1/4.3)
Scanned size : 37667
New weight : 16.0
Number of distinct ids : 93212/398932(1/4.3)
Scanned size : 93212
New weight : 16.1
Number of distinct ids : 93212/398932(1/4.3)
Scanned size : 93212
New weight : 16.2
Number of distinct ids : 93245/399010(1/4.3)
Scanned size : 93245
New weight : 16.3
Number of distinct ids : 140619/605355(1/4.3)
Scanned size : 140619
New weight : 17.0
Number of distinct ids : 415555/1806363(1/4.3)
Scanned size : 415555
New weight : 17.1
Number of distinct ids : 415555/1806363(1/4.3)
Scanned size : 415555
New weight : 17.2
Number of distinct ids : 415563/1806371(1/4.3)
Scanned size : 415563
New weight : 17.3
Number of distinct ids : 528416/2294363(1/4.3)
Scanned size : 528416
New weight : 18.0
Number of distinct ids : 1747383/7662734(1/4.4)
Scanned size : 1747383
New weight : 18.1
Number of distinct ids : 1747383/7662734(1/4.4)
Scanned size : 1747383
New weight : 18.2
Number of distinct ids : 1747383/7662734(1/4.4)
Scanned size : 1747383
New weight : 18.3
Number of distinct ids : 1982586/8656629(1/4.4)
Scanned size : 1982586
New weight : 19.0
Number of distinct ids : 6663561/29512322(1/4.4)
Scanned size : 6663561
New weight : 19.1
Number of distinct ids : 6663561/29512322(1/4.4)
Scanned size : 6663561
New weight : 19.2
Number of distinct ids : 6663561/29512322(1/4.4)
Scanned size : 6663561
New weight : 19.3
Number of distinct ids : 7096598/31241627(1/4.4)
Scanned size : 7096598
New weight : 20.0
Number of distinct ids : 23953652/105596726(1/4.4)
Scanned size : 23953652
New weight : 20.1
Number of distinct ids : 23953652/105596726(1/4.4)
Scanned size : 23953652
New weight : 20.2
Number of distinct ids : 23953652/105596726(1/4.4)
Scanned size : 23953652
New weight : 20.3
Number of distinct ids : 24610703/108028206(1/4.4)
Scanned size : 24610703
New weight : 21.0
Number of distinct ids : 79254514/345689618(1/4.4)
Scanned size : 79254514
New weight : 21.1
Number of distinct ids : 79254514/345689618(1/4.4)
Scanned size : 79254514
New weight : 21.2
Number of distinct ids : 79254514/345689618(1/4.4)
Scanned size : 79254514
New weight : 21.3
Number of distinct ids : 80114667/348536845(1/4.4)
Scanned size : 80114667
g++ -Wall -Wextra -I boost_1_64_0 -march=native -std=gnu++0x -O3 -g -fopenmp -gstabs+ -g3 -I tbb-2017_U7/include -L tbb-2017_U7/build/linux_release/  -Wl,-rpath=tbb-2017_U7/build/linux_release/  find_mds.cpp  -ltbb -o find_mds
Parameters: MAX_WEIGHT=(1 + 8*2 + 5*1) MAX_DEPTH=4 NB_INPUTS=4 NB_REGISTERS=5 XOR_WEIGHT=2 MUL_WEIGHT=1 CPY_WEIGHT=0
Size: AlgoState:16 algo_op:3 matrix:80
Options: TRY_DIV DIFFERENT_MUL
New weight : 0.0
Number of distinct ids : 0/0(1/0.0)
Scanned size : 0
New weight : 0.1
Number of distinct ids : 1/1(1/1.0)
Scanned size : 1
New weight : 0.2
Number of distinct ids : 1/1(1/1.0)
Scanned size : 1
New weight : 0.3
Number of distinct ids : 1/1(1/1.0)
Scanned size : 1
New weight : 1.0
Number of distinct ids : 1/1(1/1.0)
Scanned size : 1
New weight : 1.1
Number of distinct ids : 1/1(1/1.0)
Scanned size : 1
New weight : 1.2
Number of distinct ids : 1/1(1/1.0)
Scanned size : 1
New weight : 1.3
Number of distinct ids : 1/1(1/1.0)
Scanned size : 1
New weight : 2.0
Number of distinct ids : 1/1(1/1.0)
Scanned size : 1
New weight : 2.1
Number of distinct ids : 1/1(1/1.0)
Scanned size : 1
New weight : 2.2
Number of distinct ids : 1/1(1/1.0)
Scanned size : 1
New weight : 2.3
Number of distinct ids : 1/1(1/1.0)
Scanned size : 1
New weight : 3.0
Number of distinct ids : 1/1(1/1.0)
Scanned size : 1
New weight : 3.1
Number of distinct ids : 1/1(1/1.0)
Scanned size : 1
New weight : 3.2
Number of distinct ids : 1/1(1/1.0)
Scanned size : 1
New weight : 3.3
Number of distinct ids : 1/1(1/1.0)
Scanned size : 1
New weight : 4.0
Number of distinct ids : 1/1(1/1.0)
Scanned size : 1
New weight : 4.1
Number of distinct ids : 1/1(1/1.0)
Scanned size : 1
New weight : 4.2
Number of distinct ids : 1/1(1/1.0)
Scanned size : 1
New weight : 4.3
Number of distinct ids : 1/1(1/1.0)
Scanned size : 1
New weight : 5.0
Number of distinct ids : 1/1(1/1.0)
Scanned size : 1
New weight : 5.1
Number of distinct ids : 1/1(1/1.0)
Scanned size : 1
New weight : 5.2
Number of distinct ids : 1/1(1/1.0)
Scanned size : 1
New weight : 5.3
Number of distinct ids : 1/1(1/1.0)
Scanned size : 1
New weight : 6.0
Number of distinct ids : 1/1(1/1.0)
Scanned size : 1
New weight : 6.1
Number of distinct ids : 1/1(1/1.0)
Scanned size : 1
New weight : 6.2
Number of distinct ids : 1/1(1/1.0)
Scanned size : 1
New weight : 6.3
Number of distinct ids : 1/1(1/1.0)
Scanned size : 1
New weight : 7.0
Number of distinct ids : 1/1(1/1.0)
Scanned size : 1
New weight : 7.1
Number of distinct ids : 1/1(1/1.0)
Scanned size : 1
New weight : 7.2
Number of distinct ids : 1/1(1/1.0)
Scanned size : 1
New weight : 7.3
Number of distinct ids : 1/1(1/1.0)
Scanned size : 1
New weight : 8.0
Number of distinct ids : 1/1(1/1.0)
Scanned size : 1
New weight : 8.1
Number of distinct ids : 2/5(1/2.5)
Scanned size : 2
New weight : 8.2
Number of distinct ids : 2/5(1/2.5)
Scanned size : 2
New weight : 8.3
Number of distinct ids : 2/5(1/2.5)
Scanned size : 2
New weight : 9.0
Number of distinct ids : 2/5(1/2.5)
Scanned size : 2
New weight : 9.1
Number of distinct ids : 2/5(1/2.5)
Scanned size : 2
New weight : 9.2
Number of distinct ids : 18/40(1/2.2)
Scanned size : 18
New weight : 9.3
Number of distinct ids : 18/40(1/2.2)
Scanned size : 18
New weight : 10.0
Number of distinct ids : 18/40(1/2.2)
Scanned size : 18
New weight : 10.1
Number of distinct ids : 18/40(1/2.2)
Scanned size : 18
New weight : 10.2
Number of distinct ids : 81/230(1/2.8)
Scanned size : 81
New weight : 10.3
Number of distinct ids : 103/283(1/2.7)
Scanned size : 103
New weight : 11.0
Number of distinct ids : 103/283(1/2.7)
Scanned size : 103
New weight : 11.1
Number of distinct ids : 103/283(1/2.7)
Scanned size : 103
New weight : 11.2
Number of distinct ids : 299/1138(1/3.8)
Scanned size : 299
New weight : 11.3
Number of distinct ids : 527/2063(1/3.9)
Scanned size : 527
New weight : 12.0
Number of distinct ids : 555/2158(1/3.9)
Scanned size : 555
New weight : 12.1
Number of distinct ids : 555/2158(1/3.9)
Scanned size : 555
New weight : 12.2
Number of distinct ids : 1047/4275(1/4.1)
Scanned size : 1047
New weight : 12.3
Number of distinct ids : 2691/11182(1/4.2)
Scanned size : 2691
New weight : 13.0
Number of distinct ids : 3225/13237(1/4.1)
Scanned size : 3225
New weight : 13.1
Number of distinct ids : 3225/13237(1/4.1)
Scanned size : 3225
New weight : 13.2
Number of distinct ids : 3925/16197(1/4.1)
Scanned size : 3925
New weight : 13.3
Number of distinct ids : 12647/54362(1/4.3)
Scanned size : 12647
New weight : 14.0
Number of distinct ids : 18298/78109(1/4.3)
Scanned size : 18298
New weight : 14.1
Number of distinct ids : 18298/78109(1/4.3)
Scanned size : 18298
New weight : 14.2
Number of distinct ids : 18974/80738(1/4.3)
Scanned size : 18974
New weight : 14.3
Number of distinct ids : 56738/250153(1/4.4)
Scanned size : 56738
New weight : 15.0
Number of distinct ids : 106965/468729(1/4.4)
Scanned size : 106965
New weight : 15.1
Number of distinct ids : 106965/468729(1/4.4)
Scanned size : 106965
New weight : 15.2
Number of distinct ids : 107357/470045(1/4.4)
Scanned size : 107357
New weight : 15.3
Number of distinct ids : 250333/1113861(1/4.4)
Scanned size : 250333
New weight : 16.0
Number of distinct ids : 615179/2728283(1/4.4)
Scanned size : 615179
New weight : 16.1
Number of distinct ids : 615179/2728283(1/4.4)
Scanned size : 615179
New weight : 16.2
Number of distinct ids : 615301/2728541(1/4.4)
Scanned size : 615301
New weight : 16.3
Number of distinct ids : 1088559/4870767(1/4.5)
Scanned size : 1088559
New weight : 17.0
Number of distinct ids : 3295066/14878929(1/4.5)
Scanned size : 3295066
New weight : 17.1
Number of distinct ids : 3295066/14878929(1/4.5)
Scanned size : 3295066
New weight : 17.2
Number of distinct ids : 3295082/14878945(1/4.5)
Scanned size : 3295082
New weight : 17.3
Number of distinct ids : 4680829/21080187(1/4.5)
Scanned size : 4680829
New weight : 18.0
Number of distinct ids : 16832143/76699158(1/4.6)
Scanned size : 16832143
New weight : 18.1
Number of distinct ids : 16832143/76699158(1/4.6)
Scanned size : 16832143
New weight : 18.2
Number of distinct ids : 16832143/76699158(1/4.6)
Scanned size : 16832143
New weight : 18.3
Number of distinct ids : 20398833/92158083(1/4.5)
Scanned size : 20398833
New weight : 19.0
Number of distinct ids : 80284998/366867926(1/4.6)
Scanned size : 80284998
New weight : 19.1
Number of distinct ids : 80284998/366867926(1/4.6)
Scanned size : 80284998
New weight : 19.2
Number of distinct ids : 80284998/366867926(1/4.6)
Scanned size : 80284998
New weight : 19.3
Number of distinct ids : 88184351/399384283(1/4.5)
Scanned size : 88184351
New weight : 20.0
Number of distinct ids : 350500954/1598858552(1/4.6)
Scanned size : 350500954
New weight : 20.1
Number of distinct ids : 350500954/1598858552(1/4.6)
Scanned size : 350500954
New weight : 20.2
Number of distinct ids : 350500954/1598858552(1/4.6)
Scanned size : 350500954
New weight : 20.3
Number of distinct ids : 365490802/1655710031(1/4.5)
Scanned size : 365490802
New weight : 21.0
Number of distinct ids : 1431505536/6443663814(1/4.5)
Scanned size : 1431505536
New weight : 21.1
Number of distinct ids : 1431505536/6443663814(1/4.5)
Scanned size : 1431505536
New weight : 21.2
Number of distinct ids : 1431505536/6443663814(1/4.5)
Scanned size : 1431505536
New weight : 21.3
Number of distinct ids : 1455066800/6523427040(1/4.5)
Scanned size : 1455066800
Reached MAX_WEIGHT
g++ -Wall -Wextra -I boost_1_64_0 -march=native -std=gnu++0x -O3 -g -fopenmp -gstabs+ -g3 -I tbb-2017_U7/include -L tbb-2017_U7/build/linux_release/  -Wl,-rpath=tbb-2017_U7/build/linux_release/  find_mds.cpp  -ltbb -o find_mds
Parameters: MAX_WEIGHT=(1 + 8*2 + 7*1) MAX_DEPTH=4 NB_INPUTS=4 NB_REGISTERS=5 XOR_WEIGHT=2 MUL_WEIGHT=1 CPY_WEIGHT=0
Size: AlgoState:16 algo_op:3 matrix:80
Options: DIFFERENT_MUL
New weight : 0.0
Number of distinct ids : 0/0(1/0.0)
Scanned size : 0
New weight : 0.1
Number of distinct ids : 1/1(1/1.0)
Scanned size : 1
New weight : 0.2
Number of distinct ids : 1/1(1/1.0)
Scanned size : 1
New weight : 0.3
Number of distinct ids : 1/1(1/1.0)
Scanned size : 1
New weight : 1.0
Number of distinct ids : 1/1(1/1.0)
Scanned size : 1
New weight : 1.1
Number of distinct ids : 1/1(1/1.0)
Scanned size : 1
New weight : 1.2
Number of distinct ids : 1/1(1/1.0)
Scanned size : 1
New weight : 1.3
Number of distinct ids : 1/1(1/1.0)
Scanned size : 1
New weight : 2.0
Number of distinct ids : 1/1(1/1.0)
Scanned size : 1
New weight : 2.1
Number of distinct ids : 1/1(1/1.0)
Scanned size : 1
New weight : 2.2
Number of distinct ids : 1/1(1/1.0)
Scanned size : 1
New weight : 2.3
Number of distinct ids : 1/1(1/1.0)
Scanned size : 1
New weight : 3.0
Number of distinct ids : 1/1(1/1.0)
Scanned size : 1
New weight : 3.1
Number of distinct ids : 1/1(1/1.0)
Scanned size : 1
New weight : 3.2
Number of distinct ids : 1/1(1/1.0)
Scanned size : 1
New weight : 3.3
Number of distinct ids : 1/1(1/1.0)
Scanned size : 1
New weight : 4.0
Number of distinct ids : 1/1(1/1.0)
Scanned size : 1
New weight : 4.1
Number of distinct ids : 1/1(1/1.0)
Scanned size : 1
New weight : 4.2
Number of distinct ids : 1/1(1/1.0)
Scanned size : 1
New weight : 4.3
Number of distinct ids : 1/1(1/1.0)
Scanned size : 1
New weight : 5.0
Number of distinct ids : 1/1(1/1.0)
Scanned size : 1
New weight : 5.1
Number of distinct ids : 1/1(1/1.0)
Scanned size : 1
New weight : 5.2
Number of distinct ids : 1/1(1/1.0)
Scanned size : 1
New weight : 5.3
Number of distinct ids : 1/1(1/1.0)
Scanned size : 1
New weight : 6.0
Number of distinct ids : 1/1(1/1.0)
Scanned size : 1
New weight : 6.1
Number of distinct ids : 1/1(1/1.0)
Scanned size : 1
New weight : 6.2
Number of distinct ids : 1/1(1/1.0)
Scanned size : 1
New weight : 6.3
Number of distinct ids : 1/1(1/1.0)
Scanned size : 1
New weight : 7.0
Number of distinct ids : 1/1(1/1.0)
Scanned size : 1
New weight : 7.1
Number of distinct ids : 1/1(1/1.0)
Scanned size : 1
New weight : 7.2
Number of distinct ids : 1/1(1/1.0)
Scanned size : 1
New weight : 7.3
Number of distinct ids : 1/1(1/1.0)
Scanned size : 1
New weight : 8.0
Number of distinct ids : 1/1(1/1.0)
Scanned size : 1
New weight : 8.1
Number of distinct ids : 2/5(1/2.5)
Scanned size : 2
New weight : 8.2
Number of distinct ids : 2/5(1/2.5)
Scanned size : 2
New weight : 8.3
Number of distinct ids : 2/5(1/2.5)
Scanned size : 2
New weight : 9.0
Number of distinct ids : 2/5(1/2.5)
Scanned size : 2
New weight : 9.1
Number of distinct ids : 2/5(1/2.5)
Scanned size : 2
New weight : 9.2
Number of distinct ids : 10/27(1/2.7)
Scanned size : 10
New weight : 9.3
Number of distinct ids : 10/27(1/2.7)
Scanned size : 10
New weight : 10.0
Number of distinct ids : 10/27(1/2.7)
Scanned size : 10
New weight : 10.1
Number of distinct ids : 10/27(1/2.7)
Scanned size : 10
New weight : 10.2
Number of distinct ids : 30/98(1/3.3)
Scanned size : 30
New weight : 10.3
Number of distinct ids : 41/125(1/3.0)
Scanned size : 41
New weight : 11.0
Number of distinct ids : 41/125(1/3.0)
Scanned size : 41
New weight : 11.1
Number of distinct ids : 41/125(1/3.0)
Scanned size : 41
New weight : 11.2
Number of distinct ids : 89/283(1/3.2)
Scanned size : 89
New weight : 11.3
Number of distinct ids : 169/513(1/3.0)
Scanned size : 169
New weight : 12.0
Number of distinct ids : 183/559(1/3.1)
Scanned size : 183
New weight : 12.1
Number of distinct ids : 183/559(1/3.1)
Scanned size : 183
New weight : 12.2
Number of distinct ids : 279/917(1/3.3)
Scanned size : 279
New weight : 12.3
Number of distinct ids : 665/2461(1/3.7)
Scanned size : 665
New weight : 13.0
Number of distinct ids : 870/3210(1/3.7)
Scanned size : 870
New weight : 13.1
Number of distinct ids : 870/3210(1/3.7)
Scanned size : 870
New weight : 13.2
Number of distinct ids : 1002/3694(1/3.7)
Scanned size : 1002
New weight : 13.3
Number of distinct ids : 2578/10316(1/4.0)
Scanned size : 2578
New weight : 14.0
Number of distinct ids : 4152/16755(1/4.0)
Scanned size : 4152
New weight : 14.1
Number of distinct ids : 4152/16755(1/4.0)
Scanned size : 4152
New weight : 14.2
Number of distinct ids : 4290/17241(1/4.0)
Scanned size : 4290
New weight : 14.3
Number of distinct ids : 9932/41100(1/4.1)
Scanned size : 9932
New weight : 15.0
Number of distinct ids : 20403/84754(1/4.2)
Scanned size : 20403
New weight : 15.1
Number of distinct ids : 20403/84754(1/4.2)
Scanned size : 20403
New weight : 15.2
Number of distinct ids : 20497/85068(1/4.2)
Scanned size : 20497
New weight : 15.3
Number of distinct ids : 37667/159181(1/4.2)
Scanned size : 37667
New weight : 16.0
Number of distinct ids : 93213/396548(1/4.3)
Scanned size : 93213
New weight : 16.1
Number of distinct ids : 93213/396548(1/4.3)
Scanned size : 93213
New weight : 16.2
Number of distinct ids : 93246/396626(1/4.3)
Scanned size : 93246
New weight : 16.3
Number of distinct ids : 140623/602027(1/4.3)
Scanned size : 140623
New weight : 17.0
Number of distinct ids : 415567/1799165(1/4.3)
Scanned size : 415567
New weight : 17.1
Number of distinct ids : 415567/1799165(1/4.3)
Scanned size : 415567
New weight : 17.2
Number of distinct ids : 415575/1799173(1/4.3)
Scanned size : 415575
New weight : 17.3
Number of distinct ids : 528434/2285165(1/4.3)
Scanned size : 528434
New weight : 18.0
Number of distinct ids : 1747423/7639863(1/4.4)
Scanned size : 1747423
New weight : 18.1
Number of distinct ids : 1747423/7639863(1/4.4)
Scanned size : 1747423
New weight : 18.2
Number of distinct ids : 1747423/7639863(1/4.4)
Scanned size : 1747423
New weight : 18.3
Number of distinct ids : 1982633/8629878(1/4.4)
Scanned size : 1982633
New weight : 19.0
Number of distinct ids : 6663814/29434541(1/4.4)
Scanned size : 6663814
New weight : 19.1
Number of distinct ids : 6663814/29434541(1/4.4)
Scanned size : 6663814
New weight : 19.2
Number of distinct ids : 6663814/29434541(1/4.4)
Scanned size : 6663814
New weight : 19.3
Number of distinct ids : 7096862/31158037(1/4.4)
Scanned size : 7096862
New weight : 20.0
Number of distinct ids : 23954632/105353888(1/4.4)
Scanned size : 23954632
New weight : 20.1
Number of distinct ids : 23954632/105353888(1/4.4)
Scanned size : 23954632
New weight : 20.2
Number of distinct ids : 23954632/105353888(1/4.4)
Scanned size : 23954632
New weight : 20.3
Number of distinct ids : 24611742/107776866(1/4.4)
Scanned size : 24611742
New weight : 21.0
Number of distinct ids : 79261772/344976520(1/4.4)
Scanned size : 79261772
New weight : 21.1
Number of distinct ids : 79261772/344976520(1/4.4)
Scanned size : 79261772
New weight : 21.2
Number of distinct ids : 79261772/344976520(1/4.4)
Scanned size : 79261772
New weight : 21.3
Number of distinct ids : 80121914/347813525(1/4.3)
Scanned size : 80121914
New weight : 22.0
Number of distinct ids : 237523515/1016786311(1/4.3)
Scanned size : 237523515
New weight : 22.1
Number of distinct ids : 237523515/1016786311(1/4.3)
Scanned size : 237523515
New weight : 22.2
Number of distinct ids : 237523515/1016786311(1/4.3)
Scanned size : 237523515
New weight : 22.3
Number of distinct ids : 238433425/1019423158(1/4.3)
Scanned size : 238433425
New weight : 23.0
Number of distinct ids : 656308587/2727754250(1/4.2)
Scanned size : 656308587
New weight : 23.1
Number of distinct ids : 656308587/2727754250(1/4.2)
Scanned size : 656308587
New weight : 23.2
Number of distinct ids : 656308587/2727754250(1/4.2)
Scanned size : 656308587
New weight : 23.3
Number of distinct ids : 657028491/2729554966(1/4.2)
Scanned size : 657028491
Found MDS !!! (weight:23) (depth:3)
Current state:
6 1 1 4 
3 3 1 1 
2 1 1 0  [X]
2 1 3 2 
1 2 4 5 
Operations:
c (0, 4)
m (1, 4)
x (3, 0)
x (2, 3)
x (1, 2)
x (4, 2)
c (3, 4)
m (2, 4)
m (1, 1)
x (0, 1)
x (1, 4)
x (2, 1)
m (2, 0)
x (2, 0)
m (1, 3)
x (2, 3)
End of state
Found MDS !!! (weight:23) (depth:3)
Current state:
6 1 1 4 
3 3 1 1 
2 1 3 2 
0 0 2 2  [X]
1 2 4 5 
Operations:
c (0, 4)
m (1, 4)
x (3, 0)
x (2, 3)
x (1, 2)
x (4, 2)
c (3, 4)
m (2, 4)
m (1, 1)
x (0, 1)
x (1, 4)
x (2, 1)
m (2, 0)
x (2, 0)
m (1, 3)
x (3, 2)
End of state
Found MDS !!! (weight:23) (depth:3)
Current state:
4 0 0 4  [X]
3 3 1 1 
6 1 1 4 
2 1 3 2 
1 2 4 5 
Operations:
c (0, 4)
m (1, 4)
x (3, 0)
x (2, 3)
x (1, 2)
x (4, 2)
c (3, 4)
m (2, 4)
m (1, 1)
x (0, 1)
x (1, 4)
x (2, 1)
m (1, 3)
x (2, 3)
m (2, 0)
x (0, 2)
End of state
Found MDS !!! (weight:23) (depth:3)
Current state:
2 1 1 6 
1 4 6 1 
1 0 2 1  [X]
1 1 3 5 
3 1 2 1 
Operations:
c (0, 4)
m (1, 4)
x (1, 4)
x (2, 1)
m (1, 2)
x (3, 0)
x (0, 2)
x (2, 4)
m (1, 0)
m (2, 3)
x (1, 3)
x (3, 0)
x (2, 3)
m (2, 1)
x (2, 1)
End of state
Found MDS !!! (weight:23) (depth:3)
Current state:
2 1 1 6 
1 2 6 1 
1 0 4 1  [X]
1 1 5 5 
3 1 4 1 
Operations:
c (0, 4)
m (1, 4)
x (1, 4)
x (2, 1)
m (2, 2)
x (3, 0)
x (0, 2)
x (2, 4)
m (1, 0)
m (2, 3)
x (1, 3)
x (3, 0)
x (2, 3)
m (1, 1)
x (2, 1)
End of state
Found MDS !!! (weight:23) (depth:3)
Current state:
2 1 1 6 
0 4 4 0  [X]
1 4 6 1 
1 1 3 5 
3 1 2 1 
Operations:
c (0, 4)
m (1, 4)
x (1, 4)
x (2, 1)
m (1, 2)
x (3, 0)
x (0, 2)
x (2, 4)
m (1, 0)
m (2, 3)
x (1, 3)
x (3, 0)
x (2, 3)
m (2, 1)
x (1, 2)
End of state
Found MDS !!! (weight:23) (depth:3)
Current state:
2 1 1 6 
0 2 2 0  [X]
1 2 6 1 
1 1 5 5 
3 1 4 1 
Operations:
c (0, 4)
m (1, 4)
x (1, 4)
x (2, 1)
m (2, 2)
x (3, 0)
x (0, 2)
x (2, 4)
m (1, 0)
m (2, 3)
x (1, 3)
x (3, 0)
x (2, 3)
m (1, 1)
x (1, 2)
End of state
Found MDS !!! (weight:23) (depth:3)
Current state:
4 1 1 6 
1 6 4 1 
0 4 4 0  [X]
1 3 1 3 
5 2 1 1 
Operations:
c (0, 4)
m (2, 4)
x (2, 4)
x (1, 2)
m (1, 1)
x (3, 0)
x (0, 1)
x (1, 4)
m (2, 0)
m (1, 3)
x (2, 3)
x (3, 0)
x (1, 3)
m (2, 2)
x (2, 1)
End of state
Found MDS !!! (weight:23) (depth:3)
Current state:
4 1 1 6 
1 2 0 1  [X]
1 6 4 1 
1 3 1 3 
5 2 1 1 
Operations:
c (0, 4)
m (2, 4)
x (2, 4)
x (1, 2)
m (1, 1)
x (3, 0)
x (0, 1)
x (1, 4)
m (2, 0)
m (1, 3)
x (2, 3)
x (3, 0)
x (1, 3)
m (2, 2)
x (1, 2)
End of state
Found MDS !!! (weight:23) (depth:3)
Current state:
4 1 1 6 
1 6 2 1 
0 2 2 0  [X]
1 5 1 3 
5 4 1 1 
Operations:
c (0, 4)
m (2, 4)
x (2, 4)
x (1, 2)
m (2, 1)
x (3, 0)
x (0, 1)
x (1, 4)
m (2, 0)
m (1, 3)
x (2, 3)
x (3, 0)
x (1, 3)
m (1, 2)
x (2, 1)
End of state
Found MDS !!! (weight:23) (depth:3)
Current state:
4 1 1 6 
1 4 0 1  [X]
1 6 2 1 
1 5 1 3 
5 4 1 1 
Operations:
c (0, 4)
m (2, 4)
x (2, 4)
x (1, 2)
m (2, 1)
x (3, 0)
x (0, 1)
x (1, 4)
m (2, 0)
m (1, 3)
x (2, 3)
x (3, 0)
x (1, 3)
m (1, 2)
x (1, 2)
End of state
Found MDS !!! (weight:23) (depth:3)
Current state:
2 1 1 6 
1 4 6 1 
1 1 3 5 
0 1 1 4  [X]
3 1 2 1 
Operations:
c (0, 4)
m (1, 4)
x (1, 4)
x (2, 1)
m (1, 2)
x (3, 0)
x (0, 2)
x (2, 4)
m (2, 3)
x (1, 3)
m (2, 1)
x (2, 1)
x (3, 2)
m (1, 0)
x (3, 0)
End of state
Found MDS !!! (weight:23) (depth:3)
Current state:
2 0 0 2  [X]
1 4 6 1 
1 1 3 5 
2 1 1 6 
3 1 2 1 
Operations:
c (0, 4)
m (1, 4)
x (1, 4)
x (2, 1)
m (1, 2)
x (3, 0)
x (0, 2)
x (2, 4)
m (2, 3)
x (1, 3)
m (2, 1)
x (2, 1)
x (3, 2)
m (1, 0)
x (0, 3)
End of state
Found MDS !!! (weight:23) (depth:3)
Current state:
2 0 0 2  [X]
1 2 6 1 
1 1 5 5 
2 1 1 6 
3 1 4 1 
Operations:
c (0, 4)
m (1, 4)
x (1, 4)
x (2, 1)
m (2, 2)
x (3, 0)
x (0, 2)
x (2, 4)
m (2, 3)
x (1, 3)
m (1, 1)
x (2, 1)
x (3, 2)
m (1, 0)
x (0, 3)
End of state
Found MDS !!! (weight:23) (depth:3)
Current state:
2 1 1 6 
1 2 6 1 
1 1 5 5 
0 1 1 4  [X]
3 1 4 1 
Operations:
c (0, 4)
m (1, 4)
x (1, 4)
x (2, 1)
m (2, 2)
x (3, 0)
x (0, 2)
x (2, 4)
m (2, 3)
x (1, 3)
m (1, 1)
x (2, 1)
x (3, 2)
m (1, 0)
x (3, 0)
End of state
Found MDS !!! (weight:23) (depth:3)
Current state:
4 1 1 6 
1 3 1 3 
1 6 4 1 
0 1 1 2  [X]
5 2 1 1 
Operations:
c (0, 4)
m (2, 4)
x (2, 4)
x (1, 2)
m (1, 1)
x (3, 0)
x (0, 1)
x (1, 4)
m (1, 3)
x (2, 3)
m (2, 2)
x (1, 2)
x (3, 1)
m (2, 0)
x (3, 0)
End of state
Found MDS !!! (weight:23) (depth:3)
Current state:
4 0 0 4  [X]
1 3 1 3 
1 6 4 1 
4 1 1 6 
5 2 1 1 
Operations:
c (0, 4)
m (2, 4)
x (2, 4)
x (1, 2)
m (1, 1)
x (3, 0)
x (0, 1)
x (1, 4)
m (1, 3)
x (2, 3)
m (2, 2)
x (1, 2)
x (3, 1)
m (2, 0)
x (0, 3)
End of state
Found MDS !!! (weight:23) (depth:3)
Current state:
4 1 1 6 
1 5 1 3 
1 6 2 1 
0 1 1 2  [X]
5 4 1 1 
Operations:
c (0, 4)
m (2, 4)
x (2, 4)
x (1, 2)
m (2, 1)
x (3, 0)
x (0, 1)
x (1, 4)
m (1, 3)
x (2, 3)
m (1, 2)
x (1, 2)
x (3, 1)
m (2, 0)
x (3, 0)
End of state
Found MDS !!! (weight:23) (depth:3)
Current state:
4 0 0 4  [X]
1 5 1 3 
1 6 2 1 
4 1 1 6 
5 4 1 1 
Operations:
c (0, 4)
m (2, 4)
x (2, 4)
x (1, 2)
m (2, 1)
x (3, 0)
x (0, 1)
x (1, 4)
m (1, 3)
x (2, 3)
m (1, 2)
x (1, 2)
x (3, 1)
m (2, 0)
x (0, 3)
End of state
Found MDS !!! (weight:23) (depth:3)
Current state:
6 1 1 4 
1 2 0 1  [X]
3 3 1 1 
1 2 4 5 
2 1 3 2 
Operations:
c (0, 4)
m (1, 4)
x (3, 0)
x (2, 3)
x (1, 2)
x (4, 2)
c (3, 4)
m (1, 4)
x (2, 4)
m (1, 1)
m (2, 3)
x (0, 1)
x (1, 3)
m (2, 0)
x (2, 0)
x (1, 2)
End of state
Found MDS !!! (weight:23) (depth:3)
Current state:
6 2 1 1 
0 2 1 0  [X]
1 1 4 6 
1 3 1 2 
5 1 1 3 
Operations:
c (0, 4)
m (2, 4)
x (1, 0)
m (1, 1)
x (2, 1)
x (3, 2)
m (1, 3)
x (0, 3)
m (1, 0)
x (2, 4)
x (4, 0)
x (3, 4)
m (2, 2)
x (3, 2)
x (1, 3)
End of state
Found MDS !!! (weight:23) (depth:3)
Current state:
6 2 1 1 
0 2 1 0  [X]
1 1 2 6 
1 3 1 4 
5 1 1 5 
Operations:
c (0, 4)
m (2, 4)
x (1, 0)
m (1, 1)
x (2, 1)
x (3, 2)
m (2, 3)
x (0, 3)
m (1, 0)
x (2, 4)
x (4, 0)
x (3, 4)
m (1, 2)
x (3, 2)
x (1, 3)
End of state
Found MDS !!! (weight:23) (depth:3)
Current state:
4 6 1 1 
1 3 1 3 
1 1 4 6 
5 1 1 2 
4 0 1 0  [X]
Operations:
c (0, 4)
m (2, 4)
x (1, 0)
m (1, 1)
x (2, 4)
x (3, 2)
m (1, 3)
x (0, 3)
m (2, 0)
x (2, 1)
x (1, 0)
x (3, 1)
m (2, 2)
x (3, 2)
x (4, 3)
End of state
Found MDS !!! (weight:23) (depth:3)
Current state:
4 6 1 1 
1 3 1 5 
1 1 2 6 
5 1 1 4 
4 0 1 0  [X]
Operations:
c (0, 4)
m (2, 4)
x (1, 0)
m (1, 1)
x (2, 4)
x (3, 2)
m (2, 3)
x (0, 3)
m (2, 0)
x (2, 1)
x (1, 0)
x (3, 1)
m (1, 2)
x (3, 2)
x (4, 3)
End of state
Reached MAX_WEIGHT
