Time:     30s, Mem:  1.5GB - scanned:     4087522 [    4087522] - remaining:    38489908 [    2862560@19.3] - user time: 357s
Time:     60s, Mem:  3.0GB - scanned:     7788845 [    7788845] - remaining:    78118505 [   17217630@19.4] - user time: 715s
Time:     90s, Mem:  4.4GB - scanned:    12834293 [   12834293] - remaining:   101029053 [    7212018@19.4] - user time: 1073s
Time:    120s, Mem:  5.6GB - scanned:    16539064 [   16539064] - remaining:   134842700 [    2699536@20.3] - user time: 1430s
Time:    150s, Mem:  7.3GB - scanned:    19872184 [   19872184] - remaining:   173935197 [   49127903@20.4] - user time: 1783s
Time:    180s, Mem:  8.6GB - scanned:    23852899 [   23852899] - remaining:   213529876 [   57724504@20.4] - user time: 2138s
Time:    210s, Mem:  9.7GB - scanned:    27359386 [   27359386] - remaining:   247470229 [   60461081@20.4] - user time: 2495s
Time:    240s, Mem: 10.9GB - scanned:    30652364 [   30652364] - remaining:   285398469 [   65280782@20.4] - user time: 2853s
Time:    270s, Mem: 12.8GB - scanned:    33947648 [   33947648] - remaining:   326109571 [   73589392@20.4] - user time: 3208s
Time:    300s, Mem: 14.2GB - scanned:    41160971 [   41160971] - remaining:   336490089 [   52505957@20.4] - user time: 3567s
Time:    330s, Mem: 14.9GB - scanned:    47102682 [   47102682] - remaining:   313746758 [    6401816@20.4] - user time: 3926s
Time:    360s, Mem: 15.4GB - scanned:    50430291 [   50430291] - remaining:   330476344 [   15114910@21.3] - user time: 4285s
Time:    390s, Mem: 16.1GB - scanned:    54202613 [   54202613] - remaining:   335084067 [    2929092@21.3] - user time: 4644s
Time:    420s, Mem: 16.7GB - scanned:    57158169 [   57158169] - remaining:   354714446 [  143264593@21.4] - user time: 5003s
Time:    450s, Mem: 17.5GB - scanned:    60604434 [   60604434] - remaining:   373254662 [  151745040@21.4] - user time: 5362s
Time:    480s, Mem: 18.3GB - scanned:    64508822 [   64508822] - remaining:   391242451 [  159962707@21.4] - user time: 5719s
Time:    510s, Mem: 20.3GB - scanned:    68273038 [   68273038] - remaining:   409553550 [  168862503@21.4] - user time: 6077s
Time:    540s, Mem: 21.3GB - scanned:    72204105 [   72204105] - remaining:   428924098 [  178744200@21.4] - user time: 6435s
Time:    570s, Mem: 22.3GB - scanned:    76421886 [   76421886] - remaining:   446295900 [  186869531@21.4] - user time: 6793s
Time:    600s, Mem: 23.3GB - scanned:    81395746 [   81395746] - remaining:   460386635 [  191621478@21.4] - user time: 7152s
Time:    630s, Mem: 24.1GB - scanned:    84830393 [   84830393] - remaining:   478371214 [  199454801@21.4] - user time: 7510s
Time:    660s, Mem: 24.6GB - scanned:    88329877 [   88329877] - remaining:   483357212 [  196141834@21.4] - user time: 7869s
Time:    690s, Mem: 25.0GB - scanned:    91833183 [   91833183] - remaining:   489330353 [  194280589@21.4] - user time: 8229s
Time:    720s, Mem: 25.6GB - scanned:    95315504 [   95315504] - remaining:   498153697 [  194519455@21.4] - user time: 8588s
Time:    750s, Mem: 26.3GB - scanned:    98665326 [   98665326] - remaining:   513651688 [  200690289@21.4] - user time: 8946s
Time:    780s, Mem: 26.9GB - scanned:   102256367 [  102256367] - remaining:   527860744 [  206521656@21.4] - user time: 9301s
Time:    810s, Mem: 27.7GB - scanned:   105421308 [  105421308] - remaining:   547512635 [  216434159@21.4] - user time: 9660s
Time:    840s, Mem: 28.4GB - scanned:   109188132 [  109188132] - remaining:   562032072 [  222789873@21.4] - user time: 10018s
Time:    870s, Mem: 29.2GB - scanned:   112860274 [  112860274] - remaining:   578263167 [  231036709@21.4] - user time: 10376s
Time:    900s, Mem: 29.8GB - scanned:   115941057 [  115941057] - remaining:   589617665 [  233776392@21.4] - user time: 10735s
Time:    930s, Mem: 30.8GB - scanned:   124935638 [  124935638] - remaining:   558936575 [  193533596@21.4] - user time: 11094s
Time:    960s, Mem: 34.7GB - scanned:   136617544 [  136617544] - remaining:   522950569 [  148727287@21.4] - user time: 11450s
Time:    990s, Mem: 34.7GB - scanned:   142976821 [  142976821] - remaining:   463977489 [   83300080@21.4] - user time: 11808s
Time:   1020s, Mem: 35.8GB - scanned:   148372078 [  148372078] - remaining:   424367877 [   36697202@21.4] - user time: 12167s
Time:   1050s, Mem: 36.7GB - scanned:   154823117 [  154823117] - remaining:   398391072 [    2472032@21.4] - user time: 12526s
Time:   1080s, Mem: 37.2GB - scanned:   157627308 [  157627308] - remaining:   406890847 [   24630395@22.3] - user time: 12885s
Time:   1110s, Mem: 37.6GB - scanned:   160116587 [  160117512] - remaining:   417389465 [   28627844@22.3] - user time: 13245s
Time:   1140s, Mem: 38.0GB - scanned:   162403867 [  162406491] - remaining:   422578686 [   26835867@22.3] - user time: 13604s
Time:   1170s, Mem: 38.5GB - scanned:   167712593 [  167728253] - remaining:   402191044 [  402191044@22.4] - user time: 13963s
Time:   1200s, Mem: 38.9GB - scanned:   170674514 [  170690180] - remaining:   415506552 [  415506552@22.4] - user time: 14323s
Time:   1230s, Mem: 39.2GB - scanned:   173622604 [  173639252] - remaining:   427156898 [  427156898@22.4] - user time: 14681s
Time:   1260s, Mem: 39.5GB - scanned:   176518445 [  176559697] - remaining:   438088448 [  438088448@22.4] - user time: 15041s
Time:   1290s, Mem: 39.9GB - scanned:   180019370 [  180069251] - remaining:   446973693 [  446973693@22.4] - user time: 15400s
Time:   1320s, Mem: 40.3GB - scanned:   183826925 [  183883402] - remaining:   455666876 [  455666876@22.4] - user time: 15760s
Time:   1350s, Mem: 40.7GB - scanned:   187935270 [  188016454] - remaining:   463297159 [  463297159@22.4] - user time: 16119s
Time:   1380s, Mem: 41.2GB - scanned:   192617017 [  192777649] - remaining:   466872597 [  466872597@22.4] - user time: 16478s
Time:   1410s, Mem: 41.7GB - scanned:   196596169 [  196795567] - remaining:   475945358 [  475945358@22.4] - user time: 16838s
Time:   1440s, Mem: 42.0GB - scanned:   199998545 [  200225986] - remaining:   488115211 [  488115211@22.4] - user time: 17197s
Time:   1470s, Mem: 42.4GB - scanned:   203816701 [  204050819] - remaining:   496912408 [  496912408@22.4] - user time: 17556s
Time:   1500s, Mem: 42.9GB - scanned:   207868073 [  208131384] - remaining:   504675704 [  504675704@22.4] - user time: 17916s
Time:   1530s, Mem: 43.3GB - scanned:   211896339 [  212205484] - remaining:   512723536 [  512723536@22.4] - user time: 18275s
Time:   1560s, Mem: 43.7GB - scanned:   215837729 [  216260429] - remaining:   521221881 [  521221881@22.4] - user time: 18634s
Time:   1590s, Mem: 44.2GB - scanned:   219971475 [  220542303] - remaining:   530527521 [  530527521@22.4] - user time: 18994s
Time:   1620s, Mem: 44.6GB - scanned:   223812843 [  224459495] - remaining:   540117873 [  540117873@22.4] - user time: 19353s
Time:   1650s, Mem: 45.0GB - scanned:   227907513 [  228722761] - remaining:   547708226 [  547708226@22.4] - user time: 19712s
Time:   1680s, Mem: 45.6GB - scanned:   232789128 [  233968753] - remaining:   552185238 [  552185238@22.4] - user time: 20071s
Time:   1710s, Mem: 45.9GB - scanned:   236600811 [  238011287] - remaining:   559149919 [  559149919@22.4] - user time: 20417s
Time:   1740s, Mem: 46.0GB - scanned:   240515157 [  242057945] - remaining:   566430454 [  566430454@22.4] - user time: 20769s
Time:   1770s, Mem: 46.0GB - scanned:   244837511 [  246619228] - remaining:   567514939 [  567514939@22.4] - user time: 21075s
Time:   1800s, Mem: 46.0GB - scanned:   247474149 [  249449520] - remaining:   568900661 [  568900661@22.4] - user time: 21247s
Time:   1830s, Mem: 46.0GB - scanned:   250142224 [  252461593] - remaining:   569652585 [  569652585@22.4] - user time: 21415s
Time:   1860s, Mem: 46.0GB - scanned:   251818463 [  254300960] - remaining:   570709508 [  570709508@22.4] - user time: 21554s
Time:   1890s, Mem: 46.0GB - scanned:   252535631 [  255073974] - remaining:   570995785 [  570995785@22.4] - user time: 21618s
Time:   1920s, Mem: 46.0GB - scanned:   252971533 [  255573144] - remaining:   570856786 [  570856786@22.4] - user time: 21665s
Time:   1950s, Mem: 46.0GB - scanned:   253662509 [  256387784] - remaining:   570711688 [  570711688@22.4] - user time: 21732s
Time:   1980s, Mem: 46.0GB - scanned:   253918599 [  256656625] - remaining:   570726216 [  570726216@22.4] - user time: 21786s
Time:   2010s, Mem: 46.0GB - scanned:   254067563 [  256805589] - remaining:   570534421 [  570534421@22.4] - user time: 21838s
Time:   2040s, Mem: 46.0GB - scanned:   254568419 [  257306451] - remaining:   570787564 [  570787564@22.4] - user time: 21931s
Time:   2070s, Mem: 46.0GB - scanned:   256143016 [  258882166] - remaining:   574331048 [  574331048@22.4] - user time: 22146s
Time:   2100s, Mem: 46.0GB - scanned:   257715952 [  260470839] - remaining:   579855855 [  579855855@22.4] - user time: 22364s
Time:   2130s, Mem: 46.0GB - scanned:   258787532 [  261549176] - remaining:   584495452 [  584495452@22.4] - user time: 22521s
Time:   2160s, Mem: 46.0GB - scanned:   259745446 [  262521878] - remaining:   582582816 [  582582816@22.4] - user time: 22665s
Time:   2190s, Mem: 46.0GB - scanned:   261688312 [  264472482] - remaining:   578254276 [  578254276@22.4] - user time: 22895s
Time:   2220s, Mem: 46.0GB - scanned:   263878195 [  266681910] - remaining:   575314490 [  575314490@22.4] - user time: 23130s
Time:   2250s, Mem: 46.0GB - scanned:   265183917 [  268005964] - remaining:   572652616 [  572652616@22.4] - user time: 23288s
Time:   2280s, Mem: 46.1GB - scanned:   265610353 [  268435474] - remaining:   571698445 [  571698445@22.4] - user time: 23344s
Time:   2310s, Mem: 46.1GB - scanned:   265610458 [  268435579] - remaining:   571698243 [  571698243@22.4] - user time: 23345s
Time:   2340s, Mem: 46.1GB - scanned:   265611307 [  268436428] - remaining:   571697317 [  571697317@22.4] - user time: 23346s
Time:   2370s, Mem: 46.1GB - scanned:   265612235 [  268437356] - remaining:   571696508 [  571696508@22.4] - user time: 23346s
Time:   2400s, Mem: 46.1GB - scanned:   265613499 [  268438620] - remaining:   571697676 [  571697676@22.4] - user time: 23346s
Time:   2430s, Mem: 46.1GB - scanned:   265614634 [  268439755] - remaining:   571698534 [  571698534@22.4] - user time: 23347s
Time:   2460s, Mem: 46.1GB - scanned:   265615773 [  268440894] - remaining:   571698759 [  571698759@22.4] - user time: 23347s
Time:   2490s, Mem: 46.1GB - scanned:   265616902 [  268442023] - remaining:   571698634 [  571698634@22.4] - user time: 23348s
Time:   2520s, Mem: 46.1GB - scanned:   265618027 [  268443148] - remaining:   571698712 [  571698712@22.4] - user time: 23348s
Time:   2550s, Mem: 46.1GB - scanned:   265619364 [  268444485] - remaining:   571697388 [  571697388@22.4] - user time: 23348s
Time:   2580s, Mem: 46.1GB - scanned:   265620779 [  268445900] - remaining:   571695520 [  571695520@22.4] - user time: 23349s
Time:   2610s, Mem: 46.1GB - scanned:   265622528 [  268447649] - remaining:   571693737 [  571693737@22.4] - user time: 23349s
Time:   2640s, Mem: 46.1GB - scanned:   265624194 [  268449315] - remaining:   571693807 [  571693807@22.4] - user time: 23349s
Time:   2670s, Mem: 46.1GB - scanned:   265626018 [  268451139] - remaining:   571693930 [  571693930@22.4] - user time: 23350s
Time:   2700s, Mem: 46.1GB - scanned:   265627863 [  268452984] - remaining:   571692300 [  571692300@22.4] - user time: 23351s
Time:   2730s, Mem: 46.1GB - scanned:   265630523 [  268455686] - remaining:   571691029 [  571691029@22.4] - user time: 23351s
Time:   2760s, Mem: 46.1GB - scanned:   265632622 [  268457785] - remaining:   571690450 [  571690450@22.4] - user time: 23352s
Time:   2790s, Mem: 46.1GB - scanned:   265634840 [  268460003] - remaining:   571691207 [  571691207@22.4] - user time: 23353s
Time:   2820s, Mem: 46.1GB - scanned:   265637443 [  268462606] - remaining:   571691525 [  571691525@22.4] - user time: 23353s
Time:   2850s, Mem: 46.1GB - scanned:   265640894 [  268466057] - remaining:   571692616 [  571692616@22.4] - user time: 23354s
Time:   2880s, Mem: 46.1GB - scanned:   265644445 [  268469608] - remaining:   571694936 [  571694936@22.4] - user time: 23355s
Time:   2910s, Mem: 46.1GB - scanned:   265648760 [  268473923] - remaining:   571691163 [  571691163@22.4] - user time: 23356s
Time:   2940s, Mem: 46.1GB - scanned:   265654094 [  268479257] - remaining:   571682169 [  571682169@22.4] - user time: 23357s
Time:   2970s, Mem: 46.1GB - scanned:   265662510 [  268487673] - remaining:   571680964 [  571680964@22.4] - user time: 23359s
Time:   3000s, Mem: 46.1GB - scanned:   265675982 [  268501145] - remaining:   571683668 [  571683668@22.4] - user time: 23363s
Time:   3030s, Mem: 46.1GB - scanned:   265695834 [  268520997] - remaining:   571659655 [  571659655@22.4] - user time: 23367s
Time:   3060s, Mem: 46.1GB - scanned:   265741631 [  268566794] - remaining:   571625507 [  571625507@22.4] - user time: 23374s
Time:   3090s, Mem: 46.1GB - scanned:   265938333 [  268763988] - remaining:   571468369 [  571468369@22.4] - user time: 23403s
Time:   3120s, Mem: 46.1GB - scanned:   266759642 [  269589594] - remaining:   571121832 [  571121832@22.4] - user time: 23512s
Time:   3150s, Mem: 46.1GB - scanned:   267662550 [  270497213] - remaining:   571166928 [  571166928@22.4] - user time: 23626s
Time:   3180s, Mem: 46.1GB - scanned:   268715837 [  271562953] - remaining:   571333274 [  571333274@22.4] - user time: 23754s
Time:   3210s, Mem: 46.1GB - scanned:   269516195 [  272382209] - remaining:   571480941 [  571480941@22.4] - user time: 23862s
Time:   3240s, Mem: 46.1GB - scanned:   270324654 [  273215322] - remaining:   571276619 [  571276619@22.4] - user time: 23966s
Time:   3270s, Mem: 46.1GB - scanned:   270982440 [  273901227] - remaining:   571281295 [  571281295@22.4] - user time: 24053s
Time:   3300s, Mem: 46.1GB - scanned:   271469093 [  274390408] - remaining:   571798168 [  571798168@22.4] - user time: 24131s
Time:   3330s, Mem: 46.1GB - scanned:   271910684 [  274840826] - remaining:   571916045 [  571916045@22.4] - user time: 24200s
Time:   3360s, Mem: 46.1GB - scanned:   272070875 [  275008229] - remaining:   571957585 [  571957585@22.4] - user time: 24232s
Time:   3390s, Mem: 46.1GB - scanned:   272246075 [  275185803] - remaining:   572015574 [  572015574@22.4] - user time: 24266s
Time:   3420s, Mem: 46.1GB - scanned:   272436470 [  275395452] - remaining:   571923606 [  571923606@22.4] - user time: 24304s
Time:   3450s, Mem: 46.1GB - scanned:   272619384 [  275582512] - remaining:   571965423 [  571965423@22.4] - user time: 24345s
Time:   3480s, Mem: 46.1GB - scanned:   272939091 [  275915322] - remaining:   571818150 [  571818150@22.4] - user time: 24401s
Time:   3510s, Mem: 46.1GB - scanned:   273161150 [  276141545] - remaining:   571978710 [  571978710@22.4] - user time: 24450s
Time:   3540s, Mem: 46.1GB - scanned:   273376818 [  276365728] - remaining:   571941153 [  571941153@22.4] - user time: 24497s
Time:   3570s, Mem: 46.1GB - scanned:   273588843 [  276588530] - remaining:   571823838 [  571823838@22.4] - user time: 24541s
Time:   3600s, Mem: 46.1GB - scanned:   273764013 [  276771244] - remaining:   571754097 [  571754097@22.4] - user time: 24582s
Time:   3630s, Mem: 46.1GB - scanned:   274001003 [  277035625] - remaining:   571618086 [  571618086@22.4] - user time: 24629s
Time:   3660s, Mem: 46.1GB - scanned:   274265220 [  277333199] - remaining:   571479317 [  571479317@22.4] - user time: 24676s
Time:   3690s, Mem: 46.1GB - scanned:   274434330 [  277521465] - remaining:   571474071 [  571474071@22.4] - user time: 24714s
Time:   3720s, Mem: 46.1GB - scanned:   274545982 [  277635360] - remaining:   571466813 [  571466813@22.4] - user time: 24744s
Time:   3750s, Mem: 46.1GB - scanned:   274616051 [  277708088] - remaining:   571465601 [  571465601@22.4] - user time: 24765s
Time:   3780s, Mem: 46.1GB - scanned:   274677013 [  277771693] - remaining:   571447207 [  571447207@22.4] - user time: 24786s
Time:   3810s, Mem: 46.1GB - scanned:   274741898 [  277842959] - remaining:   571388633 [  571388633@22.4] - user time: 24799s
Time:   3840s, Mem: 46.1GB - scanned:   274780704 [  277886551] - remaining:   571418197 [  571418197@22.4] - user time: 24807s
Time:   3870s, Mem: 46.1GB - scanned:   274821183 [  277929841] - remaining:   571402307 [  571402307@22.4] - user time: 24820s
Time:   3900s, Mem: 46.1GB - scanned:   274856819 [  277969344] - remaining:   571384102 [  571384102@22.4] - user time: 24826s
Time:   3930s, Mem: 46.1GB - scanned:   274887494 [  278002011] - remaining:   571376793 [  571376793@22.4] - user time: 24834s
Time:   3960s, Mem: 46.1GB - scanned:   274917587 [  278037811] - remaining:   571361305 [  571361305@22.4] - user time: 24841s
Time:   3990s, Mem: 46.1GB - scanned:   274945878 [  278068165] - remaining:   571363532 [  571363532@22.4] - user time: 24848s
Time:   4020s, Mem: 46.1GB - scanned:   274967589 [  278092583] - remaining:   571380156 [  571380156@22.4] - user time: 24852s
Time:   4050s, Mem: 46.1GB - scanned:   274986166 [  278111160] - remaining:   571416632 [  571416632@22.4] - user time: 24856s
Time:   4080s, Mem: 46.1GB - scanned:   275005296 [  278130290] - remaining:   571445684 [  571445684@22.4] - user time: 24865s
Time:   4110s, Mem: 46.1GB - scanned:   275022143 [  278147137] - remaining:   571473423 [  571473423@22.4] - user time: 24869s
Time:   4140s, Mem: 46.1GB - scanned:   275038796 [  278163790] - remaining:   571504669 [  571504669@22.4] - user time: 24872s
Time:   4170s, Mem: 46.1GB - scanned:   275050148 [  278175142] - remaining:   571520551 [  571520551@22.4] - user time: 24875s
Time:   4200s, Mem: 46.1GB - scanned:   275064412 [  278189406] - remaining:   571541658 [  571541658@22.4] - user time: 24880s
Time:   4230s, Mem: 46.1GB - scanned:   275077684 [  278202678] - remaining:   571568669 [  571568669@22.4] - user time: 24883s
Time:   4260s, Mem: 46.1GB - scanned:   275092408 [  278217402] - remaining:   571585137 [  571585137@22.4] - user time: 24887s
Time:   4290s, Mem: 46.1GB - scanned:   275103757 [  278228751] - remaining:   571604746 [  571604746@22.4] - user time: 24889s
Time:   4320s, Mem: 46.1GB - scanned:   275114717 [  278239711] - remaining:   571626370 [  571626370@22.4] - user time: 24897s
Time:   4350s, Mem: 46.1GB - scanned:   275125429 [  278250423] - remaining:   571662919 [  571662919@22.4] - user time: 24901s
Time:   4380s, Mem: 46.1GB - scanned:   275139391 [  278264385] - remaining:   571707176 [  571707176@22.4] - user time: 24910s
Time:   4410s, Mem: 46.1GB - scanned:   275149940 [  278274934] - remaining:   571745140 [  571745140@22.4] - user time: 24914s
Time:   4440s, Mem: 46.1GB - scanned:   275159018 [  278284012] - remaining:   571764463 [  571764463@22.4] - user time: 24916s
Time:   4470s, Mem: 46.1GB - scanned:   275167383 [  278292377] - remaining:   571774187 [  571774187@22.4] - user time: 24917s
Time:   4500s, Mem: 46.1GB - scanned:   275177070 [  278302064] - remaining:   571786680 [  571786680@22.4] - user time: 24919s
Time:   4530s, Mem: 46.1GB - scanned:   275186161 [  278311155] - remaining:   571792072 [  571792072@22.4] - user time: 24921s
Time:   4560s, Mem: 46.1GB - scanned:   275196052 [  278321046] - remaining:   571789522 [  571789522@22.4] - user time: 24923s
Time:   4590s, Mem: 46.1GB - scanned:   275205989 [  278330983] - remaining:   571782879 [  571782879@22.4] - user time: 24926s
Time:   4620s, Mem: 46.1GB - scanned:   275214105 [  278339099] - remaining:   571786498 [  571786498@22.4] - user time: 24928s
Time:   4650s, Mem: 46.1GB - scanned:   275222935 [  278347963] - remaining:   571788357 [  571788357@22.4] - user time: 24929s
Time:   4680s, Mem: 46.1GB - scanned:   275232882 [  278357944] - remaining:   571797573 [  571797573@22.4] - user time: 24933s
Time:   4710s, Mem: 46.1GB - scanned:   275241421 [  278366483] - remaining:   571822553 [  571822553@22.4] - user time: 24935s
Time:   4740s, Mem: 46.1GB - scanned:   275250603 [  278375665] - remaining:   571851847 [  571851847@22.4] - user time: 24941s
Time:   4770s, Mem: 46.1GB - scanned:   275259013 [  278384075] - remaining:   571875087 [  571875087@22.4] - user time: 24946s
Time:   4800s, Mem: 46.1GB - scanned:   275266969 [  278392031] - remaining:   571902168 [  571902168@22.4] - user time: 24947s
Time:   4830s, Mem: 46.1GB - scanned:   275276196 [  278401258] - remaining:   571934183 [  571934183@22.4] - user time: 24949s
Time:   4860s, Mem: 46.1GB - scanned:   275284111 [  278409173] - remaining:   571951741 [  571951741@22.4] - user time: 24950s
Time:   4890s, Mem: 46.1GB - scanned:   275292220 [  278417282] - remaining:   571970127 [  571970127@22.4] - user time: 24952s
Time:   4920s, Mem: 46.1GB - scanned:   275300665 [  278425727] - remaining:   571984812 [  571984812@22.4] - user time: 24954s
Time:   4950s, Mem: 46.1GB - scanned:   275308386 [  278433448] - remaining:   572000134 [  572000134@22.4] - user time: 24955s
Time:   4980s, Mem: 46.1GB - scanned:   275316413 [  278441475] - remaining:   572019625 [  572019625@22.4] - user time: 24957s
Time:   5010s, Mem: 46.1GB - scanned:   275324682 [  278449744] - remaining:   572036007 [  572036007@22.4] - user time: 24960s
Time:   5040s, Mem: 46.1GB - scanned:   275332282 [  278457344] - remaining:   572051815 [  572051815@22.4] - user time: 24961s
Time:   5070s, Mem: 46.1GB - scanned:   275340002 [  278465064] - remaining:   572066951 [  572066951@22.4] - user time: 24964s
Time:   5100s, Mem: 46.1GB - scanned:   275348259 [  278473321] - remaining:   572078381 [  572078381@22.4] - user time: 24967s
Time:   5130s, Mem: 46.1GB - scanned:   275358074 [  278483136] - remaining:   572091340 [  572091340@22.4] - user time: 24970s
Time:   5160s, Mem: 46.1GB - scanned:   275365331 [  278490393] - remaining:   572091377 [  572091377@22.4] - user time: 24971s
Time:   5190s, Mem: 46.1GB - scanned:   275372459 [  278497521] - remaining:   572084773 [  572084773@22.4] - user time: 24972s
Time:   5220s, Mem: 46.1GB - scanned:   275380240 [  278505302] - remaining:   572085968 [  572085968@22.4] - user time: 24974s
Time:   5250s, Mem: 46.1GB - scanned:   275386831 [  278511893] - remaining:   572081059 [  572081059@22.4] - user time: 24975s
Time:   5280s, Mem: 46.1GB - scanned:   275393334 [  278518396] - remaining:   572082620 [  572082620@22.4] - user time: 24976s
Time:   5310s, Mem: 46.1GB - scanned:   275401457 [  278526644] - remaining:   572084668 [  572084668@22.4] - user time: 24977s
Time:   5340s, Mem: 46.1GB - scanned:   275408876 [  278534063] - remaining:   572087353 [  572087353@22.4] - user time: 24979s
Time:   5370s, Mem: 46.1GB - scanned:   275414911 [  278540717] - remaining:   572088072 [  572088072@22.4] - user time: 24979s
Time:   5400s, Mem: 46.1GB - scanned:   275421046 [  278546852] - remaining:   572090606 [  572090606@22.4] - user time: 24980s
Time:   5430s, Mem: 46.1GB - scanned:   275427315 [  278553121] - remaining:   572091280 [  572091280@22.4] - user time: 24981s
Time:   5460s, Mem: 46.1GB - scanned:   275435306 [  278561112] - remaining:   572094866 [  572094866@22.4] - user time: 24985s
Time:   5490s, Mem: 46.1GB - scanned:   275442652 [  278568458] - remaining:   572101126 [  572101126@22.4] - user time: 24987s
Time:   5520s, Mem: 46.1GB - scanned:   275451115 [  278577679] - remaining:   572091743 [  572091743@22.4] - user time: 24990s
Time:   5550s, Mem: 46.1GB - scanned:   275458141 [  278584897] - remaining:   572089294 [  572089294@22.4] - user time: 24993s
Time:   5580s, Mem: 46.1GB - scanned:   275465166 [  278591922] - remaining:   572090953 [  572090953@22.4] - user time: 24994s
Time:   5610s, Mem: 46.1GB - scanned:   275471492 [  278598248] - remaining:   572095340 [  572095340@22.4] - user time: 24995s
Time:   5640s, Mem: 46.1GB - scanned:   275477681 [  278604437] - remaining:   572099895 [  572099895@22.4] - user time: 24997s
Time:   5670s, Mem: 46.1GB - scanned:   275483041 [  278609797] - remaining:   572102644 [  572102644@22.4] - user time: 24998s
Time:   5700s, Mem: 46.1GB - scanned:   275489530 [  278616286] - remaining:   572109172 [  572109172@22.4] - user time: 24999s
Time:   5730s, Mem: 46.1GB - scanned:   275495692 [  278622448] - remaining:   572113864 [  572113864@22.4] - user time: 25000s
Time:   5760s, Mem: 46.1GB - scanned:   275501453 [  278628209] - remaining:   572116998 [  572116998@22.4] - user time: 25001s
Time:   5790s, Mem: 46.1GB - scanned:   275508562 [  278635318] - remaining:   572114572 [  572114572@22.4] - user time: 25003s
Time:   5820s, Mem: 46.1GB - scanned:   275514486 [  278641242] - remaining:   572111286 [  572111286@22.4] - user time: 25004s
Time:   5850s, Mem: 46.1GB - scanned:   275522412 [  278649168] - remaining:   572113102 [  572113102@22.4] - user time: 25007s
Time:   5880s, Mem: 46.1GB - scanned:   275528484 [  278655240] - remaining:   572120137 [  572120137@22.4] - user time: 25010s
Time:   5910s, Mem: 46.1GB - scanned:   275535556 [  278662312] - remaining:   572120859 [  572120859@22.4] - user time: 25011s
Time:   5940s, Mem: 46.1GB - scanned:   275541319 [  278668075] - remaining:   572125647 [  572125647@22.4] - user time: 25012s
Time:   5973s, Mem: 46.1GB - scanned:   275547747 [  278674503] - remaining:   572130205 [  572130205@22.4] - user time: 25013s
Time:   6003s, Mem: 46.1GB - scanned:   275554106 [  278680862] - remaining:   572136157 [  572136157@22.4] - user time: 25014s
Time:   6033s, Mem: 46.1GB - scanned:   275560842 [  278687598] - remaining:   572138324 [  572138324@22.4] - user time: 25018s
Time:   6063s, Mem: 46.1GB - scanned:   275567166 [  278693922] - remaining:   572134947 [  572134947@22.4] - user time: 25019s
Time:   6093s, Mem: 46.1GB - scanned:   275573578 [  278700549] - remaining:   572127180 [  572127180@22.4] - user time: 25020s
Time:   6167s, Mem: 46.1GB - scanned:   275589572 [  278717111] - remaining:   572110137 [  572110137@22.4] - user time: 25022s
Time:   6198s, Mem: 46.1GB - scanned:   275595940 [  278723734] - remaining:   572104570 [  572104570@22.4] - user time: 25024s
Time:   6228s, Mem: 46.1GB - scanned:   275602611 [  278730966] - remaining:   572095058 [  572095058@22.4] - user time: 25026s
Time:   6258s, Mem: 46.1GB - scanned:   275608989 [  278737653] - remaining:   572089239 [  572089239@22.4] - user time: 25029s
Time:   6288s, Mem: 46.1GB - scanned:   275615830 [  278744806] - remaining:   572081754 [  572081754@22.4] - user time: 25030s
Time:   6318s, Mem: 46.1GB - scanned:   275622130 [  278751629] - remaining:   572072662 [  572072662@22.4] - user time: 25033s
Time:   6348s, Mem: 46.1GB - scanned:   275628343 [  278758235] - remaining:   572068827 [  572068827@22.4] - user time: 25034s
Time:   6378s, Mem: 46.1GB - scanned:   275634722 [  278764614] - remaining:   572069975 [  572069975@22.4] - user time: 25037s
Time:   6408s, Mem: 46.1GB - scanned:   275640253 [  278770145] - remaining:   572077372 [  572077372@22.4] - user time: 25038s
Time:   6438s, Mem: 46.1GB - scanned:   275645769 [  278775661] - remaining:   572096355 [  572096355@22.4] - user time: 25041s
Time:   6468s, Mem: 46.1GB - scanned:   275651955 [  278781847] - remaining:   572112195 [  572112195@22.4] - user time: 25042s
Time:   6498s, Mem: 46.1GB - scanned:   275658444 [  278788336] - remaining:   572148473 [  572148473@22.4] - user time: 25045s
Time:   6528s, Mem: 46.1GB - scanned:   275665315 [  278795231] - remaining:   572157692 [  572157692@22.4] - user time: 25048s
Time:   6558s, Mem: 46.1GB - scanned:   275671256 [  278801337] - remaining:   572158298 [  572158298@22.4] - user time: 25049s
Time:   6588s, Mem: 46.1GB - scanned:   275677091 [  278807320] - remaining:   572153381 [  572153381@22.4] - user time: 25050s
Time:   6618s, Mem: 46.1GB - scanned:   275683610 [  278814330] - remaining:   572147037 [  572147037@22.4] - user time: 25051s
Time:   6648s, Mem: 46.1GB - scanned:   275689367 [  278820087] - remaining:   572162624 [  572162624@22.4] - user time: 25052s
Time:   6678s, Mem: 46.1GB - scanned:   275694887 [  278825607] - remaining:   572176698 [  572176698@22.4] - user time: 25058s
Time:   6708s, Mem: 46.1GB - scanned:   275701588 [  278832308] - remaining:   572192167 [  572192167@22.4] - user time: 25062s
Time:   6738s, Mem: 46.1GB - scanned:   275708364 [  278839084] - remaining:   572206099 [  572206099@22.4] - user time: 25067s
Time:   6768s, Mem: 46.1GB - scanned:   275713987 [  278844707] - remaining:   572220922 [  572220922@22.4] - user time: 25068s
Time:   6798s, Mem: 46.1GB - scanned:   275719462 [  278850182] - remaining:   572233034 [  572233034@22.4] - user time: 25069s
Time:   6828s, Mem: 46.1GB - scanned:   275725477 [  278856197] - remaining:   572243786 [  572243786@22.4] - user time: 25070s
Time:   6872s, Mem: 46.1GB - scanned:   275733740 [  278864460] - remaining:   572256016 [  572256016@22.4] - user time: 25072s
Time:   6902s, Mem: 46.1GB - scanned:   275739949 [  278870669] - remaining:   572268795 [  572268795@22.4] - user time: 25073s
Time:   6932s, Mem: 46.1GB - scanned:   275746212 [  278876932] - remaining:   572279621 [  572279621@22.4] - user time: 25074s
Time:   6962s, Mem: 46.1GB - scanned:   275752828 [  278883548] - remaining:   572285434 [  572285434@22.4] - user time: 25075s
Time:   6992s, Mem: 46.1GB - scanned:   275759064 [  278889784] - remaining:   572292604 [  572292604@22.4] - user time: 25078s
Time:   7022s, Mem: 46.1GB - scanned:   275764990 [  278895710] - remaining:   572300659 [  572300659@22.4] - user time: 25082s
Time:   7052s, Mem: 46.1GB - scanned:   275770223 [  278900943] - remaining:   572301472 [  572301472@22.4] - user time: 25083s
Time:   7082s, Mem: 46.1GB - scanned:   275775499 [  278906219] - remaining:   572295602 [  572295602@22.4] - user time: 25084s
Time:   7112s, Mem: 46.1GB - scanned:   275782430 [  278913150] - remaining:   572291888 [  572291888@22.4] - user time: 25086s
Time:   7142s, Mem: 46.1GB - scanned:   275787468 [  278918290] - remaining:   572285948 [  572285948@22.4] - user time: 25087s
Time:   7172s, Mem: 46.1GB - scanned:   275793482 [  278924304] - remaining:   572292079 [  572292079@22.4] - user time: 25092s
Time:   7202s, Mem: 46.1GB - scanned:   275799288 [  278930110] - remaining:   572288318 [  572288318@22.4] - user time: 25094s
Time:   7232s, Mem: 46.1GB - scanned:   275804865 [  278935687] - remaining:   572284724 [  572284724@22.4] - user time: 25095s
Time:   7262s, Mem: 46.1GB - scanned:   275811352 [  278942529] - remaining:   572278878 [  572278878@22.4] - user time: 25096s
Time:   7292s, Mem: 46.1GB - scanned:   275816535 [  278947806] - remaining:   572277126 [  572277126@22.4] - user time: 25097s
Time:   7322s, Mem: 46.1GB - scanned:   275821939 [  278953210] - remaining:   572278587 [  572278587@22.4] - user time: 25097s
Time:   7352s, Mem: 46.1GB - scanned:   275827844 [  278959115] - remaining:   572278559 [  572278559@22.4] - user time: 25098s
Time:   7382s, Mem: 46.1GB - scanned:   275834414 [  278965685] - remaining:   572283638 [  572283638@22.4] - user time: 25100s
Time:   7412s, Mem: 46.1GB - scanned:   275840045 [  278971316] - remaining:   572281381 [  572281381@22.4] - user time: 25103s
Time:   7442s, Mem: 46.1GB - scanned:   275845773 [  278977044] - remaining:   572281471 [  572281471@22.4] - user time: 25105s
Time:   7472s, Mem: 46.1GB - scanned:   275851442 [  278982713] - remaining:   572284142 [  572284142@22.4] - user time: 25106s
Time:   7502s, Mem: 46.1GB - scanned:   275856663 [  278987934] - remaining:   572286097 [  572286097@22.4] - user time: 25111s
Time:   7532s, Mem: 46.1GB - scanned:   275861999 [  278993270] - remaining:   572290705 [  572290705@22.4] - user time: 25120s
Time:   7562s, Mem: 46.1GB - scanned:   275869241 [  279000512] - remaining:   572286344 [  572286344@22.4] - user time: 25121s
Time:   7592s, Mem: 46.1GB - scanned:   275875210 [  279007396] - remaining:   572278998 [  572278998@22.4] - user time: 25122s
Time:   7622s, Mem: 46.1GB - scanned:   275881508 [  279013769] - remaining:   572274880 [  572274880@22.4] - user time: 25127s
Time:   7654s, Mem: 46.1GB - scanned:   275888327 [  279020755] - remaining:   572268772 [  572268772@22.4] - user time: 25128s
Time:   7684s, Mem: 46.1GB - scanned:   275894166 [  279026594] - remaining:   572266126 [  572266126@22.4] - user time: 25132s
Time:   7714s, Mem: 46.1GB - scanned:   275899134 [  279031562] - remaining:   572264391 [  572264391@22.4] - user time: 25134s
Time:   7744s, Mem: 46.1GB - scanned:   275905453 [  279037881] - remaining:   572260052 [  572260052@22.4] - user time: 25135s
Time:   7774s, Mem: 46.1GB - scanned:   275909835 [  279042263] - remaining:   572254603 [  572254603@22.4] - user time: 25137s
Time:   7804s, Mem: 46.1GB - scanned:   275914841 [  279047269] - remaining:   572253123 [  572253123@22.4] - user time: 25138s
Time:   7834s, Mem: 46.1GB - scanned:   275920194 [  279052622] - remaining:   572256377 [  572256377@22.4] - user time: 25139s
Time:   7864s, Mem: 46.1GB - scanned:   275925716 [  279058144] - remaining:   572260055 [  572260055@22.4] - user time: 25140s
Time:   7894s, Mem: 46.1GB - scanned:   275931985 [  279064764] - remaining:   572251025 [  572251025@22.4] - user time: 25142s
Time:   7924s, Mem: 46.1GB - scanned:   275937967 [  279071069] - remaining:   572241079 [  572241079@22.4] - user time: 25143s
Time:   7954s, Mem: 46.1GB - scanned:   275942921 [  279076309] - remaining:   572236653 [  572236653@22.4] - user time: 25144s
Time:   7984s, Mem: 46.1GB - scanned:   275948217 [  279081605] - remaining:   572241156 [  572241156@22.4] - user time: 25145s
Time:   8018s, Mem: 46.1GB - scanned:   275954186 [  279087672] - remaining:   572243202 [  572243202@22.4] - user time: 25146s
Time:   8048s, Mem: 46.1GB - scanned:   275960152 [  279094021] - remaining:   572238530 [  572238530@22.4] - user time: 25148s
Time:   8078s, Mem: 46.1GB - scanned:   275965379 [  279099306] - remaining:   572241495 [  572241495@22.4] - user time: 25149s
Time:   8108s, Mem: 46.1GB - scanned:   275970174 [  279104260] - remaining:   572240474 [  572240474@22.4] - user time: 25149s
Time:   8138s, Mem: 46.1GB - scanned:   275976466 [  279110617] - remaining:   572241711 [  572241711@22.4] - user time: 25151s
Time:   8168s, Mem: 46.1GB - scanned:   275981664 [  279115815] - remaining:   572245715 [  572245715@22.4] - user time: 25152s
Time:   8198s, Mem: 46.1GB - scanned:   275986584 [  279120735] - remaining:   572251630 [  572251630@22.4] - user time: 25156s
Time:   8228s, Mem: 46.1GB - scanned:   275993209 [  279127800] - remaining:   572247361 [  572247361@22.4] - user time: 25158s
Time:   8258s, Mem: 46.1GB - scanned:   275999153 [  279134169] - remaining:   572245755 [  572245755@22.4] - user time: 25159s
Time:   8288s, Mem: 46.1GB - scanned:   276005004 [  279140548] - remaining:   572241393 [  572241393@22.4] - user time: 25160s
Time:   8318s, Mem: 46.1GB - scanned:   276010230 [  279145774] - remaining:   572243703 [  572243703@22.4] - user time: 25160s
Time:   8357s, Mem: 46.1GB - scanned:   276016248 [  279151792] - remaining:   572251591 [  572251591@22.4] - user time: 25165s
Time:   8387s, Mem: 46.1GB - scanned:   276021511 [  279157055] - remaining:   572253916 [  572253916@22.4] - user time: 25166s
Time:   8417s, Mem: 46.1GB - scanned:   276027833 [  279163377] - remaining:   572262932 [  572262932@22.4] - user time: 25169s
Time:   8447s, Mem: 46.1GB - scanned:   276033858 [  279169402] - remaining:   572267681 [  572267681@22.4] - user time: 25173s
Time:   8477s, Mem: 46.1GB - scanned:   276039973 [  279175517] - remaining:   572267585 [  572267585@22.4] - user time: 25174s
Time:   8521s, Mem: 46.1GB - scanned:   276047739 [  279183427] - remaining:   572264772 [  572264772@22.4] - user time: 25175s
Time:   8551s, Mem: 46.1GB - scanned:   276053004 [  279189069] - remaining:   572260581 [  572260581@22.4] - user time: 25176s
Time:   8581s, Mem: 46.1GB - scanned:   276059125 [  279195714] - remaining:   572256313 [  572256313@22.4] - user time: 25179s
Time:   8611s, Mem: 46.1GB - scanned:   276063869 [  279200910] - remaining:   572254871 [  572254871@22.4] - user time: 25180s
Time:   8641s, Mem: 46.1GB - scanned:   276069198 [  279206548] - remaining:   572254550 [  572254550@22.4] - user time: 25180s
Time:   8671s, Mem: 46.1GB - scanned:   276073596 [  279211575] - remaining:   572250978 [  572250978@22.4] - user time: 25182s
Time:   8701s, Mem: 46.1GB - scanned:   276078237 [  279216504] - remaining:   572249513 [  572249513@22.4] - user time: 25183s
Time:   8731s, Mem: 46.1GB - scanned:   276083597 [  279221925] - remaining:   572245812 [  572245812@22.4] - user time: 25184s
Time:   8761s, Mem: 46.1GB - scanned:   276088742 [  279227721] - remaining:   572240317 [  572240317@22.4] - user time: 25185s
Time:   8791s, Mem: 46.1GB - scanned:   276092745 [  279231724] - remaining:   572243893 [  572243893@22.4] - user time: 25185s
Time:   8821s, Mem: 46.1GB - scanned:   276097076 [  279236055] - remaining:   572246795 [  572246795@22.4] - user time: 25186s
Time:   8851s, Mem: 46.1GB - scanned:   276101908 [  279240887] - remaining:   572247930 [  572247930@22.4] - user time: 25190s
Time:   8881s, Mem: 46.1GB - scanned:   276106813 [  279245792] - remaining:   572250179 [  572250179@22.4] - user time: 25191s
Time:   8911s, Mem: 46.1GB - scanned:   276111497 [  279250476] - remaining:   572251592 [  572251592@22.4] - user time: 25192s
Time:   8941s, Mem: 46.1GB - scanned:   276115894 [  279254873] - remaining:   572254347 [  572254347@22.4] - user time: 25193s
Time:   8971s, Mem: 46.1GB - scanned:   276119483 [  279258462] - remaining:   572256371 [  572256371@22.4] - user time: 25194s
Time:   9001s, Mem: 46.1GB - scanned:   276124125 [  279263104] - remaining:   572259822 [  572259822@22.4] - user time: 25195s
Time:   9031s, Mem: 46.1GB - scanned:   276128636 [  279267615] - remaining:   572263376 [  572263376@22.4] - user time: 25196s
Time:   9061s, Mem: 46.1GB - scanned:   276133332 [  279272311] - remaining:   572264459 [  572264459@22.4] - user time: 25197s
Time:   9091s, Mem: 46.1GB - scanned:   276137188 [  279276167] - remaining:   572268137 [  572268137@22.4] - user time: 25197s
Time:   9121s, Mem: 46.1GB - scanned:   276142314 [  279281293] - remaining:   572272767 [  572272767@22.4] - user time: 25198s
Time:   9151s, Mem: 46.1GB - scanned:   276147747 [  279286726] - remaining:   572276322 [  572276322@22.4] - user time: 25201s
Time:   9181s, Mem: 46.1GB - scanned:   276152735 [  279291714] - remaining:   572278816 [  572278816@22.4] - user time: 25202s
Time:   9211s, Mem: 46.1GB - scanned:   276158056 [  279297035] - remaining:   572281904 [  572281904@22.4] - user time: 25203s
Time:   9241s, Mem: 46.1GB - scanned:   276163099 [  279302078] - remaining:   572282507 [  572282507@22.4] - user time: 25207s
Time:   9271s, Mem: 46.1GB - scanned:   276167521 [  279306500] - remaining:   572280267 [  572280267@22.4] - user time: 25207s
Time:   9301s, Mem: 46.1GB - scanned:   276171812 [  279310791] - remaining:   572280389 [  572280389@22.4] - user time: 25208s
Time:   9331s, Mem: 46.1GB - scanned:   276176902 [  279315881] - remaining:   572283162 [  572283162@22.4] - user time: 25209s
Time:   9367s, Mem: 46.1GB - scanned:   276183363 [  279322342] - remaining:   572283718 [  572283718@22.4] - user time: 25210s
Time:   9397s, Mem: 46.1GB - scanned:   276188096 [  279327075] - remaining:   572283728 [  572283728@22.4] - user time: 25211s
Time:   9427s, Mem: 46.1GB - scanned:   276193195 [  279332174] - remaining:   572282800 [  572282800@22.4] - user time: 25212s
Time:   9457s, Mem: 46.1GB - scanned:   276198060 [  279337039] - remaining:   572279722 [  572279722@22.4] - user time: 25213s
Time:   9487s, Mem: 46.1GB - scanned:   276203189 [  279342168] - remaining:   572280299 [  572280299@22.4] - user time: 25214s
Time:   9517s, Mem: 46.1GB - scanned:   276208906 [  279347885] - remaining:   572281078 [  572281078@22.4] - user time: 25215s
Time:   9547s, Mem: 46.1GB - scanned:   276213197 [  279352176] - remaining:   572280523 [  572280523@22.4] - user time: 25216s
Time:   9577s, Mem: 46.1GB - scanned:   276217596 [  279356575] - remaining:   572280672 [  572280672@22.4] - user time: 25220s
Time:   9607s, Mem: 46.1GB - scanned:   276222532 [  279361511] - remaining:   572282487 [  572282487@22.4] - user time: 25221s
Time:   9637s, Mem: 46.1GB - scanned:   276227350 [  279366329] - remaining:   572285864 [  572285864@22.4] - user time: 25222s
Time:   9667s, Mem: 46.1GB - scanned:   276232200 [  279371179] - remaining:   572286200 [  572286200@22.4] - user time: 25224s
Time:   9697s, Mem: 46.1GB - scanned:   276237448 [  279376427] - remaining:   572289694 [  572289694@22.4] - user time: 25224s
Time:   9727s, Mem: 46.1GB - scanned:   276242793 [  279381772] - remaining:   572288796 [  572288796@22.4] - user time: 25225s
Time:   9765s, Mem: 46.1GB - scanned:   276247455 [  279386434] - remaining:   572292114 [  572292114@22.4] - user time: 25228s
Time:   9795s, Mem: 46.1GB - scanned:   276252866 [  279391845] - remaining:   572294414 [  572294414@22.4] - user time: 25231s
Time:   9825s, Mem: 46.1GB - scanned:   276258059 [  279397038] - remaining:   572298094 [  572298094@22.4] - user time: 25232s
Time:   9855s, Mem: 46.1GB - scanned:   276262286 [  279401265] - remaining:   572300221 [  572300221@22.4] - user time: 25233s
Time:   9885s, Mem: 46.1GB - scanned:   276267032 [  279406011] - remaining:   572301990 [  572301990@22.4] - user time: 25233s
Time:   9915s, Mem: 46.1GB - scanned:   276271626 [  279410605] - remaining:   572305762 [  572305762@22.4] - user time: 25237s
Time:   9964s, Mem: 46.1GB - scanned:   276278872 [  279417851] - remaining:   572314616 [  572314616@22.4] - user time: 25238s
Time:   9994s, Mem: 46.1GB - scanned:   276283851 [  279422830] - remaining:   572314745 [  572314745@22.4] - user time: 25239s
Time:  10024s, Mem: 46.1GB - scanned:   276288508 [  279427487] - remaining:   572316140 [  572316140@22.4] - user time: 25240s
Time:  10054s, Mem: 46.1GB - scanned:   276293569 [  279432548] - remaining:   572319370 [  572319370@22.4] - user time: 25242s
Time:  10084s, Mem: 46.1GB - scanned:   276298147 [  279437126] - remaining:   572316070 [  572316070@22.4] - user time: 25244s
Time:  10114s, Mem: 46.1GB - scanned:   276303763 [  279442742] - remaining:   572316126 [  572316126@22.4] - user time: 25246s
Time:  10144s, Mem: 46.1GB - scanned:   276308733 [  279447712] - remaining:   572313797 [  572313797@22.4] - user time: 25246s
Time:  10174s, Mem: 46.1GB - scanned:   276313316 [  279452295] - remaining:   572310786 [  572310786@22.4] - user time: 25247s
Time:  10204s, Mem: 46.1GB - scanned:   276317837 [  279456816] - remaining:   572309816 [  572309816@22.4] - user time: 25248s
Time:  10234s, Mem: 46.1GB - scanned:   276322654 [  279461633] - remaining:   572309390 [  572309390@22.4] - user time: 25249s
Time:  10264s, Mem: 46.1GB - scanned:   276327544 [  279466523] - remaining:   572306396 [  572306396@22.4] - user time: 25250s
Time:  10294s, Mem: 46.1GB - scanned:   276333137 [  279472116] - remaining:   572303918 [  572303918@22.4] - user time: 25251s
Time:  10324s, Mem: 46.1GB - scanned:   276337454 [  279476441] - remaining:   572300383 [  572300383@22.4] - user time: 25251s
Time:  10354s, Mem: 46.1GB - scanned:   276342213 [  279481305] - remaining:   572294962 [  572294962@22.4] - user time: 25253s
Time:  10384s, Mem: 46.1GB - scanned:   276347166 [  279486316] - remaining:   572291315 [  572291315@22.4] - user time: 25254s
Time:  10414s, Mem: 46.1GB - scanned:   276352852 [  279492002] - remaining:   572289256 [  572289256@22.4] - user time: 25260s
Time:  10444s, Mem: 46.1GB - scanned:   276357195 [  279496487] - remaining:   572284452 [  572284452@22.4] - user time: 25261s
Time:  10474s, Mem: 46.1GB - scanned:   276361298 [  279500640] - remaining:   572281607 [  572281607@22.4] - user time: 25263s
Time:  10504s, Mem: 46.1GB - scanned:   276365947 [  279505376] - remaining:   572279270 [  572279270@22.4] - user time: 25267s
Time:  10541s, Mem: 46.1GB - scanned:   276372271 [  279512102] - remaining:   572275304 [  572275304@22.4] - user time: 25271s
Time:  10571s, Mem: 46.1GB - scanned:   276377658 [  279517735] - remaining:   572268944 [  572268944@22.4] - user time: 25272s
Time:  10601s, Mem: 46.1GB - scanned:   276382986 [  279523063] - remaining:   572266725 [  572266725@22.4] - user time: 25273s
Time:  10631s, Mem: 46.1GB - scanned:   276387610 [  279527687] - remaining:   572264137 [  572264137@22.4] - user time: 25274s
Time:  10661s, Mem: 46.1GB - scanned:   276392567 [  279532644] - remaining:   572261615 [  572261615@22.4] - user time: 25274s
Time:  10691s, Mem: 46.1GB - scanned:   276396499 [  279536576] - remaining:   572261481 [  572261481@22.4] - user time: 25275s
Time:  10721s, Mem: 46.1GB - scanned:   276401527 [  279541604] - remaining:   572258909 [  572258909@22.4] - user time: 25276s
Time:  10759s, Mem: 46.1GB - scanned:   276407094 [  279547489] - remaining:   572254358 [  572254358@22.4] - user time: 25277s
Time:  10789s, Mem: 46.1GB - scanned:   276410762 [  279551463] - remaining:   572251500 [  572251500@22.4] - user time: 25277s
Time:  10819s, Mem: 46.1GB - scanned:   276416054 [  279556808] - remaining:   572247745 [  572247745@22.4] - user time: 25281s
Time:  10857s, Mem: 46.1GB - scanned:   276422220 [  279563231] - remaining:   572243614 [  572243614@22.4] - user time: 25284s
Time:  10887s, Mem: 46.1GB - scanned:   276427366 [  279568396] - remaining:   572239004 [  572239004@22.4] - user time: 25286s
Time:  10917s, Mem: 46.1GB - scanned:   276432622 [  279574202] - remaining:   572232531 [  572232531@22.4] - user time: 25290s
Time:  10947s, Mem: 46.1GB - scanned:   276437370 [  279579171] - remaining:   572228121 [  572228121@22.4] - user time: 25291s
Time:  10977s, Mem: 46.1GB - scanned:   276442423 [  279584380] - remaining:   572223568 [  572223568@22.4] - user time: 25292s
Time:  11007s, Mem: 46.1GB - scanned:   276446803 [  279588760] - remaining:   572220658 [  572220658@22.4] - user time: 25292s
Time:  11037s, Mem: 46.1GB - scanned:   276451407 [  279593396] - remaining:   572217638 [  572217638@22.4] - user time: 25293s
Time:  11067s, Mem: 46.1GB - scanned:   276455423 [  279597501] - remaining:   572212822 [  572212822@22.4] - user time: 25295s
Time:  11097s, Mem: 46.1GB - scanned:   276460660 [  279602913] - remaining:   572208593 [  572208593@22.4] - user time: 25299s
Time:  11127s, Mem: 46.1GB - scanned:   276465504 [  279608021] - remaining:   572203478 [  572203478@22.4] - user time: 25300s
Time:  11157s, Mem: 46.1GB - scanned:   276470924 [  279613835] - remaining:   572196062 [  572196062@22.4] - user time: 25301s
Time:  11187s, Mem: 46.1GB - scanned:   276475830 [  279620042] - remaining:   572189538 [  572189538@22.4] - user time: 25301s
Time:  11217s, Mem: 46.1GB - scanned:   276481188 [  279625998] - remaining:   572186171 [  572186171@22.4] - user time: 25304s
Time:  11247s, Mem: 46.1GB - scanned:   276485755 [  279631959] - remaining:   572181822 [  572181822@22.4] - user time: 25304s
Time:  11277s, Mem: 46.1GB - scanned:   276490224 [  279637272] - remaining:   572178049 [  572178049@22.4] - user time: 25305s
Time:  11307s, Mem: 46.1GB - scanned:   276494930 [  279641978] - remaining:   572175237 [  572175237@22.4] - user time: 25307s
Time:  11337s, Mem: 46.1GB - scanned:   276499517 [  279647092] - remaining:   572173057 [  572173057@22.4] - user time: 25308s
