Time:     30s, Mem:  1.5GB - scanned:     3099052 [    3099052] - remaining:    44111809 [    3931241@17.5] - user time: 350s
Time:     60s, Mem:  3.0GB - scanned:     6465210 [    6465210] - remaining:    84969703 [   10112332@17.6] - user time: 706s
Time:     90s, Mem:  4.1GB - scanned:    10709542 [   10709542] - remaining:    97874831 [    4160984@18.4] - user time: 1065s
Time:    120s, Mem:  4.8GB - scanned:    13714257 [   13714257] - remaining:   113546578 [   14211893@18.5] - user time: 1420s
Time:    150s, Mem:  5.5GB - scanned:    16311850 [   16311850] - remaining:   134429059 [   19940246@18.5] - user time: 1777s
Time:    180s, Mem:  6.5GB - scanned:    21456003 [   21456004] - remaining:   131829395 [   30937356@18.6] - user time: 2136s
Time:    210s, Mem:  7.3GB - scanned:    25264081 [   25264081] - remaining:   151043386 [   38706395@18.6] - user time: 2494s
Time:    240s, Mem:  8.0GB - scanned:    28674790 [   28674790] - remaining:   166810542 [   43785911@18.6] - user time: 2853s
Time:    270s, Mem:  8.8GB - scanned:    32168914 [   32168914] - remaining:   184824191 [   51090350@18.6] - user time: 3210s
Time:    300s, Mem: 10.4GB - scanned:    37557423 [   37557423] - remaining:   188883466 [   43383387@18.6] - user time: 3568s
Time:    330s, Mem: 11.3GB - scanned:    44506427 [   44506469] - remaining:   155262557 [    2860986@19.3] - user time: 3926s
Time:    360s, Mem: 11.6GB - scanned:    47477124 [   47526676] - remaining:   162623366 [   16039635@19.4] - user time: 4285s
Time:    390s, Mem: 11.9GB - scanned:    49753900 [   50040365] - remaining:   170802632 [   19552345@19.4] - user time: 4645s
Time:    420s, Mem: 12.3GB - scanned:    54068457 [   54726499] - remaining:   158258507 [   49947532@19.5] - user time: 5004s
Time:    450s, Mem: 12.7GB - scanned:    56942257 [   58051496] - remaining:   167966745 [   54472200@19.5] - user time: 5364s
Time:    480s, Mem: 13.1GB - scanned:    59877833 [   61594020] - remaining:   176327193 [   58605169@19.5] - user time: 5723s
Time:    510s, Mem: 13.3GB - scanned:    62069551 [   64325008] - remaining:   181216299 [   58297122@19.5] - user time: 6083s
Time:    540s, Mem: 15.0GB - scanned:    64270020 [   67447455] - remaining:   188846964 [   61517988@19.5] - user time: 6441s
Time:    570s, Mem: 15.5GB - scanned:    66524755 [   70850747] - remaining:   198606535 [   67431994@19.5] - user time: 6800s
Time:    600s, Mem: 16.2GB - scanned:    68782588 [   74597176] - remaining:   203069654 [   68464507@19.5] - user time: 7159s
Time:    630s, Mem: 16.9GB - scanned:    73413788 [   80252062] - remaining:   194964130 [   56688172@19.5] - user time: 7518s
Time:    660s, Mem: 17.5GB - scanned:    78559204 [   86830420] - remaining:   151538389 [    8754501@19.5] - user time: 7870s
Time:    690s, Mem: 18.1GB - scanned:    81745598 [   91960860] - remaining:   148179429 [  148179429@19.6] - user time: 8229s
Time:    720s, Mem: 18.7GB - scanned:    86070795 [   98187812] - remaining:   150625149 [  150625149@19.6] - user time: 8588s
Time:    750s, Mem: 19.4GB - scanned:    90685633 [  105186948] - remaining:   150876855 [  150876855@19.6] - user time: 8948s
Time:    780s, Mem: 19.9GB - scanned:    94303060 [  110316880] - remaining:   155539384 [  155539384@19.6] - user time: 9307s
Time:    810s, Mem: 20.4GB - scanned:    97090800 [  115436086] - remaining:   164892253 [  164892253@19.6] - user time: 9666s
Time:    840s, Mem: 20.9GB - scanned:   100007020 [  120606303] - remaining:   154708716 [  154708716@19.6] - user time: 10025s
Time:    870s, Mem: 21.5GB - scanned:   102901903 [  126050056] - remaining:   155145394 [  155145394@19.6] - user time: 10385s
Time:    900s, Mem: 22.0GB - scanned:   105885139 [  131627723] - remaining:   160539213 [  160539213@19.6] - user time: 10742s
Time:    930s, Mem: 25.2GB - scanned:   108682601 [  137515784] - remaining:   166786458 [  166786458@19.6] - user time: 11099s
Time:    960s, Mem: 25.7GB - scanned:   111803398 [  145897209] - remaining:   169369769 [  169369769@19.6] - user time: 11457s
Time:    990s, Mem: 26.8GB - scanned:   114535226 [  151236680] - remaining:   169431228 [  169431228@19.6] - user time: 11816s
Time:   1020s, Mem: 27.5GB - scanned:   117104103 [  156640484] - remaining:   167370753 [  167370753@19.6] - user time: 12176s
Time:   1050s, Mem: 28.4GB - scanned:   122126535 [  164658900] - remaining:   147712732 [  147712732@19.6] - user time: 12535s
Time:   1080s, Mem: 29.7GB - scanned:   131209317 [  176427552] - remaining:    68996911 [   68996911@19.6] - user time: 12891s
Time:   1110s, Mem: 30.8GB - scanned:   137885905 [  187026514] - remaining:     8505892 [    8505892@19.6] - user time: 13250s
Time:   1140s, Mem: 30.9GB - scanned:   138811154 [  188864302] - remaining:           0 [          0@0.-1] - user time: 13296s
Time:   1170s, Mem: 30.9GB - scanned:   138811154 [  188864302] - remaining:           0 [          0@0.-1] - user time: 13322s
