Time:     30s, Mem: 4.100GB - scanned:     7455687 [    7455687] - remaining:   119777517 [   33812270@18.3] - user time: 1387s
Time:     60s, Mem: 8.869GB - scanned:    14530823 [   14530824] - remaining:   283230971 [   65772929@18.3] - user time: 2777s
Time:     90s, Mem: 10.775GB - scanned:    21834184 [   21834184] - remaining:   303412615 [   96327807@19.3] - user time: 4067s
Time:    120s, Mem: 15.831GB - scanned:    28665490 [   28665490] - remaining:   494793274 [  145955828@19.3] - user time: 5485s
Time:    150s, Mem: 22.205GB - scanned:    35863213 [   35863213] - remaining:   686453225 [  198709801@19.3] - user time: 6900s
Time:    180s, Mem: 25.257GB - scanned:    41749581 [   41749581] - remaining:   805181389 [  209274446@19.3] - user time: 8294s
Time:    210s, Mem: 26.889GB - scanned:    49152064 [   49152064] - remaining:   808125516 [  162822075@19.3] - user time: 9607s
Time:    240s, Mem: 27.621GB - scanned:    56073949 [   56073949] - remaining:   755961841 [   90115732@19.3] - user time: 10889s
Time:    270s, Mem: 28.030GB - scanned:    59973350 [   59973350] - remaining:   696816099 [   16357169@19.3] - user time: 12167s
Time:    300s, Mem: 29.140GB - scanned:    65291519 [   65291519] - remaining:   831096876 [  281903182@20.3] - user time: 13560s
Time:    330s, Mem: 36.573GB - scanned:    71514406 [   71514406] - remaining:  1018788671 [  328641370@20.3] - user time: 14951s
Time:    360s, Mem: 40.172GB - scanned:    78833262 [   78833262] - remaining:  1181554226 [  367612953@20.3] - user time: 16373s
Time:    390s, Mem: 44.840GB - scanned:    86351221 [   86351221] - remaining:  1351367384 [  410043803@20.3] - user time: 17782s
Time:    420s, Mem: 49.665GB - scanned:    93556026 [   93556026] - remaining:  1530182156 [  457222389@20.3] - user time: 19204s
Time:    450s, Mem: 54.379GB - scanned:   101105430 [  101105430] - remaining:  1701567505 [  502353091@20.3] - user time: 20624s
Time:    480s, Mem: 59.362GB - scanned:   108337940 [  108337940] - remaining:  1886378472 [  555646778@20.3] - user time: 22043s
Time:    510s, Mem: 62.617GB - scanned:   114500707 [  114500707] - remaining:  2001737463 [  568913466@20.3] - user time: 23470s
Time:    540s, Mem: 65.283GB - scanned:   120166675 [  120166675] - remaining:  2076415001 [  556507340@20.3] - user time: 24898s
Time:    570s, Mem: 69.259GB - scanned:   127053014 [  127053014] - remaining:  2216064138 [  580350225@20.3] - user time: 26322s
Time:    600s, Mem: 84.141GB - scanned:   135448727 [  135448727] - remaining:  2315604538 [  582052436@20.3] - user time: 27700s
Time:    630s, Mem: 84.141GB - scanned:   146711088 [  146711088] - remaining:  2233436634 [  467624604@20.3] - user time: 29120s
Time:    660s, Mem: 84.141GB - scanned:   158082492 [  158082492] - remaining:  2155250385 [  358568083@20.3] - user time: 30542s
Time:    690s, Mem: 84.141GB - scanned:   166559432 [  166559432] - remaining:  2071696915 [  250633609@20.3] - user time: 31945s
Time:    720s, Mem: 84.141GB - scanned:   173056112 [  173056112] - remaining:  1992268975 [  148621102@20.3] - user time: 33375s
Time:    750s, Mem: 84.141GB - scanned:   176328710 [  176328711] - remaining:  1891528741 [   37402081@20.3] - user time: 34799s
Time:    780s, Mem: 84.141GB - scanned:   182138245 [  182138245] - remaining:  1974785988 [  740643169@21.3] - user time: 36228s
Time:    810s, Mem: 84.141GB - scanned:   187893663 [  187893663] - remaining:  2184410004 [  785016758@21.3] - user time: 37665s
Time:    840s, Mem: 84.952GB - scanned:   194309722 [  194309722] - remaining:  2363424440 [  827011307@21.3] - user time: 39091s
Time:    870s, Mem: 89.749GB - scanned:   200933707 [  200933707] - remaining:  2543426094 [  872214401@21.3] - user time: 40512s
Time:    900s, Mem: 93.738GB - scanned:   208032675 [  208032675] - remaining:  2688764521 [  907619504@21.3] - user time: 41936s
Time:    930s, Mem: 97.703GB - scanned:   215332953 [  215332953] - remaining:  2831913287 [  939295281@21.3] - user time: 43361s
Time:    960s, Mem: 101.691GB - scanned:   223091899 [  223091899] - remaining:  2973123917 [  970973254@21.3] - user time: 44774s
Time:    990s, Mem: 105.865GB - scanned:   230146610 [  230146610] - remaining:  3125575494 [ 1005628657@21.3] - user time: 46178s
Time:   1020s, Mem: 110.022GB - scanned:   237692972 [  237692972] - remaining:  3274243041 [ 1043622743@21.3] - user time: 47588s
Time:   1050s, Mem: 114.188GB - scanned:   245288634 [  245288634] - remaining:  3422538288 [ 1075492042@21.3] - user time: 49012s
Time:   1080s, Mem: 118.682GB - scanned:   252297669 [  252297670] - remaining:  3588103640 [ 1118407195@21.3] - user time: 50435s
Time:   1110s, Mem: 123.004GB - scanned:   258880297 [  258880297] - remaining:  3748389434 [ 1163093991@21.3] - user time: 51801s
Time:   1140s, Mem: 126.951GB - scanned:   266565606 [  266565606] - remaining:  3887801570 [ 1192799687@21.3] - user time: 53226s
Time:   1170s, Mem: 151.420GB - scanned:   273825883 [  273825883] - remaining:  4050197049 [ 1234190162@21.3] - user time: 54628s
Time:   1200s, Mem: 151.420GB - scanned:   281752779 [  281752779] - remaining:  4206582104 [ 1274060576@21.3] - user time: 56047s
Time:   1230s, Mem: 151.420GB - scanned:   289548794 [  289548794] - remaining:  4371967589 [ 1317338518@21.3] - user time: 57467s
Time:   1260s, Mem: 151.420GB - scanned:   297203750 [  297203750] - remaining:  4541324687 [ 1358883536@21.3] - user time: 58886s
Time:   1290s, Mem: 156.274GB - scanned:   304845323 [  304845323] - remaining:  4712786793 [ 1403412380@21.3] - user time: 60304s
Time:   1320s, Mem: 161.071GB - scanned:   312557435 [  312557435] - remaining:  4883430333 [ 1451148967@21.3] - user time: 61725s
Time:   1350s, Mem: 165.640GB - scanned:   320511876 [  320511876] - remaining:  5045218500 [ 1496441466@21.3] - user time: 63146s
Time:   1380s, Mem: 169.008GB - scanned:   327227715 [  327227715] - remaining:  5162138489 [ 1514125237@21.3] - user time: 64572s
Time:   1410s, Mem: 170.122GB - scanned:   331339938 [  331339938] - remaining:  5174176205 [ 1462482101@21.3] - user time: 65998s
Time:   1440s, Mem: 171.924GB - scanned:   336944518 [  336944518] - remaining:  5207204490 [ 1425348237@21.3] - user time: 67427s
Time:   1470s, Mem: 175.430GB - scanned:   344174917 [  344174917] - remaining:  5318124776 [ 1428619910@21.3] - user time: 68854s
Time:   1500s, Mem: 178.489GB - scanned:   350948785 [  350948785] - remaining:  5410977367 [ 1427035124@21.3] - user time: 70278s
Time:   1530s, Mem: 182.678GB - scanned:   358516924 [  358516924] - remaining:  5557383848 [ 1453908300@21.3] - user time: 71702s
Time:   1560s, Mem: 186.848GB - scanned:   366049524 [  366049524] - remaining:  5701996956 [ 1483761923@21.3] - user time: 73126s
Time:   1590s, Mem: 190.800GB - scanned:   372795273 [  372795273] - remaining:  5843113075 [ 1519189595@21.3] - user time: 74535s
Time:   1620s, Mem: 194.080GB - scanned:   382997076 [  382997076] - remaining:  5924111001 [ 1502344988@21.3] - user time: 75952s
Time:   1650s, Mem: 195.573GB - scanned:   397209139 [  397209139] - remaining:  5849444552 [ 1378769289@21.3] - user time: 77351s
Time:   1680s, Mem: 196.749GB - scanned:   408343852 [  408343852] - remaining:  5746950685 [ 1251226699@21.3] - user time: 78677s
Time:   1710s, Mem: 198.065GB - scanned:   420824728 [  420824728] - remaining:  5651998465 [ 1127556239@21.3] - user time: 80044s
Time:   1740s, Mem: 199.382GB - scanned:   433307016 [  433307016] - remaining:  5553222360 [ 1000606519@21.3] - user time: 81387s
Time:   1770s, Mem: 200.610GB - scanned:   444933787 [  444933787] - remaining:  5472321075 [  883488472@21.3] - user time: 82768s
Time:   1800s, Mem: 201.383GB - scanned:   452242694 [  452242694] - remaining:  5372564885 [  762767900@21.3] - user time: 84098s
Time:   1830s, Mem: 202.455GB - scanned:   462415108 [  462415108] - remaining:  5272878351 [  637157700@21.3] - user time: 85440s
Time:   1860s, Mem: 203.451GB - scanned:   471836915 [  471836915] - remaining:  5179873872 [  516646727@21.3] - user time: 86764s
Time:   1890s, Mem: 204.085GB - scanned:   477833922 [  477833922] - remaining:  5084688806 [  399783781@21.3] - user time: 88105s
Time:   1920s, Mem: 204.427GB - scanned:   481081308 [  481081308] - remaining:  4969461698 [  274684806@21.3] - user time: 89391s
Time:   1950s, Mem: 204.749GB - scanned:   484122054 [  484122054] - remaining:  4851033396 [  147097787@21.3] - user time: 90676s
Time:   1980s, Mem: 205.147GB - scanned:   487793753 [  487793753] - remaining:  4745872095 [   23597946@21.3] - user time: 92019s
Time:   2010s, Mem: 205.845GB - scanned:   494488132 [  494488132] - remaining:  4768276823 [ 1932349398@22.3] - user time: 93438s
Time:   2040s, Mem: 206.462GB - scanned:   500365296 [  500365296] - remaining:  4846315495 [ 1972818716@22.3] - user time: 94873s
Time:   2070s, Mem: 207.084GB - scanned:   506241545 [  506241545] - remaining:  4925006476 [ 2016275374@22.3] - user time: 96312s
Time:   2100s, Mem: 207.777GB - scanned:   512815986 [  512815986] - remaining:  4996589116 [ 2053600635@22.3] - user time: 97749s
Time:   2130s, Mem: 208.487GB - scanned:   519539800 [  519539800] - remaining:  5071673391 [ 2096096146@22.3] - user time: 99187s
Time:   2160s, Mem: 209.196GB - scanned:   526269694 [  526269694] - remaining:  5145633428 [ 2138918296@22.3] - user time: 100625s
Time:   2190s, Mem: 209.899GB - scanned:   532939548 [  532939548] - remaining:  5218330155 [ 2181751665@22.3] - user time: 102055s
Time:   2220s, Mem: 257.255GB - scanned:   539688520 [  539688520] - remaining:  5282806070 [ 2218350929@22.3] - user time: 103468s
Time:   2250s, Mem: 257.255GB - scanned:   547714674 [  547714675] - remaining:  5344359464 [ 2251839813@22.3] - user time: 104903s
Time:   2280s, Mem: 257.255GB - scanned:   555741407 [  555741407] - remaining:  5404965355 [ 2286891909@22.3] - user time: 106339s
Time:   2310s, Mem: 257.255GB - scanned:   563874042 [  563874042] - remaining:  5454601363 [ 2307898034@22.3] - user time: 107767s
Time:   2340s, Mem: 257.255GB - scanned:   572393547 [  572393547] - remaining:  5512567468 [ 2334837543@22.3] - user time: 109203s
Time:   2370s, Mem: 257.255GB - scanned:   580376878 [  580376878] - remaining:  5578754394 [ 2371288498@22.3] - user time: 110641s
Time:   2400s, Mem: 257.255GB - scanned:   589282699 [  589282699] - remaining:  5639324169 [ 2403078130@22.3] - user time: 112078s
Time:   2430s, Mem: 257.255GB - scanned:   597967880 [  597967880] - remaining:  5692717911 [ 2427450624@22.3] - user time: 113515s
Time:   2460s, Mem: 257.255GB - scanned:   605997116 [  605997116] - remaining:  5765272577 [ 2468795888@22.3] - user time: 114952s
Time:   2490s, Mem: 257.255GB - scanned:   614176895 [  614176895] - remaining:  5827734762 [ 2501223933@22.3] - user time: 116385s
Time:   2520s, Mem: 257.255GB - scanned:   622051921 [  622051921] - remaining:  5888785971 [ 2532527586@22.3] - user time: 117798s
Time:   2550s, Mem: 257.255GB - scanned:   629772353 [  629772353] - remaining:  5957323510 [ 2572979834@22.3] - user time: 119231s
Time:   2580s, Mem: 257.255GB - scanned:   638017863 [  638017863] - remaining:  6025303961 [ 2612537590@22.3] - user time: 120656s
Time:   2610s, Mem: 257.255GB - scanned:   646849918 [  646849918] - remaining:  6083878800 [ 2643870326@22.3] - user time: 122090s
Time:   2640s, Mem: 257.255GB - scanned:   655204752 [  655204752] - remaining:  6146419911 [ 2679293570@22.3] - user time: 123523s
Time:   2670s, Mem: 257.255GB - scanned:   663847157 [  663847157] - remaining:  6201757624 [ 2708322118@22.3] - user time: 124956s
Time:   2700s, Mem: 257.255GB - scanned:   671918287 [  671918287] - remaining:  6264054597 [ 2743102119@22.3] - user time: 126389s
Time:   2730s, Mem: 257.255GB - scanned:   679742814 [  679742814] - remaining:  6333297952 [ 2784113405@22.3] - user time: 127821s
Time:   2760s, Mem: 257.255GB - scanned:   687470170 [  687470171] - remaining:  6410802868 [ 2830919986@22.3] - user time: 129252s
Time:   2790s, Mem: 257.255GB - scanned:   694849834 [  694849834] - remaining:  6489308714 [ 2879608894@22.3] - user time: 130665s
Time:   2820s, Mem: 257.388GB - scanned:   703412115 [  703412115] - remaining:  6545498022 [ 2909522285@22.3] - user time: 132097s
Time:   2850s, Mem: 259.809GB - scanned:   711160203 [  711160203] - remaining:  6617602241 [ 2952144429@22.3] - user time: 133516s
Time:   2880s, Mem: 262.154GB - scanned:   719646544 [  719646544] - remaining:  6684146816 [ 2990783690@22.3] - user time: 134948s
Time:   2910s, Mem: 264.267GB - scanned:   728327799 [  728327799] - remaining:  6740291204 [ 3020710781@22.3] - user time: 136381s
Time:   2940s, Mem: 266.488GB - scanned:   736477108 [  736477109] - remaining:  6801344970 [ 3053835045@22.3] - user time: 137813s
Time:   2970s, Mem: 268.718GB - scanned:   743959858 [  743959858] - remaining:  6863753290 [ 3090499175@22.3] - user time: 139220s
Time:   3000s, Mem: 271.125GB - scanned:   752580985 [  752580985] - remaining:  6927287510 [ 3129182384@22.3] - user time: 140652s
Time:   3030s, Mem: 273.432GB - scanned:   761317712 [  761317712] - remaining:  6987553190 [ 3164994096@22.3] - user time: 142085s
Time:   3060s, Mem: 275.506GB - scanned:   769837235 [  769837235] - remaining:  7039316228 [ 3193956132@22.3] - user time: 143518s
Time:   3090s, Mem: 277.950GB - scanned:   777802251 [  777802251] - remaining:  7109941279 [ 3238917743@22.3] - user time: 144949s
Time:   3120s, Mem: 280.409GB - scanned:   785992915 [  785992915] - remaining:  7180699330 [ 3283862712@22.3] - user time: 146376s
Time:   3150s, Mem: 282.797GB - scanned:   794404412 [  794404412] - remaining:  7246679837 [ 3325413630@22.3] - user time: 147808s
Time:   3180s, Mem: 284.993GB - scanned:   802470041 [  802470041] - remaining:  7305315076 [ 3359164514@22.3] - user time: 149241s
Time:   3210s, Mem: 287.214GB - scanned:   810569954 [  810569954] - remaining:  7365647085 [ 3394760385@22.3] - user time: 150674s
Time:   3240s, Mem: 289.338GB - scanned:   819098746 [  819098746] - remaining:  7419743646 [ 3425995902@22.3] - user time: 152109s
Time:   3270s, Mem: 291.750GB - scanned:   826920796 [  826920796] - remaining:  7489663529 [ 3469784657@22.3] - user time: 153541s
Time:   3300s, Mem: 294.081GB - scanned:   835149227 [  835149227] - remaining:  7554167790 [ 3509708669@22.3] - user time: 154975s
Time:   3330s, Mem: 296.266GB - scanned:   843592644 [  843592644] - remaining:  7611539356 [ 3543929301@22.3] - user time: 156408s
Time:   3360s, Mem: 299.003GB - scanned:   851213774 [  851213774] - remaining:  7695943137 [ 3601020960@22.3] - user time: 157838s
Time:   3390s, Mem: 301.515GB - scanned:   859372912 [  859372912] - remaining:  7768138007 [ 3647613545@22.3] - user time: 159260s
Time:   3420s, Mem: 303.938GB - scanned:   867564451 [  867564451] - remaining:  7837829946 [ 3692891824@22.3] - user time: 160680s
Time:   3450s, Mem: 306.154GB - scanned:   876180777 [  876180777] - remaining:  7896038910 [ 3727901699@22.3] - user time: 162113s
Time:   3480s, Mem: 307.866GB - scanned:   882638599 [  882638599] - remaining:  7936335461 [ 3745942415@22.3] - user time: 163546s
Time:   3510s, Mem: 309.646GB - scanned:   889545899 [  889545899] - remaining:  7979687181 [ 3765542108@22.3] - user time: 164979s
Time:   3540s, Mem: 311.892GB - scanned:   898199882 [  898199882] - remaining:  8035314798 [ 3797536492@22.3] - user time: 166411s
Time:   3570s, Mem: 312.998GB - scanned:   903644906 [  903644906] - remaining:  8016029554 [ 3762221336@22.3] - user time: 167837s
Time:   3600s, Mem: 313.413GB - scanned:   907575539 [  907575539] - remaining:  7947376767 [ 3684429711@22.3] - user time: 169272s
Time:   3630s, Mem: 313.966GB - scanned:   912805013 [  912805013] - remaining:  7895060361 [ 3620523862@22.3] - user time: 170710s
Time:   3660s, Mem: 314.670GB - scanned:   919482368 [  919482368] - remaining:  7875533457 [ 3585890273@22.3] - user time: 172148s
Time:   3690s, Mem: 315.297GB - scanned:   925422388 [  925422388] - remaining:  7846772272 [ 3543494864@22.3] - user time: 173580s
Time:   3720s, Mem: 316.085GB - scanned:   932884655 [  932884655] - remaining:  7853113073 [ 3532201604@22.3] - user time: 175018s
Time:   3750s, Mem: 316.905GB - scanned:   940666529 [  940666529] - remaining:  7866691756 [ 3527955257@22.3] - user time: 176456s
Time:   3780s, Mem: 317.716GB - scanned:   948343512 [  948343512] - remaining:  7892815887 [ 3536001879@22.3] - user time: 177894s
Time:   3810s, Mem: 318.970GB - scanned:   955534414 [  955534414] - remaining:  7924989204 [ 3549554258@22.3] - user time: 179329s
Time:   3840s, Mem: 319.676GB - scanned:   962237685 [  962237685] - remaining:  7910856511 [ 3520191887@22.3] - user time: 180764s
Time:   3870s, Mem: 321.350GB - scanned:   970164016 [  970164016] - remaining:  7948347193 [ 3537374352@22.3] - user time: 182199s
Time:   3900s, Mem: 323.174GB - scanned:   978228358 [  978228358] - remaining:  7988486579 [ 3558117134@22.3] - user time: 183633s
Time:   3930s, Mem: 325.389GB - scanned:   986005305 [  986005305] - remaining:  8044606470 [ 3593135517@22.3] - user time: 185066s
Time:   3960s, Mem: 327.235GB - scanned:   994188168 [  994188168] - remaining:  8085526010 [ 3616296020@22.3] - user time: 186500s
Time:   3990s, Mem: 328.865GB - scanned:  1000895091 [ 1000895091] - remaining:  8123666380 [ 3634732615@22.3] - user time: 187923s
Time:   4020s, Mem: 330.995GB - scanned:  1008177550 [ 1008177550] - remaining:  8183753289 [ 3673155470@22.3] - user time: 189355s
Time:   4050s, Mem: 333.046GB - scanned:  1015787967 [ 1015787967] - remaining:  8237202155 [ 3707321104@22.3] - user time: 190787s
Time:   4080s, Mem: 335.175GB - scanned:  1023841478 [ 1023841478] - remaining:  8292497069 [ 3744567316@22.3] - user time: 192220s
Time:   4110s, Mem: 336.815GB - scanned:  1036423693 [ 1036423694] - remaining:  8229607667 [ 3663494634@22.3] - user time: 193642s
Time:   4140s, Mem: 338.506GB - scanned:  1052448801 [ 1052448801] - remaining:  8109829343 [ 3529221701@22.3] - user time: 195065s
Time:   4170s, Mem: 340.302GB - scanned:  1069463349 [ 1069463350] - remaining:  7981827189 [ 3388357757@22.3] - user time: 196483s
Time:   4200s, Mem: 431.868GB - scanned:  1081703937 [ 1081703937] - remaining:  7854580700 [ 3254505053@22.3] - user time: 197812s
Time:   4230s, Mem: 431.868GB - scanned:  1094152106 [ 1094152108] - remaining:  7718660141 [ 3112675085@22.3] - user time: 199142s
Time:   4260s, Mem: 431.868GB - scanned:  1110021072 [ 1110021072] - remaining:  7581877231 [ 2967733581@22.3] - user time: 200508s
Time:   4290s, Mem: 431.868GB - scanned:  1123671493 [ 1123671493] - remaining:  7461544903 [ 2837442950@22.3] - user time: 201902s
Time:   4320s, Mem: 431.868GB - scanned:  1135438971 [ 1135438971] - remaining:  7346619202 [ 2712448276@22.3] - user time: 203309s
Time:   4350s, Mem: 431.868GB - scanned:  1146661291 [ 1146661291] - remaining:  7210065211 [ 2569910279@22.3] - user time: 204639s
Time:   4380s, Mem: 431.868GB - scanned:  1160794667 [ 1160794668] - remaining:  7084036591 [ 2435146925@22.3] - user time: 206025s
Time:   4410s, Mem: 431.868GB - scanned:  1176111015 [ 1176111015] - remaining:  6958483790 [ 2299079097@22.3] - user time: 207386s
Time:   4440s, Mem: 431.868GB - scanned:  1186410905 [ 1186410905] - remaining:  6840765959 [ 2172420468@22.3] - user time: 208765s
Time:   4470s, Mem: 431.868GB - scanned:  1196540015 [ 1196540015] - remaining:  6725807959 [ 2048269515@22.3] - user time: 210157s
Time:   4500s, Mem: 431.868GB - scanned:  1207360260 [ 1207360260] - remaining:  6610702963 [ 1923759627@22.3] - user time: 211552s
Time:   4530s, Mem: 431.868GB - scanned:  1214450744 [ 1214450746] - remaining:  6479186680 [ 1787347944@22.3] - user time: 212864s
Time:   4560s, Mem: 431.868GB - scanned:  1224694722 [ 1224694722] - remaining:  6346323326 [ 1648021500@22.3] - user time: 214208s
Time:   4590s, Mem: 431.868GB - scanned:  1233187163 [ 1233187163] - remaining:  6224651082 [ 1520001970@22.3] - user time: 215537s
Time:   4620s, Mem: 431.868GB - scanned:  1244399271 [ 1244399271] - remaining:  6090543001 [ 1378726675@22.3] - user time: 216879s
Time:   4650s, Mem: 431.868GB - scanned:  1253587049 [ 1253587049] - remaining:  5964784315 [ 1245609596@22.3] - user time: 218234s
Time:   4680s, Mem: 431.868GB - scanned:  1258359977 [ 1258359977] - remaining:  5840454951 [ 1115741567@22.3] - user time: 219577s
Time:   4710s, Mem: 431.868GB - scanned:  1269295336 [ 1269295336] - remaining:  5739790894 [ 1003975144@22.3] - user time: 220995s
Time:   4740s, Mem: 431.868GB - scanned:  1273558181 [ 1273558181] - remaining:  5610814458 [  870068776@22.3] - user time: 222328s
Time:   4770s, Mem: 431.868GB - scanned:  1276383887 [ 1276383887] - remaining:  5479306610 [  735551651@22.3] - user time: 223616s
Time:   4800s, Mem: 431.868GB - scanned:  1278579216 [ 1278579216] - remaining:  5341254287 [  595922575@22.3] - user time: 224863s
Time:   4830s, Mem: 431.868GB - scanned:  1280997452 [ 1280997452] - remaining:  5207777703 [  459930491@22.3] - user time: 226144s
Time:   4860s, Mem: 431.868GB - scanned:  1284046258 [ 1284046258] - remaining:  5069463780 [  319144011@22.3] - user time: 227431s
Time:   4890s, Mem: 431.868GB - scanned:  1286978275 [ 1286978275] - remaining:  4934641720 [  180520993@22.3] - user time: 228738s
Time:   4920s, Mem: 431.868GB - scanned:  1292380224 [ 1292380224] - remaining:  4816257287 [   53469617@22.3] - user time: 230130s
Time:   4950s, Mem: 431.868GB - scanned:  1301319895 [ 1301319895] - remaining:  4770663201 [ 4770663201@23.3] - user time: 231557s
Time:   4980s, Mem: 431.868GB - scanned:  1307927322 [ 1307927322] - remaining:  4804273053 [ 4804273053@23.3] - user time: 232991s
Time:   5010s, Mem: 431.868GB - scanned:  1314033562 [ 1314033562] - remaining:  4842104227 [ 4842104227@23.3] - user time: 234415s
Time:   5040s, Mem: 431.868GB - scanned:  1320216872 [ 1320216872] - remaining:  4881520402 [ 4881520402@23.3] - user time: 235853s
Time:   5070s, Mem: 431.868GB - scanned:  1326725903 [ 1326725903] - remaining:  4908563383 [ 4908563383@23.3] - user time: 237284s
Time:   5100s, Mem: 431.868GB - scanned:  1333869198 [ 1333869198] - remaining:  4948882080 [ 4948882080@23.3] - user time: 238721s
Time:   5130s, Mem: 431.868GB - scanned:  1338077228 [ 1338077228] - remaining:  4970889637 [ 4970889637@23.3] - user time: 239713s
Time:   5160s, Mem: 431.868GB - scanned:  1341270126 [ 1341270126] - remaining:  4989947360 [ 4989947360@23.3] - user time: 240549s
Time:   5190s, Mem: 431.868GB - scanned:  1344426641 [ 1344426641] - remaining:  5008773746 [ 5008773746@23.3] - user time: 241396s
Time:   5220s, Mem: 431.868GB - scanned:  1347581536 [ 1347581537] - remaining:  5028188032 [ 5028188032@23.3] - user time: 242232s
Time:   5250s, Mem: 431.868GB - scanned:  1350717522 [ 1350717522] - remaining:  5045308477 [ 5045308477@23.3] - user time: 243055s
Time:   5280s, Mem: 431.868GB - scanned:  1353795863 [ 1353795863] - remaining:  5063289457 [ 5063289457@23.3] - user time: 243907s
Time:   5310s, Mem: 431.868GB - scanned:  1356920979 [ 1356920979] - remaining:  5081107760 [ 5081107760@23.3] - user time: 244762s
Time:   5340s, Mem: 431.868GB - scanned:  1360144719 [ 1360144719] - remaining:  5101181819 [ 5101181819@23.3] - user time: 245603s
Time:   5370s, Mem: 431.868GB - scanned:  1363271135 [ 1363271135] - remaining:  5117203343 [ 5117203343@23.3] - user time: 246416s
Time:   5400s, Mem: 431.868GB - scanned:  1366385311 [ 1366385311] - remaining:  5135908048 [ 5135908048@23.3] - user time: 247261s
