Time:     30s, Mem: 1.174GB - scanned:     3902951 [    3902951] - remaining:    24047088 [    2304754@59.3] - user time: 357s
Time:     60s, Mem: 2.576GB - scanned:     8159597 [    8159597] - remaining:    57946914 [   16647402@61.3] - user time: 705s
Time:     90s, Mem: 4.018GB - scanned:    11496680 [   11496680] - remaining:    97140501 [   18935183@61.3] - user time: 1063s
Time:    120s, Mem: 5.028GB - scanned:    16598698 [   16598698] - remaining:   109280182 [   36448586@62.3] - user time: 1421s
Time:    150s, Mem: 6.196GB - scanned:    20074914 [   20074914] - remaining:   129128146 [   39116885@62.3] - user time: 1778s
Time:    180s, Mem: 6.691GB - scanned:    23659230 [   23659230] - remaining:   135361514 [   30771320@62.3] - user time: 2138s
Time:    210s, Mem: 7.470GB - scanned:    29519480 [   29519480] - remaining:   120709663 [   52280471@63.3] - user time: 2496s
Time:    240s, Mem: 7.851GB - scanned:    33117952 [   33117952] - remaining:   137916861 [   53585693@63.3] - user time: 2855s
Time:    270s, Mem: 9.048GB - scanned:    36762172 [   36762172] - remaining:   136293007 [   39222746@63.3] - user time: 3213s
Time:    300s, Mem: 9.555GB - scanned:    40682165 [   40682165] - remaining:   143173729 [   32596268@63.3] - user time: 3572s
Time:    330s, Mem: 10.195GB - scanned:    46497837 [   46497837] - remaining:   126202805 [   53845774@64.3] - user time: 3931s
Time:    360s, Mem: 10.611GB - scanned:    50416039 [   50416039] - remaining:   123247427 [   39211490@64.3] - user time: 4291s
Time:    390s, Mem: 11.029GB - scanned:    54333991 [   54333991] - remaining:   117919142 [   22621522@64.3] - user time: 4650s
Time:    420s, Mem: 11.608GB - scanned:    59813713 [   59813713] - remaining:   102723037 [   33776032@65.3] - user time: 5009s
Time:    450s, Mem: 12.080GB - scanned:    64289154 [   64289154] - remaining:    84847681 [    6733044@65.3] - user time: 5369s
Time:    480s, Mem: 13.808GB - scanned:    68663658 [   68663658] - remaining:    69324251 [     517370@67.2] - user time: 5727s
Time:    510s, Mem: 14.107GB - scanned:    71951134 [   71951134] - remaining:    98308017 [   24742190@67.3] - user time: 6086s
Time:    540s, Mem: 14.998GB - scanned:    78218595 [   78218595] - remaining:    88584499 [    1149844@68.2] - user time: 6445s
Time:    570s, Mem: 15.476GB - scanned:    81247356 [   81247356] - remaining:   118676218 [   60459722@68.3] - user time: 6805s
Time:    600s, Mem: 15.919GB - scanned:    84715250 [   84715250] - remaining:   149676712 [   73132783@68.3] - user time: 7164s
Time:    630s, Mem: 17.004GB - scanned:    88216127 [   88216127] - remaining:   179642600 [   85902788@68.3] - user time: 7521s
Time:    660s, Mem: 17.802GB - scanned:    91717672 [   91717672] - remaining:   198093476 [   87941366@68.3] - user time: 7880s
Time:    690s, Mem: 18.457GB - scanned:    95163981 [   95163981] - remaining:   211397725 [   87176429@68.3] - user time: 8237s
Time:    720s, Mem: 19.371GB - scanned:    98555497 [   98555497] - remaining:   235345255 [   94954187@68.3] - user time: 8594s
Time:    750s, Mem: 20.505GB - scanned:   105423645 [  105423645] - remaining:   239557719 [   83509567@68.3] - user time: 8952s
Time:    780s, Mem: 21.630GB - scanned:   116214850 [  116214850] - remaining:   170294950 [    1856463@68.3] - user time: 9310s
Time:    810s, Mem: 21.963GB - scanned:   119357726 [  119357726] - remaining:   177351113 [  177351113@69.3] - user time: 9669s
Time:    840s, Mem: 22.328GB - scanned:   122814890 [  122814890] - remaining:   189582134 [  189582134@69.3] - user time: 10029s
Time:    870s, Mem: 22.699GB - scanned:   126325921 [  126325921] - remaining:   201602703 [  201602703@69.3] - user time: 10388s
Time:    900s, Mem: 23.066GB - scanned:   129813738 [  129813738] - remaining:   212656407 [  212656407@69.3] - user time: 10748s
Time:    930s, Mem: 23.455GB - scanned:   133498490 [  133498490] - remaining:   223536082 [  223536082@69.3] - user time: 11107s
Time:    960s, Mem: 26.538GB - scanned:   137242207 [  137242207] - remaining:   233967487 [  233967487@69.3] - user time: 11465s
Time:    990s, Mem: 26.538GB - scanned:   141040502 [  141041396] - remaining:   246003845 [  246003845@69.3] - user time: 11824s
Time:   1020s, Mem: 27.346GB - scanned:   144636101 [  144651266] - remaining:   253701622 [  253701622@69.3] - user time: 12183s
Time:   1050s, Mem: 28.037GB - scanned:   148024106 [  148039271] - remaining:   244983812 [  244983812@69.3] - user time: 12542s
Time:   1080s, Mem: 28.563GB - scanned:   151798923 [  151814088] - remaining:   239511086 [  239511086@69.3] - user time: 12901s
Time:   1110s, Mem: 29.035GB - scanned:   155643949 [  155659114] - remaining:   239273845 [  239273845@69.3] - user time: 13261s
Time:   1140s, Mem: 29.482GB - scanned:   159485635 [  159500912] - remaining:   240355210 [  240355210@69.3] - user time: 13620s
Time:   1170s, Mem: 29.882GB - scanned:   163017365 [  163050294] - remaining:   229660559 [  229660559@69.3] - user time: 13979s
Time:   1200s, Mem: 30.285GB - scanned:   166624768 [  166658146] - remaining:   223859121 [  223859121@69.3] - user time: 14339s
Time:   1230s, Mem: 30.681GB - scanned:   170203961 [  170238536] - remaining:   229446130 [  229446130@69.3] - user time: 14698s
Time:   1260s, Mem: 31.120GB - scanned:   174232308 [  174279777] - remaining:   233672760 [  233672760@69.3] - user time: 15058s
Time:   1290s, Mem: 31.512GB - scanned:   177840661 [  177941264] - remaining:   237418298 [  237418298@69.3] - user time: 15417s
Time:   1320s, Mem: 31.928GB - scanned:   181653515 [  181825810] - remaining:   243398012 [  243398012@69.3] - user time: 15776s
Time:   1350s, Mem: 32.531GB - scanned:   187128790 [  187533133] - remaining:   241644392 [  241644392@69.3] - user time: 16135s
Time:   1380s, Mem: 34.734GB - scanned:   207965079 [  208374498] - remaining:   148383610 [  148383610@69.3] - user time: 16486s
Time:   1410s, Mem: 35.470GB - scanned:   214881286 [  215352046] - remaining:    22219329 [   22219329@69.3] - user time: 16845s
Time:   1440s, Mem: 35.748GB - scanned:   217451989 [  218006161] - remaining:           0 [          0@0.-1] - user time: 16952s
Time:   1470s, Mem: 35.748GB - scanned:   217451989 [  218006161] - remaining:           0 [          0@0.-1] - user time: 16974s
Time:   1500s, Mem: 35.748GB - scanned:   217451989 [  218006161] - remaining:           0 [          0@0.-1] - user time: 17004s
Time:     30s, Mem: 4.153GB - scanned:    11514050 [   11514050] - remaining:    97089265 [   18915209@61.3] - user time: 1377s
Time:     60s, Mem: 7.497GB - scanned:    22775347 [   22775347] - remaining:   168493268 [   31074923@62.3] - user time: 2760s
Time:     90s, Mem: 12.741GB - scanned:    35525379 [   35525379] - remaining:   220988518 [   49828375@63.3] - user time: 4188s
Time:    120s, Mem: 12.790GB - scanned:    47878660 [   47878660] - remaining:   226559728 [   49752946@64.3] - user time: 5573s
Time:    150s, Mem: 14.142GB - scanned:    60625769 [   60625769] - remaining:   197857833 [   26662129@65.3] - user time: 6963s
Time:    180s, Mem: 20.669GB - scanned:    71723909 [   71723909] - remaining:   197571428 [   24888259@67.3] - user time: 8332s
Time:    210s, Mem: 20.669GB - scanned:    85114062 [   85114062] - remaining:   253088922 [   74416127@68.3] - user time: 9759s
Time:    240s, Mem: 21.695GB - scanned:    97613021 [   97613021] - remaining:   329016458 [   93051924@68.3] - user time: 11187s
Time:    270s, Mem: 24.032GB - scanned:   114569968 [  114569968] - remaining:   284498376 [   19279069@68.3] - user time: 12547s
Time:    300s, Mem: 25.507GB - scanned:   126371359 [  126371359] - remaining:   355342213 [  201101842@69.3] - user time: 13973s
Time:    330s, Mem: 39.252GB - scanned:   139471831 [  139471831] - remaining:   455480966 [  240979378@69.3] - user time: 15385s
Time:    360s, Mem: 39.252GB - scanned:   152072885 [  152072885] - remaining:   507924184 [  239003605@69.3] - user time: 16811s
Time:    390s, Mem: 39.252GB - scanned:   164331949 [  164331949] - remaining:   537583684 [  224183606@69.3] - user time: 18228s
Time:    420s, Mem: 39.837GB - scanned:   177929567 [  177929567] - remaining:   604976045 [  238100467@69.3] - user time: 19658s
Time:    450s, Mem: 42.490GB - scanned:   194397235 [  194397235] - remaining:   616379291 [  215058968@69.3] - user time: 21003s
Time:    480s, Mem: 44.293GB - scanned:   211472350 [  211472350] - remaining:   548148560 [  134212122@69.3] - user time: 22230s
Time:    510s, Mem: 44.543GB - scanned:   213831830 [  213831830] - remaining:   469658387 [   53298420@69.3] - user time: 23392s
Time:    540s, Mem: 45.397GB - scanned:   221884414 [  221884414] - remaining:   453960323 [  383843637@70.3] - user time: 24678s
Time:    570s, Mem: 46.801GB - scanned:   235141996 [  235141996] - remaining:   552922389 [  421922291@70.3] - user time: 26114s
Time:    600s, Mem: 48.293GB - scanned:   249282199 [  249282199] - remaining:   643598398 [  456912633@70.3] - user time: 27550s
Time:    630s, Mem: 51.094GB - scanned:   261601419 [  261601419] - remaining:   710054021 [  469296047@70.3] - user time: 28928s
Time:    660s, Mem: 75.578GB - scanned:   274785352 [  274785352] - remaining:   729068637 [  443797960@70.3] - user time: 30344s
Time:    690s, Mem: 75.578GB - scanned:   289376788 [  289376788] - remaining:   762594903 [  433339632@70.3] - user time: 31765s
Time:    720s, Mem: 75.578GB - scanned:   301359736 [  301359736] - remaining:   761136008 [  393754849@70.3] - user time: 33194s
Time:    750s, Mem: 75.578GB - scanned:   314108421 [  314108421] - remaining:   769519211 [  358448774@70.3] - user time: 34630s
Time:    780s, Mem: 75.578GB - scanned:   328900239 [  328900239] - remaining:   822228308 [  362349058@70.3] - user time: 36062s
Time:    810s, Mem: 75.578GB - scanned:   342812893 [  342812893] - remaining:   864466316 [  362538958@70.3] - user time: 37493s
Time:    840s, Mem: 75.578GB - scanned:   368593652 [  368593652] - remaining:   805202182 [  277645736@70.3] - user time: 38919s
Time:    870s, Mem: 75.578GB - scanned:   383359316 [  383359316] - remaining:   675426163 [  139898959@70.3] - user time: 40268s
Time:    900s, Mem: 75.578GB - scanned:   389806139 [  389806139] - remaining:   540828088 [  540828088@71.3] - user time: 41610s
Time:    930s, Mem: 76.761GB - scanned:   403947795 [  403947795] - remaining:   574253934 [  574253934@71.3] - user time: 43046s
Time:    960s, Mem: 78.389GB - scanned:   419169724 [  419169724] - remaining:   605272596 [  605272596@71.3] - user time: 44482s
Time:    990s, Mem: 79.900GB - scanned:   433375858 [  433377791] - remaining:   606414663 [  606414663@71.3] - user time: 45917s
Time:   1020s, Mem: 81.450GB - scanned:   447956837 [  447958770] - remaining:   580890978 [  580890978@71.3] - user time: 47341s
Time:   1050s, Mem: 83.052GB - scanned:   463176586 [  463178519] - remaining:   554438468 [  554438468@71.3] - user time: 48776s
Time:   1080s, Mem: 84.733GB - scanned:   479061988 [  479063921] - remaining:   539067179 [  539067179@71.3] - user time: 50212s
Time:   1110s, Mem: 85.780GB - scanned:   488967041 [  488985242] - remaining:   470012227 [  470012227@71.3] - user time: 51635s
Time:   1140s, Mem: 86.950GB - scanned:   500034905 [  500055174] - remaining:   393356393 [  393356393@71.3] - user time: 53072s
Time:   1170s, Mem: 88.466GB - scanned:   514393780 [  514417449] - remaining:   362698992 [  362698992@71.3] - user time: 54508s
Time:   1200s, Mem: 90.063GB - scanned:   529489173 [  529552357] - remaining:   348449874 [  348449874@71.3] - user time: 55944s
Time:   1230s, Mem: 137.799GB - scanned:   542376717 [  542591779] - remaining:   343187098 [  343187098@71.3] - user time: 57252s
Time:   1260s, Mem: 137.799GB - scanned:   568384705 [  568757073] - remaining:   261030094 [  261030094@71.3] - user time: 58667s
Time:   1290s, Mem: 137.799GB - scanned:   579702788 [  580077639] - remaining:   139857914 [  139857914@71.3] - user time: 59957s
Time:   1320s, Mem: 137.799GB - scanned:   583366813 [  583748191] - remaining:    17289212 [   17289212@71.3] - user time: 61246s
Time:   1350s, Mem: 137.799GB - scanned:   584389914 [  584779193] - remaining:           0 [          0@0.-1] - user time: 61439s
Time:   1380s, Mem: 137.799GB - scanned:   584389914 [  584779193] - remaining:           0 [          0@0.-1] - user time: 61464s
Time:   1410s, Mem: 137.799GB - scanned:   584389914 [  584779193] - remaining:           0 [          0@0.-1] - user time: 61494s
Time:   1440s, Mem: 137.799GB - scanned:   584389914 [  584779193] - remaining:           0 [          0@0.-1] - user time: 61524s
Time:   1470s, Mem: 137.799GB - scanned:   584389914 [  584779193] - remaining:           0 [          0@0.-1] - user time: 61554s
Time:   1500s, Mem: 137.799GB - scanned:   584389914 [  584779193] - remaining:           0 [          0@0.-1] - user time: 61584s
Time:   1530s, Mem: 137.799GB - scanned:   584389914 [  584779193] - remaining:           0 [          0@0.-1] - user time: 61614s
Time:   1560s, Mem: 137.799GB - scanned:   584389914 [  584779193] - remaining:           0 [          0@0.-1] - user time: 61645s
Time:   1590s, Mem: 137.799GB - scanned:   584389914 [  584779193] - remaining:           0 [          0@0.-1] - user time: 61675s
Time:   1620s, Mem: 137.799GB - scanned:   584389914 [  584779193] - remaining:           0 [          0@0.-1] - user time: 61705s
Time:   1650s, Mem: 137.799GB - scanned:   584389914 [  584779193] - remaining:           0 [          0@0.-1] - user time: 61735s
Time:   1680s, Mem: 137.799GB - scanned:   584389914 [  584779193] - remaining:           0 [          0@0.-1] - user time: 61765s
Time:   1710s, Mem: 137.799GB - scanned:   584389914 [  584779193] - remaining:           0 [          0@0.-1] - user time: 61795s
Time:   1740s, Mem: 137.799GB - scanned:   584389914 [  584779193] - remaining:           0 [          0@0.-1] - user time: 61825s
Time:   1770s, Mem: 137.799GB - scanned:   584389914 [  584779193] - remaining:           0 [          0@0.-1] - user time: 61855s
Time:   1800s, Mem: 137.799GB - scanned:   584389914 [  584779193] - remaining:           0 [          0@0.-1] - user time: 61885s
