g++ -Wall -Wextra -I boost_1_64_0 -march=native -std=gnu++0x -O3 -g -fopenmp -gstabs+ -g3 -I tbb-2017_U7/include -L tbb-2017_U7/build/linux_release/  -Wl,-rpath=tbb-2017_U7/build/linux_release/  find_mds.cpp  -ltbb -o find_mds
Parameters: MAX_WEIGHT=(1 + 8*2 + 3*1) MAX_DEPTH=6 NB_INPUTS=4 NB_REGISTERS=5 XOR_WEIGHT=2 MUL_WEIGHT=1 CPY_WEIGHT=0
Size: AlgoState:16 algo_op:3 matrix:80
Options: INDEP_MUL
New weight : 0.0
Number of distinct ids : 0/0(1/0.0)
Scanned size : 0
New weight : 0.1
Number of distinct ids : 1/1(1/1.0)
Scanned size : 1
New weight : 0.2
Number of distinct ids : 1/1(1/1.0)
Scanned size : 1
New weight : 0.3
Number of distinct ids : 1/1(1/1.0)
Scanned size : 1
New weight : 0.4
Number of distinct ids : 1/1(1/1.0)
Scanned size : 1
New weight : 0.5
Number of distinct ids : 1/1(1/1.0)
Scanned size : 1
New weight : 1.0
Number of distinct ids : 1/1(1/1.0)
Scanned size : 1
New weight : 1.1
Number of distinct ids : 1/1(1/1.0)
Scanned size : 1
New weight : 1.2
Number of distinct ids : 1/1(1/1.0)
Scanned size : 1
New weight : 1.3
Number of distinct ids : 1/1(1/1.0)
Scanned size : 1
New weight : 1.4
Number of distinct ids : 1/1(1/1.0)
Scanned size : 1
New weight : 1.5
Number of distinct ids : 1/1(1/1.0)
Scanned size : 1
New weight : 2.0
Number of distinct ids : 1/1(1/1.0)
Scanned size : 1
New weight : 2.1
Number of distinct ids : 1/1(1/1.0)
Scanned size : 1
New weight : 2.2
Number of distinct ids : 1/1(1/1.0)
Scanned size : 1
New weight : 2.3
Number of distinct ids : 1/1(1/1.0)
Scanned size : 1
New weight : 2.4
Number of distinct ids : 1/1(1/1.0)
Scanned size : 1
New weight : 2.5
Number of distinct ids : 1/1(1/1.0)
Scanned size : 1
New weight : 3.0
Number of distinct ids : 1/1(1/1.0)
Scanned size : 1
New weight : 3.1
Number of distinct ids : 1/1(1/1.0)
Scanned size : 1
New weight : 3.2
Number of distinct ids : 1/1(1/1.0)
Scanned size : 1
New weight : 3.3
Number of distinct ids : 1/1(1/1.0)
Scanned size : 1
New weight : 3.4
Number of distinct ids : 1/1(1/1.0)
Scanned size : 1
New weight : 3.5
Number of distinct ids : 1/1(1/1.0)
Scanned size : 1
New weight : 4.0
Number of distinct ids : 1/1(1/1.0)
Scanned size : 1
New weight : 4.1
Number of distinct ids : 1/1(1/1.0)
Scanned size : 1
New weight : 4.2
Number of distinct ids : 1/1(1/1.0)
Scanned size : 1
New weight : 4.3
Number of distinct ids : 1/1(1/1.0)
Scanned size : 1
New weight : 4.4
Number of distinct ids : 1/1(1/1.0)
Scanned size : 1
New weight : 4.5
Number of distinct ids : 1/1(1/1.0)
Scanned size : 1
New weight : 5.0
Number of distinct ids : 1/1(1/1.0)
Scanned size : 1
New weight : 5.1
Number of distinct ids : 1/1(1/1.0)
Scanned size : 1
New weight : 5.2
Number of distinct ids : 1/1(1/1.0)
Scanned size : 1
New weight : 5.3
Number of distinct ids : 1/1(1/1.0)
Scanned size : 1
New weight : 5.4
Number of distinct ids : 1/1(1/1.0)
Scanned size : 1
New weight : 5.5
Number of distinct ids : 1/1(1/1.0)
Scanned size : 1
New weight : 6.0
Number of distinct ids : 1/1(1/1.0)
Scanned size : 1
New weight : 6.1
Number of distinct ids : 1/1(1/1.0)
Scanned size : 1
New weight : 6.2
Number of distinct ids : 1/1(1/1.0)
Scanned size : 1
New weight : 6.3
Number of distinct ids : 1/1(1/1.0)
Scanned size : 1
New weight : 6.4
Number of distinct ids : 1/1(1/1.0)
Scanned size : 1
New weight : 6.5
Number of distinct ids : 1/1(1/1.0)
Scanned size : 1
New weight : 7.0
Number of distinct ids : 1/1(1/1.0)
Scanned size : 1
New weight : 7.1
Number of distinct ids : 1/1(1/1.0)
Scanned size : 1
New weight : 7.2
Number of distinct ids : 1/1(1/1.0)
Scanned size : 1
New weight : 7.3
Number of distinct ids : 1/1(1/1.0)
Scanned size : 1
New weight : 7.4
Number of distinct ids : 1/1(1/1.0)
Scanned size : 1
New weight : 7.5
Number of distinct ids : 1/1(1/1.0)
Scanned size : 1
New weight : 8.0
Number of distinct ids : 1/1(1/1.0)
Scanned size : 1
New weight : 8.1
Number of distinct ids : 2/5(1/2.5)
Scanned size : 2
New weight : 8.2
Number of distinct ids : 2/5(1/2.5)
Scanned size : 2
New weight : 8.3
Number of distinct ids : 2/5(1/2.5)
Scanned size : 2
New weight : 8.4
Number of distinct ids : 2/5(1/2.5)
Scanned size : 2
New weight : 8.5
Number of distinct ids : 2/5(1/2.5)
Scanned size : 2
New weight : 9.0
Number of distinct ids : 2/5(1/2.5)
Scanned size : 2
New weight : 9.1
Number of distinct ids : 2/5(1/2.5)
Scanned size : 2
New weight : 9.2
Number of distinct ids : 6/17(1/2.8)
Scanned size : 6
New weight : 9.3
Number of distinct ids : 6/17(1/2.8)
Scanned size : 6
New weight : 9.4
Number of distinct ids : 6/17(1/2.8)
Scanned size : 6
New weight : 9.5
Number of distinct ids : 6/17(1/2.8)
Scanned size : 6
New weight : 10.0
Number of distinct ids : 6/17(1/2.8)
Scanned size : 6
New weight : 10.1
Number of distinct ids : 6/17(1/2.8)
Scanned size : 6
New weight : 10.2
Number of distinct ids : 20/73(1/3.7)
Scanned size : 20
New weight : 10.3
Number of distinct ids : 25/88(1/3.5)
Scanned size : 25
New weight : 10.4
Number of distinct ids : 25/88(1/3.5)
Scanned size : 25
New weight : 10.5
Number of distinct ids : 25/88(1/3.5)
Scanned size : 25
New weight : 11.0
Number of distinct ids : 25/88(1/3.5)
Scanned size : 25
New weight : 11.1
Number of distinct ids : 25/88(1/3.5)
Scanned size : 25
New weight : 11.2
Number of distinct ids : 56/178(1/3.2)
Scanned size : 56
New weight : 11.3
Number of distinct ids : 112/352(1/3.1)
Scanned size : 112
New weight : 11.4
Number of distinct ids : 118/369(1/3.1)
Scanned size : 118
New weight : 11.5
Number of distinct ids : 118/369(1/3.1)
Scanned size : 118
New weight : 12.0
Number of distinct ids : 118/369(1/3.1)
Scanned size : 118
New weight : 12.1
Number of distinct ids : 118/369(1/3.1)
Scanned size : 118
New weight : 12.2
Number of distinct ids : 169/553(1/3.3)
Scanned size : 169
New weight : 12.3
Number of distinct ids : 352/1188(1/3.4)
Scanned size : 352
New weight : 12.4
Number of distinct ids : 424/1430(1/3.4)
Scanned size : 424
New weight : 12.5
Number of distinct ids : 424/1430(1/3.4)
Scanned size : 424
New weight : 13.0
Number of distinct ids : 424/1430(1/3.4)
Scanned size : 424
New weight : 13.1
Number of distinct ids : 424/1430(1/3.4)
Scanned size : 424
New weight : 13.2
Number of distinct ids : 530/1809(1/3.4)
Scanned size : 530
New weight : 13.3
Number of distinct ids : 1684/5800(1/3.4)
Scanned size : 1684
New weight : 13.4
Number of distinct ids : 2582/8956(1/3.5)
Scanned size : 2582
New weight : 13.5
Number of distinct ids : 3115/10800(1/3.5)
Scanned size : 3115
New weight : 14.0
Number of distinct ids : 3824/13396(1/3.5)
Scanned size : 3824
New weight : 14.1
Number of distinct ids : 3824/13396(1/3.5)
Scanned size : 3824
New weight : 14.2
Number of distinct ids : 3921/13746(1/3.5)
Scanned size : 3921
New weight : 14.3
Number of distinct ids : 5924/20954(1/3.5)
Scanned size : 5924
New weight : 14.4
Number of distinct ids : 9528/34619(1/3.6)
Scanned size : 9528
New weight : 14.5
Number of distinct ids : 17710/63180(1/3.6)
Scanned size : 17710
New weight : 15.0
Number of distinct ids : 36663/130245(1/3.6)
Scanned size : 36663
New weight : 15.1
Number of distinct ids : 36663/130245(1/3.6)
Scanned size : 36663
New weight : 15.2
Number of distinct ids : 36773/130608(1/3.6)
Scanned size : 36773
New weight : 15.3
Number of distinct ids : 49358/175286(1/3.6)
Scanned size : 49358
New weight : 15.4
Number of distinct ids : 83232/300664(1/3.6)
Scanned size : 83232
New weight : 15.5
Number of distinct ids : 183916/655407(1/3.6)
Scanned size : 183916
New weight : 16.0
Number of distinct ids : 489438/1719440(1/3.5)
Scanned size : 489438
New weight : 16.1
Number of distinct ids : 489438/1719440(1/3.5)
Scanned size : 489438
New weight : 16.2
Number of distinct ids : 489476/1719524(1/3.5)
Scanned size : 489476
New weight : 16.3
Number of distinct ids : 501646/1764454(1/3.5)
Scanned size : 501646
New weight : 16.4
Number of distinct ids : 558273/1978127(1/3.5)
Scanned size : 558273
New weight : 16.5
Number of distinct ids : 699476/2478671(1/3.5)
Scanned size : 699476
New weight : 17.0
Number of distinct ids : 1035926/3669991(1/3.5)
Scanned size : 1035926
New weight : 17.1
Number of distinct ids : 1035926/3669991(1/3.5)
Scanned size : 1035926
New weight : 17.2
Number of distinct ids : 1035936/3670001(1/3.5)
Scanned size : 1035936
New weight : 17.3
Number of distinct ids : 1110280/3931531(1/3.5)
Scanned size : 1110280
New weight : 17.4
Number of distinct ids : 1711104/6128441(1/3.6)
Scanned size : 1711104
New weight : 17.5
Number of distinct ids : 4236424/14830380(1/3.5)
Scanned size : 4236424
New weight : 18.0
Number of distinct ids : 12500072/43052654(1/3.4)
Scanned size : 12500072
New weight : 18.1
Number of distinct ids : 12500072/43052654(1/3.4)
Scanned size : 12500072
New weight : 18.2
Number of distinct ids : 12500072/43052654(1/3.4)
Scanned size : 12500072
New weight : 18.3
Number of distinct ids : 12537803/43189490(1/3.4)
Scanned size : 12537803
New weight : 18.4
Number of distinct ids : 12928873/44734581(1/3.5)
Scanned size : 12928873
New weight : 18.5
Number of distinct ids : 14037590/48994756(1/3.5)
Scanned size : 14037590
New weight : 19.0
Number of distinct ids : 16375554/58114583(1/3.5)
Scanned size : 16375554
New weight : 19.1
Number of distinct ids : 16375554/58114583(1/3.5)
Scanned size : 16375554
New weight : 19.2
Number of distinct ids : 16375554/58114583(1/3.5)
Scanned size : 16375554
New weight : 19.3
Number of distinct ids : 16603178/58859071(1/3.5)
Scanned size : 16603178
New weight : 19.4
Number of distinct ids : 21895918/78101889(1/3.6)
Scanned size : 21895918
New weight : 19.5
Number of distinct ids : 51036941/179594534(1/3.5)
Scanned size : 51036941
Found MDS !!! (weight:19) (depth:5)
Current state:
20 20 0 20  [X]
20 21 2000001 2000021 
20 20 2000000 2000020 
22 23 1 21 
2 3 1 1 
Operations:
x (1, 0)
c (0, 4)
m (1, 4)
x (3, 2)
x (2, 1)
x (1, 4)
x (3, 0)
m (5, 0)
c (0, 3)
x (4, 3)
m (25, 2)
x (0, 2)
x (2, 1)
End of state
Found MDS !!! (weight:19) (depth:5)
Current state:
20 20 2000000 2000020 
20 21 2000001 2000021 
0 0 2000000 2000000  [X]
22 23 1 21 
2 3 1 1 
Operations:
x (1, 0)
c (0, 4)
m (1, 4)
x (3, 2)
x (2, 1)
x (1, 4)
x (3, 0)
m (5, 0)
c (0, 3)
x (4, 3)
m (25, 2)
x (2, 0)
x (0, 1)
End of state
Found MDS !!! (weight:19) (depth:5)
Current state:
20 21 1 1 
2 3 2000003 2000001 
2 2 2000002 2000000 
22 23 3 1 
2 2 2 0  [X]
Operations:
x (1, 0)
c (0, 4)
x (2, 4)
m (1, 4)
m (5, 0)
x (3, 2)
x (2, 1)
x (1, 0)
c (0, 3)
x (4, 3)
m (25, 2)
x (4, 2)
x (2, 1)
End of state
Found MDS !!! (weight:19) (depth:5)
Current state:
20 21 1 1 
2 3 2000003 2000001 
0 0 2000000 2000000  [X]
22 23 3 1 
2 2 2000002 2000000 
Operations:
x (1, 0)
c (0, 4)
x (2, 4)
m (1, 4)
m (5, 0)
x (3, 2)
x (2, 1)
x (1, 0)
c (0, 3)
x (4, 3)
m (25, 2)
x (2, 4)
x (4, 1)
End of state
Found MDS !!! (weight:19) (depth:5)
Current state:
2000002 2000003 1 2000001 
2000000 2000001 21 2000021 
2000000 2000000 20 2000020 
0 0 0 1  [X]
2 3 1 1 
Operations:
x (1, 0)
c (0, 4)
m (1, 4)
x (3, 2)
x (2, 1)
x (1, 4)
m (5, 2)
x (3, 0)
m (25, 0)
x (0, 2)
x (4, 0)
x (2, 1)
End of state
Found MDS !!! (weight:19) (depth:5)
Current state:
1 1 0 0  [X]
2000000 2000001 21 2000021 
2000000 2000000 20 2000020 
2000002 2000003 1 2000001 
2 3 1 1 
Operations:
x (1, 0)
c (0, 4)
m (1, 4)
x (3, 2)
x (2, 1)
x (1, 4)
m (5, 2)
x (0, 3)
m (25, 3)
x (3, 2)
x (4, 3)
x (2, 1)
End of state
Found MDS !!! (weight:19) (depth:5)
Current state:
3 2000003 2000001 2000000 
1 2000001 2000021 2000020 
0 0 1 1  [X]
1 1 21 20 
2 2000002 2000000 2000000 
Operations:
x (1, 0)
c (0, 4)
m (1, 4)
x (2, 0)
x (3, 2)
c (2, 3)
m (5, 3)
x (0, 3)
x (2, 1)
m (25, 1)
x (1, 4)
x (3, 1)
x (4, 0)
End of state
Found MDS !!! (weight:19) (depth:5)
Current state:
3 2000003 2000001 2000000 
0 1 0 0  [X]
1 2000001 2000021 2000020 
1 1 21 20 
2 2000002 2000000 2000000 
Operations:
x (1, 0)
c (0, 4)
m (1, 4)
x (2, 0)
x (3, 2)
c (2, 3)
m (5, 3)
x (0, 3)
x (1, 2)
m (25, 2)
x (2, 4)
x (3, 2)
x (4, 0)
End of state
Found MDS !!! (weight:19) (depth:5)
Current state:
22 23 1 21 
20 21 2000001 2000021 
20 20 2000000 2000020 
0 0 0 1  [X]
2 3 1 1 
Operations:
x (1, 0)
c (0, 4)
m (1, 4)
x (3, 2)
x (2, 1)
x (1, 4)
x (3, 0)
m (5, 0)
m (25, 2)
x (0, 2)
x (4, 0)
x (2, 1)
End of state
Found MDS !!! (weight:19) (depth:5)
Current state:
1 1 0 0  [X]
20 21 2000001 2000021 
20 20 2000000 2000020 
22 23 1 21 
2 3 1 1 
Operations:
x (1, 0)
c (0, 4)
m (1, 4)
x (3, 2)
x (2, 1)
x (1, 4)
x (0, 3)
m (5, 3)
m (25, 2)
x (3, 2)
x (4, 3)
x (2, 1)
End of state
Found MDS !!! (weight:19) (depth:5)
Current state:
22 23 21 1 
20 21 2000021 2000001 
20 20 2000020 2000000 
0 0 0 1  [X]
2 3 1 1 
Operations:
x (1, 0)
c (0, 4)
m (1, 4)
x (2, 0)
x (3, 2)
x (2, 1)
x (1, 4)
m (5, 0)
m (25, 2)
x (0, 2)
x (4, 0)
x (2, 1)
End of state
Found MDS !!! (weight:19) (depth:5)
Current state:
2000002 2000003 2000001 1 
2000000 2000001 2000021 21 
2000000 2000000 2000020 20 
0 0 0 1  [X]
2 3 1 1 
Operations:
x (1, 0)
c (0, 4)
m (1, 4)
x (2, 0)
x (3, 2)
x (2, 1)
x (1, 4)
m (5, 2)
m (25, 0)
x (0, 2)
x (4, 0)
x (2, 1)
End of state
Found MDS !!! (weight:19) (depth:5)
Current state:
20 2000020 2000000 2000000 
1 2000001 2000002 2000003 
1 1 2 3 
21 2000021 2000000 2000001 
0 0 0 0  [X]
Operations:
x (1, 0)
x (3, 2)
x (2, 1)
m (1, 2)
x (0, 3)
x (3, 2)
m (5, 0)
m (25, 1)
x (1, 0)
x (2, 1)
x (0, 3)
End of state
Found MDS !!! (weight:19) (depth:5)
Current state:
2000000 2000020 20 20 
1 21 22 23 
1 1 2 3 
2000001 2000021 20 21 
0 0 0 0  [X]
Operations:
x (1, 0)
x (3, 2)
x (2, 1)
m (1, 2)
x (0, 3)
x (3, 2)
m (5, 1)
m (25, 0)
x (1, 0)
x (2, 1)
x (0, 3)
End of state
Found MDS !!! (weight:19) (depth:5)
Current state:
2000001 21 2000000 2000021 
2000000 20 2000000 2000020 
0 0 1 0  [X]
2000003 1 2000002 2000001 
3 1 2 1 
Operations:
c (0, 4)
x (2, 4)
x (3, 1)
x (4, 3)
m (1, 4)
x (1, 0)
x (0, 4)
m (5, 1)
m (25, 3)
x (3, 1)
x (4, 3)
x (1, 0)
End of state
Found MDS !!! (weight:19) (depth:5)
Current state:
21 2000001 20 2000021 
20 2000000 20 2000020 
0 0 1 0  [X]
23 1 22 21 
3 1 2 1 
Operations:
c (0, 4)
x (2, 4)
x (3, 1)
x (4, 3)
m (1, 4)
x (1, 0)
x (0, 4)
m (5, 3)
m (25, 1)
x (3, 1)
x (4, 3)
x (1, 0)
End of state
Found MDS !!! (weight:19) (depth:5)
Current state:
2000002 2000003 2000001 1 
0 1 0 0  [X]
2000000 2000000 2000020 20 
2000000 2000001 2000021 21 
2 3 1 1 
Operations:
x (1, 0)
c (0, 4)
m (1, 4)
x (2, 0)
x (3, 2)
c (1, 3)
x (2, 3)
x (3, 4)
m (5, 2)
m (25, 0)
x (0, 2)
x (4, 0)
x (2, 3)
End of state
Found MDS !!! (weight:19) (depth:5)
Current state:
22 23 21 1 
0 1 0 0  [X]
20 20 2000020 2000000 
20 21 2000021 2000001 
2 3 1 1 
Operations:
x (1, 0)
c (0, 4)
m (1, 4)
x (2, 0)
x (3, 2)
c (1, 3)
x (2, 3)
x (3, 4)
m (5, 0)
m (25, 2)
x (0, 2)
x (4, 0)
x (2, 3)
End of state
Found MDS !!! (weight:19) (depth:5)
Current state:
2000002 2000003 2000001 1 
2000000 2000001 2000021 21 
2000000 2000000 2000020 20 
2 3 1 1 
2 2 0 0  [X]
Operations:
x (1, 0)
c (0, 4)
m (1, 4)
x (2, 0)
x (3, 2)
x (2, 1)
c (4, 3)
x (1, 3)
m (5, 2)
m (25, 0)
x (0, 2)
x (3, 0)
x (2, 1)
End of state
Found MDS !!! (weight:19) (depth:5)
Current state:
22 23 21 1 
20 21 2000021 2000001 
20 20 2000020 2000000 
2 3 1 1 
2 2 0 0  [X]
Operations:
x (1, 0)
c (0, 4)
m (1, 4)
x (2, 0)
x (3, 2)
x (2, 1)
c (4, 3)
x (1, 3)
m (5, 0)
m (25, 2)
x (0, 2)
x (3, 0)
x (2, 1)
End of state
Found MDS !!! (weight:19) (depth:5)
Current state:
2000002 2000003 1 2000001 
2000000 2000001 21 2000021 
0 0 1 1  [X]
2000000 2000000 20 2000020 
2 3 1 1 
Operations:
x (1, 0)
c (0, 4)
m (1, 4)
x (3, 2)
x (2, 1)
x (1, 4)
x (3, 0)
c (2, 3)
m (5, 3)
m (25, 0)
x (0, 3)
x (4, 0)
x (3, 1)
End of state
Found MDS !!! (weight:19) (depth:5)
Current state:
1 1 0 1  [X]
20 21 2000001 2000021 
20 20 2000000 2000020 
22 23 1 21 
2 3 1 1 
Operations:
x (1, 0)
c (0, 4)
m (1, 4)
x (3, 2)
x (2, 1)
x (1, 4)
x (3, 0)
c (0, 3)
m (5, 3)
m (25, 2)
x (3, 2)
x (4, 3)
x (2, 1)
End of state
Found MDS !!! (weight:19) (depth:5)
Current state:
3 2000003 2000000 2000001 
1 2000001 2000020 2000021 
1 1 20 21 
0 0 0 1  [X]
2 2000002 2000000 2000000 
Operations:
x (1, 0)
c (0, 4)
m (1, 4)
x (3, 2)
x (2, 1)
m (5, 2)
x (3, 0)
x (0, 2)
m (25, 1)
x (1, 4)
x (2, 1)
x (4, 0)
End of state
Found MDS !!! (weight:19) (depth:5)
Current state:
1 1 0 0  [X]
1 2000001 2000020 2000021 
1 1 20 21 
3 2000003 2000000 2000001 
2 2000002 2000000 2000000 
Operations:
x (1, 0)
c (0, 4)
m (1, 4)
x (3, 2)
x (2, 1)
m (5, 2)
x (0, 3)
x (3, 2)
m (25, 1)
x (1, 4)
x (2, 1)
x (4, 3)
End of state
Found MDS !!! (weight:19) (depth:5)
Current state:
3 2000003 2000001 2000000 
1 2000001 2000021 2000020 
1 1 21 20 
0 0 0 1  [X]
2 2000002 2000000 2000000 
Operations:
x (1, 0)
c (0, 4)
m (1, 4)
x (2, 0)
x (3, 2)
x (2, 1)
m (5, 2)
x (0, 2)
m (25, 1)
x (1, 4)
x (2, 1)
x (4, 0)
End of state
Found MDS !!! (weight:19) (depth:5)
Current state:
20 21 1 1 
2000000 2000001 3 2000003 
2000000 2000000 2 2000002 
2000020 2000021 1 2000001 
0 0 0 0  [X]
Operations:
x (1, 0)
x (3, 2)
x (2, 1)
m (1, 2)
x (0, 3)
m (5, 0)
x (1, 0)
m (25, 3)
x (3, 2)
x (0, 3)
x (2, 1)
End of state
Found MDS !!! (weight:19) (depth:5)
Current state:
2000001 2000020 1 2000021 
1 20 1 21 
0 0 1 0  [X]
2000003 2000000 3 2000001 
2000002 2000000 2 2000000 
Operations:
c (0, 4)
x (2, 4)
x (3, 1)
x (4, 3)
m (1, 4)
x (1, 0)
m (5, 1)
x (3, 1)
m (25, 0)
x (0, 4)
x (1, 0)
x (4, 3)
End of state
Found MDS !!! (weight:19) (depth:5)
Current state:
3 2000003 2000000 2000001 
1 2000001 2000020 2000021 
0 0 20 20  [X]
1 1 20 21 
2 2000002 2000000 2000000 
Operations:
x (1, 0)
c (0, 4)
m (1, 4)
x (3, 2)
x (2, 1)
m (5, 2)
x (3, 0)
c (2, 3)
x (0, 3)
m (25, 1)
x (1, 4)
x (3, 1)
x (4, 0)
End of state
Found MDS !!! (weight:19) (depth:5)
Current state:
20 21 1 1 
2 3 2000003 2000001 
2 2 2000002 2000000 
0 0 0 1  [X]
22 23 3 1 
Operations:
x (1, 0)
c (0, 4)
x (2, 4)
m (1, 4)
m (5, 0)
x (3, 2)
x (2, 1)
x (1, 0)
m (25, 2)
x (4, 2)
x (0, 4)
x (2, 1)
End of state
Found MDS !!! (weight:19) (depth:5)
Current state:
20 21 1 1 
2 3 2000003 2000001 
0 0 1 0  [X]
2 2 2000002 2000000 
22 23 3 1 
Operations:
x (1, 0)
c (0, 4)
x (2, 4)
m (1, 4)
m (5, 0)
x (2, 3)
x (3, 1)
x (1, 0)
m (25, 3)
x (4, 3)
x (0, 4)
x (3, 1)
End of state
Found MDS !!! (weight:19) (depth:5)
Current state:
2000000 2000002 2 2 
1 3 22 23 
1 1 20 21 
2000001 2000003 2 3 
0 0 0 0  [X]
Operations:
x (1, 0)
x (3, 2)
x (2, 1)
m (1, 1)
m (5, 2)
x (0, 3)
x (3, 2)
m (25, 0)
x (1, 0)
x (2, 1)
x (0, 3)
End of state
Found MDS !!! (weight:19) (depth:5)
Current state:
3 2000001 2 2000003 
2 2000000 2 2000002 
0 0 1 0  [X]
23 1 22 3 
21 1 20 1 
Operations:
c (0, 4)
x (2, 4)
x (3, 1)
x (4, 3)
m (1, 3)
m (5, 4)
x (1, 0)
x (0, 4)
m (25, 1)
x (3, 1)
x (4, 3)
x (1, 0)
End of state
Found MDS !!! (weight:19) (depth:5)
Current state:
1 1 0 1  [X]
1 20 1 21 
3 22 1 23 
2000003 2 2000001 3 
2000002 2 2000000 2 
Operations:
c (0, 4)
x (2, 4)
x (3, 1)
x (1, 0)
c (0, 2)
m (1, 2)
m (5, 1)
x (4, 3)
x (3, 1)
m (25, 4)
x (2, 4)
x (1, 2)
x (4, 3)
End of state
Found MDS !!! (weight:19) (depth:5)
Current state:
1 1 0 1  [X]
2000000 2000001 21 2000021 
2000000 2000000 20 2000020 
2000002 2000003 1 2000001 
2 3 1 1 
Operations:
x (1, 0)
c (0, 4)
m (1, 4)
x (3, 2)
x (2, 1)
x (1, 4)
m (5, 2)
x (3, 0)
c (0, 3)
m (25, 3)
x (3, 2)
x (4, 3)
x (2, 1)
End of state
Found MDS !!! (weight:19) (depth:5)
Current state:
1 1 0 0  [X]
2 3 2000003 2000001 
2 2 2000002 2000000 
20 21 1 1 
22 23 3 1 
Operations:
x (1, 0)
c (0, 4)
x (2, 4)
m (1, 4)
x (3, 2)
c (0, 3)
m (5, 3)
x (2, 1)
x (1, 3)
m (25, 2)
x (4, 2)
x (3, 4)
x (2, 1)
End of state
Found MDS !!! (weight:19) (depth:5)
Current state:
3 2000003 2000001 2000000 
0 1 1 1  [X]
1 2000001 2000021 2000020 
1 1 21 20 
2 2000002 2000000 2000000 
Operations:
x (1, 0)
c (0, 4)
m (1, 4)
x (2, 0)
x (3, 2)
c (2, 3)
m (5, 3)
x (0, 3)
x (2, 1)
c (1, 2)
m (25, 2)
x (2, 4)
x (3, 2)
x (4, 0)
End of state
Found MDS !!! (weight:19) (depth:5)
Current state:
20 21 1 1 
0 1 0 0  [X]
2 2 2000002 2000000 
2 3 2000003 2000001 
22 23 3 1 
Operations:
x (1, 0)
c (0, 4)
x (2, 4)
m (1, 4)
m (5, 0)
x (3, 2)
c (1, 3)
x (2, 3)
x (3, 0)
m (25, 2)
x (4, 2)
x (0, 4)
x (2, 3)
End of state
Found MDS !!! (weight:19) (depth:5)
Current state:
22 23 1 21 
20 21 2000001 2000021 
0 0 1 1  [X]
20 20 2000000 2000020 
2 3 1 1 
Operations:
x (1, 0)
c (0, 4)
m (1, 4)
x (3, 2)
x (2, 1)
x (1, 4)
x (3, 0)
m (5, 0)
c (2, 3)
m (25, 3)
x (0, 3)
x (4, 0)
x (3, 1)
End of state
Found MDS !!! (weight:19) (depth:5)
Current state:
20 21 1 1 
2 3 2000003 2000001 
0 0 1 1  [X]
2 2 2000002 2000000 
22 23 3 1 
Operations:
x (1, 0)
c (0, 4)
x (2, 4)
m (1, 4)
m (5, 0)
x (3, 2)
x (2, 1)
x (1, 0)
c (2, 3)
m (25, 3)
x (4, 3)
x (0, 4)
x (3, 1)
End of state
Found MDS !!! (weight:19) (depth:5)
Current state:
20 20 0 0  [X]
2 3 2000003 2000001 
2 2 2000002 2000000 
20 21 1 1 
22 23 3 1 
Operations:
x (1, 0)
c (0, 4)
x (2, 4)
m (1, 4)
m (5, 0)
x (3, 2)
x (2, 1)
c (0, 3)
x (1, 3)
m (25, 2)
x (4, 2)
x (3, 4)
x (2, 1)
End of state
Found MDS !!! (weight:19) (depth:5)
Current state:
3 23 20 21 
1 21 2000020 2000021 
1 1 2000000 2000001 
0 0 0 1  [X]
2 22 20 20 
Operations:
x (1, 0)
c (0, 4)
m (1, 4)
x (3, 2)
x (2, 1)
m (5, 1)
m (25, 2)
x (3, 0)
x (0, 2)
x (1, 4)
x (2, 1)
x (4, 0)
End of state
Found MDS !!! (weight:19) (depth:5)
Current state:
1 1 0 0  [X]
1 21 2000020 2000021 
1 1 2000000 2000001 
3 23 20 21 
2 22 20 20 
Operations:
x (1, 0)
c (0, 4)
m (1, 4)
x (3, 2)
x (2, 1)
m (5, 1)
m (25, 2)
x (0, 3)
x (3, 2)
x (1, 4)
x (2, 1)
x (4, 3)
End of state
Found MDS !!! (weight:19) (depth:5)
Current state:
2000000 2000001 1 1 
2 3 23 21 
0 0 1 1  [X]
2 2 22 20 
2000002 2000003 3 1 
Operations:
x (1, 0)
c (0, 4)
x (2, 4)
m (1, 4)
x (3, 2)
c (2, 3)
m (5, 3)
m (25, 0)
x (2, 1)
x (1, 0)
x (4, 3)
x (0, 4)
x (3, 1)
End of state
Found MDS !!! (weight:19) (depth:5)
Current state:
2000000 2000001 1 1 
0 1 0 0  [X]
2 3 23 21 
2 2 22 20 
2000002 2000003 3 1 
Operations:
x (1, 0)
c (0, 4)
x (2, 4)
m (1, 4)
x (3, 2)
c (2, 3)
m (5, 3)
m (25, 0)
x (1, 2)
x (2, 0)
x (4, 3)
x (0, 4)
x (3, 2)
End of state
Found MDS !!! (weight:19) (depth:5)
Current state:
2000002 2000003 1 2000001 
2000000 2000001 21 2000021 
0 0 20 20  [X]
2000000 2000000 20 2000020 
2 3 1 1 
Operations:
x (1, 0)
c (0, 4)
m (1, 4)
x (3, 2)
x (2, 1)
x (1, 4)
m (5, 2)
x (3, 0)
m (25, 0)
c (2, 3)
x (0, 3)
x (4, 0)
x (3, 1)
End of state
Found MDS !!! (weight:19) (depth:5)
Current state:
2000000 2000000 0 2000000  [X]
2000000 2000001 21 2000021 
2000000 2000000 20 2000020 
2000002 2000003 1 2000001 
2 3 1 1 
Operations:
x (1, 0)
c (0, 4)
m (1, 4)
x (3, 2)
x (2, 1)
x (1, 4)
m (5, 2)
x (3, 0)
m (25, 0)
c (4, 3)
x (0, 3)
x (0, 2)
x (2, 1)
End of state
Found MDS !!! (weight:19) (depth:5)
Current state:
3 2000003 2000001 2000000 
2 2000002 2000000 2000000 
1 2000001 2000021 2000020 
1 1 21 20 
2 2 0 0  [X]
Operations:
x (1, 0)
c (0, 4)
m (1, 4)
x (2, 0)
x (3, 2)
c (2, 3)
m (5, 3)
x (0, 3)
x (2, 1)
m (25, 1)
c (3, 2)
x (1, 2)
x (4, 1)
x (1, 0)
End of state
Found MDS !!! (weight:19) (depth:5)
Current state:
3 2000003 2000001 2000000 
0 2000000 2000000 2000000  [X]
1 2000001 2000021 2000020 
1 1 21 20 
2 2000002 2000000 2000000 
Operations:
x (1, 0)
c (0, 4)
m (1, 4)
x (2, 0)
x (3, 2)
c (2, 3)
m (5, 3)
x (0, 3)
x (2, 1)
m (25, 1)
c (3, 2)
x (1, 2)
x (1, 4)
x (4, 0)
End of state
Found MDS !!! (weight:19) (depth:5)
Current state:
3 23 21 20 
1 21 2000021 2000020 
1 1 2000001 2000000 
0 0 0 1  [X]
2 22 20 20 
Operations:
x (1, 0)
c (0, 4)
m (1, 4)
x (2, 0)
x (3, 2)
x (2, 1)
m (5, 1)
m (25, 2)
x (0, 2)
x (1, 4)
x (2, 1)
x (4, 0)
End of state
Found MDS !!! (weight:19) (depth:5)
Current state:
2000000 2000001 1 1 
20 21 3 23 
20 20 2 22 
2000020 2000021 1 21 
0 0 0 0  [X]
Operations:
x (1, 0)
x (3, 2)
x (2, 1)
m (1, 2)
x (0, 3)
m (5, 3)
m (25, 0)
x (1, 0)
x (3, 2)
x (0, 3)
x (2, 1)
End of state
Found MDS !!! (weight:19) (depth:5)
Current state:
21 2000020 1 2000021 
1 2000000 1 2000001 
0 0 1 0  [X]
23 20 3 21 
22 20 2 20 
Operations:
c (0, 4)
x (2, 4)
x (3, 1)
x (4, 3)
m (1, 4)
x (1, 0)
m (5, 0)
m (25, 1)
x (3, 1)
x (0, 4)
x (1, 0)
x (4, 3)
End of state
Found MDS !!! (weight:19) (depth:5)
Current state:
3 23 21 20 
0 1 0 0  [X]
1 1 2000001 2000000 
1 21 2000021 2000020 
2 22 20 20 
Operations:
x (1, 0)
c (0, 4)
m (1, 4)
x (2, 0)
x (3, 2)
c (1, 3)
x (2, 3)
m (5, 3)
m (25, 2)
x (0, 2)
x (3, 4)
x (2, 3)
x (4, 0)
End of state
Found MDS !!! (weight:19) (depth:5)
Current state:
3 23 21 20 
0 1 1 1  [X]
1 1 2000001 2000000 
1 21 2000021 2000020 
2 22 20 20 
Operations:
x (1, 0)
c (0, 4)
m (1, 4)
x (2, 0)
x (3, 2)
x (2, 1)
c (1, 3)
m (5, 3)
m (25, 2)
x (0, 2)
x (3, 4)
x (2, 3)
x (4, 0)
End of state
Found MDS !!! (weight:19) (depth:5)
Current state:
2000000 2000001 1 1 
2 3 23 21 
2 2 22 20 
0 0 0 1  [X]
2000002 2000003 3 1 
Operations:
x (1, 0)
c (0, 4)
x (2, 4)
m (1, 4)
x (3, 2)
x (2, 1)
m (5, 2)
m (25, 0)
x (1, 0)
x (4, 2)
x (0, 4)
x (2, 1)
End of state
Found MDS !!! (weight:19) (depth:5)
Current state:
2000000 2000001 1 1 
2 3 23 21 
0 0 1 0  [X]
2 2 22 20 
2000002 2000003 3 1 
Operations:
x (1, 0)
c (0, 4)
x (2, 4)
m (1, 4)
x (2, 3)
x (3, 1)
m (5, 3)
m (25, 0)
x (1, 0)
x (4, 3)
x (0, 4)
x (3, 1)
End of state
Found MDS !!! (weight:19) (depth:5)
Current state:
20 22 2 2 
1 3 2000002 2000003 
1 1 2000000 2000001 
21 23 2 3 
0 0 0 0  [X]
Operations:
x (1, 0)
x (3, 2)
x (2, 1)
m (1, 1)
x (0, 3)
m (5, 0)
m (25, 2)
x (3, 2)
x (1, 0)
x (2, 1)
x (0, 3)
End of state
Found MDS !!! (weight:19) (depth:5)
Current state:
3 21 2 23 
2 20 2 22 
0 0 1 0  [X]
2000003 1 2000002 3 
2000001 1 2000000 1 
Operations:
c (0, 4)
x (2, 4)
x (3, 1)
x (4, 3)
m (1, 3)
x (1, 0)
m (5, 1)
m (25, 4)
x (0, 4)
x (3, 1)
x (4, 3)
x (1, 0)
End of state
Found MDS !!! (weight:19) (depth:5)
Current state:
1 1 0 1  [X]
1 2000000 1 2000001 
3 2000002 1 2000003 
23 2 21 3 
22 2 20 2 
Operations:
c (0, 4)
x (2, 4)
x (3, 1)
x (1, 0)
c (0, 2)
m (1, 2)
x (4, 3)
m (5, 4)
m (25, 1)
x (3, 1)
x (2, 4)
x (1, 2)
x (4, 3)
End of state
Found MDS !!! (weight:19) (depth:5)
Current state:
3 23 20 21 
1 21 2000020 2000021 
0 0 1 1  [X]
1 1 2000000 2000001 
2 22 20 20 
Operations:
x (1, 0)
c (0, 4)
m (1, 4)
x (3, 2)
x (2, 1)
m (5, 1)
x (3, 0)
c (2, 3)
m (25, 3)
x (0, 3)
x (1, 4)
x (3, 1)
x (4, 0)
End of state
Found MDS !!! (weight:19) (depth:5)
Current state:
1 1 0 0  [X]
2 3 23 21 
2000000 2000001 1 1 
2 2 22 20 
2000002 2000003 3 1 
Operations:
x (1, 0)
c (0, 4)
x (2, 4)
m (1, 4)
x (3, 2)
c (2, 3)
m (5, 3)
x (2, 1)
c (0, 2)
m (25, 2)
x (1, 2)
x (4, 3)
x (2, 4)
x (3, 1)
End of state
Found MDS !!! (weight:19) (depth:5)
Current state:
3 23 20 21 
2 22 20 20 
1 1 2000000 2000001 
1 21 2000020 2000021 
2 2 0 0  [X]
Operations:
x (1, 0)
c (0, 4)
m (1, 4)
x (3, 2)
x (2, 1)
m (5, 1)
m (25, 2)
x (3, 0)
x (0, 2)
c (1, 3)
x (2, 3)
x (4, 1)
x (1, 0)
End of state
Found MDS !!! (weight:19) (depth:5)
Current state:
3 23 20 21 
0 20 20 20  [X]
1 1 2000000 2000001 
1 21 2000020 2000021 
2 22 20 20 
Operations:
x (1, 0)
c (0, 4)
m (1, 4)
x (3, 2)
x (2, 1)
m (5, 1)
m (25, 2)
x (3, 0)
x (0, 2)
c (1, 3)
x (2, 3)
x (1, 4)
x (4, 0)
End of state
Found MDS !!! (weight:19) (depth:5)
Current state:
3 23 20 21 
1 21 2000020 2000021 
0 0 2000000 2000000  [X]
1 1 2000000 2000001 
2 22 20 20 
Operations:
x (1, 0)
c (0, 4)
m (1, 4)
x (3, 2)
x (2, 1)
m (5, 1)
m (25, 2)
x (3, 0)
c (0, 3)
x (2, 3)
x (1, 4)
x (3, 1)
x (4, 0)
End of state
Found MDS !!! (weight:19) (depth:5)
Current state:
2000000 2000001 1 1 
2 3 23 21 
2000002 2000003 3 1 
2 2 22 20 
2 2 2 0  [X]
Operations:
x (1, 0)
c (0, 4)
x (2, 4)
m (1, 4)
x (3, 2)
c (2, 3)
m (5, 3)
m (25, 0)
x (2, 1)
x (1, 0)
c (0, 2)
x (4, 2)
x (4, 3)
x (3, 1)
End of state
Found MDS !!! (weight:19) (depth:5)
Current state:
2000000 2000001 1 1 
2 3 23 21 
2000002 2000003 3 1 
0 0 20 20  [X]
2 2 22 20 
Operations:
x (1, 0)
c (0, 4)
x (2, 4)
m (1, 4)
x (3, 2)
c (2, 3)
m (5, 3)
m (25, 0)
x (2, 1)
x (1, 0)
c (0, 2)
x (4, 2)
x (3, 4)
x (4, 1)
End of state
Found MDS !!! (weight:19) (depth:5)
Current state:
2000000 2000000 0 0  [X]
2 3 23 21 
2000000 2000001 1 1 
2 2 22 20 
2000002 2000003 3 1 
Operations:
x (1, 0)
c (0, 4)
x (2, 4)
m (1, 4)
x (3, 2)
c (2, 3)
m (5, 3)
m (25, 0)
x (2, 1)
c (0, 2)
x (1, 2)
x (4, 3)
x (2, 4)
x (3, 1)
End of state
Found MDS !!! (weight:19) (depth:5)
Current state:
20 21 2000001 2000021 
0 1 1 1  [X]
20 20 2000000 2000020 
22 23 1 21 
2 3 1 1 
Operations:
x (1, 0)
c (0, 4)
m (1, 4)
x (3, 2)
x (2, 1)
x (1, 4)
x (3, 0)
m (5, 0)
c (0, 3)
x (4, 3)
m (25, 2)
x (0, 2)
c (1, 0)
x (2, 0)
End of state
Found MDS !!! (weight:19) (depth:5)
Current state:
20 21 1 1 
0 1 1 1  [X]
2 3 2000003 2000001 
22 23 3 1 
2 2 2000002 2000000 
Operations:
x (1, 0)
c (0, 4)
x (2, 4)
m (1, 4)
m (5, 0)
x (3, 2)
x (2, 1)
x (1, 0)
c (0, 3)
x (4, 3)
m (25, 2)
x (2, 4)
c (1, 2)
x (4, 2)
End of state
Found MDS !!! (weight:19) (depth:5)
Current state:
2000002 2000003 1 2000001 
0 1 1 1  [X]
2000000 2000000 20 2000020 
2000000 2000001 21 2000021 
2 3 1 1 
Operations:
x (1, 0)
c (0, 4)
m (1, 4)
x (3, 2)
x (2, 1)
x (1, 4)
m (5, 2)
x (3, 0)
m (25, 0)
x (0, 2)
x (4, 0)
c (2, 3)
x (1, 3)
End of state
Found MDS !!! (weight:19) (depth:5)
Current state:
1 1 1 0  [X]
1 2000001 2000021 2000020 
3 2000003 2000001 2000000 
1 1 21 20 
2 2000002 2000000 2000000 
Operations:
x (1, 0)
c (0, 4)
m (1, 4)
x (2, 0)
x (3, 2)
c (2, 3)
m (5, 3)
x (0, 3)
x (2, 1)
m (25, 1)
x (1, 4)
x (3, 1)
c (0, 2)
x (4, 2)
End of state
Found MDS !!! (weight:19) (depth:5)
Current state:
1 1 0 1  [X]
1 21 2000020 2000021 
1 1 2000000 2000001 
3 23 20 21 
2 22 20 20 
Operations:
x (1, 0)
c (0, 4)
m (1, 4)
x (3, 2)
x (2, 1)
m (5, 1)
m (25, 2)
x (3, 0)
x (0, 2)
x (1, 4)
x (2, 1)
c (4, 3)
x (0, 3)
End of state
Found MDS !!! (weight:19) (depth:5)
Current state:
2000000 2000001 1 1 
0 1 1 1  [X]
2 3 23 21 
2 2 22 20 
2000002 2000003 3 1 
Operations:
x (1, 0)
c (0, 4)
x (2, 4)
m (1, 4)
x (3, 2)
c (2, 3)
m (5, 3)
m (25, 0)
x (2, 1)
x (1, 0)
x (4, 3)
x (0, 4)
c (1, 2)
x (3, 2)
End of state
Found MDS !!! (weight:19) (depth:5)
Current state:
2000001 21 2000000 20 
2000000 20 2000000 21 
3 2 1 2 
2000003 2 2000001 3 
2000000 0 2000000 0  [X]
Operations:
c (0, 4)
x (2, 4)
x (3, 1)
x (1, 0)
c (0, 2)
m (1, 2)
x (4, 2)
m (5, 1)
m (25, 4)
x (4, 3)
x (3, 1)
x (1, 0)
x (2, 3)
End of state
Found MDS !!! (weight:19) (depth:5)
Current state:
21 2000001 20 2000000 
20 2000000 20 2000001 
3 2 1 2 
23 2 21 3 
20 0 20 0  [X]
Operations:
c (0, 4)
x (2, 4)
x (3, 1)
x (1, 0)
c (0, 2)
m (1, 2)
x (4, 2)
m (5, 4)
m (25, 1)
x (4, 3)
x (3, 1)
x (1, 0)
x (2, 3)
End of state
Found MDS !!! (weight:19) (depth:5)
Current state:
2000001 21 2000000 20 
2000000 20 2000000 21 
3 2 1 2 
0 0 0 1  [X]
2000003 2 2000001 3 
Operations:
c (0, 4)
x (2, 4)
x (3, 1)
x (1, 0)
c (0, 2)
m (1, 2)
x (4, 2)
m (5, 1)
m (25, 4)
x (3, 4)
x (4, 1)
x (1, 0)
x (2, 4)
End of state
Found MDS !!! (weight:19) (depth:5)
Current state:
21 2000001 20 2000000 
20 2000000 20 2000001 
3 2 1 2 
0 0 0 1  [X]
23 2 21 3 
Operations:
c (0, 4)
x (2, 4)
x (3, 1)
x (1, 0)
c (0, 2)
m (1, 2)
x (4, 2)
m (5, 4)
m (25, 1)
x (3, 4)
x (4, 1)
x (1, 0)
x (2, 4)
End of state
Found MDS !!! (weight:19) (depth:5)
Current state:
20 21 2000000 2000000 
2 3 2000003 2000001 
0 0 2000000 2000000  [X]
2 2 3 1 
22 23 2000002 2000000 
Operations:
x (1, 0)
c (0, 4)
x (2, 4)
m (1, 4)
x (3, 2)
c (4, 3)
x (2, 3)
m (5, 0)
m (25, 2)
x (2, 1)
x (1, 0)
x (3, 1)
x (0, 4)
End of state
Found MDS !!! (weight:19) (depth:5)
Current state:
20 21 2000000 2000000 
0 1 0 0  [X]
2 3 2000003 2000001 
2 2 3 1 
22 23 2000002 2000000 
Operations:
x (1, 0)
c (0, 4)
x (2, 4)
m (1, 4)
x (3, 2)
c (4, 3)
x (2, 3)
m (5, 0)
m (25, 2)
x (1, 2)
x (2, 0)
x (3, 2)
x (0, 4)
End of state
Found MDS !!! (weight:19) (depth:5)
Current state:
2000000 2000001 20 20 
2 3 23 21 
0 0 20 20  [X]
2 2 3 1 
2000002 2000003 22 20 
Operations:
x (1, 0)
c (0, 4)
x (2, 4)
m (1, 4)
x (3, 2)
c (4, 3)
x (2, 3)
m (5, 2)
m (25, 0)
x (2, 1)
x (1, 0)
x (3, 1)
x (0, 4)
End of state
Found MDS !!! (weight:19) (depth:5)
Current state:
2000000 2000001 20 20 
0 1 0 0  [X]
2 3 23 21 
2 2 3 1 
2000002 2000003 22 20 
Operations:
x (1, 0)
c (0, 4)
x (2, 4)
m (1, 4)
x (3, 2)
c (4, 3)
x (2, 3)
m (5, 2)
m (25, 0)
x (1, 2)
x (2, 0)
x (3, 2)
x (0, 4)
End of state
Found MDS !!! (weight:19) (depth:5)
Current state:
1 21 20 20 
2 22 2000020 2000021 
2 2 2000000 2000001 
3 23 20 21 
2 2 0 0  [X]
Operations:
x (1, 0)
c (0, 4)
m (1, 4)
x (3, 2)
x (2, 1)
m (5, 1)
x (1, 0)
m (25, 2)
x (4, 3)
x (3, 2)
x (2, 1)
x (0, 3)
End of state
Found MDS !!! (weight:19) (depth:5)
Current state:
1 21 20 20 
2 22 2000020 2000021 
2 2 2000000 2000001 
0 0 0 1  [X]
3 23 20 21 
Operations:
x (1, 0)
c (0, 4)
m (1, 4)
x (3, 2)
x (2, 1)
m (5, 1)
x (1, 0)
m (25, 2)
x (3, 4)
x (4, 2)
x (2, 1)
x (0, 4)
End of state
Found MDS !!! (weight:19) (depth:5)
Current state:
3 2 2000001 2000000 
20 21 2000021 2000001 
0 0 2000000 2000000  [X]
20 20 21 1 
2 3 2000000 2000000 
Operations:
x (1, 0)
c (0, 4)
m (1, 4)
x (2, 0)
x (3, 2)
c (0, 3)
m (5, 3)
x (2, 3)
m (25, 2)
x (2, 1)
x (1, 4)
x (4, 0)
x (3, 1)
End of state
Found MDS !!! (weight:19) (depth:5)
Current state:
3 2 2000001 2000000 
0 1 0 0  [X]
20 21 2000021 2000001 
20 20 21 1 
2 3 2000000 2000000 
Operations:
x (1, 0)
c (0, 4)
m (1, 4)
x (2, 0)
x (3, 2)
c (0, 3)
m (5, 3)
x (2, 3)
m (25, 2)
x (1, 2)
x (2, 4)
x (4, 0)
x (3, 2)
End of state
Found MDS !!! (weight:19) (depth:5)
Current state:
22 23 2000020 2000000 
20 21 2000021 2000001 
0 0 2000000 2000000  [X]
20 20 21 1 
2 3 2000000 2000000 
Operations:
x (1, 0)
c (0, 4)
m (1, 4)
x (2, 0)
m (5, 0)
x (3, 2)
c (2, 3)
x (0, 3)
m (25, 2)
x (2, 1)
x (1, 4)
x (4, 0)
x (3, 1)
End of state
Found MDS !!! (weight:19) (depth:5)
Current state:
22 23 2000020 2000000 
0 1 0 0  [X]
20 21 2000021 2000001 
20 20 21 1 
2 3 2000000 2000000 
Operations:
x (1, 0)
c (0, 4)
m (1, 4)
x (2, 0)
m (5, 0)
x (3, 2)
c (2, 3)
x (0, 3)
m (25, 2)
x (1, 2)
x (2, 4)
x (4, 0)
x (3, 2)
End of state
Found MDS !!! (weight:19) (depth:5)
Current state:
1 2000001 2000000 2000000 
2 2000002 2000020 2000021 
2 2 20 21 
3 2000003 2000000 2000001 
2 2 0 0  [X]
Operations:
x (1, 0)
c (0, 4)
m (1, 4)
x (3, 2)
x (2, 1)
m (5, 2)
m (25, 1)
x (1, 0)
x (4, 3)
x (3, 2)
x (2, 1)
x (0, 3)
End of state
Found MDS !!! (weight:19) (depth:5)
Current state:
1 2000001 2000000 2000000 
2 2000002 2000020 2000021 
2 2 20 21 
0 0 0 1  [X]
3 2000003 2000000 2000001 
Operations:
x (1, 0)
c (0, 4)
m (1, 4)
x (3, 2)
x (2, 1)
m (5, 2)
m (25, 1)
x (1, 0)
x (3, 4)
x (4, 2)
x (2, 1)
x (0, 4)
End of state
Found MDS !!! (weight:19) (depth:5)
Current state:
2000002 2000003 2000020 20 
2000000 2000001 2000021 21 
2000000 2000000 2000001 1 
0 0 20 20  [X]
2 3 20 20 
Operations:
x (1, 0)
c (0, 4)
m (1, 4)
x (2, 0)
x (3, 2)
c (2, 3)
m (5, 3)
m (25, 0)
x (0, 2)
x (3, 1)
x (1, 4)
x (4, 0)
x (2, 1)
End of state
Found MDS !!! (weight:19) (depth:5)
Current state:
2000002 2000003 2000020 20 
0 1 0 0  [X]
2000000 2000000 2000001 1 
2000000 2000001 2000021 21 
2 3 20 20 
Operations:
x (1, 0)
c (0, 4)
m (1, 4)
x (2, 0)
x (3, 2)
c (2, 3)
m (5, 3)
m (25, 0)
x (0, 2)
x (1, 3)
x (3, 4)
x (4, 0)
x (2, 3)
End of state
Found MDS !!! (weight:19) (depth:5)
Current state:
2000001 21 2000000 2000021 
2000000 20 2000000 2000020 
3 2 1 2 
2000003 2 2000001 2000002 
1 0 1 0  [X]
Operations:
c (0, 4)
x (2, 4)
x (3, 1)
x (1, 0)
c (0, 2)
m (1, 2)
x (4, 2)
m (5, 1)
x (4, 3)
m (25, 3)
x (3, 1)
x (1, 0)
x (2, 3)
End of state
Found MDS !!! (weight:19) (depth:5)
Current state:
2000001 21 2000000 2000021 
2000000 20 2000000 2000020 
3 2 1 2 
0 0 0 1  [X]
2000003 2 2000001 2000002 
Operations:
c (0, 4)
x (2, 4)
x (3, 1)
x (1, 0)
c (0, 2)
m (1, 2)
x (4, 2)
m (5, 1)
x (3, 4)
m (25, 4)
x (4, 1)
x (1, 0)
x (2, 4)
End of state
Found MDS !!! (weight:19) (depth:5)
Current state:
20 2000020 2000000 2000000 
2 2000002 2000003 2000001 
0 0 1 1  [X]
2 2 3 1 
22 2000022 2000002 2000000 
Operations:
x (1, 0)
c (0, 4)
x (2, 4)
m (1, 4)
x (3, 2)
c (4, 3)
x (2, 3)
m (5, 0)
x (2, 1)
m (25, 1)
x (1, 0)
x (3, 1)
x (0, 4)
End of state
Found MDS !!! (weight:19) (depth:5)
Current state:
20 2000020 2000000 2000000 
0 1 0 0  [X]
2 2000002 2000003 2000001 
2 2 3 1 
22 2000022 2000002 2000000 
Operations:
x (1, 0)
c (0, 4)
x (2, 4)
m (1, 4)
x (3, 2)
c (4, 3)
x (2, 3)
m (5, 0)
x (1, 2)
m (25, 2)
x (2, 0)
x (3, 2)
x (0, 4)
End of state
Found MDS !!! (weight:19) (depth:5)
Current state:
2000002 2000022 20 2000020 
2000000 2000020 21 2000021 
2000000 2000000 1 2000001 
0 0 0 1  [X]
2 22 20 20 
Operations:
x (1, 0)
c (0, 4)
m (1, 4)
x (3, 2)
x (2, 1)
m (5, 1)
x (1, 4)
x (3, 0)
m (25, 0)
x (0, 2)
x (4, 0)
x (2, 1)
End of state
Found MDS !!! (weight:19) (depth:5)
Current state:
1 1 0 0  [X]
2000000 2000020 21 2000021 
2000000 2000000 1 2000001 
2000002 2000022 20 2000020 
2 22 20 20 
Operations:
x (1, 0)
c (0, 4)
m (1, 4)
x (3, 2)
x (2, 1)
m (5, 1)
x (1, 4)
x (0, 3)
m (25, 3)
x (3, 2)
x (2, 1)
x (4, 3)
End of state
Found MDS !!! (weight:19) (depth:5)
Current state:
3 2000003 2000001 2000000 
20 2000020 2000021 2000001 
0 0 1 1  [X]
20 20 21 1 
2 2000002 2000000 2000000 
Operations:
x (1, 0)
c (0, 4)
m (1, 4)
x (2, 0)
x (3, 2)
c (0, 3)
m (5, 3)
x (2, 3)
x (2, 1)
m (25, 1)
x (1, 4)
x (4, 0)
x (3, 1)
End of state
Found MDS !!! (weight:19) (depth:5)
Current state:
3 2000003 2000001 2000000 
0 1 0 0  [X]
20 2000020 2000021 2000001 
20 20 21 1 
2 2000002 2000000 2000000 
Operations:
x (1, 0)
c (0, 4)
m (1, 4)
x (2, 0)
x (3, 2)
c (0, 3)
m (5, 3)
x (2, 3)
x (1, 2)
m (25, 2)
x (2, 4)
x (4, 0)
x (3, 2)
End of state
Found MDS !!! (weight:19) (depth:5)
Current state:
1 2000001 2000000 2000000 
2 2000002 2000020 2000021 
0 0 1 1  [X]
3 2000003 2000000 2000001 
2 2 20 21 
Operations:
x (1, 0)
c (0, 4)
m (1, 4)
x (3, 2)
x (4, 3)
c (2, 4)
m (5, 4)
x (3, 4)
x (2, 1)
m (25, 1)
x (1, 0)
x (4, 1)
x (0, 3)
End of state
Found MDS !!! (weight:19) (depth:5)
Current state:
1 2000001 2000000 2000000 
0 1 0 0  [X]
2 2000002 2000020 2000021 
3 2000003 2000000 2000001 
2 2 20 21 
Operations:
x (1, 0)
c (0, 4)
m (1, 4)
x (3, 2)
x (4, 3)
c (2, 4)
m (5, 4)
x (3, 4)
x (1, 2)
m (25, 2)
x (2, 0)
x (0, 3)
x (4, 2)
End of state
Found MDS !!! (weight:19) (depth:5)
Current state:
1 2000001 2000000 2000000 
2 2000002 2000022 2000020 
0 0 1 1  [X]
2 2 22 20 
3 2000003 2000002 2000000 
Operations:
x (1, 0)
c (0, 4)
x (2, 4)
m (1, 4)
x (3, 2)
c (2, 3)
m (5, 3)
x (4, 3)
x (2, 1)
m (25, 1)
x (1, 0)
x (3, 1)
x (0, 4)
End of state
Found MDS !!! (weight:19) (depth:5)
Current state:
1 2000001 2000000 2000000 
0 1 0 0  [X]
2 2000002 2000022 2000020 
2 2 22 20 
3 2000003 2000002 2000000 
Operations:
x (1, 0)
c (0, 4)
x (2, 4)
m (1, 4)
x (3, 2)
c (2, 3)
m (5, 3)
x (4, 3)
x (1, 2)
m (25, 2)
x (2, 0)
x (3, 2)
x (0, 4)
End of state
Found MDS !!! (weight:19) (depth:5)
Current state:
22 2000022 2000020 2000000 
20 2000020 2000021 2000001 
0 0 1 1  [X]
20 20 21 1 
2 2000002 2000000 2000000 
Operations:
x (1, 0)
c (0, 4)
m (1, 4)
x (2, 0)
m (5, 0)
x (3, 2)
c (2, 3)
x (0, 3)
x (2, 1)
m (25, 1)
x (1, 4)
x (4, 0)
x (3, 1)
End of state
Found MDS !!! (weight:19) (depth:5)
Current state:
22 2000022 2000020 2000000 
0 1 0 0  [X]
20 2000020 2000021 2000001 
20 20 21 1 
2 2000002 2000000 2000000 
Operations:
x (1, 0)
c (0, 4)
m (1, 4)
x (2, 0)
m (5, 0)
x (3, 2)
c (2, 3)
x (0, 3)
x (1, 2)
m (25, 2)
x (2, 4)
x (4, 0)
x (3, 2)
End of state
Found MDS !!! (weight:19) (depth:5)
Current state:
21 2000001 20 2000021 
20 2000000 20 2000020 
3 2 1 2 
23 2 21 22 
1 0 1 0  [X]
Operations:
c (0, 4)
x (2, 4)
x (3, 1)
x (1, 0)
c (0, 2)
m (1, 2)
x (4, 2)
x (4, 3)
m (5, 3)
m (25, 1)
x (3, 1)
x (1, 0)
x (2, 3)
End of state
Found MDS !!! (weight:19) (depth:5)
Current state:
21 2000001 20 2000021 
20 2000000 20 2000020 
3 2 1 2 
0 0 0 1  [X]
23 2 21 22 
Operations:
c (0, 4)
x (2, 4)
x (3, 1)
x (1, 0)
c (0, 2)
m (1, 2)
x (4, 2)
x (3, 4)
m (5, 4)
m (25, 1)
x (4, 1)
x (1, 0)
x (2, 4)
End of state
Found MDS !!! (weight:19) (depth:5)
Current state:
2000000 2000020 20 20 
2 22 23 21 
0 0 1 1  [X]
2 2 3 1 
2000002 2000022 22 20 
Operations:
x (1, 0)
c (0, 4)
x (2, 4)
m (1, 4)
x (3, 2)
c (4, 3)
x (2, 3)
x (2, 1)
m (5, 1)
m (25, 0)
x (1, 0)
x (3, 1)
x (0, 4)
End of state
Found MDS !!! (weight:19) (depth:5)
Current state:
2000000 2000020 20 20 
0 1 0 0  [X]
2 22 23 21 
2 2 3 1 
2000002 2000022 22 20 
Operations:
x (1, 0)
c (0, 4)
x (2, 4)
m (1, 4)
x (3, 2)
c (4, 3)
x (2, 3)
x (1, 2)
m (5, 2)
m (25, 0)
x (2, 0)
x (3, 2)
x (0, 4)
End of state
Found MDS !!! (weight:19) (depth:5)
Current state:
20 2000020 2000000 2000000 
2 2000002 2000003 2000001 
2 2 3 1 
0 0 0 1  [X]
22 2000022 2000002 2000000 
Operations:
x (1, 0)
c (0, 4)
x (2, 4)
m (1, 4)
x (3, 2)
x (2, 1)
x (4, 2)
m (5, 0)
m (25, 1)
x (1, 0)
x (2, 1)
x (0, 4)
End of state
Found MDS !!! (weight:19) (depth:5)
Current state:
2000000 2000020 20 20 
2 22 23 21 
2 2 3 1 
0 0 0 1  [X]
2000002 2000022 22 20 
Operations:
x (1, 0)
c (0, 4)
x (2, 4)
m (1, 4)
x (3, 2)
x (2, 1)
x (4, 2)
m (5, 1)
m (25, 0)
x (1, 0)
x (2, 1)
x (0, 4)
End of state
Found MDS !!! (weight:19) (depth:5)
Current state:
20 2000020 2000000 2000000 
2 2000002 2000003 2000001 
0 0 1 0  [X]
2 2 3 1 
22 2000022 2000002 2000000 
Operations:
x (1, 0)
c (0, 4)
x (2, 4)
m (1, 4)
x (2, 3)
x (3, 1)
x (4, 3)
m (5, 0)
m (25, 1)
x (1, 0)
x (3, 1)
x (0, 4)
End of state
Found MDS !!! (weight:19) (depth:5)
Current state:
2000000 2000020 20 20 
2 22 23 21 
0 0 1 0  [X]
2 2 3 1 
2000002 2000022 22 20 
Operations:
x (1, 0)
c (0, 4)
x (2, 4)
m (1, 4)
x (2, 3)
x (3, 1)
x (4, 3)
m (5, 1)
m (25, 0)
x (1, 0)
x (3, 1)
x (0, 4)
End of state
Found MDS !!! (weight:19) (depth:5)
Current state:
1 3 2 2 
2000000 2000002 22 2000022 
2000000 2000000 20 2000020 
2000001 2000003 2 2000002 
0 0 0 0  [X]
Operations:
x (1, 0)
x (3, 2)
x (2, 1)
m (1, 1)
x (0, 3)
x (1, 0)
m (5, 2)
m (25, 3)
x (3, 2)
x (2, 1)
x (0, 3)
End of state
Found MDS !!! (weight:19) (depth:5)
Current state:
1 3 2 2 
20 22 2000002 2000022 
20 20 2000000 2000020 
21 23 2 22 
0 0 0 0  [X]
Operations:
x (1, 0)
x (3, 2)
x (2, 1)
m (1, 1)
x (0, 3)
x (1, 0)
m (5, 3)
m (25, 2)
x (3, 2)
x (2, 1)
x (0, 3)
End of state
Found MDS !!! (weight:19) (depth:5)
Current state:
2000002 2000001 2 2000003 
2 1 2 3 
0 0 1 0  [X]
2000022 2000000 22 2000002 
2000020 2000000 20 2000000 
Operations:
c (0, 4)
x (2, 4)
x (3, 1)
x (4, 3)
m (1, 3)
x (1, 0)
x (3, 1)
m (5, 4)
m (25, 0)
x (0, 4)
x (1, 0)
x (4, 3)
End of state
Found MDS !!! (weight:19) (depth:5)
Current state:
22 21 2 23 
2 1 2 3 
0 0 1 0  [X]
2000022 20 2000002 22 
2000020 20 2000000 20 
Operations:
c (0, 4)
x (2, 4)
x (3, 1)
x (4, 3)
m (1, 3)
x (1, 0)
x (3, 1)
m (5, 0)
m (25, 4)
x (0, 4)
x (1, 0)
x (4, 3)
End of state
Found MDS !!! (weight:19) (depth:5)
Current state:
2000001 21 2000000 2000021 
2000000 20 2000000 2000020 
2 2 0 2  [X]
2000003 2 2000001 2000002 
3 2 1 2 
Operations:
c (0, 4)
x (2, 4)
x (3, 1)
x (1, 0)
c (0, 2)
m (1, 2)
x (4, 3)
x (2, 4)
m (5, 1)
m (25, 3)
x (3, 1)
x (1, 0)
x (4, 3)
End of state
Found MDS !!! (weight:19) (depth:5)
Current state:
21 2000001 20 2000021 
20 2000000 20 2000020 
2 2 0 2  [X]
23 2 21 22 
3 2 1 2 
Operations:
c (0, 4)
x (2, 4)
x (3, 1)
x (1, 0)
c (0, 2)
m (1, 2)
x (4, 3)
x (2, 4)
m (5, 3)
m (25, 1)
x (3, 1)
x (1, 0)
x (4, 3)
End of state
Found MDS !!! (weight:19) (depth:5)
Current state:
1 1 0 1  [X]
2000000 20 2000000 2000020 
2000002 22 2000000 2000022 
2000003 2 2000001 2000002 
3 2 1 2 
Operations:
c (0, 4)
x (2, 4)
x (3, 1)
x (1, 0)
c (0, 2)
m (1, 2)
x (4, 3)
x (2, 4)
m (5, 1)
m (25, 3)
x (3, 1)
x (1, 2)
x (4, 3)
End of state
Found MDS !!! (weight:19) (depth:5)
Current state:
1 1 0 1  [X]
20 2000000 20 2000020 
22 2000002 20 2000022 
23 2 21 22 
3 2 1 2 
Operations:
c (0, 4)
x (2, 4)
x (3, 1)
x (1, 0)
c (0, 2)
m (1, 2)
x (4, 3)
x (2, 4)
m (5, 3)
m (25, 1)
x (3, 1)
x (1, 2)
x (4, 3)
End of state
Found MDS !!! (weight:19) (depth:5)
Current state:
2000001 21 2000000 2000021 
0 1 0 1  [X]
3 2 1 2 
2000003 2 2000001 2000002 
2000000 20 2000000 2000020 
Operations:
c (0, 4)
x (2, 4)
x (3, 1)
x (1, 0)
c (0, 2)
m (1, 2)
x (4, 2)
x (4, 3)
c (1, 4)
m (5, 4)
m (25, 3)
x (3, 4)
x (4, 0)
x (2, 3)
End of state
Found MDS !!! (weight:19) (depth:5)
Current state:
21 2000001 20 2000021 
20 2000000 20 2000020 
3 2 1 2 
1 0 1 1  [X]
23 2 21 22 
Operations:
c (0, 4)
x (2, 4)
x (3, 1)
x (1, 0)
c (0, 2)
m (1, 2)
x (4, 2)
x (4, 3)
c (3, 4)
m (5, 4)
m (25, 1)
x (4, 1)
x (1, 0)
x (2, 4)
End of state
Found MDS !!! (weight:19) (depth:5)
Current state:
1 1 0 0  [X]
2 2000002 2000003 2000001 
20 2000020 2000000 2000000 
2 2 3 1 
22 2000022 2000002 2000000 
Operations:
x (1, 0)
c (0, 4)
x (2, 4)
m (1, 4)
x (3, 2)
c (4, 3)
x (2, 3)
x (2, 1)
c (0, 2)
m (5, 2)
m (25, 1)
x (1, 2)
x (3, 1)
x (2, 4)
End of state
Found MDS !!! (weight:19) (depth:5)
Current state:
2000000 2000020 20 20 
0 1 1 1  [X]
2 22 23 21 
2 2 3 1 
2000002 2000022 22 20 
Operations:
x (1, 0)
c (0, 4)
x (2, 4)
m (1, 4)
x (3, 2)
c (4, 3)
x (2, 3)
x (2, 1)
c (1, 2)
m (5, 2)
m (25, 0)
x (2, 0)
x (3, 2)
x (0, 4)
End of state
Found MDS !!! (weight:19) (depth:5)
Current state:
22 2000022 2000020 2000000 
20 2000020 2000021 2000001 
20 20 21 1 
0 0 0 1  [X]
2 2000002 2000000 2000000 
Operations:
x (1, 0)
c (0, 4)
m (1, 4)
x (2, 0)
m (5, 0)
x (3, 2)
x (2, 1)
x (0, 2)
m (25, 1)
x (1, 4)
x (4, 0)
x (2, 1)
End of state
Found MDS !!! (weight:19) (depth:5)
Current state:
22 2000022 2000020 2000000 
20 2000020 2000021 2000001 
0 0 1 0  [X]
20 20 21 1 
2 2000002 2000000 2000000 
Operations:
x (1, 0)
c (0, 4)
m (1, 4)
x (2, 0)
m (5, 0)
x (2, 3)
x (3, 1)
x (0, 3)
m (25, 1)
x (1, 4)
x (4, 0)
x (3, 1)
End of state
Found MDS !!! (weight:19) (depth:5)
Current state:
1 1 0 0  [X]
20 2000020 2000001 2000021 
20 20 1 21 
22 2000022 2000000 2000020 
2 2000002 2000000 2000000 
Operations:
x (1, 0)
c (0, 4)
m (1, 4)
x (3, 2)
x (0, 3)
m (5, 3)
x (2, 1)
x (3, 2)
m (25, 1)
x (1, 4)
x (2, 1)
x (4, 3)
End of state
Found MDS !!! (weight:19) (depth:5)
Current state:
1 21 20 20 
2000000 2000020 22 2000022 
2000000 2000000 2 2000002 
2000001 2000021 20 2000020 
0 0 0 0  [X]
Operations:
x (1, 0)
x (3, 2)
x (2, 1)
m (1, 2)
m (5, 1)
x (0, 3)
x (1, 0)
m (25, 3)
x (3, 2)
x (2, 1)
x (0, 3)
End of state
Found MDS !!! (weight:19) (depth:5)
Current state:
2000020 2000001 20 2000021 
20 1 20 21 
0 0 1 0  [X]
2000022 2000000 22 2000020 
2000002 2000000 2 2000000 
Operations:
c (0, 4)
x (2, 4)
x (3, 1)
x (4, 3)
m (1, 4)
m (5, 3)
x (1, 0)
x (3, 1)
m (25, 0)
x (0, 4)
x (1, 0)
x (4, 3)
End of state
Found MDS !!! (weight:19) (depth:5)
Current state:
3 2000003 2000001 2000000 
20 2000020 2000021 2000001 
20 20 21 1 
20 20 20 0  [X]
2 2000002 2000000 2000000 
Operations:
x (1, 0)
c (0, 4)
m (1, 4)
x (2, 0)
x (3, 2)
c (0, 3)
m (5, 3)
x (2, 1)
x (3, 2)
m (25, 1)
x (1, 4)
x (4, 0)
x (2, 1)
End of state
Found MDS !!! (weight:19) (depth:5)
Current state:
1 1 1 0  [X]
20 2000020 2000021 2000001 
20 20 21 1 
22 2000022 2000020 2000000 
2 2000002 2000000 2000000 
Operations:
x (1, 0)
c (0, 4)
m (1, 4)
x (2, 0)
x (3, 2)
c (0, 3)
m (5, 3)
x (2, 1)
x (3, 2)
m (25, 1)
x (1, 4)
x (2, 1)
x (4, 3)
End of state
Found MDS !!! (weight:19) (depth:5)
Current state:
2000002 2000022 2000020 20 
2000000 2000020 2000021 21 
2000000 2000000 2000001 1 
0 0 0 1  [X]
2 22 20 20 
Operations:
x (1, 0)
c (0, 4)
m (1, 4)
x (2, 0)
x (3, 2)
x (2, 1)
m (5, 1)
x (1, 4)
m (25, 0)
x (0, 2)
x (4, 0)
x (2, 1)
End of state
Found MDS !!! (weight:19) (depth:5)
Current state:
1 2000001 2000000 2000000 
20 2000020 2000002 2000022 
20 20 2 22 
21 2000021 2000000 2000020 
0 0 0 0  [X]
Operations:
x (1, 0)
x (3, 2)
x (2, 1)
m (1, 2)
x (0, 3)
m (5, 3)
x (3, 2)
m (25, 1)
x (1, 0)
x (2, 1)
x (0, 3)
End of state
Found MDS !!! (weight:19) (depth:5)
Current state:
2000020 21 2000000 2000021 
2000000 1 2000000 2000001 
0 0 1 0  [X]
2000022 20 2000002 2000020 
22 20 2 20 
Operations:
c (0, 4)
x (2, 4)
x (3, 1)
x (4, 3)
m (1, 4)
x (1, 0)
m (5, 0)
x (0, 4)
m (25, 3)
x (3, 1)
x (1, 0)
x (4, 3)
End of state
Found MDS !!! (weight:19) (depth:5)
Current state:
2000002 2000022 2000020 20 
0 1 0 0  [X]
2000000 2000000 2000001 1 
2000000 2000020 2000021 21 
2 22 20 20 
Operations:
x (1, 0)
c (0, 4)
m (1, 4)
x (2, 0)
x (3, 2)
c (1, 3)
x (2, 3)
m (5, 3)
x (3, 4)
m (25, 0)
x (0, 2)
x (4, 0)
x (2, 3)
End of state
Found MDS !!! (weight:19) (depth:5)
Current state:
2000002 2000022 2000020 20 
0 1 1 1  [X]
2000000 2000000 2000001 1 
2000000 2000020 2000021 21 
2 22 20 20 
Operations:
x (1, 0)
c (0, 4)
m (1, 4)
x (2, 0)
x (3, 2)
x (2, 1)
c (1, 3)
m (5, 3)
x (3, 4)
m (25, 0)
x (0, 2)
x (4, 0)
x (2, 3)
End of state
Found MDS !!! (weight:19) (depth:5)
Current state:
1 21 20 20 
2 22 2000021 2000020 
2 2 2000001 2000000 
0 0 0 1  [X]
3 23 21 20 
Operations:
x (1, 0)
c (0, 4)
m (1, 4)
x (2, 4)
x (3, 2)
x (2, 1)
m (5, 1)
x (1, 0)
m (25, 2)
x (4, 2)
x (2, 1)
x (0, 4)
End of state
Found MDS !!! (weight:19) (depth:5)
Current state:
1 2000001 2000000 2000000 
2 2000002 2000021 2000020 
2 2 21 20 
0 0 0 1  [X]
3 2000003 2000001 2000000 
Operations:
x (1, 0)
c (0, 4)
m (1, 4)
x (2, 4)
x (3, 2)
x (2, 1)
m (5, 2)
x (4, 2)
m (25, 1)
x (1, 0)
x (2, 1)
x (0, 4)
End of state
Found MDS !!! (weight:19) (depth:5)
Current state:
1 21 20 20 
2 22 2000022 2000020 
2 2 2000002 2000000 
0 0 0 1  [X]
3 23 22 20 
Operations:
x (1, 0)
c (0, 4)
x (2, 4)
m (1, 4)
x (3, 2)
x (2, 1)
m (5, 1)
x (1, 0)
m (25, 2)
x (4, 2)
x (2, 1)
x (0, 4)
End of state
Found MDS !!! (weight:19) (depth:5)
Current state:
1 2000001 2000000 2000000 
2 2000002 2000022 2000020 
2 2 22 20 
0 0 0 1  [X]
3 2000003 2000002 2000000 
Operations:
x (1, 0)
c (0, 4)
x (2, 4)
m (1, 4)
x (3, 2)
x (2, 1)
m (5, 2)
x (4, 2)
m (25, 1)
x (1, 0)
x (2, 1)
x (0, 4)
End of state
Found MDS !!! (weight:19) (depth:5)
Current state:
1 21 20 20 
2 22 2000022 2000020 
0 0 1 0  [X]
2 2 2000002 2000000 
3 23 22 20 
Operations:
x (1, 0)
c (0, 4)
x (2, 4)
m (1, 4)
x (2, 3)
x (3, 1)
m (5, 1)
x (1, 0)
m (25, 3)
x (4, 3)
x (3, 1)
x (0, 4)
End of state
Found MDS !!! (weight:19) (depth:5)
Current state:
1 2000001 2000000 2000000 
2 2000002 2000022 2000020 
0 0 1 0  [X]
2 2 22 20 
3 2000003 2000002 2000000 
Operations:
x (1, 0)
c (0, 4)
x (2, 4)
m (1, 4)
x (2, 3)
x (3, 1)
m (5, 3)
x (4, 3)
m (25, 1)
x (1, 0)
x (3, 1)
x (0, 4)
End of state
Found MDS !!! (weight:19) (depth:5)
Current state:
20 22 2 2 
2000000 2000002 3 2000003 
2000000 2000000 1 2000001 
2000020 2000022 2 2000002 
0 0 0 0  [X]
Operations:
x (1, 0)
x (3, 2)
x (2, 1)
m (1, 1)
x (0, 3)
m (5, 0)
x (1, 0)
m (25, 3)
x (3, 2)
x (2, 1)
x (0, 3)
End of state
Found MDS !!! (weight:19) (depth:5)
Current state:
2000000 2000002 2 2 
20 22 3 23 
20 20 1 21 
2000020 2000022 2 22 
0 0 0 0  [X]
Operations:
x (1, 0)
x (3, 2)
x (2, 1)
m (1, 1)
x (0, 3)
m (5, 3)
x (3, 2)
m (25, 0)
x (1, 0)
x (2, 1)
x (0, 3)
End of state
Found MDS !!! (weight:19) (depth:5)
Current state:
2000002 2000020 2 2000022 
2 20 2 22 
0 0 1 0  [X]
2000003 2000000 3 2000002 
2000001 2000000 1 2000000 
Operations:
c (0, 4)
x (2, 4)
x (3, 1)
x (4, 3)
m (1, 3)
x (1, 0)
m (5, 1)
x (3, 1)
m (25, 0)
x (0, 4)
x (1, 0)
x (4, 3)
End of state
Found MDS !!! (weight:19) (depth:5)
Current state:
22 2000020 2 2000022 
2 2000000 2 2000002 
0 0 1 0  [X]
23 20 3 22 
21 20 1 20 
Operations:
c (0, 4)
x (2, 4)
x (3, 1)
x (4, 3)
m (1, 3)
x (1, 0)
m (5, 0)
x (0, 4)
m (25, 1)
x (3, 1)
x (1, 0)
x (4, 3)
End of state
Found MDS !!! (weight:19) (depth:5)
Current state:
1 1 0 1  [X]
20 1 20 21 
22 3 20 23 
2000022 2 2000020 22 
2000002 2 2000000 2 
Operations:
c (0, 4)
x (2, 4)
x (3, 1)
x (1, 0)
c (0, 2)
m (1, 2)
x (4, 3)
m (5, 3)
x (3, 1)
m (25, 4)
x (2, 4)
x (1, 2)
x (4, 3)
End of state
Found MDS !!! (weight:19) (depth:5)
Current state:
1 1 0 1  [X]
2000000 1 2000000 2000001 
2000002 3 2000000 2000003 
2000022 2 2000020 2000002 
22 2 20 2 
Operations:
c (0, 4)
x (2, 4)
x (3, 1)
x (1, 0)
c (0, 2)
m (1, 2)
x (4, 3)
m (5, 4)
x (2, 4)
m (25, 3)
x (3, 1)
x (1, 2)
x (4, 3)
End of state
Found MDS !!! (weight:19) (depth:5)
Current state:
1 21 20 20 
0 1 0 0  [X]
2 2 2000000 2000001 
3 23 20 21 
2 22 2000020 2000021 
Operations:
x (1, 0)
c (0, 4)
m (1, 4)
x (3, 2)
x (4, 3)
c (2, 4)
x (1, 4)
m (5, 4)
x (4, 0)
m (25, 2)
x (3, 2)
x (2, 4)
x (0, 3)
End of state
Found MDS !!! (weight:19) (depth:5)
Current state:
1 21 20 20 
0 1 0 0  [X]
2 2 2000002 2000000 
2 22 2000022 2000020 
3 23 22 20 
Operations:
x (1, 0)
c (0, 4)
x (2, 4)
m (1, 4)
x (3, 2)
c (1, 3)
x (2, 3)
m (5, 3)
x (3, 0)
m (25, 2)
x (4, 2)
x (2, 3)
x (0, 4)
End of state
Found MDS !!! (weight:19) (depth:5)
Current state:
1 21 20 20 
2 3 2000001 2000000 
2 2 2000000 2000001 
3 23 20 21 
0 20 20 20  [X]
Operations:
x (1, 0)
c (0, 4)
m (1, 4)
x (3, 2)
x (2, 1)
x (4, 3)
c (1, 4)
m (5, 4)
x (4, 0)
m (25, 2)
x (3, 2)
x (2, 1)
x (0, 3)
End of state
Found MDS !!! (weight:19) (depth:5)
Current state:
1 21 20 20 
0 1 1 1  [X]
2 2 2000000 2000001 
3 23 20 21 
2 22 2000020 2000021 
Operations:
x (1, 0)
c (0, 4)
m (1, 4)
x (3, 2)
x (2, 1)
x (4, 3)
c (1, 4)
m (5, 4)
x (4, 0)
m (25, 2)
x (3, 2)
x (0, 3)
x (2, 4)
End of state
Found MDS !!! (weight:19) (depth:5)
Current state:
1 1 0 0  [X]
2 3 2000001 2000000 
2 2 2000000 2000001 
3 23 20 21 
1 21 20 20 
Operations:
x (1, 0)
c (0, 4)
m (1, 4)
x (3, 2)
x (2, 1)
x (4, 3)
c (1, 4)
m (5, 4)
x (0, 4)
m (25, 2)
x (3, 2)
x (2, 1)
x (4, 3)
End of state
Found MDS !!! (weight:19) (depth:5)
Current state:
1 21 20 20 
2 3 2000003 2000001 
2 2 2000002 2000000 
0 20 20 20  [X]
3 23 22 20 
Operations:
x (1, 0)
c (0, 4)
x (2, 4)
m (1, 4)
x (3, 2)
x (2, 1)
c (1, 3)
m (5, 3)
x (3, 0)
m (25, 2)
x (4, 2)
x (2, 1)
x (0, 4)
End of state
Found MDS !!! (weight:19) (depth:5)
Current state:
1 21 20 20 
0 1 1 1  [X]
2 2 2000002 2000000 
2 22 2000022 2000020 
3 23 22 20 
Operations:
x (1, 0)
c (0, 4)
x (2, 4)
m (1, 4)
x (3, 2)
x (2, 1)
c (1, 3)
m (5, 3)
x (3, 0)
m (25, 2)
x (4, 2)
x (2, 3)
x (0, 4)
End of state
Found MDS !!! (weight:19) (depth:5)
Current state:
1 1 0 0  [X]
2 3 2000003 2000001 
2 2 2000002 2000000 
1 21 20 20 
3 23 22 20 
Operations:
x (1, 0)
c (0, 4)
x (2, 4)
m (1, 4)
x (3, 2)
x (2, 1)
c (1, 3)
m (5, 3)
x (0, 3)
m (25, 2)
x (4, 2)
x (2, 1)
x (3, 4)
End of state
Found MDS !!! (weight:19) (depth:5)
Current state:
1 2000001 2000000 2000000 
2 2000002 2000020 2000021 
0 0 20 20  [X]
3 2000003 2000000 2000001 
2 2 20 21 
Operations:
x (1, 0)
c (0, 4)
m (1, 4)
x (3, 2)
x (2, 1)
m (5, 2)
x (4, 3)
c (2, 4)
x (3, 4)
m (25, 1)
x (1, 0)
x (0, 3)
x (4, 1)
End of state
Found MDS !!! (weight:19) (depth:5)
Current state:
2000002 2000003 2000020 20 
2000000 2000001 2000021 21 
2000000 2000000 2000001 1 
2 3 20 20 
2 2 0 0  [X]
Operations:
x (1, 0)
c (0, 4)
m (1, 4)
x (2, 0)
x (3, 2)
c (2, 3)
m (5, 3)
x (3, 1)
c (1, 3)
x (4, 3)
m (25, 0)
x (0, 2)
x (3, 0)
x (2, 1)
End of state
Found MDS !!! (weight:19) (depth:5)
Current state:
2000002 2000022 20 2000020 
2000000 2000020 21 2000021 
2000000 2000000 1 2000001 
2 22 20 20 
2 2 0 0  [X]
Operations:
x (1, 0)
c (0, 4)
m (1, 4)
x (3, 2)
x (2, 1)
m (5, 1)
x (3, 0)
c (1, 3)
x (4, 3)
m (25, 0)
x (0, 2)
x (3, 0)
x (2, 1)
End of state
Found MDS !!! (weight:19) (depth:5)
Current state:
1 1 0 0  [X]
2 22 2000020 2000021 
2 2 2000000 2000001 
3 23 20 21 
1 21 20 20 
Operations:
x (1, 0)
c (0, 4)
m (1, 4)
x (3, 2)
x (2, 1)
m (5, 1)
x (4, 3)
c (1, 4)
x (0, 4)
m (25, 2)
x (3, 2)
x (2, 1)
x (4, 3)
End of state
Found MDS !!! (weight:19) (depth:5)
Current state:
1 2000001 2000000 2000000 
2 2000002 2000022 2000020 
2 2 22 20 
0 0 20 20  [X]
3 2000003 2000002 2000000 
Operations:
x (1, 0)
c (0, 4)
x (2, 4)
m (1, 4)
x (3, 2)
c (2, 3)
m (5, 3)
x (2, 1)
c (3, 2)
x (4, 2)
m (25, 1)
x (1, 0)
x (2, 1)
x (0, 4)
End of state
Found MDS !!! (weight:19) (depth:5)
Current state:
2000000 2000001 20 20 
2 3 23 21 
0 0 1 1  [X]
2 2 3 1 
2000002 2000003 22 20 
Operations:
x (1, 0)
c (0, 4)
x (2, 4)
m (1, 4)
x (3, 2)
c (2, 3)
m (5, 3)
x (3, 1)
c (4, 3)
x (2, 3)
m (25, 0)
x (1, 0)
x (3, 1)
x (0, 4)
End of state
Found MDS !!! (weight:19) (depth:5)
Current state:
1 1 0 0  [X]
2 22 2000022 2000020 
2 2 2000002 2000000 
1 21 20 20 
3 23 22 20 
Operations:
x (1, 0)
c (0, 4)
x (2, 4)
m (1, 4)
x (3, 2)
x (2, 1)
m (5, 1)
c (0, 3)
x (1, 3)
m (25, 2)
x (4, 2)
x (2, 1)
x (3, 4)
End of state
Found MDS !!! (weight:19) (depth:5)
Current state:
2000001 21 2000000 2000021 
2000000 20 2000000 2000020 
3 2 1 2 
1 0 1 1  [X]
2000003 2 2000001 2000002 
Operations:
c (0, 4)
x (2, 4)
x (3, 1)
x (1, 0)
c (0, 2)
m (1, 2)
x (4, 2)
m (5, 1)
x (4, 3)
c (3, 4)
m (25, 4)
x (4, 1)
x (1, 0)
x (2, 4)
End of state
Found MDS !!! (weight:19) (depth:5)
Current state:
21 2000001 20 2000000 
0 1 0 1  [X]
3 2 1 2 
23 2 21 3 
20 2000000 20 2000001 
Operations:
c (0, 4)
x (2, 4)
x (3, 1)
x (1, 0)
c (0, 2)
m (1, 2)
x (4, 2)
m (5, 4)
x (4, 3)
c (1, 4)
m (25, 4)
x (3, 4)
x (4, 0)
x (2, 3)
End of state
Found MDS !!! (weight:19) (depth:5)
Current state:
20 2000020 2000000 2000000 
0 1 1 1  [X]
2 2000002 2000003 2000001 
2 2 3 1 
22 2000022 2000002 2000000 
Operations:
x (1, 0)
c (0, 4)
x (2, 4)
m (1, 4)
x (3, 2)
c (4, 3)
x (2, 3)
m (5, 0)
x (2, 1)
c (1, 2)
m (25, 2)
x (2, 0)
x (3, 2)
x (0, 4)
End of state
Found MDS !!! (weight:19) (depth:5)
Current state:
1 1 0 0  [X]
2 3 23 21 
2000000 2000001 20 20 
2 2 3 1 
2000002 2000003 22 20 
Operations:
x (1, 0)
c (0, 4)
x (2, 4)
m (1, 4)
x (3, 2)
c (4, 3)
x (2, 3)
m (5, 2)
x (2, 1)
c (0, 2)
m (25, 2)
x (1, 2)
x (3, 1)
x (2, 4)
End of state
Found MDS !!! (weight:19) (depth:5)
Current state:
1 21 20 20 
2 22 2000020 2000021 
0 0 1 1  [X]
3 23 20 21 
2 2 2000000 2000001 
Operations:
x (1, 0)
c (0, 4)
m (1, 4)
x (3, 2)
x (2, 1)
m (5, 1)
x (1, 0)
x (4, 3)
c (2, 4)
m (25, 4)
x (3, 4)
x (4, 1)
x (0, 3)
End of state
Found MDS !!! (weight:19) (depth:5)
Current state:
3 23 20 21 
2000000 2000020 21 2000021 
2000000 2000000 1 2000001 
2000000 2000000 0 2000000  [X]
2 22 20 20 
Operations:
x (1, 0)
c (0, 4)
m (1, 4)
x (3, 2)
x (2, 1)
m (5, 1)
x (1, 4)
x (3, 0)
c (0, 3)
m (25, 3)
x (3, 2)
x (4, 0)
x (2, 1)
End of state
Found MDS !!! (weight:19) (depth:5)
Current state:
1 1 0 1  [X]
2000000 2000020 21 2000021 
2000000 2000000 1 2000001 
2000002 2000022 20 2000020 
2 22 20 20 
Operations:
x (1, 0)
c (0, 4)
m (1, 4)
x (3, 2)
x (2, 1)
m (5, 1)
x (1, 4)
x (3, 0)
c (0, 3)
m (25, 3)
x (3, 2)
x (2, 1)
x (4, 3)
End of state
Found MDS !!! (weight:19) (depth:5)
Current state:
3 23 20 21 
2000000 2000020 21 2000021 
0 0 1 1  [X]
2000000 2000000 1 2000001 
2 22 20 20 
Operations:
x (1, 0)
c (0, 4)
m (1, 4)
x (3, 2)
x (2, 1)
m (5, 1)
x (1, 4)
x (3, 0)
c (0, 3)
m (25, 3)
x (2, 3)
x (4, 0)
x (3, 1)
End of state
Found MDS !!! (weight:19) (depth:5)
Current state:
3 2000003 2000001 2000000 
0 1 1 1  [X]
20 2000020 2000021 2000001 
20 20 21 1 
2 2000002 2000000 2000000 
Operations:
x (1, 0)
c (0, 4)
m (1, 4)
x (2, 0)
x (3, 2)
c (0, 3)
m (5, 3)
x (2, 3)
x (2, 1)
c (1, 2)
m (25, 2)
x (2, 4)
x (4, 0)
x (3, 2)
End of state
Found MDS !!! (weight:19) (depth:5)
Current state:
1 2000001 2000000 2000000 
2 3 21 20 
0 2000000 2000000 2000000  [X]
3 2000003 2000000 2000001 
2 2 20 21 
Operations:
x (1, 0)
c (0, 4)
m (1, 4)
x (3, 2)
x (4, 3)
c (2, 4)
m (5, 4)
x (3, 4)
x (2, 1)
c (1, 2)
m (25, 2)
x (2, 0)
x (4, 1)
x (0, 3)
End of state
Found MDS !!! (weight:19) (depth:5)
Current state:
1 1 0 0  [X]
2 3 21 20 
1 2000001 2000000 2000000 
3 2000003 2000000 2000001 
2 2 20 21 
Operations:
x (1, 0)
c (0, 4)
m (1, 4)
x (3, 2)
x (4, 3)
c (2, 4)
m (5, 4)
x (3, 4)
x (2, 1)
c (1, 2)
m (25, 2)
x (0, 2)
x (4, 1)
x (2, 3)
End of state
Found MDS !!! (weight:19) (depth:5)
Current state:
1 2000001 2000000 2000000 
0 1 1 1  [X]
2 2000002 2000020 2000021 
3 2000003 2000000 2000001 
2 2 20 21 
Operations:
x (1, 0)
c (0, 4)
m (1, 4)
x (3, 2)
x (4, 3)
c (2, 4)
m (5, 4)
x (3, 4)
x (2, 1)
c (1, 2)
m (25, 2)
x (2, 0)
x (4, 2)
x (0, 3)
End of state
Found MDS !!! (weight:19) (depth:5)
Current state:
1 2000001 2000000 2000000 
2 3 23 21 
0 2000000 2000000 2000000  [X]
2 2 22 20 
3 2000003 2000002 2000000 
Operations:
x (1, 0)
c (0, 4)
x (2, 4)
m (1, 4)
x (3, 2)
c (2, 3)
m (5, 3)
x (4, 3)
x (2, 1)
c (1, 2)
m (25, 2)
x (2, 0)
x (3, 1)
x (0, 4)
End of state
Found MDS !!! (weight:19) (depth:5)
Current state:
1 1 0 0  [X]
2 3 23 21 
1 2000001 2000000 2000000 
2 2 22 20 
3 2000003 2000002 2000000 
Operations:
x (1, 0)
c (0, 4)
x (2, 4)
m (1, 4)
x (3, 2)
c (2, 3)
m (5, 3)
x (4, 3)
x (2, 1)
c (1, 2)
m (25, 2)
x (0, 2)
x (3, 1)
x (2, 4)
End of state
Found MDS !!! (weight:19) (depth:5)
Current state:
1 2000001 2000000 2000000 
0 1 1 1  [X]
2 2000002 2000022 2000020 
2 2 22 20 
3 2000003 2000002 2000000 
Operations:
x (1, 0)
c (0, 4)
x (2, 4)
m (1, 4)
x (3, 2)
c (2, 3)
m (5, 3)
x (4, 3)
x (2, 1)
c (1, 2)
m (25, 2)
x (2, 0)
x (3, 2)
x (0, 4)
End of state
Found MDS !!! (weight:19) (depth:5)
Current state:
22 2000022 2000020 2000000 
0 1 1 1  [X]
20 2000020 2000021 2000001 
20 20 21 1 
2 2000002 2000000 2000000 
Operations:
x (1, 0)
c (0, 4)
m (1, 4)
x (2, 0)
m (5, 0)
x (3, 2)
c (2, 3)
x (0, 3)
x (2, 1)
c (1, 2)
m (25, 2)
x (2, 4)
x (4, 0)
x (3, 2)
End of state
Found MDS !!! (weight:19) (depth:5)
Current state:
21 2000001 20 2000021 
0 1 0 1  [X]
3 2 1 2 
23 2 21 22 
20 2000000 20 2000020 
Operations:
c (0, 4)
x (2, 4)
x (3, 1)
x (1, 0)
c (0, 2)
m (1, 2)
x (4, 2)
x (4, 3)
m (5, 3)
c (1, 4)
m (25, 4)
x (3, 4)
x (4, 0)
x (2, 3)
End of state
Found MDS !!! (weight:19) (depth:5)
Current state:
1 1 0 0  [X]
2 22 23 21 
2000000 2000020 20 20 
2 2 3 1 
2000002 2000022 22 20 
Operations:
x (1, 0)
c (0, 4)
x (2, 4)
m (1, 4)
x (3, 2)
c (4, 3)
x (2, 3)
x (2, 1)
m (5, 1)
c (0, 2)
m (25, 2)
x (1, 2)
x (3, 1)
x (2, 4)
End of state
Found MDS !!! (weight:19) (depth:5)
Current state:
3 2 21 20 
2000000 2000001 2000021 21 
2000000 2000000 2000001 1 
2000000 2000000 2000000 0  [X]
2 3 20 20 
Operations:
x (1, 0)
c (0, 4)
m (1, 4)
x (2, 0)
x (3, 2)
c (2, 3)
m (5, 3)
x (3, 1)
x (1, 4)
c (0, 3)
m (25, 3)
x (3, 2)
x (4, 0)
x (2, 1)
End of state
Found MDS !!! (weight:19) (depth:5)
Current state:
3 2 21 20 
2000000 2000001 2000021 21 
0 0 1 1  [X]
2000000 2000000 2000001 1 
2 3 20 20 
Operations:
x (1, 0)
c (0, 4)
m (1, 4)
x (2, 0)
x (3, 2)
c (2, 3)
m (5, 3)
x (3, 1)
x (1, 4)
c (0, 3)
m (25, 3)
x (2, 3)
x (4, 0)
x (3, 1)
End of state
Found MDS !!! (weight:19) (depth:5)
Current state:
1 1 1 0  [X]
2000000 2000001 2000021 21 
2000000 2000000 2000001 1 
2000002 2000003 2000020 20 
2 3 20 20 
Operations:
x (1, 0)
c (0, 4)
m (1, 4)
x (2, 0)
x (3, 2)
c (2, 3)
m (5, 3)
x (3, 1)
x (1, 4)
c (0, 3)
m (25, 3)
x (3, 2)
x (2, 1)
x (4, 3)
End of state
Found MDS !!! (weight:19) (depth:5)
Current state:
1 21 20 20 
2 22 2000022 2000020 
0 0 1 1  [X]
2 2 2000002 2000000 
3 23 22 20 
Operations:
x (1, 0)
c (0, 4)
x (2, 4)
m (1, 4)
x (3, 2)
x (2, 1)
m (5, 1)
x (1, 0)
c (2, 3)
m (25, 3)
x (4, 3)
x (3, 1)
x (0, 4)
End of state
Found MDS !!! (weight:19) (depth:5)
Current state:
1 21 20 20 
2 3 2000001 2000000 
0 0 1 1  [X]
3 23 20 21 
2 2 2000000 2000001 
Operations:
x (1, 0)
c (0, 4)
m (1, 4)
x (3, 2)
x (2, 1)
x (4, 3)
c (1, 4)
m (5, 4)
x (4, 0)
c (2, 4)
m (25, 4)
x (3, 4)
x (4, 1)
x (0, 3)
End of state
Found MDS !!! (weight:19) (depth:5)
Current state:
2 2 2000002 2000000 
2 3 2000003 2000001 
0 0 1 1  [X]
1 21 20 20 
3 23 22 20 
Operations:
x (1, 0)
c (0, 4)
x (2, 4)
m (1, 4)
x (3, 2)
x (2, 1)
c (1, 3)
m (5, 3)
x (0, 3)
c (2, 0)
m (25, 0)
x (4, 0)
x (0, 1)
x (3, 4)
End of state
Found MDS !!! (weight:19) (depth:5)
Current state:
1 1 0 0  [X]
2 2000002 2000020 2000021 
2 2 20 21 
3 2000003 2000000 2000001 
1 2000001 2000000 2000000 
Operations:
x (1, 0)
c (0, 4)
m (1, 4)
x (3, 2)
x (2, 1)
m (5, 2)
m (25, 1)
x (4, 3)
c (1, 4)
x (0, 4)
x (3, 2)
x (2, 1)
x (4, 3)
End of state
Found MDS !!! (weight:19) (depth:5)
Current state:
2000002 2000003 2000020 20 
2000000 2000001 2000021 21 
0 0 1 1  [X]
2000000 2000000 2000001 1 
2 3 20 20 
Operations:
x (1, 0)
c (0, 4)
m (1, 4)
x (2, 0)
x (3, 2)
c (2, 3)
m (5, 3)
m (25, 0)
x (3, 1)
c (2, 3)
x (0, 3)
x (1, 4)
x (4, 0)
x (3, 1)
End of state
Found MDS !!! (weight:19) (depth:5)
Current state:
1 21 20 20 
2 22 2000020 2000021 
0 0 2000000 2000000  [X]
3 23 20 21 
2 2 2000000 2000001 
Operations:
x (1, 0)
c (0, 4)
m (1, 4)
x (3, 2)
x (2, 1)
m (5, 1)
m (25, 2)
x (4, 3)
c (2, 4)
x (3, 4)
x (1, 0)
x (4, 1)
x (0, 3)
End of state
Found MDS !!! (weight:19) (depth:5)
Current state:
2000000 2000000 0 0  [X]
2 3 23 21 
2 2 3 1 
2000000 2000001 20 20 
2000002 2000003 22 20 
Operations:
x (1, 0)
c (0, 4)
x (2, 4)
m (1, 4)
x (3, 2)
c (2, 3)
m (5, 3)
m (25, 0)
x (3, 1)
c (0, 3)
x (1, 3)
x (4, 2)
x (2, 1)
x (3, 4)
End of state
Found MDS !!! (weight:19) (depth:5)
Current state:
22 23 2000020 2000000 
20 21 2000021 2000001 
20 20 21 1 
2 3 2000000 2000000 
2 2 0 0  [X]
Operations:
x (1, 0)
c (0, 4)
m (1, 4)
x (2, 0)
m (5, 0)
x (3, 2)
c (2, 3)
m (25, 3)
x (3, 1)
c (1, 3)
x (4, 3)
x (0, 2)
x (3, 0)
x (2, 1)
End of state
Found MDS !!! (weight:19) (depth:5)
Current state:
22 23 2000020 2000000 
20 21 2000021 2000001 
0 0 1 1  [X]
20 20 21 1 
2 3 2000000 2000000 
Operations:
x (1, 0)
c (0, 4)
m (1, 4)
x (2, 0)
m (5, 0)
x (3, 2)
c (2, 3)
m (25, 3)
x (3, 1)
c (0, 3)
x (2, 3)
x (1, 4)
x (4, 0)
x (3, 1)
End of state
Found MDS !!! (weight:19) (depth:5)
Current state:
20 20 0 0  [X]
2 3 2000003 2000001 
2 2 3 1 
20 21 2000000 2000000 
22 23 2000002 2000000 
Operations:
x (1, 0)
c (0, 4)
x (2, 4)
m (1, 4)
m (5, 0)
x (3, 2)
c (2, 3)
m (25, 3)
x (3, 1)
c (0, 3)
x (1, 3)
x (4, 2)
x (3, 4)
x (2, 1)
End of state
Found MDS !!! (weight:19) (depth:5)
Current state:
20 21 2000000 2000000 
2 3 2000003 2000001 
0 0 1 1  [X]
2 2 3 1 
22 23 2000002 2000000 
Operations:
x (1, 0)
c (0, 4)
x (2, 4)
m (1, 4)
m (5, 0)
x (3, 2)
c (2, 3)
m (25, 3)
x (3, 1)
c (4, 3)
x (2, 3)
x (1, 0)
x (3, 1)
x (0, 4)
End of state
Found MDS !!! (weight:19) (depth:5)
Current state:
22 2000022 2000020 2000000 
20 2000020 2000021 2000001 
20 20 21 1 
2 2000002 2000000 2000000 
2 2 0 0  [X]
Operations:
x (1, 0)
c (0, 4)
m (1, 4)
x (2, 0)
m (5, 0)
x (3, 2)
x (2, 1)
m (25, 1)
c (4, 3)
x (1, 3)
x (0, 2)
x (3, 0)
x (2, 1)
End of state
Found MDS !!! (weight:19) (depth:5)
Current state:
20 20 0 0  [X]
2 2000002 2000003 2000001 
2 2 3 1 
20 2000020 2000000 2000000 
22 2000022 2000002 2000000 
Operations:
x (1, 0)
c (0, 4)
x (2, 4)
m (1, 4)
m (5, 0)
x (3, 2)
x (2, 1)
m (25, 1)
c (0, 3)
x (1, 3)
x (4, 2)
x (2, 1)
x (3, 4)
End of state
Found MDS !!! (weight:19) (depth:5)
Current state:
2000002 2000022 20 2000020 
2000000 2000020 21 2000021 
0 0 1 1  [X]
2000000 2000000 1 2000001 
2 22 20 20 
Operations:
x (1, 0)
c (0, 4)
m (1, 4)
x (3, 2)
x (2, 1)
m (5, 1)
x (3, 0)
m (25, 0)
c (2, 3)
x (0, 3)
x (1, 4)
x (4, 0)
x (3, 1)
End of state
Found MDS !!! (weight:19) (depth:5)
Current state:
1 1 0 0  [X]
2 2000002 2000022 2000020 
1 2000001 2000000 2000000 
2 2 22 20 
3 2000003 2000002 2000000 
Operations:
x (1, 0)
c (0, 4)
x (2, 4)
m (1, 4)
x (3, 2)
c (2, 3)
m (5, 3)
x (2, 1)
m (25, 1)
c (0, 2)
x (1, 2)
x (4, 3)
x (3, 1)
x (2, 4)
End of state
Found MDS !!! (weight:19) (depth:5)
Current state:
1 21 20 20 
2 22 2000022 2000020 
0 0 2000000 2000000  [X]
2 2 2000002 2000000 
3 23 22 20 
Operations:
x (1, 0)
c (0, 4)
x (2, 4)
m (1, 4)
x (3, 2)
x (2, 1)
m (5, 1)
m (25, 2)
c (4, 3)
x (2, 3)
x (1, 0)
x (3, 1)
x (0, 4)
End of state
Found MDS !!! (weight:19) (depth:5)
Current state:
2000000 2000000 0 0  [X]
2 22 23 21 
2 2 3 1 
2000000 2000020 20 20 
2000002 2000022 22 20 
Operations:
x (1, 0)
c (0, 4)
x (2, 4)
m (1, 4)
x (3, 2)
x (2, 1)
m (5, 1)
m (25, 0)
c (0, 3)
x (1, 3)
x (4, 2)
x (2, 1)
x (3, 4)
End of state
Found MDS !!! (weight:19) (depth:5)
Current state:
2000001 21 2000000 20 
2000000 20 2000000 21 
3 2 1 2 
2000000 0 2000000 1  [X]
2000003 2 2000001 3 
Operations:
c (0, 4)
x (2, 4)
x (3, 1)
x (1, 0)
c (0, 2)
m (1, 2)
x (4, 2)
m (5, 1)
m (25, 4)
x (4, 3)
x (3, 1)
c (2, 4)
x (3, 4)
x (1, 0)
End of state
Found MDS !!! (weight:19) (depth:5)
Current state:
21 2000001 20 2000000 
20 2000000 20 2000001 
3 2 1 2 
20 0 20 1  [X]
23 2 21 3 
Operations:
c (0, 4)
x (2, 4)
x (3, 1)
x (1, 0)
c (0, 2)
m (1, 2)
x (4, 2)
m (5, 4)
m (25, 1)
x (4, 3)
x (3, 1)
c (3, 4)
x (2, 4)
x (1, 0)
End of state
Found MDS !!! (weight:19) (depth:5)
Current state:
1 1 0 1  [X]
2000000 20 2000000 21 
3 2 1 2 
2000003 2 2000001 3 
2000001 21 2000000 20 
Operations:
c (0, 4)
x (2, 4)
x (3, 1)
x (1, 0)
c (0, 2)
m (1, 2)
x (4, 2)
m (5, 1)
m (25, 4)
x (4, 3)
x (3, 1)
c (1, 4)
x (0, 4)
x (2, 3)
End of state
Found MDS !!! (weight:19) (depth:5)
Current state:
21 2000001 20 2000000 
0 2000000 0 2000000  [X]
3 2 1 2 
23 2 21 3 
20 2000000 20 2000001 
Operations:
c (0, 4)
x (2, 4)
x (3, 1)
x (1, 0)
c (0, 2)
m (1, 2)
x (4, 2)
m (5, 4)
m (25, 1)
x (4, 3)
c (1, 4)
x (3, 4)
x (4, 0)
x (2, 3)
End of state
Found MDS !!! (weight:19) (depth:5)
Current state:
1 1 0 1  [X]
20 2000000 20 2000001 
3 2 1 2 
23 2 21 3 
21 2000001 20 2000000 
Operations:
c (0, 4)
x (2, 4)
x (3, 1)
x (1, 0)
c (0, 2)
m (1, 2)
x (4, 2)
m (5, 4)
m (25, 1)
x (4, 3)
x (3, 1)
c (0, 4)
x (1, 4)
x (2, 3)
End of state
Found MDS !!! (weight:19) (depth:5)
Current state:
2000001 21 2000000 20 
0 20 0 20  [X]
3 2 1 2 
2000003 2 2000001 3 
2000000 20 2000000 21 
Operations:
c (0, 4)
x (2, 4)
x (3, 1)
x (1, 0)
c (0, 2)
m (1, 2)
x (4, 2)
m (5, 1)
m (25, 4)
x (4, 3)
c (3, 4)
x (1, 4)
x (4, 0)
x (2, 3)
End of state
Found MDS !!! (weight:19) (depth:5)
Current state:
20 21 2000000 2000000 
2 3 2000003 2000001 
22 23 2000002 2000000 
2 2 3 1 
2 2 2 0  [X]
Operations:
x (1, 0)
c (0, 4)
x (2, 4)
m (1, 4)
x (3, 2)
c (4, 3)
x (2, 3)
m (5, 0)
m (25, 2)
x (2, 1)
x (1, 0)
c (0, 2)
x (4, 2)
x (3, 1)
End of state
Found MDS !!! (weight:19) (depth:5)
Current state:
20 21 2000000 2000000 
0 1 2000000 2000000  [X]
2 3 2000003 2000001 
2 2 3 1 
22 23 2000002 2000000 
Operations:
x (1, 0)
c (0, 4)
x (2, 4)
m (1, 4)
x (3, 2)
c (4, 3)
x (2, 3)
m (5, 0)
m (25, 2)
x (2, 1)
x (1, 0)
c (1, 2)
x (3, 2)
x (0, 4)
End of state
Found MDS !!! (weight:19) (depth:5)
Current state:
2000000 2000001 20 20 
2 3 23 21 
2000002 2000003 22 20 
2 2 3 1 
2 2 2 0  [X]
Operations:
x (1, 0)
c (0, 4)
x (2, 4)
m (1, 4)
x (3, 2)
c (4, 3)
x (2, 3)
m (5, 2)
m (25, 0)
x (2, 1)
x (1, 0)
c (0, 2)
x (4, 2)
x (3, 1)
End of state
Found MDS !!! (weight:19) (depth:5)
Current state:
2000000 2000001 20 20 
0 1 20 20  [X]
2 3 23 21 
2 2 3 1 
2000002 2000003 22 20 
Operations:
x (1, 0)
c (0, 4)
x (2, 4)
m (1, 4)
x (3, 2)
c (4, 3)
x (2, 3)
m (5, 2)
m (25, 0)
x (2, 1)
x (1, 0)
c (1, 2)
x (3, 2)
x (0, 4)
End of state
Found MDS !!! (weight:19) (depth:5)
Current state:
1 21 20 20 
2 22 2000020 2000021 
2 2 2000000 2000001 
2 2 0 1  [X]
3 23 20 21 
Operations:
x (1, 0)
c (0, 4)
m (1, 4)
x (3, 2)
x (2, 1)
m (5, 1)
x (1, 0)
m (25, 2)
x (4, 3)
x (3, 2)
c (0, 4)
x (3, 4)
x (2, 1)
End of state
Found MDS !!! (weight:19) (depth:5)
Current state:
1 21 20 20 
0 20 20 20  [X]
2 2 2000000 2000001 
3 23 20 21 
2 22 2000020 2000021 
Operations:
x (1, 0)
c (0, 4)
m (1, 4)
x (3, 2)
x (2, 1)
m (5, 1)
x (1, 0)
m (25, 2)
x (4, 3)
x (3, 2)
c (2, 4)
x (1, 4)
x (0, 3)
End of state
Found MDS !!! (weight:19) (depth:5)
Current state:
3 2 2000001 2000000 
0 1 2000000 2000000  [X]
20 21 2000021 2000001 
20 20 21 1 
2 3 2000000 2000000 
Operations:
x (1, 0)
c (0, 4)
m (1, 4)
x (2, 0)
x (3, 2)
c (0, 3)
m (5, 3)
x (2, 3)
m (25, 2)
x (2, 1)
x (1, 4)
c (3, 2)
x (1, 2)
x (4, 0)
End of state
Found MDS !!! (weight:19) (depth:5)
Current state:
1 1 1 0  [X]
20 21 2000021 2000001 
3 2 2000001 2000000 
20 20 21 1 
2 3 2000000 2000000 
Operations:
x (1, 0)
c (0, 4)
m (1, 4)
x (2, 0)
x (3, 2)
c (0, 3)
m (5, 3)
x (2, 3)
m (25, 2)
x (2, 1)
x (1, 4)
c (4, 2)
x (0, 2)
x (3, 1)
End of state
Found MDS !!! (weight:19) (depth:5)
Current state:
3 2 2000001 2000000 
20 21 2000021 2000001 
2 3 2000000 2000000 
20 20 21 1 
2 2 0 0  [X]
Operations:
x (1, 0)
c (0, 4)
m (1, 4)
x (2, 0)
x (3, 2)
c (0, 3)
m (5, 3)
x (2, 3)
m (25, 2)
x (2, 1)
c (1, 2)
x (4, 2)
x (2, 0)
x (3, 1)
End of state
Found MDS !!! (weight:19) (depth:5)
Current state:
20 20 20 0  [X]
20 21 2000021 2000001 
22 23 2000020 2000000 
20 20 21 1 
2 3 2000000 2000000 
Operations:
x (1, 0)
c (0, 4)
m (1, 4)
x (2, 0)
m (5, 0)
x (3, 2)
c (2, 3)
x (0, 3)
m (25, 2)
x (2, 1)
x (1, 4)
c (0, 2)
x (4, 2)
x (3, 1)
End of state
Found MDS !!! (weight:19) (depth:5)
Current state:
22 23 2000020 2000000 
0 1 2000000 2000000  [X]
20 21 2000021 2000001 
20 20 21 1 
2 3 2000000 2000000 
Operations:
x (1, 0)
c (0, 4)
m (1, 4)
x (2, 0)
m (5, 0)
x (3, 2)
c (2, 3)
x (0, 3)
m (25, 2)
x (2, 1)
x (1, 4)
c (3, 2)
x (1, 2)
x (4, 0)
End of state
Found MDS !!! (weight:19) (depth:5)
Current state:
1 2000001 2000000 2000000 
2 2000002 2000020 2000021 
2 2 20 21 
2 2 0 1  [X]
3 2000003 2000000 2000001 
Operations:
x (1, 0)
c (0, 4)
m (1, 4)
x (3, 2)
x (2, 1)
m (5, 2)
m (25, 1)
x (1, 0)
x (4, 3)
x (3, 2)
c (0, 4)
x (3, 4)
x (2, 1)
End of state
Found MDS !!! (weight:19) (depth:5)
Current state:
1 2000001 2000000 2000000 
0 2000000 2000000 2000000  [X]
2 2 20 21 
3 2000003 2000000 2000001 
2 2000002 2000020 2000021 
Operations:
x (1, 0)
c (0, 4)
m (1, 4)
x (3, 2)
x (2, 1)
m (5, 2)
m (25, 1)
x (1, 0)
x (4, 3)
x (3, 2)
c (1, 4)
x (2, 4)
x (0, 3)
End of state
Found MDS !!! (weight:19) (depth:5)
Current state:
2000002 2000003 2000020 20 
0 1 20 20  [X]
2000000 2000000 2000001 1 
2000000 2000001 2000021 21 
2 3 20 20 
Operations:
x (1, 0)
c (0, 4)
m (1, 4)
x (2, 0)
x (3, 2)
c (2, 3)
m (5, 3)
m (25, 0)
x (0, 2)
x (3, 1)
x (1, 4)
c (1, 3)
x (2, 3)
x (4, 0)
End of state
Found MDS !!! (weight:19) (depth:5)
Current state:
2000000 2000000 2000000 0  [X]
2000000 2000001 2000021 21 
2000000 2000000 2000001 1 
2000002 2000003 2000020 20 
2 3 20 20 
Operations:
x (1, 0)
c (0, 4)
m (1, 4)
x (2, 0)
x (3, 2)
c (2, 3)
m (5, 3)
m (25, 0)
x (0, 2)
x (3, 1)
x (1, 4)
c (0, 3)
x (4, 3)
x (2, 1)
End of state
Found MDS !!! (weight:19) (depth:5)
Current state:
2000001 21 2000000 2000021 
2000000 20 2000000 2000020 
3 2 1 2 
2000000 0 2000000 2000000  [X]
2000003 2 2000001 2000002 
Operations:
c (0, 4)
x (2, 4)
x (3, 1)
x (1, 0)
c (0, 2)
m (1, 2)
x (4, 2)
m (5, 1)
x (4, 3)
m (25, 3)
x (3, 1)
c (2, 4)
x (3, 4)
x (1, 0)
End of state
Found MDS !!! (weight:19) (depth:5)
Current state:
1 1 0 1  [X]
2000000 20 2000000 2000020 
3 2 1 2 
2000003 2 2000001 2000002 
2000001 21 2000000 2000021 
Operations:
c (0, 4)
x (2, 4)
x (3, 1)
x (1, 0)
c (0, 2)
m (1, 2)
x (4, 2)
m (5, 1)
x (4, 3)
m (25, 3)
x (3, 1)
c (0, 4)
x (1, 4)
x (2, 3)
End of state
Found MDS !!! (weight:19) (depth:5)
Current state:
2000001 21 2000000 2000021 
0 20 0 20  [X]
3 2 1 2 
2000003 2 2000001 2000002 
2000000 20 2000000 2000020 
Operations:
c (0, 4)
x (2, 4)
x (3, 1)
x (1, 0)
c (0, 2)
m (1, 2)
x (4, 2)
m (5, 1)
x (4, 3)
m (25, 3)
c (1, 4)
x (3, 4)
x (4, 0)
x (2, 3)
End of state
Found MDS !!! (weight:19) (depth:5)
Current state:
20 2000020 2000000 2000000 
2 2000002 2000003 2000001 
22 2000022 2000002 2000000 
2 2 3 1 
2 2 2 0  [X]
Operations:
x (1, 0)
c (0, 4)
x (2, 4)
m (1, 4)
x (3, 2)
c (4, 3)
x (2, 3)
m (5, 0)
x (2, 1)
m (25, 1)
x (1, 0)
c (0, 2)
x (4, 2)
x (3, 1)
End of state
Found MDS !!! (weight:19) (depth:5)
Current state:
20 2000020 2000000 2000000 
0 2000000 2000000 2000000  [X]
2 2000002 2000003 2000001 
2 2 3 1 
22 2000022 2000002 2000000 
Operations:
x (1, 0)
c (0, 4)
x (2, 4)
m (1, 4)
x (3, 2)
c (4, 3)
x (2, 3)
m (5, 0)
x (2, 1)
m (25, 1)
x (1, 0)
c (1, 2)
x (3, 2)
x (0, 4)
End of state
Found MDS !!! (weight:19) (depth:5)
Current state:
2000000 2000000 0 2000000  [X]
2000000 2000020 21 2000021 
2000000 2000000 1 2000001 
2000002 2000022 20 2000020 
2 22 20 20 
Operations:
x (1, 0)
c (0, 4)
m (1, 4)
x (3, 2)
x (2, 1)
m (5, 1)
x (1, 4)
x (3, 0)
m (25, 0)
x (0, 2)
c (0, 3)
x (4, 3)
x (2, 1)
End of state
Found MDS !!! (weight:19) (depth:5)
Current state:
2000002 2000022 20 2000020 
0 20 20 20  [X]
2000000 2000000 1 2000001 
2000000 2000020 21 2000021 
2 22 20 20 
Operations:
x (1, 0)
c (0, 4)
m (1, 4)
x (3, 2)
x (2, 1)
m (5, 1)
x (1, 4)
x (3, 0)
m (25, 0)
x (0, 2)
c (2, 3)
x (1, 3)
x (4, 0)
End of state
Found MDS !!! (weight:19) (depth:5)
Current state:
3 2000003 2000001 2000000 
20 2000020 2000021 2000001 
2 2000002 2000000 2000000 
20 20 21 1 
2 2 0 0  [X]
Operations:
x (1, 0)
c (0, 4)
m (1, 4)
x (2, 0)
x (3, 2)
c (0, 3)
m (5, 3)
x (2, 3)
x (2, 1)
m (25, 1)
c (1, 2)
x (4, 2)
x (2, 0)
x (3, 1)
End of state
Found MDS !!! (weight:19) (depth:5)
Current state:
3 2000003 2000001 2000000 
0 2000000 2000000 2000000  [X]
20 2000020 2000021 2000001 
20 20 21 1 
2 2000002 2000000 2000000 
Operations:
x (1, 0)
c (0, 4)
m (1, 4)
x (2, 0)
x (3, 2)
c (0, 3)
m (5, 3)
x (2, 3)
x (2, 1)
m (25, 1)
x (1, 4)
c (1, 2)
x (3, 2)
x (4, 0)
End of state
Found MDS !!! (weight:19) (depth:5)
Current state:
1 1 1 0  [X]
20 2000020 2000021 2000001 
3 2000003 2000001 2000000 
20 20 21 1 
2 2000002 2000000 2000000 
Operations:
x (1, 0)
c (0, 4)
m (1, 4)
x (2, 0)
x (3, 2)
c (0, 3)
m (5, 3)
x (2, 3)
x (2, 1)
m (25, 1)
x (1, 4)
c (0, 2)
x (4, 2)
x (3, 1)
End of state
Found MDS !!! (weight:19) (depth:5)
Current state:
1 2000001 2000000 2000000 
2 2000002 2000022 2000020 
3 2000003 2000002 2000000 
2 2 22 20 
2 2 2 0  [X]
Operations:
x (1, 0)
c (0, 4)
x (2, 4)
m (1, 4)
x (3, 2)
c (2, 3)
m (5, 3)
x (4, 3)
x (2, 1)
m (25, 1)
x (1, 0)
c (0, 2)
x (4, 2)
x (3, 1)
End of state
Found MDS !!! (weight:19) (depth:5)
Current state:
1 2000001 2000000 2000000 
0 2000000 2000000 2000000  [X]
2 2000002 2000022 2000020 
2 2 22 20 
3 2000003 2000002 2000000 
Operations:
x (1, 0)
c (0, 4)
x (2, 4)
m (1, 4)
x (3, 2)
c (2, 3)
m (5, 3)
x (4, 3)
x (2, 1)
m (25, 1)
x (1, 0)
c (1, 2)
x (3, 2)
x (0, 4)
End of state
Found MDS !!! (weight:19) (depth:5)
Current state:
22 2000022 2000020 2000000 
0 2000000 2000000 2000000  [X]
20 2000020 2000021 2000001 
20 20 21 1 
2 2000002 2000000 2000000 
Operations:
x (1, 0)
c (0, 4)
m (1, 4)
x (2, 0)
m (5, 0)
x (3, 2)
c (2, 3)
x (0, 3)
x (2, 1)
m (25, 1)
x (1, 4)
c (1, 2)
x (3, 2)
x (4, 0)
End of state
Found MDS !!! (weight:19) (depth:5)
Current state:
20 20 20 0  [X]
20 2000020 2000021 2000001 
22 2000022 2000020 2000000 
20 20 21 1 
2 2000002 2000000 2000000 
Operations:
x (1, 0)
c (0, 4)
m (1, 4)
x (2, 0)
m (5, 0)
x (3, 2)
c (2, 3)
x (0, 3)
x (2, 1)
m (25, 1)
x (1, 4)
c (0, 2)
x (4, 2)
x (3, 1)
End of state
Found MDS !!! (weight:19) (depth:5)
Current state:
1 1 0 1  [X]
20 2000000 20 2000020 
3 2 1 2 
23 2 21 22 
21 2000001 20 2000021 
Operations:
c (0, 4)
x (2, 4)
x (3, 1)
x (1, 0)
c (0, 2)
m (1, 2)
x (4, 2)
x (4, 3)
m (5, 3)
m (25, 1)
x (3, 1)
c (0, 4)
x (1, 4)
x (2, 3)
End of state
Found MDS !!! (weight:19) (depth:5)
Current state:
21 2000001 20 2000021 
20 2000000 20 2000020 
3 2 1 2 
20 0 20 20  [X]
23 2 21 22 
Operations:
c (0, 4)
x (2, 4)
x (3, 1)
x (1, 0)
c (0, 2)
m (1, 2)
x (4, 2)
x (4, 3)
m (5, 3)
m (25, 1)
x (3, 1)
c (2, 4)
x (3, 4)
x (1, 0)
End of state
Found MDS !!! (weight:19) (depth:5)
Current state:
21 2000001 20 2000021 
0 2000000 0 2000000  [X]
3 2 1 2 
23 2 21 22 
20 2000000 20 2000020 
Operations:
c (0, 4)
x (2, 4)
x (3, 1)
x (1, 0)
c (0, 2)
m (1, 2)
x (4, 2)
x (4, 3)
m (5, 3)
m (25, 1)
c (1, 4)
x (3, 4)
x (4, 0)
x (2, 3)
End of state
Found MDS !!! (weight:19) (depth:5)
Current state:
2000000 2000020 20 20 
2 22 23 21 
2000002 2000022 22 20 
2 2 3 1 
2 2 2 0  [X]
Operations:
x (1, 0)
c (0, 4)
x (2, 4)
m (1, 4)
x (3, 2)
c (4, 3)
x (2, 3)
x (2, 1)
m (5, 1)
m (25, 0)
x (1, 0)
c (0, 2)
x (4, 2)
x (3, 1)
End of state
Found MDS !!! (weight:19) (depth:5)
Current state:
2000000 2000020 20 20 
0 20 20 20  [X]
2 22 23 21 
2 2 3 1 
2000002 2000022 22 20 
Operations:
x (1, 0)
c (0, 4)
x (2, 4)
m (1, 4)
x (3, 2)
c (4, 3)
x (2, 3)
x (2, 1)
m (5, 1)
m (25, 0)
x (1, 0)
c (1, 2)
x (3, 2)
x (0, 4)
End of state
Found MDS !!! (weight:19) (depth:5)
Current state:
1 21 20 20 
2 22 2000022 2000020 
2 2 2000002 2000000 
3 23 22 20 
2 2 2 0  [X]
Operations:
x (1, 0)
c (0, 4)
x (2, 4)
m (1, 4)
x (3, 2)
x (2, 1)
m (5, 1)
x (1, 0)
m (25, 2)
x (4, 2)
c (0, 3)
x (4, 3)
x (2, 1)
End of state
Found MDS !!! (weight:19) (depth:5)
Current state:
1 21 20 20 
0 20 20 20  [X]
2 2 2000002 2000000 
2 22 2000022 2000020 
3 23 22 20 
Operations:
x (1, 0)
c (0, 4)
x (2, 4)
m (1, 4)
x (3, 2)
x (2, 1)
m (5, 1)
x (1, 0)
m (25, 2)
x (4, 2)
c (1, 3)
x (2, 3)
x (0, 4)
End of state
Found MDS !!! (weight:19) (depth:5)
Current state:
1 21 20 20 
2 3 2000001 2000000 
2 2 2000000 2000001 
2 2 0 1  [X]
3 23 20 21 
Operations:
x (1, 0)
c (0, 4)
m (1, 4)
x (3, 2)
x (2, 1)
x (4, 3)
c (1, 4)
m (5, 4)
x (4, 0)
m (25, 2)
x (3, 2)
c (0, 4)
x (3, 4)
x (2, 1)
End of state
Found MDS !!! (weight:19) (depth:5)
Current state:
1 21 20 20 
0 1 1 1  [X]
2 2 2000000 2000001 
3 23 20 21 
2 3 2000001 2000000 
Operations:
x (1, 0)
c (0, 4)
m (1, 4)
x (3, 2)
x (2, 1)
x (4, 3)
c (1, 4)
m (5, 4)
x (4, 0)
m (25, 2)
x (3, 2)
c (2, 4)
x (1, 4)
x (0, 3)
End of state
Found MDS !!! (weight:19) (depth:5)
Current state:
1 21 20 20 
2 3 2000001 2000000 
0 0 2000000 2000000  [X]
3 23 20 21 
2 2 2000000 2000001 
Operations:
x (1, 0)
c (0, 4)
m (1, 4)
x (3, 2)
x (2, 1)
x (4, 3)
c (1, 4)
m (5, 4)
x (4, 0)
m (25, 2)
c (2, 4)
x (3, 4)
x (4, 1)
x (0, 3)
End of state
Found MDS !!! (weight:19) (depth:5)
Current state:
1 21 20 20 
2 3 2000003 2000001 
2 2 2000002 2000000 
3 23 22 20 
2 2 2 0  [X]
Operations:
x (1, 0)
c (0, 4)
x (2, 4)
m (1, 4)
x (3, 2)
x (2, 1)
c (1, 3)
m (5, 3)
x (3, 0)
m (25, 2)
x (4, 2)
c (0, 3)
x (4, 3)
x (2, 1)
End of state
Found MDS !!! (weight:19) (depth:5)
Current state:
1 21 20 20 
0 1 1 1  [X]
2 2 2000002 2000000 
2 3 2000003 2000001 
3 23 22 20 
Operations:
x (1, 0)
c (0, 4)
x (2, 4)
m (1, 4)
x (3, 2)
x (2, 1)
c (1, 3)
m (5, 3)
x (3, 0)
m (25, 2)
x (4, 2)
c (1, 3)
x (2, 3)
x (0, 4)
End of state
Found MDS !!! (weight:19) (depth:5)
Current state:
1 21 20 20 
2 3 2000003 2000001 
0 0 2000000 2000000  [X]
2 2 2000002 2000000 
3 23 22 20 
Operations:
x (1, 0)
c (0, 4)
x (2, 4)
m (1, 4)
x (3, 2)
x (2, 1)
c (1, 3)
m (5, 3)
x (3, 0)
m (25, 2)
c (4, 3)
x (2, 3)
x (3, 1)
x (0, 4)
End of state
Found MDS !!! (weight:19) (depth:5)
Current state:
3 23 20 21 
0 20 20 20  [X]
2000000 2000020 21 2000021 
2000000 2000000 1 2000001 
2 22 20 20 
Operations:
x (1, 0)
c (0, 4)
m (1, 4)
x (3, 2)
x (2, 1)
m (5, 1)
x (1, 4)
x (3, 0)
c (0, 3)
m (25, 3)
x (2, 3)
c (1, 2)
x (3, 2)
x (4, 0)
End of state
Found MDS !!! (weight:19) (depth:5)
Current state:
1 1 0 1  [X]
2000000 2000020 21 2000021 
3 23 20 21 
2000000 2000000 1 2000001 
2 22 20 20 
Operations:
x (1, 0)
c (0, 4)
m (1, 4)
x (3, 2)
x (2, 1)
m (5, 1)
x (1, 4)
x (3, 0)
c (0, 3)
m (25, 3)
x (2, 3)
c (0, 2)
x (4, 2)
x (3, 1)
End of state
Found MDS !!! (weight:19) (depth:5)
Current state:
3 2000003 2000000 2000001 
2 3 21 20 
1 2000001 2000000 2000000 
2 2 0 1  [X]
2 2 20 21 
Operations:
x (1, 0)
c (0, 4)
m (1, 4)
x (3, 2)
x (4, 3)
c (2, 4)
m (5, 4)
x (3, 4)
x (2, 1)
c (1, 2)
m (25, 2)
x (0, 2)
c (2, 0)
x (3, 0)
x (4, 1)
End of state
Found MDS !!! (weight:19) (depth:5)
Current state:
2 3 21 20 
0 1 1 1  [X]
1 2000001 2000000 2000000 
3 2000003 2000000 2000001 
2 2 20 21 
Operations:
x (1, 0)
c (0, 4)
m (1, 4)
x (3, 2)
x (4, 3)
c (2, 4)
m (5, 4)
x (3, 4)
x (2, 1)
c (1, 2)
m (25, 2)
x (0, 2)
c (1, 0)
x (4, 0)
x (2, 3)
End of state
Found MDS !!! (weight:19) (depth:5)
Current state:
1 2000001 2000000 2000000 
2 3 23 21 
3 2000003 2000002 2000000 
2 2 22 20 
2 2 2 0  [X]
Operations:
x (1, 0)
c (0, 4)
x (2, 4)
m (1, 4)
x (3, 2)
c (2, 3)
m (5, 3)
x (4, 3)
x (2, 1)
c (1, 2)
m (25, 2)
x (2, 0)
c (0, 2)
x (4, 2)
x (3, 1)
End of state
Found MDS !!! (weight:19) (depth:5)
Current state:
2 3 23 21 
0 1 1 1  [X]
1 2000001 2000000 2000000 
2 2 22 20 
3 2000003 2000002 2000000 
Operations:
x (1, 0)
c (0, 4)
x (2, 4)
m (1, 4)
x (3, 2)
c (2, 3)
m (5, 3)
x (4, 3)
x (2, 1)
c (1, 2)
m (25, 2)
x (0, 2)
c (1, 0)
x (3, 0)
x (2, 4)
End of state
Found MDS !!! (weight:19) (depth:5)
Current state:
3 2 21 20 
0 1 20 20  [X]
2000000 2000000 2000001 1 
2000000 2000001 2000021 21 
2 3 20 20 
Operations:
x (1, 0)
c (0, 4)
m (1, 4)
x (2, 0)
x (3, 2)
c (2, 3)
m (5, 3)
x (3, 1)
x (1, 4)
c (0, 3)
m (25, 3)
x (3, 2)
c (2, 3)
x (1, 3)
x (4, 0)
End of state
Found MDS !!! (weight:19) (depth:5)
Current state:
1 1 1 0  [X]
2000000 2000001 2000021 21 
2000000 2000000 2000001 1 
3 2 21 20 
2 3 20 20 
Operations:
x (1, 0)
c (0, 4)
m (1, 4)
x (2, 0)
x (3, 2)
c (2, 3)
m (5, 3)
x (3, 1)
x (1, 4)
c (0, 3)
m (25, 3)
x (3, 2)
c (0, 3)
x (4, 3)
x (2, 1)
End of state
Found MDS !!! (weight:19) (depth:5)
Current state:
1 2000001 2000000 2000000 
2 3 21 20 
0 0 20 20  [X]
3 2000003 2000000 2000001 
2 2 20 21 
Operations:
x (1, 0)
c (0, 4)
m (1, 4)
x (3, 2)
x (2, 1)
m (5, 2)
x (4, 3)
c (1, 4)
m (25, 4)
x (4, 0)
c (3, 4)
x (2, 4)
x (4, 1)
x (0, 3)
End of state
Found MDS !!! (weight:19) (depth:5)
Current state:
3 2 21 20 
2000000 2000001 2000021 21 
2000000 2000000 2000001 1 
2 3 20 20 
2 2 0 0  [X]
Operations:
x (1, 0)
c (0, 4)
m (1, 4)
x (2, 0)
x (3, 2)
c (2, 3)
m (5, 3)
x (3, 1)
c (0, 3)
m (25, 3)
x (3, 2)
c (1, 3)
x (4, 3)
x (3, 0)
x (2, 1)
End of state
Found MDS !!! (weight:19) (depth:5)
Current state:
3 23 20 21 
2000000 2000020 21 2000021 
2000000 2000000 1 2000001 
2 22 20 20 
2 2 0 0  [X]
Operations:
x (1, 0)
c (0, 4)
m (1, 4)
x (3, 2)
x (2, 1)
m (5, 1)
x (3, 0)
c (0, 3)
m (25, 3)
x (3, 2)
c (1, 3)
x (4, 3)
x (3, 0)
x (2, 1)
End of state
Found MDS !!! (weight:19) (depth:5)
Current state:
1 2000001 2000000 2000000 
2 3 23 21 
2 2 22 20 
0 0 20 20  [X]
3 2000003 2000002 2000000 
Operations:
x (1, 0)
c (0, 4)
x (2, 4)
m (1, 4)
x (3, 2)
c (2, 3)
m (5, 3)
x (2, 1)
c (1, 2)
m (25, 2)
x (2, 0)
c (3, 2)
x (4, 2)
x (2, 1)
x (0, 4)
End of state
Reached MAX_WEIGHT
