g++ -Wall -Wextra -I boost_1_64_0 -march=native -std=gnu++0x -O3 -g -fopenmp -gstabs+ -g3 -I tbb-2017_U7/include -L tbb-2017_U7/build/linux_release/  -Wl,-rpath=tbb-2017_U7/build/linux_release/  find_mds.cpp  -ltbb -o find_mds
Parameters: MAX_WEIGHT=(1 + 8*2 + 5*1) MAX_DEPTH=4 NB_INPUTS=4 NB_REGISTERS=5 XOR_WEIGHT=2 MUL_WEIGHT=1 CPY_WEIGHT=0
Size: AlgoState:16 algo_op:3 matrix:80
Options: TRY_DIV DIFFERENT_MUL
New weight : 0.0
Number of distinct ids : 0/0(1/0.0)
Scanned size : 0
New weight : 0.1
Number of distinct ids : 1/1(1/1.0)
Scanned size : 1
New weight : 0.2
Number of distinct ids : 1/1(1/1.0)
Scanned size : 1
New weight : 0.3
Number of distinct ids : 1/1(1/1.0)
Scanned size : 1
New weight : 1.0
Number of distinct ids : 1/1(1/1.0)
Scanned size : 1
New weight : 1.1
Number of distinct ids : 1/1(1/1.0)
Scanned size : 1
New weight : 1.2
Number of distinct ids : 1/1(1/1.0)
Scanned size : 1
New weight : 1.3
Number of distinct ids : 1/1(1/1.0)
Scanned size : 1
New weight : 2.0
Number of distinct ids : 1/1(1/1.0)
Scanned size : 1
New weight : 2.1
Number of distinct ids : 1/1(1/1.0)
Scanned size : 1
New weight : 2.2
Number of distinct ids : 1/1(1/1.0)
Scanned size : 1
New weight : 2.3
Number of distinct ids : 1/1(1/1.0)
Scanned size : 1
New weight : 3.0
Number of distinct ids : 1/1(1/1.0)
Scanned size : 1
New weight : 3.1
Number of distinct ids : 1/1(1/1.0)
Scanned size : 1
New weight : 3.2
Number of distinct ids : 1/1(1/1.0)
Scanned size : 1
New weight : 3.3
Number of distinct ids : 1/1(1/1.0)
Scanned size : 1
New weight : 4.0
Number of distinct ids : 1/1(1/1.0)
Scanned size : 1
New weight : 4.1
Number of distinct ids : 1/1(1/1.0)
Scanned size : 1
New weight : 4.2
Number of distinct ids : 1/1(1/1.0)
Scanned size : 1
New weight : 4.3
Number of distinct ids : 1/1(1/1.0)
Scanned size : 1
New weight : 5.0
Number of distinct ids : 1/1(1/1.0)
Scanned size : 1
New weight : 5.1
Number of distinct ids : 1/1(1/1.0)
Scanned size : 1
New weight : 5.2
Number of distinct ids : 1/1(1/1.0)
Scanned size : 1
New weight : 5.3
Number of distinct ids : 1/1(1/1.0)
Scanned size : 1
New weight : 6.0
Number of distinct ids : 1/1(1/1.0)
Scanned size : 1
New weight : 6.1
Number of distinct ids : 1/1(1/1.0)
Scanned size : 1
New weight : 6.2
Number of distinct ids : 1/1(1/1.0)
Scanned size : 1
New weight : 6.3
Number of distinct ids : 1/1(1/1.0)
Scanned size : 1
New weight : 7.0
Number of distinct ids : 1/1(1/1.0)
Scanned size : 1
New weight : 7.1
Number of distinct ids : 1/1(1/1.0)
Scanned size : 1
New weight : 7.2
Number of distinct ids : 1/1(1/1.0)
Scanned size : 1
New weight : 7.3
Number of distinct ids : 1/1(1/1.0)
Scanned size : 1
New weight : 8.0
Number of distinct ids : 1/1(1/1.0)
Scanned size : 1
New weight : 8.1
Number of distinct ids : 2/5(1/2.5)
Scanned size : 2
New weight : 8.2
Number of distinct ids : 2/5(1/2.5)
Scanned size : 2
New weight : 8.3
Number of distinct ids : 2/5(1/2.5)
Scanned size : 2
New weight : 9.0
Number of distinct ids : 2/5(1/2.5)
Scanned size : 2
New weight : 9.1
Number of distinct ids : 2/5(1/2.5)
Scanned size : 2
New weight : 9.2
Number of distinct ids : 18/41(1/2.3)
Scanned size : 18
New weight : 9.3
Number of distinct ids : 18/41(1/2.3)
Scanned size : 18
New weight : 10.0
Number of distinct ids : 18/41(1/2.3)
Scanned size : 18
New weight : 10.1
Number of distinct ids : 18/41(1/2.3)
Scanned size : 18
New weight : 10.2
Number of distinct ids : 81/297(1/3.7)
Scanned size : 81
New weight : 10.3
Number of distinct ids : 103/362(1/3.5)
Scanned size : 103
New weight : 11.0
Number of distinct ids : 103/362(1/3.5)
Scanned size : 103
New weight : 11.1
Number of distinct ids : 103/362(1/3.5)
Scanned size : 103
New weight : 11.2
Number of distinct ids : 299/1226(1/4.1)
Scanned size : 299
New weight : 11.3
Number of distinct ids : 527/2192(1/4.2)
Scanned size : 527
New weight : 12.0
Number of distinct ids : 555/2272(1/4.1)
Scanned size : 555
New weight : 12.1
Number of distinct ids : 555/2272(1/4.1)
Scanned size : 555
New weight : 12.2
Number of distinct ids : 1047/4391(1/4.2)
Scanned size : 1047
New weight : 12.3
Number of distinct ids : 2691/11339(1/4.2)
Scanned size : 2691
New weight : 13.0
Number of distinct ids : 3225/13394(1/4.2)
Scanned size : 3225
New weight : 13.1
Number of distinct ids : 3225/13394(1/4.2)
Scanned size : 3225
New weight : 13.2
Number of distinct ids : 3925/16354(1/4.2)
Scanned size : 3925
New weight : 13.3
Number of distinct ids : 12645/54676(1/4.3)
Scanned size : 12645
New weight : 14.0
Number of distinct ids : 18298/78474(1/4.3)
Scanned size : 18298
New weight : 14.1
Number of distinct ids : 18298/78474(1/4.3)
Scanned size : 18298
New weight : 14.2
Number of distinct ids : 18974/81103(1/4.3)
Scanned size : 18974
New weight : 14.3
Number of distinct ids : 56700/250883(1/4.4)
Scanned size : 56700
New weight : 15.0
Number of distinct ids : 106962/470002(1/4.4)
Scanned size : 106962
New weight : 15.1
Number of distinct ids : 106962/470002(1/4.4)
Scanned size : 106962
New weight : 15.2
Number of distinct ids : 107354/471318(1/4.4)
Scanned size : 107354
New weight : 15.3
Number of distinct ids : 250062/1115925(1/4.5)
Scanned size : 250062
New weight : 16.0
Number of distinct ids : 615125/2733725(1/4.4)
Scanned size : 615125
New weight : 16.1
Number of distinct ids : 615125/2733725(1/4.4)
Scanned size : 615125
New weight : 16.2
Number of distinct ids : 615247/2733983(1/4.4)
Scanned size : 615247
New weight : 16.3
Number of distinct ids : 1087247/4876455(1/4.5)
Scanned size : 1087247
New weight : 17.0
Number of distinct ids : 3294642/14904437(1/4.5)
Scanned size : 3294642
New weight : 17.1
Number of distinct ids : 3294642/14904437(1/4.5)
Scanned size : 3294642
New weight : 17.2
Number of distinct ids : 3294658/14904453(1/4.5)
Scanned size : 3294658
New weight : 17.3
Number of distinct ids : 4675212/21097699(1/4.5)
Scanned size : 4675212
New weight : 18.0
Number of distinct ids : 16828056/76799718(1/4.6)
Scanned size : 16828056
New weight : 18.1
Number of distinct ids : 16828056/76799718(1/4.6)
Scanned size : 16828056
New weight : 18.2
Number of distinct ids : 16828056/76799718(1/4.6)
Scanned size : 16828056
New weight : 18.3
Number of distinct ids : 20375392/92222483(1/4.5)
Scanned size : 20375392
New weight : 19.0
Number of distinct ids : 80250371/367281453(1/4.6)
Scanned size : 80250371
New weight : 19.1
Number of distinct ids : 80250371/367281453(1/4.6)
Scanned size : 80250371
New weight : 19.2
Number of distinct ids : 80250371/367281453(1/4.6)
Scanned size : 80250371
New weight : 19.3
Number of distinct ids : 88096011/399692232(1/4.5)
Scanned size : 88096011
g++ -Wall -Wextra -I boost_1_64_0 -march=native -std=gnu++0x -O3 -g -fopenmp -gstabs+ -g3 -I tbb-2017_U7/include -L tbb-2017_U7/build/linux_release/  -Wl,-rpath=tbb-2017_U7/build/linux_release/  find_mds.cpp  -ltbb -o find_mds
Parameters: MAX_WEIGHT=(1 + 8*2 + 5*1) MAX_DEPTH=4 NB_INPUTS=4 NB_REGISTERS=5 XOR_WEIGHT=2 MUL_WEIGHT=1 CPY_WEIGHT=0
Size: AlgoState:16 algo_op:3 matrix:80
Options: TRY_DIV DIFFERENT_MUL
New weight : 0.0
Number of distinct ids : 0/0(1/0.0)
Scanned size : 0
New weight : 0.1
Number of distinct ids : 1/1(1/1.0)
Scanned size : 1
New weight : 0.2
Number of distinct ids : 1/1(1/1.0)
Scanned size : 1
New weight : 0.3
Number of distinct ids : 1/1(1/1.0)
Scanned size : 1
New weight : 1.0
Number of distinct ids : 1/1(1/1.0)
Scanned size : 1
New weight : 1.1
Number of distinct ids : 1/1(1/1.0)
Scanned size : 1
New weight : 1.2
Number of distinct ids : 1/1(1/1.0)
Scanned size : 1
New weight : 1.3
Number of distinct ids : 1/1(1/1.0)
Scanned size : 1
New weight : 2.0
Number of distinct ids : 1/1(1/1.0)
Scanned size : 1
New weight : 2.1
Number of distinct ids : 1/1(1/1.0)
Scanned size : 1
New weight : 2.2
Number of distinct ids : 1/1(1/1.0)
Scanned size : 1
New weight : 2.3
Number of distinct ids : 1/1(1/1.0)
Scanned size : 1
New weight : 3.0
Number of distinct ids : 1/1(1/1.0)
Scanned size : 1
New weight : 3.1
Number of distinct ids : 1/1(1/1.0)
Scanned size : 1
New weight : 3.2
Number of distinct ids : 1/1(1/1.0)
Scanned size : 1
New weight : 3.3
Number of distinct ids : 1/1(1/1.0)
Scanned size : 1
New weight : 4.0
Number of distinct ids : 1/1(1/1.0)
Scanned size : 1
New weight : 4.1
Number of distinct ids : 1/1(1/1.0)
Scanned size : 1
New weight : 4.2
Number of distinct ids : 1/1(1/1.0)
Scanned size : 1
New weight : 4.3
Number of distinct ids : 1/1(1/1.0)
Scanned size : 1
New weight : 5.0
Number of distinct ids : 1/1(1/1.0)
Scanned size : 1
New weight : 5.1
Number of distinct ids : 1/1(1/1.0)
Scanned size : 1
New weight : 5.2
Number of distinct ids : 1/1(1/1.0)
Scanned size : 1
New weight : 5.3
Number of distinct ids : 1/1(1/1.0)
Scanned size : 1
New weight : 6.0
Number of distinct ids : 1/1(1/1.0)
Scanned size : 1
New weight : 6.1
Number of distinct ids : 1/1(1/1.0)
Scanned size : 1
New weight : 6.2
Number of distinct ids : 1/1(1/1.0)
Scanned size : 1
New weight : 6.3
Number of distinct ids : 1/1(1/1.0)
Scanned size : 1
New weight : 7.0
Number of distinct ids : 1/1(1/1.0)
Scanned size : 1
New weight : 7.1
Number of distinct ids : 1/1(1/1.0)
Scanned size : 1
New weight : 7.2
Number of distinct ids : 1/1(1/1.0)
Scanned size : 1
New weight : 7.3
Number of distinct ids : 1/1(1/1.0)
Scanned size : 1
New weight : 8.0
Number of distinct ids : 1/1(1/1.0)
Scanned size : 1
New weight : 8.1
Number of distinct ids : 2/5(1/2.5)
Scanned size : 2
New weight : 8.2
Number of distinct ids : 2/5(1/2.5)
Scanned size : 2
New weight : 8.3
Number of distinct ids : 2/5(1/2.5)
Scanned size : 2
New weight : 9.0
Number of distinct ids : 2/5(1/2.5)
Scanned size : 2
New weight : 9.1
Number of distinct ids : 2/5(1/2.5)
Scanned size : 2
New weight : 9.2
Number of distinct ids : 18/41(1/2.3)
Scanned size : 18
New weight : 9.3
Number of distinct ids : 18/41(1/2.3)
Scanned size : 18
New weight : 10.0
Number of distinct ids : 18/41(1/2.3)
Scanned size : 18
New weight : 10.1
Number of distinct ids : 18/41(1/2.3)
Scanned size : 18
New weight : 10.2
Number of distinct ids : 81/227(1/2.8)
Scanned size : 81
New weight : 10.3
Number of distinct ids : 103/269(1/2.6)
Scanned size : 103
New weight : 11.0
Number of distinct ids : 103/269(1/2.6)
Scanned size : 103
New weight : 11.1
Number of distinct ids : 103/269(1/2.6)
Scanned size : 103
New weight : 11.2
Number of distinct ids : 299/1104(1/3.7)
Scanned size : 299
New weight : 11.3
Number of distinct ids : 527/2044(1/3.9)
Scanned size : 527
New weight : 12.0
Number of distinct ids : 555/2104(1/3.8)
Scanned size : 555
New weight : 12.1
Number of distinct ids : 555/2104(1/3.8)
Scanned size : 555
New weight : 12.2
Number of distinct ids : 1047/4215(1/4.0)
Scanned size : 1047
New weight : 12.3
Number of distinct ids : 2691/11105(1/4.1)
Scanned size : 2691
New weight : 13.0
Number of distinct ids : 3225/13154(1/4.1)
Scanned size : 3225
New weight : 13.1
Number of distinct ids : 3225/13154(1/4.1)
Scanned size : 3225
New weight : 13.2
Number of distinct ids : 3925/16114(1/4.1)
Scanned size : 3925
New weight : 13.3
Number of distinct ids : 12647/54356(1/4.3)
Scanned size : 12647
New weight : 14.0
Number of distinct ids : 18298/78065(1/4.3)
Scanned size : 18298
New weight : 14.1
Number of distinct ids : 18298/78065(1/4.3)
Scanned size : 18298
New weight : 14.2
Number of distinct ids : 18974/80694(1/4.3)
Scanned size : 18974
New weight : 14.3
Number of distinct ids : 56738/250165(1/4.4)
Scanned size : 56738
New weight : 15.0
Number of distinct ids : 106965/468627(1/4.4)
Scanned size : 106965
New weight : 15.1
Number of distinct ids : 106965/468627(1/4.4)
Scanned size : 106965
New weight : 15.2
Number of distinct ids : 107357/469943(1/4.4)
Scanned size : 107357
New weight : 15.3
Number of distinct ids : 250303/1113644(1/4.4)
Scanned size : 250303
New weight : 16.0
Number of distinct ids : 615180/2727715(1/4.4)
Scanned size : 615180
New weight : 16.1
Number of distinct ids : 615180/2727715(1/4.4)
Scanned size : 615180
New weight : 16.2
Number of distinct ids : 615302/2727973(1/4.4)
Scanned size : 615302
New weight : 16.3
Number of distinct ids : 1088353/4869083(1/4.5)
Scanned size : 1088353
New weight : 17.0
Number of distinct ids : 3295074/14877930(1/4.5)
Scanned size : 3295074
New weight : 17.1
Number of distinct ids : 3295074/14877930(1/4.5)
Scanned size : 3295074
New weight : 17.2
Number of distinct ids : 3295090/14877946(1/4.5)
Scanned size : 3295090
New weight : 17.3
Number of distinct ids : 4679926/21072797(1/4.5)
Scanned size : 4679926
New weight : 18.0
Number of distinct ids : 16832012/76696695(1/4.6)
Scanned size : 16832012
New weight : 18.1
Number of distinct ids : 16832012/76696695(1/4.6)
Scanned size : 16832012
New weight : 18.2
Number of distinct ids : 16832012/76696695(1/4.6)
Scanned size : 16832012
New weight : 18.3
Number of distinct ids : 20394896/92133188(1/4.5)
Scanned size : 20394896
New weight : 19.0
Number of distinct ids : 80277339/366833637(1/4.6)
Scanned size : 80277339
New weight : 19.1
Number of distinct ids : 80277339/366833637(1/4.6)
Scanned size : 80277339
New weight : 19.2
Number of distinct ids : 80277339/366833637(1/4.6)
Scanned size : 80277339
New weight : 19.3
Number of distinct ids : 88164768/399287542(1/4.5)
Scanned size : 88164768
New weight : 20.0
Number of distinct ids : 350437169/1598602538(1/4.6)
Scanned size : 350437169
New weight : 20.1
Number of distinct ids : 350437169/1598602538(1/4.6)
Scanned size : 350437169
New weight : 20.2
Number of distinct ids : 350437169/1598602538(1/4.6)
Scanned size : 350437169
New weight : 20.3
Number of distinct ids : 365400319/1655328107(1/4.5)
Scanned size : 365400319
New weight : 21.0
Number of distinct ids : 1431125046/6442172544(1/4.5)
Scanned size : 1431125046
New weight : 21.1
Number of distinct ids : 1431125046/6442172544(1/4.5)
Scanned size : 1431125046
New weight : 21.2
Number of distinct ids : 1431125046/6442172544(1/4.5)
Scanned size : 1431125046
New weight : 21.3
Number of distinct ids : 1454635476/6521760157(1/4.5)
Scanned size : 1454635476
Reached MAX_WEIGHT
