g++ -Wall -Wextra -I boost_1_64_0 -march=native -std=gnu++0x -O3 -g -fopenmp -gstabs+ -g3 -I tbb-2017_U7/include -L tbb-2017_U7/build/linux_release/  -Wl,-rpath=tbb-2017_U7/build/linux_release/  find_mds.cpp  -ltbb -o find_mds
Parameters: MAX_WEIGHT=(1 + 9*2 + 4*1) MAX_DEPTH=5 NB_INPUTS=4 NB_REGISTERS=5 XOR_WEIGHT=2 MUL_WEIGHT=1 CPY_WEIGHT=0
Size: AlgoState:16 algo_op:3 matrix:80
Options:
New weight : 0.0
Number of distinct ids : 0/0(1/0.0)
Scanned size : 0
New weight : 0.1
Number of distinct ids : 1/1(1/1.0)
Scanned size : 1
New weight : 0.2
Number of distinct ids : 1/1(1/1.0)
Scanned size : 1
New weight : 0.3
Number of distinct ids : 1/1(1/1.0)
Scanned size : 1
New weight : 0.4
Number of distinct ids : 1/1(1/1.0)
Scanned size : 1
New weight : 1.0
Number of distinct ids : 1/1(1/1.0)
Scanned size : 1
New weight : 1.1
Number of distinct ids : 1/1(1/1.0)
Scanned size : 1
New weight : 1.2
Number of distinct ids : 1/1(1/1.0)
Scanned size : 1
New weight : 1.3
Number of distinct ids : 1/1(1/1.0)
Scanned size : 1
New weight : 1.4
Number of distinct ids : 1/1(1/1.0)
Scanned size : 1
New weight : 2.0
Number of distinct ids : 1/1(1/1.0)
Scanned size : 1
New weight : 2.1
Number of distinct ids : 1/1(1/1.0)
Scanned size : 1
New weight : 2.2
Number of distinct ids : 1/1(1/1.0)
Scanned size : 1
New weight : 2.3
Number of distinct ids : 1/1(1/1.0)
Scanned size : 1
New weight : 2.4
Number of distinct ids : 1/1(1/1.0)
Scanned size : 1
New weight : 3.0
Number of distinct ids : 1/1(1/1.0)
Scanned size : 1
New weight : 3.1
Number of distinct ids : 1/1(1/1.0)
Scanned size : 1
New weight : 3.2
Number of distinct ids : 1/1(1/1.0)
Scanned size : 1
New weight : 3.3
Number of distinct ids : 1/1(1/1.0)
Scanned size : 1
New weight : 3.4
Number of distinct ids : 1/1(1/1.0)
Scanned size : 1
New weight : 4.0
Number of distinct ids : 1/1(1/1.0)
Scanned size : 1
New weight : 4.1
Number of distinct ids : 1/1(1/1.0)
Scanned size : 1
New weight : 4.2
Number of distinct ids : 1/1(1/1.0)
Scanned size : 1
New weight : 4.3
Number of distinct ids : 1/1(1/1.0)
Scanned size : 1
New weight : 4.4
Number of distinct ids : 1/1(1/1.0)
Scanned size : 1
New weight : 5.0
Number of distinct ids : 1/1(1/1.0)
Scanned size : 1
New weight : 5.1
Number of distinct ids : 1/1(1/1.0)
Scanned size : 1
New weight : 5.2
Number of distinct ids : 1/1(1/1.0)
Scanned size : 1
New weight : 5.3
Number of distinct ids : 1/1(1/1.0)
Scanned size : 1
New weight : 5.4
Number of distinct ids : 1/1(1/1.0)
Scanned size : 1
New weight : 6.0
Number of distinct ids : 1/1(1/1.0)
Scanned size : 1
New weight : 6.1
Number of distinct ids : 1/1(1/1.0)
Scanned size : 1
New weight : 6.2
Number of distinct ids : 1/1(1/1.0)
Scanned size : 1
New weight : 6.3
Number of distinct ids : 1/1(1/1.0)
Scanned size : 1
New weight : 6.4
Number of distinct ids : 1/1(1/1.0)
Scanned size : 1
New weight : 7.0
Number of distinct ids : 1/1(1/1.0)
Scanned size : 1
New weight : 7.1
Number of distinct ids : 1/1(1/1.0)
Scanned size : 1
New weight : 7.2
Number of distinct ids : 1/1(1/1.0)
Scanned size : 1
New weight : 7.3
Number of distinct ids : 1/1(1/1.0)
Scanned size : 1
New weight : 7.4
Number of distinct ids : 1/1(1/1.0)
Scanned size : 1
New weight : 8.0
Number of distinct ids : 1/1(1/1.0)
Scanned size : 1
New weight : 8.1
Number of distinct ids : 2/5(1/2.5)
Scanned size : 2
New weight : 8.2
Number of distinct ids : 2/5(1/2.5)
Scanned size : 2
New weight : 8.3
Number of distinct ids : 2/5(1/2.5)
Scanned size : 2
New weight : 8.4
Number of distinct ids : 2/5(1/2.5)
Scanned size : 2
New weight : 9.0
Number of distinct ids : 2/5(1/2.5)
Scanned size : 2
New weight : 9.1
Number of distinct ids : 2/5(1/2.5)
Scanned size : 2
New weight : 9.2
Number of distinct ids : 6/17(1/2.8)
Scanned size : 6
New weight : 9.3
Number of distinct ids : 6/17(1/2.8)
Scanned size : 6
New weight : 9.4
Number of distinct ids : 6/17(1/2.8)
Scanned size : 6
New weight : 10.0
Number of distinct ids : 6/17(1/2.8)
Scanned size : 6
New weight : 10.1
Number of distinct ids : 6/17(1/2.8)
Scanned size : 6
New weight : 10.2
Number of distinct ids : 15/52(1/3.5)
Scanned size : 15
New weight : 10.3
Number of distinct ids : 20/65(1/3.2)
Scanned size : 20
New weight : 10.4
Number of distinct ids : 20/65(1/3.2)
Scanned size : 20
New weight : 11.0
Number of distinct ids : 20/65(1/3.2)
Scanned size : 20
New weight : 11.1
Number of distinct ids : 20/65(1/3.2)
Scanned size : 20
New weight : 11.2
Number of distinct ids : 37/137(1/3.7)
Scanned size : 37
New weight : 11.3
Number of distinct ids : 68/232(1/3.4)
Scanned size : 68
New weight : 11.4
Number of distinct ids : 74/252(1/3.4)
Scanned size : 74
New weight : 12.0
Number of distinct ids : 74/252(1/3.4)
Scanned size : 74
New weight : 12.1
Number of distinct ids : 74/252(1/3.4)
Scanned size : 74
New weight : 12.2
Number of distinct ids : 107/378(1/3.5)
Scanned size : 107
New weight : 12.3
Number of distinct ids : 213/809(1/3.8)
Scanned size : 213
New weight : 12.4
Number of distinct ids : 290/1083(1/3.7)
Scanned size : 290
New weight : 13.0
Number of distinct ids : 297/1106(1/3.7)
Scanned size : 297
New weight : 13.1
Number of distinct ids : 297/1106(1/3.7)
Scanned size : 297
New weight : 13.2
Number of distinct ids : 340/1260(1/3.7)
Scanned size : 340
New weight : 13.3
Number of distinct ids : 747/2875(1/3.8)
Scanned size : 747
New weight : 13.4
Number of distinct ids : 1240/4839(1/3.9)
Scanned size : 1240
New weight : 14.0
Number of distinct ids : 1773/6714(1/3.8)
Scanned size : 1773
New weight : 14.1
Number of distinct ids : 1773/6714(1/3.8)
Scanned size : 1773
New weight : 14.2
Number of distinct ids : 1822/6902(1/3.8)
Scanned size : 1822
New weight : 14.3
Number of distinct ids : 2951/11566(1/3.9)
Scanned size : 2951
New weight : 14.4
Number of distinct ids : 5265/20933(1/4.0)
Scanned size : 5265
New weight : 15.0
Number of distinct ids : 9453/36439(1/3.9)
Scanned size : 9453
New weight : 15.1
Number of distinct ids : 9453/36439(1/3.9)
Scanned size : 9453
New weight : 15.2
Number of distinct ids : 9488/36560(1/3.9)
Scanned size : 9488
New weight : 15.3
Number of distinct ids : 12559/49396(1/3.9)
Scanned size : 12559
New weight : 15.4
Number of distinct ids : 22293/90089(1/4.0)
Scanned size : 22293
New weight : 16.0
Number of distinct ids : 45071/179510(1/4.0)
Scanned size : 45071
New weight : 16.1
Number of distinct ids : 45071/179510(1/4.0)
Scanned size : 45071
New weight : 16.2
Number of distinct ids : 45082/179543(1/4.0)
Scanned size : 45082
New weight : 16.3
Number of distinct ids : 52003/208776(1/4.0)
Scanned size : 52003
New weight : 16.4
Number of distinct ids : 92207/377764(1/4.1)
Scanned size : 92207
New weight : 17.0
Number of distinct ids : 214403/858929(1/4.0)
Scanned size : 214403
New weight : 17.1
Number of distinct ids : 214403/858929(1/4.0)
Scanned size : 214403
New weight : 17.2
Number of distinct ids : 214407/858933(1/4.0)
Scanned size : 214407
New weight : 17.3
Number of distinct ids : 227370/914788(1/4.0)
Scanned size : 227370
New weight : 17.4
Number of distinct ids : 356407/1473879(1/4.1)
Scanned size : 356407
New weight : 18.0
Number of distinct ids : 934482/3763982(1/4.0)
Scanned size : 934482
New weight : 18.1
Number of distinct ids : 934482/3763982(1/4.0)
Scanned size : 934482
New weight : 18.2
Number of distinct ids : 934482/3763982(1/4.0)
Scanned size : 934482
New weight : 18.3
Number of distinct ids : 958615/3864055(1/4.0)
Scanned size : 958615
New weight : 18.4
Number of distinct ids : 1360939/5623453(1/4.1)
Scanned size : 1360939
New weight : 19.0
Number of distinct ids : 3680131/14952822(1/4.1)
Scanned size : 3680131
New weight : 19.1
Number of distinct ids : 3680131/14952822(1/4.1)
Scanned size : 3680131
New weight : 19.2
Number of distinct ids : 3680131/14952822(1/4.1)
Scanned size : 3680131
New weight : 19.3
Number of distinct ids : 3713231/15086833(1/4.1)
Scanned size : 3713231
New weight : 19.4
Number of distinct ids : 4832136/19944176(1/4.1)
Scanned size : 4832136
New weight : 20.0
Number of distinct ids : 13957812/56262341(1/4.0)
Scanned size : 13957812
New weight : 20.1
Number of distinct ids : 13957812/56262341(1/4.0)
Scanned size : 13957812
New weight : 20.2
Number of distinct ids : 13957812/56262341(1/4.0)
Scanned size : 13957812
New weight : 20.3
Number of distinct ids : 14001309/56424547(1/4.0)
Scanned size : 14001309
New weight : 20.4
Number of distinct ids : 16668922/68074849(1/4.1)
Scanned size : 16668922
New weight : 21.0
Number of distinct ids : 48348972/193629192(1/4.0)
Scanned size : 48348972
New weight : 21.1
Number of distinct ids : 48348972/193629192(1/4.0)
Scanned size : 48348972
New weight : 21.2
Number of distinct ids : 48348972/193629192(1/4.0)
Scanned size : 48348972
New weight : 21.3
Number of distinct ids : 48395286/193784276(1/4.0)
Scanned size : 48395286
New weight : 21.4
Number of distinct ids : 54405595/219277787(1/4.0)
Scanned size : 54405595
New weight : 22.0
Number of distinct ids : 155277412/615324126(1/4.0)
Scanned size : 155277412
New weight : 22.1
Number of distinct ids : 155277412/615324126(1/4.0)
Scanned size : 155277412
New weight : 22.2
Number of distinct ids : 155277412/615324126(1/4.0)
Scanned size : 155277412
New weight : 22.3
Number of distinct ids : 155314279/615434379(1/4.0)
Scanned size : 155314279
New weight : 22.4
Number of distinct ids : 167033331/663675498(1/4.0)
Scanned size : 167033331
Found MDS !!! (weight:22) (depth:4)
Current state:
5 6 1 2 
1 2 1 2  [X]
4 5 1 1 
1 2 1 3 
2 1 3 1 
Operations:
c (0, 4)
x (2, 4)
x (1, 0)
x (3, 1)
x (1, 2)
m (1, 1)
x (4, 1)
m (1, 4)
x (2, 4)
x (1, 3)
m (1, 0)
m (1, 0)
x (0, 2)
x (1, 0)
End of state
Found MDS !!! (weight:22) (depth:4)
Current state:
4 4 0 0  [X]
5 6 1 2 
4 5 1 1 
1 2 1 3 
2 1 3 1 
Operations:
c (0, 4)
x (2, 4)
x (1, 0)
x (3, 1)
x (1, 2)
m (1, 1)
x (4, 1)
m (1, 4)
x (2, 4)
x (1, 3)
m (1, 0)
m (1, 0)
x (0, 2)
x (0, 1)
End of state
Found MDS !!! (weight:22) (depth:4)
Current state:
3 1 1 1 
1 3 2 1 
1 2 6 5 
0 0 4 4  [X]
2 1 5 4 
Operations:
c (0, 4)
m (1, 4)
x (3, 0)
x (2, 3)
x (1, 2)
x (2, 4)
m (1, 2)
x (0, 2)
x (4, 0)
x (2, 1)
m (1, 3)
m (1, 3)
x (3, 4)
x (3, 2)
End of state
Found MDS !!! (weight:22) (depth:4)
Current state:
3 1 1 1 
1 3 2 1 
1 2 2 1  [X]
1 2 6 5 
2 1 5 4 
Operations:
c (0, 4)
m (1, 4)
x (3, 0)
x (2, 3)
x (1, 2)
x (2, 4)
m (1, 2)
x (0, 2)
x (4, 0)
x (2, 1)
m (1, 3)
m (1, 3)
x (3, 4)
x (2, 3)
End of state
Found MDS !!! (weight:22) (depth:4)
Current state:
1 2 4 3 
2 3 2 3 
3 3 5 1 
3 1 1 3 
2 2 2 2  [X]
Operations:
c (0, 4)
x (2, 4)
x (3, 1)
x (1, 4)
x (3, 0)
c (0, 3)
m (1, 3)
x (4, 3)
m (1, 2)
m (1, 4)
x (1, 2)
x (4, 1)
m (1, 2)
x (2, 0)
x (3, 2)
End of state
Found MDS !!! (weight:22) (depth:4)
Current state:
5 6 1 2 
1 2 1 3 
4 5 1 1 
0 0 0 1  [X]
2 1 3 1 
Operations:
c (0, 4)
x (2, 4)
x (1, 0)
x (3, 1)
x (1, 2)
m (1, 1)
x (4, 1)
m (1, 4)
x (2, 4)
m (1, 0)
m (1, 0)
x (0, 2)
x (1, 0)
x (3, 1)
End of state
Found MDS !!! (weight:22) (depth:4)
Current state:
3 1 1 1 
0 1 0 0  [X]
1 3 2 1 
1 2 6 5 
2 1 5 4 
Operations:
c (0, 4)
m (1, 4)
x (3, 0)
x (2, 3)
x (1, 2)
x (2, 4)
m (1, 2)
x (0, 2)
x (4, 0)
m (1, 3)
m (1, 3)
x (3, 4)
x (2, 3)
x (1, 2)
End of state
