g++ -Wall -Wextra -I boost_1_64_0 -march=native -std=gnu++0x -O3 -g -fopenmp -gstabs+ -g3 -I tbb-2017_U7/include -L tbb-2017_U7/build/linux_release/  -Wl,-rpath=tbb-2017_U7/build/linux_release/  find_mds.cpp  -ltbb -o find_mds
Parameters: MAX_WEIGHT=(1 + 8*2 + 3*1) MAX_DEPTH=7 NB_INPUTS=4 NB_REGISTERS=5 XOR_WEIGHT=2 MUL_WEIGHT=1 CPY_WEIGHT=0
Size: AlgoState:16 algo_op:3 matrix:80
Options:
New weight : 0.0
Number of distinct ids : 0/0(1/0.0)
Scanned size : 0
New weight : 0.1
Number of distinct ids : 1/1(1/1.0)
Scanned size : 1
New weight : 0.2
Number of distinct ids : 1/1(1/1.0)
Scanned size : 1
New weight : 0.3
Number of distinct ids : 1/1(1/1.0)
Scanned size : 1
New weight : 0.4
Number of distinct ids : 1/1(1/1.0)
Scanned size : 1
New weight : 0.5
Number of distinct ids : 1/1(1/1.0)
Scanned size : 1
New weight : 0.6
Number of distinct ids : 1/1(1/1.0)
Scanned size : 1
New weight : 1.0
Number of distinct ids : 1/1(1/1.0)
Scanned size : 1
New weight : 1.1
Number of distinct ids : 1/1(1/1.0)
Scanned size : 1
New weight : 1.2
Number of distinct ids : 1/1(1/1.0)
Scanned size : 1
New weight : 1.3
Number of distinct ids : 1/1(1/1.0)
Scanned size : 1
New weight : 1.4
Number of distinct ids : 1/1(1/1.0)
Scanned size : 1
New weight : 1.5
Number of distinct ids : 1/1(1/1.0)
Scanned size : 1
New weight : 1.6
Number of distinct ids : 1/1(1/1.0)
Scanned size : 1
New weight : 2.0
Number of distinct ids : 1/1(1/1.0)
Scanned size : 1
New weight : 2.1
Number of distinct ids : 1/1(1/1.0)
Scanned size : 1
New weight : 2.2
Number of distinct ids : 1/1(1/1.0)
Scanned size : 1
New weight : 2.3
Number of distinct ids : 1/1(1/1.0)
Scanned size : 1
New weight : 2.4
Number of distinct ids : 1/1(1/1.0)
Scanned size : 1
New weight : 2.5
Number of distinct ids : 1/1(1/1.0)
Scanned size : 1
New weight : 2.6
Number of distinct ids : 1/1(1/1.0)
Scanned size : 1
New weight : 3.0
Number of distinct ids : 1/1(1/1.0)
Scanned size : 1
New weight : 3.1
Number of distinct ids : 1/1(1/1.0)
Scanned size : 1
New weight : 3.2
Number of distinct ids : 1/1(1/1.0)
Scanned size : 1
New weight : 3.3
Number of distinct ids : 1/1(1/1.0)
Scanned size : 1
New weight : 3.4
Number of distinct ids : 1/1(1/1.0)
Scanned size : 1
New weight : 3.5
Number of distinct ids : 1/1(1/1.0)
Scanned size : 1
New weight : 3.6
Number of distinct ids : 1/1(1/1.0)
Scanned size : 1
New weight : 4.0
Number of distinct ids : 1/1(1/1.0)
Scanned size : 1
New weight : 4.1
Number of distinct ids : 1/1(1/1.0)
Scanned size : 1
New weight : 4.2
Number of distinct ids : 1/1(1/1.0)
Scanned size : 1
New weight : 4.3
Number of distinct ids : 1/1(1/1.0)
Scanned size : 1
New weight : 4.4
Number of distinct ids : 1/1(1/1.0)
Scanned size : 1
New weight : 4.5
Number of distinct ids : 1/1(1/1.0)
Scanned size : 1
New weight : 4.6
Number of distinct ids : 1/1(1/1.0)
Scanned size : 1
New weight : 5.0
Number of distinct ids : 1/1(1/1.0)
Scanned size : 1
New weight : 5.1
Number of distinct ids : 1/1(1/1.0)
Scanned size : 1
New weight : 5.2
Number of distinct ids : 1/1(1/1.0)
Scanned size : 1
New weight : 5.3
Number of distinct ids : 1/1(1/1.0)
Scanned size : 1
New weight : 5.4
Number of distinct ids : 1/1(1/1.0)
Scanned size : 1
New weight : 5.5
Number of distinct ids : 1/1(1/1.0)
Scanned size : 1
New weight : 5.6
Number of distinct ids : 1/1(1/1.0)
Scanned size : 1
New weight : 6.0
Number of distinct ids : 1/1(1/1.0)
Scanned size : 1
New weight : 6.1
Number of distinct ids : 1/1(1/1.0)
Scanned size : 1
New weight : 6.2
Number of distinct ids : 1/1(1/1.0)
Scanned size : 1
New weight : 6.3
Number of distinct ids : 1/1(1/1.0)
Scanned size : 1
New weight : 6.4
Number of distinct ids : 1/1(1/1.0)
Scanned size : 1
New weight : 6.5
Number of distinct ids : 1/1(1/1.0)
Scanned size : 1
New weight : 6.6
Number of distinct ids : 1/1(1/1.0)
Scanned size : 1
New weight : 7.0
Number of distinct ids : 1/1(1/1.0)
Scanned size : 1
New weight : 7.1
Number of distinct ids : 1/1(1/1.0)
Scanned size : 1
New weight : 7.2
Number of distinct ids : 1/1(1/1.0)
Scanned size : 1
New weight : 7.3
Number of distinct ids : 1/1(1/1.0)
Scanned size : 1
New weight : 7.4
Number of distinct ids : 1/1(1/1.0)
Scanned size : 1
New weight : 7.5
Number of distinct ids : 1/1(1/1.0)
Scanned size : 1
New weight : 7.6
Number of distinct ids : 1/1(1/1.0)
Scanned size : 1
New weight : 8.0
Number of distinct ids : 1/1(1/1.0)
Scanned size : 1
New weight : 8.1
Number of distinct ids : 2/5(1/2.5)
Scanned size : 2
New weight : 8.2
Number of distinct ids : 2/5(1/2.5)
Scanned size : 2
New weight : 8.3
Number of distinct ids : 2/5(1/2.5)
Scanned size : 2
New weight : 8.4
Number of distinct ids : 2/5(1/2.5)
Scanned size : 2
New weight : 8.5
Number of distinct ids : 2/5(1/2.5)
Scanned size : 2
New weight : 8.6
Number of distinct ids : 2/5(1/2.5)
Scanned size : 2
New weight : 9.0
Number of distinct ids : 2/5(1/2.5)
Scanned size : 2
New weight : 9.1
Number of distinct ids : 2/5(1/2.5)
Scanned size : 2
New weight : 9.2
Number of distinct ids : 6/16(1/2.7)
Scanned size : 6
New weight : 9.3
Number of distinct ids : 6/16(1/2.7)
Scanned size : 6
New weight : 9.4
Number of distinct ids : 6/16(1/2.7)
Scanned size : 6
New weight : 9.5
Number of distinct ids : 6/16(1/2.7)
Scanned size : 6
New weight : 9.6
Number of distinct ids : 6/16(1/2.7)
Scanned size : 6
New weight : 10.0
Number of distinct ids : 6/16(1/2.7)
Scanned size : 6
New weight : 10.1
Number of distinct ids : 6/16(1/2.7)
Scanned size : 6
New weight : 10.2
Number of distinct ids : 15/51(1/3.4)
Scanned size : 15
New weight : 10.3
Number of distinct ids : 20/66(1/3.3)
Scanned size : 20
New weight : 10.4
Number of distinct ids : 20/66(1/3.3)
Scanned size : 20
New weight : 10.5
Number of distinct ids : 20/66(1/3.3)
Scanned size : 20
New weight : 10.6
Number of distinct ids : 20/66(1/3.3)
Scanned size : 20
New weight : 11.0
Number of distinct ids : 20/66(1/3.3)
Scanned size : 20
New weight : 11.1
Number of distinct ids : 20/66(1/3.3)
Scanned size : 20
New weight : 11.2
Number of distinct ids : 37/132(1/3.6)
Scanned size : 37
New weight : 11.3
Number of distinct ids : 68/230(1/3.4)
Scanned size : 68
New weight : 11.4
Number of distinct ids : 74/247(1/3.3)
Scanned size : 74
New weight : 11.5
Number of distinct ids : 74/247(1/3.3)
Scanned size : 74
New weight : 11.6
Number of distinct ids : 74/247(1/3.3)
Scanned size : 74
New weight : 12.0
Number of distinct ids : 74/247(1/3.3)
Scanned size : 74
New weight : 12.1
Number of distinct ids : 74/247(1/3.3)
Scanned size : 74
New weight : 12.2
Number of distinct ids : 107/376(1/3.5)
Scanned size : 107
New weight : 12.3
Number of distinct ids : 213/808(1/3.8)
Scanned size : 213
New weight : 12.4
Number of distinct ids : 290/1083(1/3.7)
Scanned size : 290
New weight : 12.5
Number of distinct ids : 297/1102(1/3.7)
Scanned size : 297
New weight : 12.6
Number of distinct ids : 297/1102(1/3.7)
Scanned size : 297
New weight : 13.0
Number of distinct ids : 297/1102(1/3.7)
Scanned size : 297
New weight : 13.1
Number of distinct ids : 297/1102(1/3.7)
Scanned size : 297
New weight : 13.2
Number of distinct ids : 340/1261(1/3.7)
Scanned size : 340
New weight : 13.3
Number of distinct ids : 747/2879(1/3.9)
Scanned size : 747
New weight : 13.4
Number of distinct ids : 1240/4844(1/3.9)
Scanned size : 1240
New weight : 13.5
Number of distinct ids : 1773/6721(1/3.8)
Scanned size : 1773
New weight : 13.6
Number of distinct ids : 2490/9347(1/3.8)
Scanned size : 2490
New weight : 14.0
Number of distinct ids : 2655/10172(1/3.8)
Scanned size : 2655
New weight : 14.1
Number of distinct ids : 2655/10172(1/3.8)
Scanned size : 2655
New weight : 14.2
Number of distinct ids : 2704/10364(1/3.8)
Scanned size : 2704
New weight : 14.3
Number of distinct ids : 3833/15027(1/3.9)
Scanned size : 3833
New weight : 14.4
Number of distinct ids : 6147/24405(1/4.0)
Scanned size : 6147
New weight : 14.5
Number of distinct ids : 10266/39714(1/3.9)
Scanned size : 10266
New weight : 14.6
Number of distinct ids : 20584/76999(1/3.7)
Scanned size : 20584
New weight : 15.0
Number of distinct ids : 33771/125404(1/3.7)
Scanned size : 33771
New weight : 15.1
Number of distinct ids : 33771/125404(1/3.7)
Scanned size : 33771
New weight : 15.2
Number of distinct ids : 33806/125519(1/3.7)
Scanned size : 33806
New weight : 15.3
Number of distinct ids : 36877/138359(1/3.8)
Scanned size : 36877
New weight : 15.4
Number of distinct ids : 46611/179066(1/3.8)
Scanned size : 46611
New weight : 15.5
Number of distinct ids : 68595/265907(1/3.9)
Scanned size : 68595
New weight : 15.6
Number of distinct ids : 129761/496894(1/3.8)
Scanned size : 129761
New weight : 16.0
Number of distinct ids : 248688/939088(1/3.8)
Scanned size : 248688
New weight : 16.1
Number of distinct ids : 248688/939088(1/3.8)
Scanned size : 248688
New weight : 16.2
Number of distinct ids : 248699/939121(1/3.8)
Scanned size : 248699
New weight : 16.3
Number of distinct ids : 255620/968357(1/3.8)
Scanned size : 255620
New weight : 16.4
Number of distinct ids : 295804/1137364(1/3.8)
Scanned size : 295804
New weight : 16.5
Number of distinct ids : 412259/1598481(1/3.9)
Scanned size : 412259
New weight : 16.6
Number of distinct ids : 761385/2928856(1/3.8)
Scanned size : 761385
New weight : 17.0
Number of distinct ids : 1517688/5803356(1/3.8)
Scanned size : 1517688
New weight : 17.1
Number of distinct ids : 1517688/5803356(1/3.8)
Scanned size : 1517688
New weight : 17.2
Number of distinct ids : 1517692/5803360(1/3.8)
Scanned size : 1517692
New weight : 17.3
Number of distinct ids : 1530655/5859189(1/3.8)
Scanned size : 1530655
New weight : 17.4
Number of distinct ids : 1659479/6417509(1/3.9)
Scanned size : 1659479
New weight : 17.5
Number of distinct ids : 2202207/8582580(1/3.9)
Scanned size : 2202207
New weight : 17.6
Number of distinct ids : 4078361/15716877(1/3.9)
Scanned size : 4078361
New weight : 18.0
Number of distinct ids : 8709679/33083481(1/3.8)
Scanned size : 8709679
New weight : 18.1
Number of distinct ids : 8709679/33083481(1/3.8)
Scanned size : 8709679
New weight : 18.2
Number of distinct ids : 8709679/33083481(1/3.8)
Scanned size : 8709679
New weight : 18.3
Number of distinct ids : 8733811/33183512(1/3.8)
Scanned size : 8733811
New weight : 18.4
Number of distinct ids : 9134210/34936183(1/3.8)
Scanned size : 9134210
New weight : 18.5
Number of distinct ids : 11270837/43619919(1/3.9)
Scanned size : 11270837
New weight : 18.6
Number of distinct ids : 19934643/77051006(1/3.9)
Scanned size : 19934643
New weight : 19.0
Number of distinct ids : 44096996/168310602(1/3.8)
Scanned size : 44096996
New weight : 19.1
Number of distinct ids : 44096996/168310602(1/3.8)
Scanned size : 44096996
New weight : 19.2
Number of distinct ids : 44096996/168310602(1/3.8)
Scanned size : 44096996
New weight : 19.3
Number of distinct ids : 44130093/168444588(1/3.8)
Scanned size : 44130093
New weight : 19.4
Number of distinct ids : 45242242/173276072(1/3.8)
Scanned size : 45242242
New weight : 19.5
Number of distinct ids : 53337717/205362669(1/3.9)
Scanned size : 53337717
New weight : 19.6
Number of distinct ids : 88382191/330261786(1/3.7)
Scanned size : 88382191
Found MDS !!! (weight:19) (depth:6)
Current state:
1 3 4 4 
0 2 4 4  [X]
2 3 1 3 
2 2 3 1 
3 1 6 4 
Operations:
x (1, 0)
c (0, 4)
x (2, 4)
m (1, 4)
x (3, 2)
c (4, 3)
x (2, 3)
m (1, 2)
x (2, 1)
c (1, 2)
x (3, 2)
m (1, 1)
x (1, 0)
x (0, 4)
End of state
Found MDS !!! (weight:19) (depth:6)
Current state:
1 1 0 0  [X]
1 3 4 4 
2 3 1 3 
2 2 3 1 
3 1 6 4 
Operations:
x (1, 0)
c (0, 4)
x (2, 4)
m (1, 4)
x (3, 2)
c (4, 3)
x (2, 3)
m (1, 2)
x (2, 1)
c (1, 2)
x (3, 2)
m (1, 1)
x (0, 1)
x (1, 4)
End of state
Found MDS !!! (weight:19) (depth:6)
Current state:
1 3 2 2 
0 1 0 0  [X]
4 6 3 1 
3 1 2 3 
4 4 1 3 
Operations:
x (1, 0)
c (0, 4)
m (1, 4)
x (3, 2)
x (4, 3)
c (3, 4)
m (1, 4)
x (2, 4)
x (1, 2)
m (1, 2)
x (2, 0)
x (0, 3)
x (4, 2)
End of state
Found MDS !!! (weight:19) (depth:6)
Current state:
1 3 4 4 
3 1 6 4 
2 3 1 3 
2 2 3 1 
2 2 2 0  [X]
Operations:
x (1, 0)
c (0, 4)
x (2, 4)
m (1, 4)
x (3, 2)
c (4, 3)
x (2, 3)
m (1, 2)
x (2, 1)
c (1, 2)
x (3, 2)
m (1, 1)
x (1, 0)
c (4, 1)
x (0, 1)
End of state
Found MDS !!! (weight:19) (depth:6)
Current state:
1 3 2 2 
0 1 1 1  [X]
4 6 3 1 
3 1 2 3 
4 4 1 3 
Operations:
x (1, 0)
c (0, 4)
m (1, 4)
x (3, 2)
x (4, 3)
c (3, 4)
m (1, 4)
x (2, 4)
x (2, 1)
c (1, 2)
m (1, 2)
x (2, 0)
x (0, 3)
x (4, 2)
End of state
Found MDS !!! (weight:19) (depth:6)
Current state:
1 3 4 4 
0 1 2 2  [X]
2 3 1 3 
2 2 3 1 
3 1 6 4 
Operations:
x (1, 0)
c (0, 4)
x (2, 4)
m (1, 4)
x (3, 2)
c (4, 3)
x (2, 3)
m (1, 2)
x (2, 1)
c (1, 2)
m (1, 2)
x (2, 0)
c (3, 2)
x (1, 2)
x (0, 4)
End of state
Found MDS !!! (weight:19) (depth:6)
Current state:
1 1 0 0  [X]
4 6 3 1 
1 3 2 2 
3 1 2 3 
4 4 1 3 
Operations:
x (1, 0)
c (0, 4)
m (1, 4)
x (3, 2)
x (4, 3)
c (3, 4)
m (1, 4)
x (2, 4)
x (2, 1)
m (1, 1)
c (1, 2)
x (0, 2)
x (2, 3)
x (4, 1)
End of state
Reached MAX_WEIGHT
