g++ -Wall -Wextra -I boost_1_64_0 -march=native -std=gnu++0x -O3 -g -fopenmp -gstabs+ -g3 -I tbb-2017_U7/include -L tbb-2017_U7/build/linux_release/  -Wl,-rpath=tbb-2017_U7/build/linux_release/  find_mds.cpp  -ltbb -o find_mds
Parameters: MAX_WEIGHT=(1 + 8*2 + 2*1) MAX_DEPTH=7 NB_INPUTS=4 NB_REGISTERS=5 XOR_WEIGHT=2 MUL_WEIGHT=1 CPY_WEIGHT=0
Size: AlgoState:16 algo_op:3 matrix:80
Options: KEEP_INPUTS TRY_DIV DIFFERENT_MUL
New weight : 0.0
Number of distinct ids : 0/0(1/0.0)
Scanned size : 0
New weight : 0.1
Number of distinct ids : 1/1(1/1.0)
Scanned size : 1
New weight : 0.2
Number of distinct ids : 1/1(1/1.0)
Scanned size : 1
New weight : 0.3
Number of distinct ids : 1/1(1/1.0)
Scanned size : 1
New weight : 0.4
Number of distinct ids : 1/1(1/1.0)
Scanned size : 1
New weight : 0.5
Number of distinct ids : 1/1(1/1.0)
Scanned size : 1
New weight : 0.6
Number of distinct ids : 1/1(1/1.0)
Scanned size : 1
New weight : 1.0
Number of distinct ids : 1/1(1/1.0)
Scanned size : 1
New weight : 1.1
Number of distinct ids : 1/1(1/1.0)
Scanned size : 1
New weight : 1.2
Number of distinct ids : 1/1(1/1.0)
Scanned size : 1
New weight : 1.3
Number of distinct ids : 1/1(1/1.0)
Scanned size : 1
New weight : 1.4
Number of distinct ids : 1/1(1/1.0)
Scanned size : 1
New weight : 1.5
Number of distinct ids : 1/1(1/1.0)
Scanned size : 1
New weight : 1.6
Number of distinct ids : 1/1(1/1.0)
Scanned size : 1
New weight : 2.0
Number of distinct ids : 1/1(1/1.0)
Scanned size : 1
New weight : 2.1
Number of distinct ids : 1/1(1/1.0)
Scanned size : 1
New weight : 2.2
Number of distinct ids : 1/1(1/1.0)
Scanned size : 1
New weight : 2.3
Number of distinct ids : 1/1(1/1.0)
Scanned size : 1
New weight : 2.4
Number of distinct ids : 1/1(1/1.0)
Scanned size : 1
New weight : 2.5
Number of distinct ids : 1/1(1/1.0)
Scanned size : 1
New weight : 2.6
Number of distinct ids : 1/1(1/1.0)
Scanned size : 1
New weight : 3.0
Number of distinct ids : 1/1(1/1.0)
Scanned size : 1
New weight : 3.1
Number of distinct ids : 1/1(1/1.0)
Scanned size : 1
New weight : 3.2
Number of distinct ids : 1/1(1/1.0)
Scanned size : 1
New weight : 3.3
Number of distinct ids : 1/1(1/1.0)
Scanned size : 1
New weight : 3.4
Number of distinct ids : 1/1(1/1.0)
Scanned size : 1
New weight : 3.5
Number of distinct ids : 1/1(1/1.0)
Scanned size : 1
New weight : 3.6
Number of distinct ids : 1/1(1/1.0)
Scanned size : 1
New weight : 4.0
Number of distinct ids : 1/1(1/1.0)
Scanned size : 1
New weight : 4.1
Number of distinct ids : 1/1(1/1.0)
Scanned size : 1
New weight : 4.2
Number of distinct ids : 1/1(1/1.0)
Scanned size : 1
New weight : 4.3
Number of distinct ids : 1/1(1/1.0)
Scanned size : 1
New weight : 4.4
Number of distinct ids : 1/1(1/1.0)
Scanned size : 1
New weight : 4.5
Number of distinct ids : 1/1(1/1.0)
Scanned size : 1
New weight : 4.6
Number of distinct ids : 1/1(1/1.0)
Scanned size : 1
New weight : 5.0
Number of distinct ids : 1/1(1/1.0)
Scanned size : 1
New weight : 5.1
Number of distinct ids : 1/1(1/1.0)
Scanned size : 1
New weight : 5.2
Number of distinct ids : 1/1(1/1.0)
Scanned size : 1
New weight : 5.3
Number of distinct ids : 1/1(1/1.0)
Scanned size : 1
New weight : 5.4
Number of distinct ids : 1/1(1/1.0)
Scanned size : 1
New weight : 5.5
Number of distinct ids : 1/1(1/1.0)
Scanned size : 1
New weight : 5.6
Number of distinct ids : 1/1(1/1.0)
Scanned size : 1
New weight : 6.0
Number of distinct ids : 1/1(1/1.0)
Scanned size : 1
New weight : 6.1
Number of distinct ids : 1/1(1/1.0)
Scanned size : 1
New weight : 6.2
Number of distinct ids : 1/1(1/1.0)
Scanned size : 1
New weight : 6.3
Number of distinct ids : 1/1(1/1.0)
Scanned size : 1
New weight : 6.4
Number of distinct ids : 1/1(1/1.0)
Scanned size : 1
New weight : 6.5
Number of distinct ids : 1/1(1/1.0)
Scanned size : 1
New weight : 6.6
Number of distinct ids : 1/1(1/1.0)
Scanned size : 1
New weight : 7.0
Number of distinct ids : 1/1(1/1.0)
Scanned size : 1
New weight : 7.1
Number of distinct ids : 1/1(1/1.0)
Scanned size : 1
New weight : 7.2
Number of distinct ids : 1/1(1/1.0)
Scanned size : 1
New weight : 7.3
Number of distinct ids : 1/1(1/1.0)
Scanned size : 1
New weight : 7.4
Number of distinct ids : 1/1(1/1.0)
Scanned size : 1
New weight : 7.5
Number of distinct ids : 1/1(1/1.0)
Scanned size : 1
New weight : 7.6
Number of distinct ids : 1/1(1/1.0)
Scanned size : 1
New weight : 8.0
Number of distinct ids : 1/1(1/1.0)
Scanned size : 1
New weight : 8.1
Number of distinct ids : 4/37(1/9.2)
Scanned size : 4
New weight : 8.2
Number of distinct ids : 4/37(1/9.2)
Scanned size : 4
New weight : 8.3
Number of distinct ids : 4/37(1/9.2)
Scanned size : 4
New weight : 8.4
Number of distinct ids : 4/37(1/9.2)
Scanned size : 4
New weight : 8.5
Number of distinct ids : 4/37(1/9.2)
Scanned size : 4
New weight : 8.6
Number of distinct ids : 4/37(1/9.2)
Scanned size : 4
New weight : 9.0
Number of distinct ids : 4/37(1/9.2)
Scanned size : 4
New weight : 9.1
Number of distinct ids : 4/37(1/9.2)
Scanned size : 4
New weight : 9.2
Number of distinct ids : 49/289(1/5.9)
Scanned size : 49
New weight : 9.3
Number of distinct ids : 49/289(1/5.9)
Scanned size : 49
New weight : 9.4
Number of distinct ids : 49/289(1/5.9)
Scanned size : 49
New weight : 9.5
Number of distinct ids : 49/289(1/5.9)
Scanned size : 49
New weight : 9.6
Number of distinct ids : 49/289(1/5.9)
Scanned size : 49
New weight : 10.0
Number of distinct ids : 49/289(1/5.9)
Scanned size : 49
New weight : 10.1
Number of distinct ids : 49/289(1/5.9)
Scanned size : 49
New weight : 10.2
Number of distinct ids : 287/1271(1/4.4)
Scanned size : 287
New weight : 10.3
Number of distinct ids : 408/1922(1/4.7)
Scanned size : 408
New weight : 10.4
Number of distinct ids : 408/1922(1/4.7)
Scanned size : 408
New weight : 10.5
Number of distinct ids : 408/1922(1/4.7)
Scanned size : 408
New weight : 10.6
Number of distinct ids : 408/1922(1/4.7)
Scanned size : 408
New weight : 11.0
Number of distinct ids : 408/1922(1/4.7)
Scanned size : 408
New weight : 11.1
Number of distinct ids : 408/1922(1/4.7)
Scanned size : 408
New weight : 11.2
Number of distinct ids : 1018/4907(1/4.8)
Scanned size : 1018
New weight : 11.3
Number of distinct ids : 2259/11104(1/4.9)
Scanned size : 2259
New weight : 11.4
Number of distinct ids : 2552/12600(1/4.9)
Scanned size : 2552
New weight : 11.5
Number of distinct ids : 2552/12600(1/4.9)
Scanned size : 2552
New weight : 11.6
Number of distinct ids : 2552/12600(1/4.9)
Scanned size : 2552
New weight : 12.0
Number of distinct ids : 2552/12600(1/4.9)
Scanned size : 2552
New weight : 12.1
Number of distinct ids : 2552/12600(1/4.9)
Scanned size : 2552
New weight : 12.2
Number of distinct ids : 3512/18058(1/5.1)
Scanned size : 3512
New weight : 12.3
Number of distinct ids : 10692/57167(1/5.3)
Scanned size : 10692
New weight : 12.4
Number of distinct ids : 14697/78794(1/5.4)
Scanned size : 14697
New weight : 12.5
Number of distinct ids : 15321/82262(1/5.4)
Scanned size : 15321
New weight : 12.6
Number of distinct ids : 15321/82262(1/5.4)
Scanned size : 15321
New weight : 13.0
Number of distinct ids : 15321/82262(1/5.4)
Scanned size : 15321
New weight : 13.1
Number of distinct ids : 15321/82262(1/5.4)
Scanned size : 15321
New weight : 13.2
Number of distinct ids : 16267/88647(1/5.4)
Scanned size : 16267
New weight : 13.3
Number of distinct ids : 44397/261019(1/5.9)
Scanned size : 44397
New weight : 13.4
Number of distinct ids : 76425/449870(1/5.9)
Scanned size : 76425
New weight : 13.5
Number of distinct ids : 92785/546276(1/5.9)
Scanned size : 92785
New weight : 13.6
Number of distinct ids : 99955/589479(1/5.9)
Scanned size : 99955
New weight : 14.0
Number of distinct ids : 100756/596218(1/5.9)
Scanned size : 100756
New weight : 14.1
Number of distinct ids : 100756/596218(1/5.9)
Scanned size : 100756
New weight : 14.2
Number of distinct ids : 101401/601452(1/5.9)
Scanned size : 101401
New weight : 14.3
Number of distinct ids : 190734/1202461(1/6.3)
Scanned size : 190734
New weight : 14.4
Number of distinct ids : 388050/2490969(1/6.4)
Scanned size : 388050
New weight : 14.5
Number of distinct ids : 636537/4100144(1/6.4)
Scanned size : 636537
New weight : 14.6
Number of distinct ids : 973604/6282093(1/6.5)
Scanned size : 973604
New weight : 15.0
Number of distinct ids : 1234049/7956360(1/6.4)
Scanned size : 1234049
New weight : 15.1
Number of distinct ids : 1234049/7956360(1/6.4)
Scanned size : 1234049
New weight : 15.2
Number of distinct ids : 1234341/7959169(1/6.4)
Scanned size : 1234341
New weight : 15.3
Number of distinct ids : 1484201/9744060(1/6.6)
Scanned size : 1484201
New weight : 15.4
Number of distinct ids : 2489744/16821396(1/6.8)
Scanned size : 2489744
New weight : 15.5
Number of distinct ids : 4869637/33032564(1/6.8)
Scanned size : 4869637
New weight : 15.6
Number of distinct ids : 10324938/69464547(1/6.7)
Scanned size : 10324938
New weight : 16.0
Number of distinct ids : 17572421/116235477(1/6.6)
Scanned size : 17572421
New weight : 16.1
Number of distinct ids : 17572421/116235477(1/6.6)
Scanned size : 17572421
New weight : 16.2
Number of distinct ids : 17572509/116236548(1/6.6)
Scanned size : 17572509
New weight : 16.3
Number of distinct ids : 18181171/120766716(1/6.6)
Scanned size : 18181171
New weight : 16.4
Number of distinct ids : 22505229/153039131(1/6.8)
Scanned size : 22505229
New weight : 16.5
Number of distinct ids : 38267747/264118794(1/6.9)
Scanned size : 38267747
New weight : 16.6
Number of distinct ids : 89153144/609479163(1/6.8)
Scanned size : 89153144
New weight : 17.0
Number of distinct ids : 182343210/1215942894(1/6.7)
Scanned size : 182343210
New weight : 17.1
Number of distinct ids : 182343210/1215942894(1/6.7)
Scanned size : 182343210
New weight : 17.2
Number of distinct ids : 182343222/1215943094(1/6.7)
Scanned size : 182343222
New weight : 17.3
Number of distinct ids : 183705417/1226262752(1/6.7)
Scanned size : 183705417
New weight : 17.4
Number of distinct ids : 201291066/1361172290(1/6.8)
Scanned size : 201291066
New weight : 17.5
Number of distinct ids : 295437346/2032095254(1/6.9)
Scanned size : 295437346
New weight : 17.6
Number of distinct ids : 675551138/4627103518(1/6.8)
Scanned size : 675551138
New weight : 18.0
Number of distinct ids : 1534964181/10262264192(1/6.7)
Scanned size : 1534964181
New weight : 18.1
Number of distinct ids : 1534964181/10262264192(1/6.7)
Scanned size : 1534964181
New weight : 18.2
Number of distinct ids : 1534964182/10262264204(1/6.7)
Scanned size : 1534964182
New weight : 18.3
Number of distinct ids : 1537693042/10282782881(1/6.7)
Scanned size : 1537693042
New weight : 18.4
Number of distinct ids : 1602048159/10784008633(1/6.7)
Scanned size : 1602048159
New weight : 18.5
Number of distinct ids : 2129237009/14451744144(1/6.8)
Scanned size : 2129237009
New weight : 18.6
Number of distinct ids : 4669243427/30431586779(1/6.5)
Scanned size : 4669243427
Reached MAX_WEIGHT
